Jun 25, 2020 12:55:01 AM org.apache.tomcat.util.net.AprEndpoint$Sendfile add
WARNING: Unexpected sendfile error
org.apache.tomcat.jni.Error: 5: Input/output error
	at org.apache.tomcat.jni.File.open(Native Method)
	at org.apache.tomcat.util.net.AprEndpoint$Sendfile.add(AprEndpoint.java:2181)
	at org.apache.coyote.http11.Http11AprProcessor.breakKeepAliveLoop(Http11AprProcessor.java:230)
	at org.apache.coyote.http11.AbstractHttp11Processor.process(AbstractHttp11Processor.java:1282)
	at org.apache.coyote.AbstractProtocol$AbstractConnectionHandler.process(AbstractProtocol.java:654)
	at org.apache.tomcat.util.net.AprEndpoint$SocketWithOptionsProcessor.run(AprEndpoint.java:2469)
	at java.util.concurrent.ThreadPoolExecutor.runWorker(ThreadPoolExecutor.java:1152)
	at java.util.concurrent.ThreadPoolExecutor$Worker.run(ThreadPoolExecutor.java:622)
	at org.apache.tomcat.util.threads.TaskThread$WrappingRunnable.run(TaskThread.java:61)
	at java.lang.Thread.run(Thread.java:748)

Jun 25, 2020 12:55:01 AM org.apache.tomcat.util.net.AprEndpoint$Sendfile add
WARNING: Unexpected sendfile error
org.apache.tomcat.jni.Error: 5: Input/output error
	at org.apache.tomcat.jni.File.open(Native Method)
	at org.apache.tomcat.util.net.AprEndpoint$Sendfile.add(AprEndpoint.java:2181)
	at org.apache.coyote.http11.Http11AprProcessor.breakKeepAliveLoop(Http11AprProcessor.java:230)
	at org.apache.coyote.http11.AbstractHttp11Processor.process(AbstractHttp11Processor.java:1282)
	at org.apache.coyote.AbstractProtocol$AbstractConnectionHandler.process(AbstractProtocol.java:654)
	at org.apache.tomcat.util.net.AprEndpoint$SocketWithOptionsProcessor.run(AprEndpoint.java:2469)
	at java.util.concurrent.ThreadPoolExecutor.runWorker(ThreadPoolExecutor.java:1152)
	at java.util.concurrent.ThreadPoolExecutor$Worker.run(ThreadPoolExecutor.java:622)
	at org.apache.tomcat.util.threads.TaskThread$WrappingRunnable.run(TaskThread.java:61)
	at java.lang.Thread.run(Thread.java:748)

Jun 25, 2020 2:56:57 PM org.apache.tomcat.util.http.Cookies processCookieHeader
INFO: Cookies: Invalid cookie. Value not a token or quoted value
 Note: further occurrences of Cookie errors will be logged at DEBUG level.
