Jul 07, 2020 12:20:03 PM org.apache.catalina.core.StandardHostValve custom
SEVERE: Exception Processing ErrorPage[errorCode=500, location=/errors/code.jsp]
org.apache.jasper.JasperException: An exception occurred processing JSP page /errors/code.jsp at line 15

12:  * FOR A PARTICULAR PURPOSE. See the GNU Lesser General Public License for more
13:  * details.
14:  */
15: --%>
16: 
17: <%@ taglib uri="http://java.sun.com/jsp/jstl/core" prefix="c" %>
18: 


Stacktrace:
	at org.apache.jasper.servlet.JspServletWrapper.handleJspException(JspServletWrapper.java:575)
	at org.apache.jasper.servlet.JspServletWrapper.service(JspServletWrapper.java:472)
	at org.apache.jasper.servlet.JspServlet.serviceJspFile(JspServlet.java:395)
	at org.apache.jasper.servlet.JspServlet.service(JspServlet.java:339)
	at javax.servlet.http.HttpServlet.service(HttpServlet.java:728)
	at org.apache.catalina.core.ApplicationFilterChain.internalDoFilter(ApplicationFilterChain.java:303)
	at org.apache.catalina.core.ApplicationFilterChain.doFilter(ApplicationFilterChain.java:208)
	at com.liferay.portal.kernel.servlet.filters.invoker.InvokerFilterChain.doFilter(InvokerFilterChain.java:116)
	at com.liferay.portal.kernel.servlet.filters.invoker.InvokerFilter.doFilter(InvokerFilter.java:119)
	at org.apache.catalina.core.ApplicationFilterChain.internalDoFilter(ApplicationFilterChain.java:241)
	at org.apache.catalina.core.ApplicationFilterChain.doFilter(ApplicationFilterChain.java:208)
	at org.apache.catalina.core.ApplicationDispatcher.invoke(ApplicationDispatcher.java:742)
	at org.apache.catalina.core.ApplicationDispatcher.doInclude(ApplicationDispatcher.java:602)
	at org.apache.catalina.core.ApplicationDispatcher.include(ApplicationDispatcher.java:541)
	at org.apache.catalina.core.StandardHostValve.custom(StandardHostValve.java:476)
	at org.apache.catalina.core.StandardHostValve.status(StandardHostValve.java:341)
	at org.apache.catalina.core.StandardHostValve.throwable(StandardHostValve.java:436)
	at org.apache.catalina.core.StandardHostValve.invoke(StandardHostValve.java:200)
	at org.apache.catalina.valves.ErrorReportValve.invoke(ErrorReportValve.java:104)
	at org.apache.catalina.valves.AccessLogValve.invoke(AccessLogValve.java:1025)
	at org.apache.catalina.core.StandardEngineValve.invoke(StandardEngineValve.java:116)
	at org.apache.catalina.connector.CoyoteAdapter.service(CoyoteAdapter.java:452)
	at org.apache.coyote.http11.AbstractHttp11Processor.process(AbstractHttp11Processor.java:1201)
	at org.apache.coyote.AbstractProtocol$AbstractConnectionHandler.process(AbstractProtocol.java:654)
	at org.apache.tomcat.util.net.AprEndpoint$SocketWithOptionsProcessor.run(AprEndpoint.java:2469)
	at java.util.concurrent.ThreadPoolExecutor.runWorker(ThreadPoolExecutor.java:1152)
	at java.util.concurrent.ThreadPoolExecutor$Worker.run(ThreadPoolExecutor.java:622)
	at org.apache.tomcat.util.threads.TaskThread$WrappingRunnable.run(TaskThread.java:61)
	at java.lang.Thread.run(Thread.java:748)
Caused by: java.lang.IllegalStateException: getOutputStream() has already been called for this response
	at org.apache.catalina.connector.Response.getWriter(Response.java:643)
	at org.apache.catalina.connector.ResponseFacade.getWriter(ResponseFacade.java:213)
	at javax.servlet.ServletResponseWrapper.getWriter(ServletResponseWrapper.java:109)
	at javax.servlet.ServletResponseWrapper.getWriter(ServletResponseWrapper.java:109)
	at org.apache.jasper.runtime.JspWriterImpl.initOut(JspWriterImpl.java:125)
	at org.apache.jasper.runtime.JspWriterImpl.write(JspWriterImpl.java:324)
	at java.io.Writer.write(Writer.java:157)
	at org.apache.jsp.errors.code_jsp._jspService(code_jsp.java:94)
	at org.apache.jasper.runtime.HttpJspBase.service(HttpJspBase.java:70)
	at javax.servlet.http.HttpServlet.service(HttpServlet.java:728)
	at org.apache.jasper.servlet.JspServletWrapper.service(JspServletWrapper.java:439)
	... 27 more

Jul 07, 2020 12:20:03 PM org.apache.catalina.core.StandardHostValve custom
SEVERE: Exception Processing ErrorPage[errorCode=500, location=/errors/code.jsp]
org.apache.jasper.JasperException: An exception occurred processing JSP page /errors/code.jsp at line 15

12:  * FOR A PARTICULAR PURPOSE. See the GNU Lesser General Public License for more
13:  * details.
14:  */
15: --%>
16: 
17: <%@ taglib uri="http://java.sun.com/jsp/jstl/core" prefix="c" %>
18: 


Stacktrace:
	at org.apache.jasper.servlet.JspServletWrapper.handleJspException(JspServletWrapper.java:575)
	at org.apache.jasper.servlet.JspServletWrapper.service(JspServletWrapper.java:472)
	at org.apache.jasper.servlet.JspServlet.serviceJspFile(JspServlet.java:395)
	at org.apache.jasper.servlet.JspServlet.service(JspServlet.java:339)
	at javax.servlet.http.HttpServlet.service(HttpServlet.java:728)
	at org.apache.catalina.core.ApplicationFilterChain.internalDoFilter(ApplicationFilterChain.java:303)
	at org.apache.catalina.core.ApplicationFilterChain.doFilter(ApplicationFilterChain.java:208)
	at com.liferay.portal.kernel.servlet.filters.invoker.InvokerFilterChain.doFilter(InvokerFilterChain.java:116)
	at com.liferay.portal.kernel.servlet.filters.invoker.InvokerFilter.doFilter(InvokerFilter.java:119)
	at org.apache.catalina.core.ApplicationFilterChain.internalDoFilter(ApplicationFilterChain.java:241)
	at org.apache.catalina.core.ApplicationFilterChain.doFilter(ApplicationFilterChain.java:208)
	at org.apache.catalina.core.ApplicationDispatcher.invoke(ApplicationDispatcher.java:742)
	at org.apache.catalina.core.ApplicationDispatcher.doInclude(ApplicationDispatcher.java:602)
	at org.apache.catalina.core.ApplicationDispatcher.include(ApplicationDispatcher.java:541)
	at org.apache.catalina.core.StandardHostValve.custom(StandardHostValve.java:476)
	at org.apache.catalina.core.StandardHostValve.status(StandardHostValve.java:341)
	at org.apache.catalina.core.StandardHostValve.throwable(StandardHostValve.java:436)
	at org.apache.catalina.core.StandardHostValve.invoke(StandardHostValve.java:200)
	at org.apache.catalina.valves.ErrorReportValve.invoke(ErrorReportValve.java:104)
	at org.apache.catalina.valves.AccessLogValve.invoke(AccessLogValve.java:1025)
	at org.apache.catalina.core.StandardEngineValve.invoke(StandardEngineValve.java:116)
	at org.apache.catalina.connector.CoyoteAdapter.service(CoyoteAdapter.java:452)
	at org.apache.coyote.http11.AbstractHttp11Processor.process(AbstractHttp11Processor.java:1201)
	at org.apache.coyote.AbstractProtocol$AbstractConnectionHandler.process(AbstractProtocol.java:654)
	at org.apache.tomcat.util.net.AprEndpoint$SocketWithOptionsProcessor.run(AprEndpoint.java:2469)
	at java.util.concurrent.ThreadPoolExecutor.runWorker(ThreadPoolExecutor.java:1152)
	at java.util.concurrent.ThreadPoolExecutor$Worker.run(ThreadPoolExecutor.java:622)
	at org.apache.tomcat.util.threads.TaskThread$WrappingRunnable.run(TaskThread.java:61)
	at java.lang.Thread.run(Thread.java:748)
Caused by: java.lang.IllegalStateException: getOutputStream() has already been called for this response
	at org.apache.catalina.connector.Response.getWriter(Response.java:643)
	at org.apache.catalina.connector.ResponseFacade.getWriter(ResponseFacade.java:213)
	at javax.servlet.ServletResponseWrapper.getWriter(ServletResponseWrapper.java:109)
	at javax.servlet.ServletResponseWrapper.getWriter(ServletResponseWrapper.java:109)
	at org.apache.jasper.runtime.JspWriterImpl.initOut(JspWriterImpl.java:125)
	at org.apache.jasper.runtime.JspWriterImpl.write(JspWriterImpl.java:324)
	at java.io.Writer.write(Writer.java:157)
	at org.apache.jsp.errors.code_jsp._jspService(code_jsp.java:94)
	at org.apache.jasper.runtime.HttpJspBase.service(HttpJspBase.java:70)
	at javax.servlet.http.HttpServlet.service(HttpServlet.java:728)
	at org.apache.jasper.servlet.JspServletWrapper.service(JspServletWrapper.java:439)
	... 27 more

Jul 07, 2020 12:22:38 PM org.apache.catalina.core.StandardWrapperValve invoke
SEVERE: Servlet.service() for servlet [ImageBuilder] in context with path [/imagebuilder] threw exception
java.lang.IndexOutOfBoundsException
	at javax.imageio.stream.FileCacheImageOutputStream.seek(FileCacheImageOutputStream.java:170)
	at javax.imageio.stream.FileCacheImageOutputStream.close(FileCacheImageOutputStream.java:231)
	at javax.imageio.ImageIO.write(ImageIO.java:1580)
	at de.uhh.l2g.util.L2goImageBuilderServlet.doGet(L2goImageBuilderServlet.java:84)
	at javax.servlet.http.HttpServlet.service(HttpServlet.java:621)
	at javax.servlet.http.HttpServlet.service(HttpServlet.java:728)
	at org.apache.catalina.core.ApplicationFilterChain.internalDoFilter(ApplicationFilterChain.java:303)
	at org.apache.catalina.core.ApplicationFilterChain.doFilter(ApplicationFilterChain.java:208)
	at org.apache.tomcat.websocket.server.WsFilter.doFilter(WsFilter.java:52)
	at org.apache.catalina.core.ApplicationFilterChain.internalDoFilter(ApplicationFilterChain.java:241)
	at org.apache.catalina.core.ApplicationFilterChain.doFilter(ApplicationFilterChain.java:208)
	at org.apache.catalina.core.StandardWrapperValve.invoke(StandardWrapperValve.java:219)
	at org.apache.catalina.core.StandardContextValve.invoke(StandardContextValve.java:110)
	at org.apache.catalina.authenticator.AuthenticatorBase.invoke(AuthenticatorBase.java:492)
	at org.apache.catalina.core.StandardHostValve.invoke(StandardHostValve.java:165)
	at org.apache.catalina.valves.ErrorReportValve.invoke(ErrorReportValve.java:104)
	at org.apache.catalina.valves.AccessLogValve.invoke(AccessLogValve.java:1025)
	at org.apache.catalina.core.StandardEngineValve.invoke(StandardEngineValve.java:116)
	at org.apache.catalina.connector.CoyoteAdapter.service(CoyoteAdapter.java:452)
	at org.apache.coyote.http11.AbstractHttp11Processor.process(AbstractHttp11Processor.java:1201)
	at org.apache.coyote.AbstractProtocol$AbstractConnectionHandler.process(AbstractProtocol.java:654)
	at org.apache.tomcat.util.net.AprEndpoint$SocketWithOptionsProcessor.run(AprEndpoint.java:2469)
	at java.util.concurrent.ThreadPoolExecutor.runWorker(ThreadPoolExecutor.java:1152)
	at java.util.concurrent.ThreadPoolExecutor$Worker.run(ThreadPoolExecutor.java:622)
	at org.apache.tomcat.util.threads.TaskThread$WrappingRunnable.run(TaskThread.java:61)
	at java.lang.Thread.run(Thread.java:748)

