15:01:02,298 INFO  [localhost-startStop-1][DialectDetector:71] Determine dialect for MySQL 5
15:01:02,388 INFO  [localhost-startStop-1][DialectDetector:136] Found dialect org.hibernate.dialect.MySQLDialect
15:01:31,423 INFO  [localhost-startStop-1][StartupAction:97] There are no patches installed
15:01:33,567 INFO  [localhost-startStop-1][BaseDB:484] Database does not support case sensitive queries
15:01:34,071 INFO  [localhost-startStop-1][ServerDetector:166] Server supports hot deploy
15:01:34,077 INFO  [localhost-startStop-1][PluginPackageUtil:1013] Reading plugin package for the root context
15:01:37,167 INFO  [localhost-startStop-1][AutoDeployDir:139] Auto deploy scanner started for /Users/isturm/Documents/workspace-for-liferay-6.2.0/liferay-portal-6.2-ce-ga6/deploy
15:01:53,744 WARN  [http-bio-8080-exec-2][code_jsp:130] {code="404", msg="/l2gos", uri=/l2gos}
15:01:56,774 WARN  [http-bio-8080-exec-7][code_jsp:130] {code="404", msg="/l2gos", uri=/l2gos}
15:01:59,806 WARN  [http-bio-8080-exec-9][code_jsp:130] {code="404", msg="/l2gos", uri=/l2gos}
15:02:02,832 WARN  [http-bio-8080-exec-6][code_jsp:130] {code="404", msg="/l2gos", uri=/l2gos}
15:02:05,859 WARN  [http-bio-8080-exec-9][code_jsp:130] {code="404", msg="/l2gos", uri=/l2gos}
15:02:54,729 WARN  [http-bio-8080-exec-2][ThemeLocalServiceImpl:156] No theme found for specified theme id lecture2go_WAR_lecture2gotheme. Returning the default theme.
15:02:54,887 WARN  [http-bio-8080-exec-2][ThemeLocalServiceImpl:156] No theme found for specified theme id lecture2go_WAR_lecture2gotheme. Returning the default theme.
15:02:54,952 WARN  [http-bio-8080-exec-2][ThemeLocalServiceImpl:156] No theme found for specified theme id lecture2go_WAR_lecture2gotheme. Returning the default theme.
15:02:54,952 WARN  [http-bio-8080-exec-2][ThemeLocalServiceImpl:156] No theme found for specified theme id lecture2go_WAR_lecture2gotheme. Returning the default theme.
15:02:55,037 WARN  [http-bio-8080-exec-2][ThemeLocalServiceImpl:156] No theme found for specified theme id lecture2go_WAR_lecture2gotheme. Returning the default theme.
15:02:55,218 WARN  [http-bio-8080-exec-2][ThemeLocalServiceImpl:156] No theme found for specified theme id lecture2go_WAR_lecture2gotheme. Returning the default theme.
15:02:55,256 WARN  [http-bio-8080-exec-2][ThemeLocalServiceImpl:156] No theme found for specified theme id lecture2go_WAR_lecture2gotheme. Returning the default theme.
15:02:55,259 WARN  [http-bio-8080-exec-2][ThemeLocalServiceImpl:156] No theme found for specified theme id lecture2go_WAR_lecture2gotheme. Returning the default theme.
15:02:55,265 WARN  [http-bio-8080-exec-2][ThemeLocalServiceImpl:156] No theme found for specified theme id lecture2go_WAR_lecture2gotheme. Returning the default theme.
15:02:55,618 WARN  [http-bio-8080-exec-2][ThemeLocalServiceImpl:156] No theme found for specified theme id lecture2go_WAR_lecture2gotheme. Returning the default theme.
15:02:55,877 WARN  [http-bio-8080-exec-2][ThemeLocalServiceImpl:156] No theme found for specified theme id lecture2go_WAR_lecture2gotheme. Returning the default theme.
15:02:56,356 ERROR [http-bio-8080-exec-2][ImageImpl:72] Error reading image 20999
com.liferay.portlet.documentlibrary.NoSuchFileException: setup.wizard.enabled=false/data/document_library/0/0/20999.gif/1.0
	at com.liferay.portlet.documentlibrary.store.FileSystemStore.getFileAsStream(FileSystemStore.java:224)
	at com.liferay.portlet.documentlibrary.store.BaseStore.getFileAsStream(BaseStore.java:373)
	at com.liferay.portlet.documentlibrary.store.StoreProxyImpl.getFileAsStream(StoreProxyImpl.java:167)
	at com.liferay.portlet.documentlibrary.store.SafeFileNameStoreWrapper.getFileAsStream(SafeFileNameStoreWrapper.java:246)
	at com.liferay.portlet.documentlibrary.store.DLStoreImpl.getFileAsStream(DLStoreImpl.java:289)
	at com.liferay.portlet.documentlibrary.store.DLStoreUtil.getFileAsStream(DLStoreUtil.java:425)
	at com.liferay.portal.model.impl.ImageImpl.getTextObj(ImageImpl.java:63)
	at com.liferay.portal.webserver.WebServerServlet.getImageBytes(WebServerServlet.java:507)
	at com.liferay.portal.webserver.WebServerServlet.writeImage(WebServerServlet.java:1226)
	at com.liferay.portal.webserver.WebServerServlet.service(WebServerServlet.java:292)
	at javax.servlet.http.HttpServlet.service(HttpServlet.java:731)
	at org.apache.catalina.core.ApplicationFilterChain.internalDoFilter(ApplicationFilterChain.java:303)
	at org.apache.catalina.core.ApplicationFilterChain.doFilter(ApplicationFilterChain.java:208)
	at org.apache.tomcat.websocket.server.WsFilter.doFilter(WsFilter.java:52)
	at org.apache.catalina.core.ApplicationFilterChain.internalDoFilter(ApplicationFilterChain.java:241)
	at org.apache.catalina.core.ApplicationFilterChain.doFilter(ApplicationFilterChain.java:208)
	at com.liferay.portal.kernel.servlet.filters.invoker.InvokerFilterChain.doFilter(InvokerFilterChain.java:116)
	at com.liferay.portal.kernel.servlet.BaseFilter.processFilter(BaseFilter.java:169)
	at com.liferay.portal.servlet.filters.uploadservletrequest.UploadServletRequestFilter.processFilter(UploadServletRequestFilter.java:93)
	at com.liferay.portal.kernel.servlet.BaseFilter.doFilter(BaseFilter.java:59)
	at com.liferay.portal.kernel.servlet.filters.invoker.InvokerFilterChain.processDoFilter(InvokerFilterChain.java:204)
	at com.liferay.portal.kernel.servlet.filters.invoker.InvokerFilterChain.doFilter(InvokerFilterChain.java:109)
	at com.liferay.portal.kernel.servlet.BaseFilter.processFilter(BaseFilter.java:169)
	at com.liferay.portal.servlet.filters.etag.ETagFilter.processFilter(ETagFilter.java:86)
	at com.liferay.portal.kernel.servlet.BaseFilter.doFilter(BaseFilter.java:59)
	at com.liferay.portal.kernel.servlet.filters.invoker.InvokerFilterChain.processDoFilter(InvokerFilterChain.java:204)
	at com.liferay.portal.kernel.servlet.filters.invoker.InvokerFilterChain.doFilter(InvokerFilterChain.java:109)
	at com.liferay.portal.kernel.servlet.BaseFilter.processFilter(BaseFilter.java:169)
	at com.liferay.portal.servlet.filters.jsoncontenttype.JSONContentTypeFilter.processFilter(JSONContentTypeFilter.java:42)
	at com.liferay.portal.kernel.servlet.BaseFilter.doFilter(BaseFilter.java:59)
	at com.liferay.portal.kernel.servlet.filters.invoker.InvokerFilterChain.processDoFilter(InvokerFilterChain.java:204)
	at com.liferay.portal.kernel.servlet.filters.invoker.InvokerFilterChain.doFilter(InvokerFilterChain.java:109)
	at com.liferay.portal.kernel.servlet.BaseFilter.processFilter(BaseFilter.java:169)
	at com.liferay.portal.servlet.filters.header.HeaderFilter.processFilter(HeaderFilter.java:154)
	at com.liferay.portal.kernel.servlet.BaseFilter.doFilter(BaseFilter.java:59)
	at com.liferay.portal.kernel.servlet.filters.invoker.InvokerFilterChain.processDoFilter(InvokerFilterChain.java:204)
	at com.liferay.portal.kernel.servlet.filters.invoker.InvokerFilterChain.doFilter(InvokerFilterChain.java:109)
	at com.liferay.portal.kernel.servlet.BaseFilter.processFilter(BaseFilter.java:169)
	at com.liferay.portal.servlet.filters.sso.ntlm.NtlmPostFilter.processFilter(NtlmPostFilter.java:83)
	at com.liferay.portal.kernel.servlet.BaseFilter.doFilter(BaseFilter.java:59)
	at com.liferay.portal.kernel.servlet.filters.invoker.InvokerFilterChain.processDoFilter(InvokerFilterChain.java:204)
	at com.liferay.portal.kernel.servlet.filters.invoker.InvokerFilterChain.doFilter(InvokerFilterChain.java:109)
	at com.liferay.portal.kernel.servlet.BaseFilter.processFilter(BaseFilter.java:169)
	at com.liferay.portal.sharepoint.SharepointFilter.processFilter(SharepointFilter.java:88)
	at com.liferay.portal.kernel.servlet.BaseFilter.doFilter(BaseFilter.java:59)
	at com.liferay.portal.kernel.servlet.filters.invoker.InvokerFilterChain.processDoFilter(InvokerFilterChain.java:204)
	at com.liferay.portal.kernel.servlet.filters.invoker.InvokerFilterChain.doFilter(InvokerFilterChain.java:109)
	at com.liferay.portal.kernel.servlet.BaseFilter.processFilter(BaseFilter.java:169)
	at com.liferay.portal.servlet.filters.virtualhost.VirtualHostFilter.processFilter(VirtualHostFilter.java:226)
	at com.liferay.portal.kernel.servlet.BaseFilter.doFilter(BaseFilter.java:59)
	at com.liferay.portal.kernel.servlet.filters.invoker.InvokerFilterChain.processDoFilter(InvokerFilterChain.java:204)
	at com.liferay.portal.kernel.servlet.filters.invoker.InvokerFilterChain.doFilter(InvokerFilterChain.java:109)
	at com.liferay.portal.kernel.servlet.filters.invoker.InvokerFilterChain.processDirectCallFilter(InvokerFilterChain.java:185)
	at com.liferay.portal.kernel.servlet.filters.invoker.InvokerFilterChain.doFilter(InvokerFilterChain.java:96)
	at org.tuckey.web.filters.urlrewrite.UrlRewriteFilter.doFilter(UrlRewriteFilter.java:738)
	at com.liferay.portal.servlet.filters.urlrewrite.UrlRewriteFilter.processFilter(UrlRewriteFilter.java:57)
	at com.liferay.portal.kernel.servlet.BaseFilter.doFilter(BaseFilter.java:59)
	at com.liferay.portal.kernel.servlet.filters.invoker.InvokerFilterChain.processDoFilter(InvokerFilterChain.java:204)
	at com.liferay.portal.kernel.servlet.filters.invoker.InvokerFilterChain.doFilter(InvokerFilterChain.java:109)
	at com.liferay.portal.kernel.servlet.filters.invoker.InvokerFilterChain.processDirectCallFilter(InvokerFilterChain.java:165)
	at com.liferay.portal.kernel.servlet.filters.invoker.InvokerFilterChain.doFilter(InvokerFilterChain.java:96)
	at com.liferay.portal.kernel.servlet.filters.invoker.InvokerFilterChain.processDirectCallFilter(InvokerFilterChain.java:165)
	at com.liferay.portal.kernel.servlet.filters.invoker.InvokerFilterChain.doFilter(InvokerFilterChain.java:96)
	at com.liferay.portal.kernel.servlet.filters.invoker.InvokerFilterChain.processDirectCallFilter(InvokerFilterChain.java:185)
	at com.liferay.portal.kernel.servlet.filters.invoker.InvokerFilterChain.doFilter(InvokerFilterChain.java:96)
	at com.liferay.portal.kernel.servlet.filters.invoker.InvokerFilter.doFilter(InvokerFilter.java:119)
	at org.apache.catalina.core.ApplicationFilterChain.internalDoFilter(ApplicationFilterChain.java:241)
	at org.apache.catalina.core.ApplicationFilterChain.doFilter(ApplicationFilterChain.java:208)
	at org.apache.catalina.core.StandardWrapperValve.invoke(StandardWrapperValve.java:220)
	at org.apache.catalina.core.StandardContextValve.invoke(StandardContextValve.java:122)
	at org.apache.catalina.authenticator.AuthenticatorBase.invoke(AuthenticatorBase.java:505)
	at org.apache.catalina.core.StandardHostValve.invoke(StandardHostValve.java:170)
	at org.apache.catalina.valves.ErrorReportValve.invoke(ErrorReportValve.java:103)
	at org.apache.catalina.valves.AccessLogValve.invoke(AccessLogValve.java:957)
	at org.apache.catalina.core.StandardEngineValve.invoke(StandardEngineValve.java:116)
	at org.apache.catalina.connector.CoyoteAdapter.service(CoyoteAdapter.java:423)
	at org.apache.coyote.http11.AbstractHttp11Processor.process(AbstractHttp11Processor.java:1079)
	at org.apache.coyote.AbstractProtocol$AbstractConnectionHandler.process(AbstractProtocol.java:620)
	at org.apache.tomcat.util.net.JIoEndpoint$SocketProcessor.run(JIoEndpoint.java:318)
	at java.util.concurrent.ThreadPoolExecutor.runWorker(ThreadPoolExecutor.java:1145)
	at java.util.concurrent.ThreadPoolExecutor$Worker.run(ThreadPoolExecutor.java:615)
	at org.apache.tomcat.util.threads.TaskThread$WrappingRunnable.run(TaskThread.java:61)
	at java.lang.Thread.run(Thread.java:745)
Caused by: java.io.FileNotFoundException: setup.wizard.enabled=false/data/document_library/0/0/20999.gif/1.0 (No such file or directory)
	at java.io.FileInputStream.open(Native Method)
	at java.io.FileInputStream.<init>(FileInputStream.java:146)
	at com.liferay.portlet.documentlibrary.store.FileSystemStore.getFileAsStream(FileSystemStore.java:221)
	... 82 more
15:03:07,931 WARN  [http-bio-8080-exec-6][ThemeLocalServiceImpl:156] No theme found for specified theme id lecture2go_WAR_lecture2gotheme. Returning the default theme.
15:03:07,970 WARN  [http-bio-8080-exec-6][ThemeLocalServiceImpl:156] No theme found for specified theme id lecture2go_WAR_lecture2gotheme. Returning the default theme.
15:03:07,996 WARN  [http-bio-8080-exec-6][ThemeLocalServiceImpl:156] No theme found for specified theme id lecture2go_WAR_lecture2gotheme. Returning the default theme.
15:03:07,997 WARN  [http-bio-8080-exec-6][ThemeLocalServiceImpl:156] No theme found for specified theme id lecture2go_WAR_lecture2gotheme. Returning the default theme.
15:03:08,051 WARN  [http-bio-8080-exec-6][ThemeLocalServiceImpl:156] No theme found for specified theme id lecture2go_WAR_lecture2gotheme. Returning the default theme.
15:03:08,073 WARN  [http-bio-8080-exec-6][ThemeLocalServiceImpl:156] No theme found for specified theme id lecture2go_WAR_lecture2gotheme. Returning the default theme.
15:03:08,077 WARN  [http-bio-8080-exec-6][ThemeLocalServiceImpl:156] No theme found for specified theme id lecture2go_WAR_lecture2gotheme. Returning the default theme.
15:03:08,079 WARN  [http-bio-8080-exec-6][ThemeLocalServiceImpl:156] No theme found for specified theme id lecture2go_WAR_lecture2gotheme. Returning the default theme.
15:03:08,086 WARN  [http-bio-8080-exec-6][ThemeLocalServiceImpl:156] No theme found for specified theme id lecture2go_WAR_lecture2gotheme. Returning the default theme.
15:03:08,090 WARN  [http-bio-8080-exec-6][ThemeLocalServiceImpl:156] No theme found for specified theme id lecture2go_WAR_lecture2gotheme. Returning the default theme.
15:03:08,154 WARN  [http-bio-8080-exec-6][ThemeLocalServiceImpl:156] No theme found for specified theme id lecture2go_WAR_lecture2gotheme. Returning the default theme.
15:04:08,981 INFO  [localhost-startStop-2][HotDeployEvent:145] Plugin sync-web requires marketplace-portlet
15:04:08,986 INFO  [localhost-startStop-2][PluginPackageUtil:1016] Reading plugin package for sync-web
15:04:09,006 INFO  [localhost-startStop-2][HotDeployEvent:145] Plugin resources-importer-web requires marketplace-portlet
15:04:09,008 INFO  [localhost-startStop-2][PluginPackageUtil:1016] Reading plugin package for resources-importer-web
15:04:09,016 INFO  [localhost-startStop-2][HotDeployEvent:145] Plugin opensocial-portlet requires marketplace-portlet
15:04:09,017 INFO  [localhost-startStop-2][PluginPackageUtil:1016] Reading plugin package for opensocial-portlet
15:04:09,024 INFO  [localhost-startStop-2][HotDeployEvent:145] Plugin notifications-portlet requires marketplace-portlet
15:04:09,025 INFO  [localhost-startStop-2][PluginPackageUtil:1016] Reading plugin package for notifications-portlet
15:04:09,033 INFO  [localhost-startStop-2][PluginPackageUtil:1016] Reading plugin package for marketplace-portlet
15:04:09,039 INFO  [localhost-startStop-2][HotDeployEvent:145] Plugin calendar-portlet requires marketplace-portlet
15:04:09,040 INFO  [localhost-startStop-2][PluginPackageUtil:1016] Reading plugin package for calendar-portlet
15:04:09,048 INFO  [localhost-startStop-2][HotDeployEvent:145] Plugin lecture2go-theme requires marketplace-portlet
15:04:09,049 INFO  [localhost-startStop-2][PluginPackageUtil:1016] Reading plugin package for lecture2go-theme
15:04:09,052 INFO  [localhost-startStop-2][HotDeployEvent:145] Plugin lecture2go-portlet requires marketplace-portlet
15:04:09,053 INFO  [localhost-startStop-2][PluginPackageUtil:1016] Reading plugin package for lecture2go-portlet
