Okt 07, 2016 11:50:57 AM org.apache.catalina.startup.VersionLoggerListener log
INFORMATION: Server version:        Apache Tomcat/7.0.62
Okt 07, 2016 11:50:57 AM org.apache.catalina.startup.VersionLoggerListener log
INFORMATION: Server built:          May 7 2015 17:14:55 UTC
Okt 07, 2016 11:50:57 AM org.apache.catalina.startup.VersionLoggerListener log
INFORMATION: Server number:         7.0.62.0
Okt 07, 2016 11:50:57 AM org.apache.catalina.startup.VersionLoggerListener log
INFORMATION: OS Name:               Mac OS X
Okt 07, 2016 11:50:57 AM org.apache.catalina.startup.VersionLoggerListener log
INFORMATION: OS Version:            10.10.5
Okt 07, 2016 11:50:57 AM org.apache.catalina.startup.VersionLoggerListener log
INFORMATION: Architecture:          x86_64
Okt 07, 2016 11:50:57 AM org.apache.catalina.startup.VersionLoggerListener log
INFORMATION: Java Home:             /Library/Java/JavaVirtualMachines/jdk1.7.0_75.jdk/Contents/Home/jre
Okt 07, 2016 11:50:57 AM org.apache.catalina.startup.VersionLoggerListener log
INFORMATION: JVM Version:           1.7.0_75-b13
Okt 07, 2016 11:50:57 AM org.apache.catalina.startup.VersionLoggerListener log
INFORMATION: JVM Vendor:            Oracle Corporation
Okt 07, 2016 11:50:57 AM org.apache.catalina.startup.VersionLoggerListener log
INFORMATION: CATALINA_BASE:         /Users/isturm/Documents/workspace-for-liferay-6.2.0/liferay-portal-6.2-ce-ga6/tomcat-7.0.62
Okt 07, 2016 11:50:57 AM org.apache.catalina.startup.VersionLoggerListener log
INFORMATION: CATALINA_HOME:         /Users/isturm/Documents/workspace-for-liferay-6.2.0/liferay-portal-6.2-ce-ga6/tomcat-7.0.62
Okt 07, 2016 11:50:57 AM org.apache.catalina.startup.VersionLoggerListener log
INFORMATION: Command line argument: -agentlib:jdwp=transport=dt_socket,suspend=y,address=localhost:59519
Okt 07, 2016 11:50:57 AM org.apache.catalina.startup.VersionLoggerListener log
INFORMATION: Command line argument: -Duser.timezone=GMT
Okt 07, 2016 11:50:57 AM org.apache.catalina.startup.VersionLoggerListener log
INFORMATION: Command line argument: -Dfile.encoding=UTF8
Okt 07, 2016 11:50:57 AM org.apache.catalina.startup.VersionLoggerListener log
INFORMATION: Command line argument: -Dorg.apache.catalina.loader.WebappClassLoader.ENABLE_CLEAR_REFERENCES=false
Okt 07, 2016 11:50:57 AM org.apache.catalina.startup.VersionLoggerListener log
INFORMATION: Command line argument: -Djava.util.logging.manager=org.apache.juli.ClassLoaderLogManager
Okt 07, 2016 11:50:57 AM org.apache.catalina.startup.VersionLoggerListener log
INFORMATION: Command line argument: -Djava.net.preferIPv4Stack=true
Okt 07, 2016 11:50:57 AM org.apache.catalina.startup.VersionLoggerListener log
INFORMATION: Command line argument: -Djava.util.logging.config.file=/Users/isturm/Documents/workspace-for-liferay-6.2.0/liferay-portal-6.2-ce-ga6/tomcat-7.0.62/conf/logging.properties
Okt 07, 2016 11:50:57 AM org.apache.catalina.startup.VersionLoggerListener log
INFORMATION: Command line argument: -Djava.io.tmpdir=/Users/isturm/Documents/workspace-for-liferay-6.2.0/liferay-portal-6.2-ce-ga6/tomcat-7.0.62/temp
Okt 07, 2016 11:50:57 AM org.apache.catalina.startup.VersionLoggerListener log
INFORMATION: Command line argument: -Dexternal-properties=/Users/isturm/Documents/workspace-for-liferay-6.2.0/liferay-portal-6.2-ce-ga6/portal-ide.properties
Okt 07, 2016 11:50:57 AM org.apache.catalina.startup.VersionLoggerListener log
INFORMATION: Command line argument: -Dcatalina.base=/Users/isturm/Documents/workspace-for-liferay-6.2.0/liferay-portal-6.2-ce-ga6/tomcat-7.0.62
Okt 07, 2016 11:50:57 AM org.apache.catalina.startup.VersionLoggerListener log
INFORMATION: Command line argument: -Dcatalina.home=/Users/isturm/Documents/workspace-for-liferay-6.2.0/liferay-portal-6.2-ce-ga6/tomcat-7.0.62
Okt 07, 2016 11:50:57 AM org.apache.catalina.startup.VersionLoggerListener log
INFORMATION: Command line argument: -Dwtp.deploy=/Users/isturm/Documents/workspace-for-liferay-6.2.0/liferay-portal-6.2-ce-ga6/tomcat-7.0.62/webapps
Okt 07, 2016 11:50:57 AM org.apache.catalina.startup.VersionLoggerListener log
INFORMATION: Command line argument: -Djava.endorsed.dirs=/Users/isturm/Documents/workspace-for-liferay-6.2.0/liferay-portal-6.2-ce-ga6/tomcat-7.0.62/endorsed
Okt 07, 2016 11:50:57 AM org.apache.catalina.startup.VersionLoggerListener log
INFORMATION: Command line argument: -Xmx1024m
Okt 07, 2016 11:50:57 AM org.apache.catalina.startup.VersionLoggerListener log
INFORMATION: Command line argument: -XX:MaxPermSize=512m
Okt 07, 2016 11:50:57 AM org.apache.catalina.startup.VersionLoggerListener log
INFORMATION: Command line argument: -Dfreemarker.debug.password=liferay
Okt 07, 2016 11:50:57 AM org.apache.catalina.startup.VersionLoggerListener log
INFORMATION: Command line argument: -Dfreemarker.debug.port=57676
Okt 07, 2016 11:50:57 AM org.apache.catalina.core.AprLifecycleListener lifecycleEvent
INFORMATION: The APR based Apache Tomcat Native library which allows optimal performance in production environments was not found on the java.library.path: /Users/isturm/Library/Java/Extensions:/Library/Java/Extensions:/Network/Library/Java/Extensions:/System/Library/Java/Extensions:/usr/lib/java:.
Okt 07, 2016 11:50:57 AM org.apache.coyote.AbstractProtocol init
INFORMATION: Initializing ProtocolHandler ["http-bio-8080"]
Okt 07, 2016 11:50:57 AM org.apache.coyote.AbstractProtocol init
INFORMATION: Initializing ProtocolHandler ["ajp-bio-8009"]
Okt 07, 2016 11:50:58 AM org.apache.catalina.startup.Catalina load
INFORMATION: Initialization processed in 806 ms
Okt 07, 2016 11:50:58 AM org.apache.catalina.core.StandardService startInternal
INFORMATION: Starting service Catalina
Okt 07, 2016 11:50:58 AM org.apache.catalina.core.StandardEngine startInternal
INFORMATION: Starting Servlet Engine: Apache Tomcat/7.0.62
Okt 07, 2016 11:50:58 AM org.apache.catalina.startup.HostConfig deployDescriptor
INFORMATION: Deploying configuration descriptor /Users/isturm/Documents/workspace-for-liferay-6.2.0/liferay-portal-6.2-ce-ga6/tomcat-7.0.62/conf/Catalina/localhost/ROOT.xml
Okt 07, 2016 11:51:10 AM org.apache.catalina.startup.TldConfig execute
INFORMATION: At least one JAR was scanned for TLDs yet contained no TLDs. Enable debug logging for this logger for a complete list of JARs that were scanned but no TLDs were found in them. Skipping unneeded JARs during scanning can improve startup time and JSP compilation time.
Okt 07, 2016 11:52:04 AM org.apache.catalina.startup.HostConfig deployDescriptor
INFORMATION: Deployment of configuration descriptor /Users/isturm/Documents/workspace-for-liferay-6.2.0/liferay-portal-6.2-ce-ga6/tomcat-7.0.62/conf/Catalina/localhost/ROOT.xml has finished in 66,311 ms
Okt 07, 2016 11:52:04 AM org.apache.catalina.startup.HostConfig deployDirectory
INFORMATION: Deploying web application directory /Users/isturm/Documents/workspace-for-liferay-6.2.0/liferay-portal-6.2-ce-ga6/tomcat-7.0.62/webapps/50JIT
Okt 07, 2016 11:52:06 AM org.apache.catalina.startup.TldConfig execute
INFORMATION: At least one JAR was scanned for TLDs yet contained no TLDs. Enable debug logging for this logger for a complete list of JARs that were scanned but no TLDs were found in them. Skipping unneeded JARs during scanning can improve startup time and JSP compilation time.
Okt 07, 2016 11:52:06 AM org.apache.catalina.startup.HostConfig deployDirectory
INFORMATION: Deployment of web application directory /Users/isturm/Documents/workspace-for-liferay-6.2.0/liferay-portal-6.2-ce-ga6/tomcat-7.0.62/webapps/50JIT has finished in 1,802 ms
Okt 07, 2016 11:52:06 AM org.apache.catalina.startup.HostConfig deployDirectory
INFORMATION: Deploying web application directory /Users/isturm/Documents/workspace-for-liferay-6.2.0/liferay-portal-6.2-ce-ga6/tomcat-7.0.62/webapps/abo
Okt 07, 2016 11:52:06 AM org.apache.catalina.startup.TldConfig execute
INFORMATION: At least one JAR was scanned for TLDs yet contained no TLDs. Enable debug logging for this logger for a complete list of JARs that were scanned but no TLDs were found in them. Skipping unneeded JARs during scanning can improve startup time and JSP compilation time.
Okt 07, 2016 11:52:06 AM org.apache.catalina.startup.HostConfig deployDirectory
INFORMATION: Deployment of web application directory /Users/isturm/Documents/workspace-for-liferay-6.2.0/liferay-portal-6.2-ce-ga6/tomcat-7.0.62/webapps/abo has finished in 778 ms
Okt 07, 2016 11:52:06 AM org.apache.catalina.startup.HostConfig deployDirectory
INFORMATION: Deploying web application directory /Users/isturm/Documents/workspace-for-liferay-6.2.0/liferay-portal-6.2-ce-ga6/tomcat-7.0.62/webapps/calendar-portlet
Okt 07, 2016 11:52:09 AM org.apache.catalina.startup.TldConfig execute
INFORMATION: At least one JAR was scanned for TLDs yet contained no TLDs. Enable debug logging for this logger for a complete list of JARs that were scanned but no TLDs were found in them. Skipping unneeded JARs during scanning can improve startup time and JSP compilation time.
Okt 07, 2016 11:52:09 AM org.apache.catalina.startup.HostConfig deployDirectory
INFORMATION: Deployment of web application directory /Users/isturm/Documents/workspace-for-liferay-6.2.0/liferay-portal-6.2-ce-ga6/tomcat-7.0.62/webapps/calendar-portlet has finished in 2,186 ms
Okt 07, 2016 11:52:09 AM org.apache.catalina.startup.HostConfig deployDirectory
INFORMATION: Deploying web application directory /Users/isturm/Documents/workspace-for-liferay-6.2.0/liferay-portal-6.2-ce-ga6/tomcat-7.0.62/webapps/campusInnovation
Okt 07, 2016 11:52:09 AM org.apache.catalina.startup.TldConfig execute
INFORMATION: At least one JAR was scanned for TLDs yet contained no TLDs. Enable debug logging for this logger for a complete list of JARs that were scanned but no TLDs were found in them. Skipping unneeded JARs during scanning can improve startup time and JSP compilation time.
Okt 07, 2016 11:52:09 AM org.apache.catalina.startup.HostConfig deployDirectory
INFORMATION: Deployment of web application directory /Users/isturm/Documents/workspace-for-liferay-6.2.0/liferay-portal-6.2-ce-ga6/tomcat-7.0.62/webapps/campusInnovation has finished in 530 ms
Okt 07, 2016 11:52:09 AM org.apache.catalina.startup.HostConfig deployDirectory
INFORMATION: Deploying web application directory /Users/isturm/Documents/workspace-for-liferay-6.2.0/liferay-portal-6.2-ce-ga6/tomcat-7.0.62/webapps/chapters
Okt 07, 2016 11:52:10 AM org.apache.catalina.startup.TldConfig execute
INFORMATION: At least one JAR was scanned for TLDs yet contained no TLDs. Enable debug logging for this logger for a complete list of JARs that were scanned but no TLDs were found in them. Skipping unneeded JARs during scanning can improve startup time and JSP compilation time.
Okt 07, 2016 11:52:10 AM org.apache.catalina.startup.HostConfig deployDirectory
INFORMATION: Deployment of web application directory /Users/isturm/Documents/workspace-for-liferay-6.2.0/liferay-portal-6.2-ce-ga6/tomcat-7.0.62/webapps/chapters has finished in 604 ms
Okt 07, 2016 11:52:10 AM org.apache.catalina.startup.HostConfig deployDirectory
INFORMATION: Deploying web application directory /Users/isturm/Documents/workspace-for-liferay-6.2.0/liferay-portal-6.2-ce-ga6/tomcat-7.0.62/webapps/commsy
Okt 07, 2016 11:52:10 AM org.apache.catalina.startup.TldConfig execute
INFORMATION: At least one JAR was scanned for TLDs yet contained no TLDs. Enable debug logging for this logger for a complete list of JARs that were scanned but no TLDs were found in them. Skipping unneeded JARs during scanning can improve startup time and JSP compilation time.
Okt 07, 2016 11:52:10 AM org.apache.catalina.startup.HostConfig deployDirectory
INFORMATION: Deployment of web application directory /Users/isturm/Documents/workspace-for-liferay-6.2.0/liferay-portal-6.2-ce-ga6/tomcat-7.0.62/webapps/commsy has finished in 530 ms
Okt 07, 2016 11:52:10 AM org.apache.catalina.startup.HostConfig deployDirectory
INFORMATION: Deploying web application directory /Users/isturm/Documents/workspace-for-liferay-6.2.0/liferay-portal-6.2-ce-ga6/tomcat-7.0.62/webapps/dini
Okt 07, 2016 11:52:11 AM org.apache.catalina.startup.TldConfig execute
INFORMATION: At least one JAR was scanned for TLDs yet contained no TLDs. Enable debug logging for this logger for a complete list of JARs that were scanned but no TLDs were found in them. Skipping unneeded JARs during scanning can improve startup time and JSP compilation time.
Okt 07, 2016 11:52:11 AM org.apache.catalina.startup.HostConfig deployDirectory
INFORMATION: Deployment of web application directory /Users/isturm/Documents/workspace-for-liferay-6.2.0/liferay-portal-6.2-ce-ga6/tomcat-7.0.62/webapps/dini has finished in 501 ms
Okt 07, 2016 11:52:11 AM org.apache.catalina.startup.HostConfig deployDirectory
INFORMATION: Deploying web application directory /Users/isturm/Documents/workspace-for-liferay-6.2.0/liferay-portal-6.2-ce-ga6/tomcat-7.0.62/webapps/download
Okt 07, 2016 11:52:11 AM org.apache.catalina.loader.WebappClassLoader validateJarFile
INFORMATION: validateJarFile(/Users/isturm/Documents/workspace-for-liferay-6.2.0/liferay-portal-6.2-ce-ga6/tomcat-7.0.62/webapps/download/WEB-INF/lib/servlet-api.jar) - jar not loaded. See Servlet Spec 3.0, section 10.7.2. Offending class: javax/servlet/Servlet.class
Okt 07, 2016 11:52:12 AM org.apache.catalina.startup.TldConfig execute
INFORMATION: At least one JAR was scanned for TLDs yet contained no TLDs. Enable debug logging for this logger for a complete list of JARs that were scanned but no TLDs were found in them. Skipping unneeded JARs during scanning can improve startup time and JSP compilation time.
Okt 07, 2016 11:52:12 AM org.apache.catalina.startup.HostConfig deployDirectory
INFORMATION: Deployment of web application directory /Users/isturm/Documents/workspace-for-liferay-6.2.0/liferay-portal-6.2-ce-ga6/tomcat-7.0.62/webapps/download has finished in 895 ms
Okt 07, 2016 11:52:12 AM org.apache.catalina.startup.HostConfig deployDirectory
INFORMATION: Deploying web application directory /Users/isturm/Documents/workspace-for-liferay-6.2.0/liferay-portal-6.2-ce-ga6/tomcat-7.0.62/webapps/flowplayer
Okt 07, 2016 11:52:12 AM org.apache.catalina.startup.TldConfig execute
INFORMATION: At least one JAR was scanned for TLDs yet contained no TLDs. Enable debug logging for this logger for a complete list of JARs that were scanned but no TLDs were found in them. Skipping unneeded JARs during scanning can improve startup time and JSP compilation time.
Okt 07, 2016 11:52:12 AM org.apache.catalina.startup.HostConfig deployDirectory
INFORMATION: Deployment of web application directory /Users/isturm/Documents/workspace-for-liferay-6.2.0/liferay-portal-6.2-ce-ga6/tomcat-7.0.62/webapps/flowplayer has finished in 527 ms
Okt 07, 2016 11:52:12 AM org.apache.catalina.startup.HostConfig deployDirectory
INFORMATION: Deploying web application directory /Users/isturm/Documents/workspace-for-liferay-6.2.0/liferay-portal-6.2-ce-ga6/tomcat-7.0.62/webapps/flowplayer3.1.0
Okt 07, 2016 11:52:13 AM org.apache.catalina.startup.TldConfig execute
INFORMATION: At least one JAR was scanned for TLDs yet contained no TLDs. Enable debug logging for this logger for a complete list of JARs that were scanned but no TLDs were found in them. Skipping unneeded JARs during scanning can improve startup time and JSP compilation time.
Okt 07, 2016 11:52:13 AM org.apache.catalina.startup.HostConfig deployDirectory
INFORMATION: Deployment of web application directory /Users/isturm/Documents/workspace-for-liferay-6.2.0/liferay-portal-6.2-ce-ga6/tomcat-7.0.62/webapps/flowplayer3.1.0 has finished in 501 ms
Okt 07, 2016 11:52:13 AM org.apache.catalina.startup.HostConfig deployDirectory
INFORMATION: Deploying web application directory /Users/isturm/Documents/workspace-for-liferay-6.2.0/liferay-portal-6.2-ce-ga6/tomcat-7.0.62/webapps/fp
Okt 07, 2016 11:52:13 AM org.apache.catalina.startup.TldConfig execute
INFORMATION: At least one JAR was scanned for TLDs yet contained no TLDs. Enable debug logging for this logger for a complete list of JARs that were scanned but no TLDs were found in them. Skipping unneeded JARs during scanning can improve startup time and JSP compilation time.
Okt 07, 2016 11:52:13 AM org.apache.catalina.startup.HostConfig deployDirectory
INFORMATION: Deployment of web application directory /Users/isturm/Documents/workspace-for-liferay-6.2.0/liferay-portal-6.2-ce-ga6/tomcat-7.0.62/webapps/fp has finished in 513 ms
Okt 07, 2016 11:52:13 AM org.apache.catalina.startup.HostConfig deployDirectory
INFORMATION: Deploying web application directory /Users/isturm/Documents/workspace-for-liferay-6.2.0/liferay-portal-6.2-ce-ga6/tomcat-7.0.62/webapps/gif
Okt 07, 2016 11:52:14 AM org.apache.catalina.startup.TldConfig execute
INFORMATION: At least one JAR was scanned for TLDs yet contained no TLDs. Enable debug logging for this logger for a complete list of JARs that were scanned but no TLDs were found in them. Skipping unneeded JARs during scanning can improve startup time and JSP compilation time.
Okt 07, 2016 11:52:14 AM org.apache.catalina.startup.HostConfig deployDirectory
INFORMATION: Deployment of web application directory /Users/isturm/Documents/workspace-for-liferay-6.2.0/liferay-portal-6.2-ce-ga6/tomcat-7.0.62/webapps/gif has finished in 506 ms
Okt 07, 2016 11:52:14 AM org.apache.catalina.startup.HostConfig deployDirectory
INFORMATION: Deploying web application directory /Users/isturm/Documents/workspace-for-liferay-6.2.0/liferay-portal-6.2-ce-ga6/tomcat-7.0.62/webapps/imagebuilder
Okt 07, 2016 11:52:14 AM org.apache.catalina.startup.TldConfig execute
INFORMATION: At least one JAR was scanned for TLDs yet contained no TLDs. Enable debug logging for this logger for a complete list of JARs that were scanned but no TLDs were found in them. Skipping unneeded JARs during scanning can improve startup time and JSP compilation time.
Okt 07, 2016 11:52:14 AM org.apache.catalina.core.StandardContext startInternal
SCHWERWIEGEND: One or more Filters failed to start. Full details will be found in the appropriate container log file
Okt 07, 2016 11:52:14 AM org.apache.catalina.core.StandardContext startInternal
SCHWERWIEGEND: Context [/imagebuilder] startup failed due to previous errors
Okt 07, 2016 11:52:14 AM org.apache.catalina.startup.HostConfig deployDirectory
INFORMATION: Deployment of web application directory /Users/isturm/Documents/workspace-for-liferay-6.2.0/liferay-portal-6.2-ce-ga6/tomcat-7.0.62/webapps/imagebuilder has finished in 605 ms
Okt 07, 2016 11:52:14 AM org.apache.catalina.startup.HostConfig deployDirectory
INFORMATION: Deploying web application directory /Users/isturm/Documents/workspace-for-liferay-6.2.0/liferay-portal-6.2-ce-ga6/tomcat-7.0.62/webapps/images
Okt 07, 2016 11:52:15 AM org.apache.catalina.startup.TldConfig execute
INFORMATION: At least one JAR was scanned for TLDs yet contained no TLDs. Enable debug logging for this logger for a complete list of JARs that were scanned but no TLDs were found in them. Skipping unneeded JARs during scanning can improve startup time and JSP compilation time.
Okt 07, 2016 11:52:15 AM org.apache.catalina.startup.HostConfig deployDirectory
INFORMATION: Deployment of web application directory /Users/isturm/Documents/workspace-for-liferay-6.2.0/liferay-portal-6.2-ce-ga6/tomcat-7.0.62/webapps/images has finished in 490 ms
Okt 07, 2016 11:52:15 AM org.apache.catalina.startup.HostConfig deployDirectory
INFORMATION: Deploying web application directory /Users/isturm/Documents/workspace-for-liferay-6.2.0/liferay-portal-6.2-ce-ga6/tomcat-7.0.62/webapps/ISC2009
Okt 07, 2016 11:52:15 AM org.apache.catalina.startup.TldConfig execute
INFORMATION: At least one JAR was scanned for TLDs yet contained no TLDs. Enable debug logging for this logger for a complete list of JARs that were scanned but no TLDs were found in them. Skipping unneeded JARs during scanning can improve startup time and JSP compilation time.
Okt 07, 2016 11:52:15 AM org.apache.catalina.startup.HostConfig deployDirectory
INFORMATION: Deployment of web application directory /Users/isturm/Documents/workspace-for-liferay-6.2.0/liferay-portal-6.2-ce-ga6/tomcat-7.0.62/webapps/ISC2009 has finished in 492 ms
Okt 07, 2016 11:52:15 AM org.apache.catalina.startup.HostConfig deployDirectory
INFORMATION: Deploying web application directory /Users/isturm/Documents/workspace-for-liferay-6.2.0/liferay-portal-6.2-ce-ga6/tomcat-7.0.62/webapps/jq
Okt 07, 2016 11:52:16 AM org.apache.catalina.startup.TldConfig execute
INFORMATION: At least one JAR was scanned for TLDs yet contained no TLDs. Enable debug logging for this logger for a complete list of JARs that were scanned but no TLDs were found in them. Skipping unneeded JARs during scanning can improve startup time and JSP compilation time.
Okt 07, 2016 11:52:16 AM org.apache.catalina.startup.HostConfig deployDirectory
INFORMATION: Deployment of web application directory /Users/isturm/Documents/workspace-for-liferay-6.2.0/liferay-portal-6.2-ce-ga6/tomcat-7.0.62/webapps/jq has finished in 493 ms
Okt 07, 2016 11:52:16 AM org.apache.catalina.startup.HostConfig deployDirectory
INFORMATION: Deploying web application directory /Users/isturm/Documents/workspace-for-liferay-6.2.0/liferay-portal-6.2-ce-ga6/tomcat-7.0.62/webapps/jquery
Okt 07, 2016 11:52:16 AM org.apache.catalina.startup.TldConfig execute
INFORMATION: At least one JAR was scanned for TLDs yet contained no TLDs. Enable debug logging for this logger for a complete list of JARs that were scanned but no TLDs were found in them. Skipping unneeded JARs during scanning can improve startup time and JSP compilation time.
Okt 07, 2016 11:52:16 AM org.apache.catalina.startup.HostConfig deployDirectory
INFORMATION: Deployment of web application directory /Users/isturm/Documents/workspace-for-liferay-6.2.0/liferay-portal-6.2-ce-ga6/tomcat-7.0.62/webapps/jquery has finished in 494 ms
Okt 07, 2016 11:52:16 AM org.apache.catalina.startup.HostConfig deployDirectory
INFORMATION: Deploying web application directory /Users/isturm/Documents/workspace-for-liferay-6.2.0/liferay-portal-6.2-ce-ga6/tomcat-7.0.62/webapps/jw
Okt 07, 2016 11:52:17 AM org.apache.catalina.startup.TldConfig execute
INFORMATION: At least one JAR was scanned for TLDs yet contained no TLDs. Enable debug logging for this logger for a complete list of JARs that were scanned but no TLDs were found in them. Skipping unneeded JARs during scanning can improve startup time and JSP compilation time.
Okt 07, 2016 11:52:17 AM org.apache.catalina.startup.HostConfig deployDirectory
INFORMATION: Deployment of web application directory /Users/isturm/Documents/workspace-for-liferay-6.2.0/liferay-portal-6.2-ce-ga6/tomcat-7.0.62/webapps/jw has finished in 514 ms
Okt 07, 2016 11:52:17 AM org.apache.catalina.startup.HostConfig deployDirectory
INFORMATION: Deploying web application directory /Users/isturm/Documents/workspace-for-liferay-6.2.0/liferay-portal-6.2-ce-ga6/tomcat-7.0.62/webapps/jw5.0
Okt 07, 2016 11:52:17 AM org.apache.catalina.startup.TldConfig execute
INFORMATION: At least one JAR was scanned for TLDs yet contained no TLDs. Enable debug logging for this logger for a complete list of JARs that were scanned but no TLDs were found in them. Skipping unneeded JARs during scanning can improve startup time and JSP compilation time.
Okt 07, 2016 11:52:17 AM org.apache.catalina.startup.HostConfig deployDirectory
INFORMATION: Deployment of web application directory /Users/isturm/Documents/workspace-for-liferay-6.2.0/liferay-portal-6.2-ce-ga6/tomcat-7.0.62/webapps/jw5.0 has finished in 455 ms
Okt 07, 2016 11:52:17 AM org.apache.catalina.startup.HostConfig deployDirectory
INFORMATION: Deploying web application directory /Users/isturm/Documents/workspace-for-liferay-6.2.0/liferay-portal-6.2-ce-ga6/tomcat-7.0.62/webapps/kaleo-web
Okt 07, 2016 11:52:20 AM org.apache.catalina.startup.TldConfig execute
INFORMATION: At least one JAR was scanned for TLDs yet contained no TLDs. Enable debug logging for this logger for a complete list of JARs that were scanned but no TLDs were found in them. Skipping unneeded JARs during scanning can improve startup time and JSP compilation time.
Okt 07, 2016 11:52:20 AM org.apache.catalina.startup.HostConfig deployDirectory
INFORMATION: Deployment of web application directory /Users/isturm/Documents/workspace-for-liferay-6.2.0/liferay-portal-6.2-ce-ga6/tomcat-7.0.62/webapps/kaleo-web has finished in 2,206 ms
Okt 07, 2016 11:52:20 AM org.apache.catalina.startup.HostConfig deployDirectory
INFORMATION: Deploying web application directory /Users/isturm/Documents/workspace-for-liferay-6.2.0/liferay-portal-6.2-ce-ga6/tomcat-7.0.62/webapps/lecture2go-hook
Okt 07, 2016 11:52:21 AM org.apache.catalina.startup.TldConfig execute
INFORMATION: At least one JAR was scanned for TLDs yet contained no TLDs. Enable debug logging for this logger for a complete list of JARs that were scanned but no TLDs were found in them. Skipping unneeded JARs during scanning can improve startup time and JSP compilation time.
Okt 07, 2016 11:52:21 AM org.apache.catalina.startup.HostConfig deployDirectory
INFORMATION: Deployment of web application directory /Users/isturm/Documents/workspace-for-liferay-6.2.0/liferay-portal-6.2-ce-ga6/tomcat-7.0.62/webapps/lecture2go-hook has finished in 984 ms
Okt 07, 2016 11:52:21 AM org.apache.catalina.startup.HostConfig deployDirectory
INFORMATION: Deploying web application directory /Users/isturm/Documents/workspace-for-liferay-6.2.0/liferay-portal-6.2-ce-ga6/tomcat-7.0.62/webapps/lecture2go-portlet
Okt 07, 2016 11:52:24 AM org.apache.catalina.startup.TldConfig execute
INFORMATION: At least one JAR was scanned for TLDs yet contained no TLDs. Enable debug logging for this logger for a complete list of JARs that were scanned but no TLDs were found in them. Skipping unneeded JARs during scanning can improve startup time and JSP compilation time.
Okt 07, 2016 11:52:24 AM org.apache.catalina.startup.HostConfig deployDirectory
INFORMATION: Deployment of web application directory /Users/isturm/Documents/workspace-for-liferay-6.2.0/liferay-portal-6.2-ce-ga6/tomcat-7.0.62/webapps/lecture2go-portlet has finished in 3,578 ms
Okt 07, 2016 11:52:24 AM org.apache.catalina.startup.HostConfig deployDirectory
INFORMATION: Deploying web application directory /Users/isturm/Documents/workspace-for-liferay-6.2.0/liferay-portal-6.2-ce-ga6/tomcat-7.0.62/webapps/lecture2go-theme
Okt 07, 2016 11:52:25 AM org.apache.catalina.startup.TldConfig execute
INFORMATION: At least one JAR was scanned for TLDs yet contained no TLDs. Enable debug logging for this logger for a complete list of JARs that were scanned but no TLDs were found in them. Skipping unneeded JARs during scanning can improve startup time and JSP compilation time.
Okt 07, 2016 11:52:25 AM org.apache.catalina.startup.HostConfig deployDirectory
INFORMATION: Deployment of web application directory /Users/isturm/Documents/workspace-for-liferay-6.2.0/liferay-portal-6.2-ce-ga6/tomcat-7.0.62/webapps/lecture2go-theme has finished in 665 ms
Okt 07, 2016 11:52:25 AM org.apache.catalina.startup.HostConfig deployDirectory
INFORMATION: Deploying web application directory /Users/isturm/Documents/workspace-for-liferay-6.2.0/liferay-portal-6.2-ce-ga6/tomcat-7.0.62/webapps/liferay-jedi-theme
Okt 07, 2016 11:52:25 AM org.apache.catalina.startup.TldConfig execute
INFORMATION: At least one JAR was scanned for TLDs yet contained no TLDs. Enable debug logging for this logger for a complete list of JARs that were scanned but no TLDs were found in them. Skipping unneeded JARs during scanning can improve startup time and JSP compilation time.
Okt 07, 2016 11:52:25 AM org.apache.catalina.startup.HostConfig deployDirectory
INFORMATION: Deployment of web application directory /Users/isturm/Documents/workspace-for-liferay-6.2.0/liferay-portal-6.2-ce-ga6/tomcat-7.0.62/webapps/liferay-jedi-theme has finished in 425 ms
Okt 07, 2016 11:52:25 AM org.apache.catalina.startup.HostConfig deployDirectory
INFORMATION: Deploying web application directory /Users/isturm/Documents/workspace-for-liferay-6.2.0/liferay-portal-6.2-ce-ga6/tomcat-7.0.62/webapps/logo
Okt 07, 2016 11:52:26 AM org.apache.catalina.startup.TldConfig execute
INFORMATION: At least one JAR was scanned for TLDs yet contained no TLDs. Enable debug logging for this logger for a complete list of JARs that were scanned but no TLDs were found in them. Skipping unneeded JARs during scanning can improve startup time and JSP compilation time.
Okt 07, 2016 11:52:26 AM org.apache.catalina.startup.HostConfig deployDirectory
INFORMATION: Deployment of web application directory /Users/isturm/Documents/workspace-for-liferay-6.2.0/liferay-portal-6.2-ce-ga6/tomcat-7.0.62/webapps/logo has finished in 492 ms
Okt 07, 2016 11:52:26 AM org.apache.catalina.startup.HostConfig deployDirectory
INFORMATION: Deploying web application directory /Users/isturm/Documents/workspace-for-liferay-6.2.0/liferay-portal-6.2-ce-ga6/tomcat-7.0.62/webapps/marketplace-portlet
Okt 07, 2016 11:52:27 AM org.apache.catalina.startup.TldConfig execute
INFORMATION: At least one JAR was scanned for TLDs yet contained no TLDs. Enable debug logging for this logger for a complete list of JARs that were scanned but no TLDs were found in them. Skipping unneeded JARs during scanning can improve startup time and JSP compilation time.
Okt 07, 2016 11:52:41 AM org.apache.catalina.startup.HostConfig deployDirectory
INFORMATION: Deployment of web application directory /Users/isturm/Documents/workspace-for-liferay-6.2.0/liferay-portal-6.2-ce-ga6/tomcat-7.0.62/webapps/marketplace-portlet has finished in 15,444 ms
Okt 07, 2016 11:52:41 AM org.apache.catalina.startup.HostConfig deployDirectory
INFORMATION: Deploying web application directory /Users/isturm/Documents/workspace-for-liferay-6.2.0/liferay-portal-6.2-ce-ga6/tomcat-7.0.62/webapps/migration-portlet
Okt 07, 2016 11:52:43 AM org.apache.catalina.startup.TldConfig execute
INFORMATION: At least one JAR was scanned for TLDs yet contained no TLDs. Enable debug logging for this logger for a complete list of JARs that were scanned but no TLDs were found in them. Skipping unneeded JARs during scanning can improve startup time and JSP compilation time.
Okt 07, 2016 11:52:48 AM org.apache.catalina.startup.HostConfig deployDirectory
INFORMATION: Deployment of web application directory /Users/isturm/Documents/workspace-for-liferay-6.2.0/liferay-portal-6.2-ce-ga6/tomcat-7.0.62/webapps/migration-portlet has finished in 6,718 ms
Okt 07, 2016 11:52:48 AM org.apache.catalina.startup.HostConfig deployDirectory
INFORMATION: Deploying web application directory /Users/isturm/Documents/workspace-for-liferay-6.2.0/liferay-portal-6.2-ce-ga6/tomcat-7.0.62/webapps/notifications-portlet
Okt 07, 2016 11:52:49 AM org.apache.catalina.startup.TldConfig execute
INFORMATION: At least one JAR was scanned for TLDs yet contained no TLDs. Enable debug logging for this logger for a complete list of JARs that were scanned but no TLDs were found in them. Skipping unneeded JARs during scanning can improve startup time and JSP compilation time.
Okt 07, 2016 11:52:50 AM org.apache.catalina.startup.HostConfig deployDirectory
INFORMATION: Deployment of web application directory /Users/isturm/Documents/workspace-for-liferay-6.2.0/liferay-portal-6.2-ce-ga6/tomcat-7.0.62/webapps/notifications-portlet has finished in 1,972 ms
Okt 07, 2016 11:52:50 AM org.apache.catalina.startup.HostConfig deployDirectory
INFORMATION: Deploying web application directory /Users/isturm/Documents/workspace-for-liferay-6.2.0/liferay-portal-6.2-ce-ga6/tomcat-7.0.62/webapps/opensocial-portlet
Okt 07, 2016 11:52:53 AM org.apache.catalina.startup.TldConfig execute
INFORMATION: At least one JAR was scanned for TLDs yet contained no TLDs. Enable debug logging for this logger for a complete list of JARs that were scanned but no TLDs were found in them. Skipping unneeded JARs during scanning can improve startup time and JSP compilation time.
Okt 07, 2016 11:52:55 AM org.apache.catalina.startup.HostConfig deployDirectory
INFORMATION: Deployment of web application directory /Users/isturm/Documents/workspace-for-liferay-6.2.0/liferay-portal-6.2-ce-ga6/tomcat-7.0.62/webapps/opensocial-portlet has finished in 4,980 ms
Okt 07, 2016 11:52:55 AM org.apache.catalina.startup.HostConfig deployDirectory
INFORMATION: Deploying web application directory /Users/isturm/Documents/workspace-for-liferay-6.2.0/liferay-portal-6.2-ce-ga6/tomcat-7.0.62/webapps/player
Okt 07, 2016 11:52:55 AM org.apache.catalina.startup.TldConfig execute
INFORMATION: At least one JAR was scanned for TLDs yet contained no TLDs. Enable debug logging for this logger for a complete list of JARs that were scanned but no TLDs were found in them. Skipping unneeded JARs during scanning can improve startup time and JSP compilation time.
Okt 07, 2016 11:52:55 AM org.apache.catalina.startup.HostConfig deployDirectory
INFORMATION: Deployment of web application directory /Users/isturm/Documents/workspace-for-liferay-6.2.0/liferay-portal-6.2-ce-ga6/tomcat-7.0.62/webapps/player has finished in 574 ms
Okt 07, 2016 11:52:55 AM org.apache.catalina.startup.HostConfig deployDirectory
INFORMATION: Deploying web application directory /Users/isturm/Documents/workspace-for-liferay-6.2.0/liferay-portal-6.2-ce-ga6/tomcat-7.0.62/webapps/portal
Okt 07, 2016 11:52:56 AM org.apache.shindig.config.JsonContainerConfig loadContainers
INFORMATION: Loading resources from: containers/default/container.js
Okt 07, 2016 11:52:56 AM org.apache.shindig.config.JsonContainerConfig loadResources
INFORMATION: Reading container config: containers/default/container.js
Okt 07, 2016 11:52:56 AM org.apache.catalina.startup.TldConfig execute
INFORMATION: At least one JAR was scanned for TLDs yet contained no TLDs. Enable debug logging for this logger for a complete list of JARs that were scanned but no TLDs were found in them. Skipping unneeded JARs during scanning can improve startup time and JSP compilation time.
Okt 07, 2016 11:52:56 AM org.apache.catalina.startup.HostConfig deployDirectory
INFORMATION: Deployment of web application directory /Users/isturm/Documents/workspace-for-liferay-6.2.0/liferay-portal-6.2-ce-ga6/tomcat-7.0.62/webapps/portal has finished in 600 ms
Okt 07, 2016 11:52:56 AM org.apache.catalina.startup.HostConfig deployDirectory
INFORMATION: Deploying web application directory /Users/isturm/Documents/workspace-for-liferay-6.2.0/liferay-portal-6.2-ce-ga6/tomcat-7.0.62/webapps/resources-importer-web
Okt 07, 2016 11:52:56 AM org.apache.shindig.gadgets.features.FeatureRegistry register
INFORMATION: Loading resources from: res:features-extras/features.txt
Okt 07, 2016 11:52:56 AM org.apache.shindig.common.xml.XmlUtil <clinit>
INFORMATION: Reusing document builders
Okt 07, 2016 11:52:57 AM org.apache.shindig.gadgets.features.FeatureRegistry register
INFORMATION: Loading resources from: res:features/features.txt
Okt 07, 2016 11:52:57 AM org.apache.catalina.startup.TldConfig execute
INFORMATION: At least one JAR was scanned for TLDs yet contained no TLDs. Enable debug logging for this logger for a complete list of JARs that were scanned but no TLDs were found in them. Skipping unneeded JARs during scanning can improve startup time and JSP compilation time.
Okt 07, 2016 11:52:57 AM org.apache.catalina.startup.HostConfig deployDirectory
INFORMATION: Deployment of web application directory /Users/isturm/Documents/workspace-for-liferay-6.2.0/liferay-portal-6.2-ce-ga6/tomcat-7.0.62/webapps/resources-importer-web has finished in 1,357 ms
Okt 07, 2016 11:52:57 AM org.apache.catalina.startup.HostConfig deployDirectory
INFORMATION: Deploying web application directory /Users/isturm/Documents/workspace-for-liferay-6.2.0/liferay-portal-6.2-ce-ga6/tomcat-7.0.62/webapps/rss
Okt 07, 2016 11:52:58 AM org.apache.catalina.startup.TldConfig execute
INFORMATION: At least one JAR was scanned for TLDs yet contained no TLDs. Enable debug logging for this logger for a complete list of JARs that were scanned but no TLDs were found in them. Skipping unneeded JARs during scanning can improve startup time and JSP compilation time.
Okt 07, 2016 11:52:58 AM org.apache.catalina.startup.HostConfig deployDirectory
INFORMATION: Deployment of web application directory /Users/isturm/Documents/workspace-for-liferay-6.2.0/liferay-portal-6.2-ce-ga6/tomcat-7.0.62/webapps/rss has finished in 872 ms
Okt 07, 2016 11:52:58 AM org.apache.catalina.startup.HostConfig deployDirectory
INFORMATION: Deploying web application directory /Users/isturm/Documents/workspace-for-liferay-6.2.0/liferay-portal-6.2-ce-ga6/tomcat-7.0.62/webapps/servlet-file-upload
Okt 07, 2016 11:52:58 AM org.apache.catalina.loader.WebappClassLoader validateJarFile
INFORMATION: validateJarFile(/Users/isturm/Documents/workspace-for-liferay-6.2.0/liferay-portal-6.2-ce-ga6/tomcat-7.0.62/webapps/servlet-file-upload/WEB-INF/lib/javax.servlet-api-3.1.0.jar) - jar not loaded. See Servlet Spec 3.0, section 10.7.2. Offending class: javax/servlet/Servlet.class
Okt 07, 2016 11:52:59 AM org.apache.shindig.gadgets.servlet.CajaContentRewriter <init>
INFORMATION: Cajoled cache createdorg.apache.shindig.common.cache.ehcache.EhConfiguredCache@e32b54c
Okt 07, 2016 11:52:59 AM org.apache.shindig.gadgets.servlet.CajaContentRewriter <init>
INFORMATION: Cajoled cache createdorg.apache.shindig.common.cache.ehcache.EhConfiguredCache@e32b54c
Okt 07, 2016 11:52:59 AM org.apache.shindig.gadgets.oauth.OAuthModule$OAuthCrypterProvider <init>
INFORMATION: Using random key for OAuth client-side state encryption
Okt 07, 2016 11:52:59 AM org.apache.catalina.startup.TldConfig execute
INFORMATION: At least one JAR was scanned for TLDs yet contained no TLDs. Enable debug logging for this logger for a complete list of JARs that were scanned but no TLDs were found in them. Skipping unneeded JARs during scanning can improve startup time and JSP compilation time.
Okt 07, 2016 11:53:00 AM org.apache.catalina.startup.HostConfig deployDirectory
INFORMATION: Deployment of web application directory /Users/isturm/Documents/workspace-for-liferay-6.2.0/liferay-portal-6.2-ce-ga6/tomcat-7.0.62/webapps/servlet-file-upload has finished in 1,405 ms
Okt 07, 2016 11:53:00 AM org.apache.catalina.startup.HostConfig deployDirectory
INFORMATION: Deploying web application directory /Users/isturm/Documents/workspace-for-liferay-6.2.0/liferay-portal-6.2-ce-ga6/tomcat-7.0.62/webapps/strobemediaplayer
Okt 07, 2016 11:53:00 AM org.apache.catalina.startup.TldConfig execute
INFORMATION: At least one JAR was scanned for TLDs yet contained no TLDs. Enable debug logging for this logger for a complete list of JARs that were scanned but no TLDs were found in them. Skipping unneeded JARs during scanning can improve startup time and JSP compilation time.
Okt 07, 2016 11:53:00 AM org.apache.catalina.startup.HostConfig deployDirectory
INFORMATION: Deployment of web application directory /Users/isturm/Documents/workspace-for-liferay-6.2.0/liferay-portal-6.2-ce-ga6/tomcat-7.0.62/webapps/strobemediaplayer has finished in 548 ms
Okt 07, 2016 11:53:00 AM org.apache.catalina.startup.HostConfig deployDirectory
INFORMATION: Deploying web application directory /Users/isturm/Documents/workspace-for-liferay-6.2.0/liferay-portal-6.2-ce-ga6/tomcat-7.0.62/webapps/swfobject
Okt 07, 2016 11:53:01 AM org.apache.catalina.startup.TldConfig execute
INFORMATION: At least one JAR was scanned for TLDs yet contained no TLDs. Enable debug logging for this logger for a complete list of JARs that were scanned but no TLDs were found in them. Skipping unneeded JARs during scanning can improve startup time and JSP compilation time.
Okt 07, 2016 11:53:01 AM org.apache.catalina.startup.HostConfig deployDirectory
INFORMATION: Deployment of web application directory /Users/isturm/Documents/workspace-for-liferay-6.2.0/liferay-portal-6.2-ce-ga6/tomcat-7.0.62/webapps/swfobject has finished in 454 ms
Okt 07, 2016 11:53:01 AM org.apache.catalina.startup.HostConfig deployDirectory
INFORMATION: Deploying web application directory /Users/isturm/Documents/workspace-for-liferay-6.2.0/liferay-portal-6.2-ce-ga6/tomcat-7.0.62/webapps/sync-web
Okt 07, 2016 11:53:02 AM org.apache.catalina.startup.TldConfig execute
INFORMATION: At least one JAR was scanned for TLDs yet contained no TLDs. Enable debug logging for this logger for a complete list of JARs that were scanned but no TLDs were found in them. Skipping unneeded JARs during scanning can improve startup time and JSP compilation time.
Okt 07, 2016 11:53:05 AM org.apache.catalina.startup.HostConfig deployDirectory
INFORMATION: Deployment of web application directory /Users/isturm/Documents/workspace-for-liferay-6.2.0/liferay-portal-6.2-ce-ga6/tomcat-7.0.62/webapps/sync-web has finished in 4,516 ms
Okt 07, 2016 11:53:05 AM org.apache.catalina.startup.HostConfig deployDirectory
INFORMATION: Deploying web application directory /Users/isturm/Documents/workspace-for-liferay-6.2.0/liferay-portal-6.2-ce-ga6/tomcat-7.0.62/webapps/veranstaltung
Okt 07, 2016 11:53:06 AM org.apache.catalina.startup.TldConfig execute
INFORMATION: At least one JAR was scanned for TLDs yet contained no TLDs. Enable debug logging for this logger for a complete list of JARs that were scanned but no TLDs were found in them. Skipping unneeded JARs during scanning can improve startup time and JSP compilation time.
Okt 07, 2016 11:53:06 AM org.apache.catalina.startup.HostConfig deployDirectory
INFORMATION: Deployment of web application directory /Users/isturm/Documents/workspace-for-liferay-6.2.0/liferay-portal-6.2-ce-ga6/tomcat-7.0.62/webapps/veranstaltung has finished in 1,342 ms
Okt 07, 2016 11:53:06 AM org.apache.catalina.startup.HostConfig deployDirectory
INFORMATION: Deploying web application directory /Users/isturm/Documents/workspace-for-liferay-6.2.0/liferay-portal-6.2-ce-ga6/tomcat-7.0.62/webapps/wasserzeichen
Okt 07, 2016 11:53:09 AM org.apache.catalina.startup.TldConfig execute
INFORMATION: At least one JAR was scanned for TLDs yet contained no TLDs. Enable debug logging for this logger for a complete list of JARs that were scanned but no TLDs were found in them. Skipping unneeded JARs during scanning can improve startup time and JSP compilation time.
Okt 07, 2016 11:53:09 AM org.apache.catalina.startup.HostConfig deployDirectory
INFORMATION: Deployment of web application directory /Users/isturm/Documents/workspace-for-liferay-6.2.0/liferay-portal-6.2-ce-ga6/tomcat-7.0.62/webapps/wasserzeichen has finished in 2,903 ms
Okt 07, 2016 11:53:09 AM org.apache.catalina.startup.HostConfig deployDirectory
INFORMATION: Deploying web application directory /Users/isturm/Documents/workspace-for-liferay-6.2.0/liferay-portal-6.2-ce-ga6/tomcat-7.0.62/webapps/web-form-portlet
Okt 07, 2016 11:53:10 AM org.apache.catalina.startup.TldConfig execute
INFORMATION: At least one JAR was scanned for TLDs yet contained no TLDs. Enable debug logging for this logger for a complete list of JARs that were scanned but no TLDs were found in them. Skipping unneeded JARs during scanning can improve startup time and JSP compilation time.
Okt 07, 2016 11:53:10 AM org.apache.catalina.startup.HostConfig deployDirectory
INFORMATION: Deployment of web application directory /Users/isturm/Documents/workspace-for-liferay-6.2.0/liferay-portal-6.2-ce-ga6/tomcat-7.0.62/webapps/web-form-portlet has finished in 804 ms
Okt 07, 2016 11:53:10 AM org.apache.coyote.AbstractProtocol start
INFORMATION: Starting ProtocolHandler ["http-bio-8080"]
Okt 07, 2016 11:53:10 AM org.apache.coyote.AbstractProtocol start
INFORMATION: Starting ProtocolHandler ["ajp-bio-8009"]
Okt 07, 2016 11:53:10 AM org.apache.catalina.startup.Catalina start
INFORMATION: Server startup in 132738 ms
Okt 07, 2016 12:13:51 PM org.apache.catalina.startup.HostConfig undeploy
INFORMATION: Undeploying context [/lecture2go-portlet]
Okt 07, 2016 12:13:52 PM org.apache.catalina.startup.HostConfig deployDirectory
INFORMATION: Deploying web application directory /Users/isturm/Documents/workspace-for-liferay-6.2.0/liferay-portal-6.2-ce-ga6/tomcat-7.0.62/webapps/lecture2go-portlet
Okt 07, 2016 12:13:54 PM org.apache.catalina.startup.TldConfig execute
INFORMATION: At least one JAR was scanned for TLDs yet contained no TLDs. Enable debug logging for this logger for a complete list of JARs that were scanned but no TLDs were found in them. Skipping unneeded JARs during scanning can improve startup time and JSP compilation time.
Okt 07, 2016 12:13:59 PM org.apache.catalina.startup.HostConfig deployDirectory
INFORMATION: Deployment of web application directory /Users/isturm/Documents/workspace-for-liferay-6.2.0/liferay-portal-6.2-ce-ga6/tomcat-7.0.62/webapps/lecture2go-portlet has finished in 7,111 ms
Okt 07, 2016 12:50:03 PM org.apache.catalina.startup.HostConfig undeploy
INFORMATION: Undeploying context [/lecture2go-portlet]
Okt 07, 2016 12:50:03 PM org.apache.catalina.loader.WebappClassLoader clearReferencesThreads
SCHWERWIEGEND: The web application [/lecture2go-portlet] appears to have started a thread named [liferay/scheduler_dispatch-3] but has failed to stop it. This is very likely to create a memory leak.
Okt 07, 2016 12:50:03 PM org.apache.catalina.startup.HostConfig deployDirectory
INFORMATION: Deploying web application directory /Users/isturm/Documents/workspace-for-liferay-6.2.0/liferay-portal-6.2-ce-ga6/tomcat-7.0.62/webapps/lecture2go-portlet
Okt 07, 2016 12:50:07 PM org.apache.catalina.startup.TldConfig execute
INFORMATION: At least one JAR was scanned for TLDs yet contained no TLDs. Enable debug logging for this logger for a complete list of JARs that were scanned but no TLDs were found in them. Skipping unneeded JARs during scanning can improve startup time and JSP compilation time.
Okt 07, 2016 12:50:15 PM org.apache.catalina.startup.HostConfig deployDirectory
INFORMATION: Deployment of web application directory /Users/isturm/Documents/workspace-for-liferay-6.2.0/liferay-portal-6.2-ce-ga6/tomcat-7.0.62/webapps/lecture2go-portlet has finished in 11,424 ms
Okt 07, 2016 12:50:35 PM org.apache.catalina.startup.HostConfig undeploy
INFORMATION: Undeploying context [/lecture2go-portlet]
Okt 07, 2016 12:50:35 PM org.apache.catalina.startup.HostConfig deployDirectory
INFORMATION: Deploying web application directory /Users/isturm/Documents/workspace-for-liferay-6.2.0/liferay-portal-6.2-ce-ga6/tomcat-7.0.62/webapps/lecture2go-portlet
Okt 07, 2016 12:50:38 PM org.apache.catalina.startup.TldConfig execute
INFORMATION: At least one JAR was scanned for TLDs yet contained no TLDs. Enable debug logging for this logger for a complete list of JARs that were scanned but no TLDs were found in them. Skipping unneeded JARs during scanning can improve startup time and JSP compilation time.
Okt 07, 2016 12:50:44 PM org.apache.catalina.startup.HostConfig deployDirectory
INFORMATION: Deployment of web application directory /Users/isturm/Documents/workspace-for-liferay-6.2.0/liferay-portal-6.2-ce-ga6/tomcat-7.0.62/webapps/lecture2go-portlet has finished in 8,998 ms
