Nov 14, 2016 8:40:44 AM org.apache.catalina.startup.VersionLoggerListener log
INFORMATION: Server version:        Apache Tomcat/7.0.62
Nov 14, 2016 8:40:44 AM org.apache.catalina.startup.VersionLoggerListener log
INFORMATION: Server built:          May 7 2015 17:14:55 UTC
Nov 14, 2016 8:40:44 AM org.apache.catalina.startup.VersionLoggerListener log
INFORMATION: Server number:         7.0.62.0
Nov 14, 2016 8:40:44 AM org.apache.catalina.startup.VersionLoggerListener log
INFORMATION: OS Name:               Mac OS X
Nov 14, 2016 8:40:44 AM org.apache.catalina.startup.VersionLoggerListener log
INFORMATION: OS Version:            10.10.5
Nov 14, 2016 8:40:44 AM org.apache.catalina.startup.VersionLoggerListener log
INFORMATION: Architecture:          x86_64
Nov 14, 2016 8:40:44 AM org.apache.catalina.startup.VersionLoggerListener log
INFORMATION: Java Home:             /Library/Java/JavaVirtualMachines/jdk1.7.0_75.jdk/Contents/Home/jre
Nov 14, 2016 8:40:44 AM org.apache.catalina.startup.VersionLoggerListener log
INFORMATION: JVM Version:           1.7.0_75-b13
Nov 14, 2016 8:40:44 AM org.apache.catalina.startup.VersionLoggerListener log
INFORMATION: JVM Vendor:            Oracle Corporation
Nov 14, 2016 8:40:44 AM org.apache.catalina.startup.VersionLoggerListener log
INFORMATION: CATALINA_BASE:         /Users/isturm/Documents/workspace-for-liferay-6.2.0/liferay-portal-6.2-ce-ga6/tomcat-7.0.62
Nov 14, 2016 8:40:44 AM org.apache.catalina.startup.VersionLoggerListener log
INFORMATION: CATALINA_HOME:         /Users/isturm/Documents/workspace-for-liferay-6.2.0/liferay-portal-6.2-ce-ga6/tomcat-7.0.62
Nov 14, 2016 8:40:44 AM org.apache.catalina.startup.VersionLoggerListener log
INFORMATION: Command line argument: -agentlib:jdwp=transport=dt_socket,suspend=y,address=localhost:50318
Nov 14, 2016 8:40:44 AM org.apache.catalina.startup.VersionLoggerListener log
INFORMATION: Command line argument: -Duser.timezone=GMT
Nov 14, 2016 8:40:44 AM org.apache.catalina.startup.VersionLoggerListener log
INFORMATION: Command line argument: -Dfile.encoding=UTF8
Nov 14, 2016 8:40:44 AM org.apache.catalina.startup.VersionLoggerListener log
INFORMATION: Command line argument: -Dorg.apache.catalina.loader.WebappClassLoader.ENABLE_CLEAR_REFERENCES=false
Nov 14, 2016 8:40:44 AM org.apache.catalina.startup.VersionLoggerListener log
INFORMATION: Command line argument: -Djava.util.logging.manager=org.apache.juli.ClassLoaderLogManager
Nov 14, 2016 8:40:44 AM org.apache.catalina.startup.VersionLoggerListener log
INFORMATION: Command line argument: -Djava.net.preferIPv4Stack=true
Nov 14, 2016 8:40:44 AM org.apache.catalina.startup.VersionLoggerListener log
INFORMATION: Command line argument: -Djava.util.logging.config.file=/Users/isturm/Documents/workspace-for-liferay-6.2.0/liferay-portal-6.2-ce-ga6/tomcat-7.0.62/conf/logging.properties
Nov 14, 2016 8:40:44 AM org.apache.catalina.startup.VersionLoggerListener log
INFORMATION: Command line argument: -Djava.io.tmpdir=/Users/isturm/Documents/workspace-for-liferay-6.2.0/liferay-portal-6.2-ce-ga6/tomcat-7.0.62/temp
Nov 14, 2016 8:40:44 AM org.apache.catalina.startup.VersionLoggerListener log
INFORMATION: Command line argument: -Dexternal-properties=/Users/isturm/Documents/workspace-for-liferay-6.2.0/liferay-portal-6.2-ce-ga6/portal-ide.properties
Nov 14, 2016 8:40:44 AM org.apache.catalina.startup.VersionLoggerListener log
INFORMATION: Command line argument: -Dcatalina.base=/Users/isturm/Documents/workspace-for-liferay-6.2.0/liferay-portal-6.2-ce-ga6/tomcat-7.0.62
Nov 14, 2016 8:40:44 AM org.apache.catalina.startup.VersionLoggerListener log
INFORMATION: Command line argument: -Dcatalina.home=/Users/isturm/Documents/workspace-for-liferay-6.2.0/liferay-portal-6.2-ce-ga6/tomcat-7.0.62
Nov 14, 2016 8:40:44 AM org.apache.catalina.startup.VersionLoggerListener log
INFORMATION: Command line argument: -Dwtp.deploy=/Users/isturm/Documents/workspace-for-liferay-6.2.0/liferay-portal-6.2-ce-ga6/tomcat-7.0.62/webapps
Nov 14, 2016 8:40:44 AM org.apache.catalina.startup.VersionLoggerListener log
INFORMATION: Command line argument: -Djava.endorsed.dirs=/Users/isturm/Documents/workspace-for-liferay-6.2.0/liferay-portal-6.2-ce-ga6/tomcat-7.0.62/endorsed
Nov 14, 2016 8:40:44 AM org.apache.catalina.startup.VersionLoggerListener log
INFORMATION: Command line argument: -Xmx1024m
Nov 14, 2016 8:40:44 AM org.apache.catalina.startup.VersionLoggerListener log
INFORMATION: Command line argument: -XX:MaxPermSize=512m
Nov 14, 2016 8:40:44 AM org.apache.catalina.startup.VersionLoggerListener log
INFORMATION: Command line argument: -Dfreemarker.debug.password=liferay
Nov 14, 2016 8:40:44 AM org.apache.catalina.startup.VersionLoggerListener log
INFORMATION: Command line argument: -Dfreemarker.debug.port=57676
Nov 14, 2016 8:40:44 AM org.apache.catalina.core.AprLifecycleListener lifecycleEvent
INFORMATION: The APR based Apache Tomcat Native library which allows optimal performance in production environments was not found on the java.library.path: /Users/isturm/Library/Java/Extensions:/Library/Java/Extensions:/Network/Library/Java/Extensions:/System/Library/Java/Extensions:/usr/lib/java:.
Nov 14, 2016 8:40:45 AM org.apache.coyote.AbstractProtocol init
INFORMATION: Initializing ProtocolHandler ["http-bio-8080"]
Nov 14, 2016 8:40:45 AM org.apache.coyote.AbstractProtocol init
INFORMATION: Initializing ProtocolHandler ["ajp-bio-8009"]
Nov 14, 2016 8:40:45 AM org.apache.catalina.startup.Catalina load
INFORMATION: Initialization processed in 981 ms
Nov 14, 2016 8:40:45 AM org.apache.catalina.core.StandardService startInternal
INFORMATION: Starting service Catalina
Nov 14, 2016 8:40:45 AM org.apache.catalina.core.StandardEngine startInternal
INFORMATION: Starting Servlet Engine: Apache Tomcat/7.0.62
Nov 14, 2016 8:40:45 AM org.apache.catalina.startup.HostConfig deployDescriptor
INFORMATION: Deploying configuration descriptor /Users/isturm/Documents/workspace-for-liferay-6.2.0/liferay-portal-6.2-ce-ga6/tomcat-7.0.62/conf/Catalina/localhost/ROOT.xml
Nov 14, 2016 8:41:00 AM org.apache.catalina.startup.TldConfig execute
INFORMATION: At least one JAR was scanned for TLDs yet contained no TLDs. Enable debug logging for this logger for a complete list of JARs that were scanned but no TLDs were found in them. Skipping unneeded JARs during scanning can improve startup time and JSP compilation time.
Nov 14, 2016 8:42:18 AM org.apache.catalina.startup.HostConfig deployDescriptor
INFORMATION: Deployment of configuration descriptor /Users/isturm/Documents/workspace-for-liferay-6.2.0/liferay-portal-6.2-ce-ga6/tomcat-7.0.62/conf/Catalina/localhost/ROOT.xml has finished in 93,607 ms
Nov 14, 2016 8:42:18 AM org.apache.catalina.startup.HostConfig deployDirectory
INFORMATION: Deploying web application directory /Users/isturm/Documents/workspace-for-liferay-6.2.0/liferay-portal-6.2-ce-ga6/tomcat-7.0.62/webapps/50JIT
Nov 14, 2016 8:42:19 AM org.apache.catalina.startup.TldConfig execute
INFORMATION: At least one JAR was scanned for TLDs yet contained no TLDs. Enable debug logging for this logger for a complete list of JARs that were scanned but no TLDs were found in them. Skipping unneeded JARs during scanning can improve startup time and JSP compilation time.
Nov 14, 2016 8:42:19 AM org.apache.catalina.startup.HostConfig deployDirectory
INFORMATION: Deployment of web application directory /Users/isturm/Documents/workspace-for-liferay-6.2.0/liferay-portal-6.2-ce-ga6/tomcat-7.0.62/webapps/50JIT has finished in 1,017 ms
Nov 14, 2016 8:42:19 AM org.apache.catalina.startup.HostConfig deployDirectory
INFORMATION: Deploying web application directory /Users/isturm/Documents/workspace-for-liferay-6.2.0/liferay-portal-6.2-ce-ga6/tomcat-7.0.62/webapps/abo
Nov 14, 2016 8:42:20 AM org.apache.catalina.startup.TldConfig execute
INFORMATION: At least one JAR was scanned for TLDs yet contained no TLDs. Enable debug logging for this logger for a complete list of JARs that were scanned but no TLDs were found in them. Skipping unneeded JARs during scanning can improve startup time and JSP compilation time.
Nov 14, 2016 8:42:20 AM org.apache.catalina.startup.HostConfig deployDirectory
INFORMATION: Deployment of web application directory /Users/isturm/Documents/workspace-for-liferay-6.2.0/liferay-portal-6.2-ce-ga6/tomcat-7.0.62/webapps/abo has finished in 590 ms
Nov 14, 2016 8:42:20 AM org.apache.catalina.startup.HostConfig deployDirectory
INFORMATION: Deploying web application directory /Users/isturm/Documents/workspace-for-liferay-6.2.0/liferay-portal-6.2-ce-ga6/tomcat-7.0.62/webapps/calendar-portlet
Nov 14, 2016 8:42:22 AM org.apache.catalina.startup.TldConfig execute
INFORMATION: At least one JAR was scanned for TLDs yet contained no TLDs. Enable debug logging for this logger for a complete list of JARs that were scanned but no TLDs were found in them. Skipping unneeded JARs during scanning can improve startup time and JSP compilation time.
Nov 14, 2016 8:42:22 AM org.apache.catalina.startup.HostConfig deployDirectory
INFORMATION: Deployment of web application directory /Users/isturm/Documents/workspace-for-liferay-6.2.0/liferay-portal-6.2-ce-ga6/tomcat-7.0.62/webapps/calendar-portlet has finished in 2,048 ms
Nov 14, 2016 8:42:22 AM org.apache.catalina.startup.HostConfig deployDirectory
INFORMATION: Deploying web application directory /Users/isturm/Documents/workspace-for-liferay-6.2.0/liferay-portal-6.2-ce-ga6/tomcat-7.0.62/webapps/campusInnovation
Nov 14, 2016 8:42:23 AM org.apache.catalina.startup.TldConfig execute
INFORMATION: At least one JAR was scanned for TLDs yet contained no TLDs. Enable debug logging for this logger for a complete list of JARs that were scanned but no TLDs were found in them. Skipping unneeded JARs during scanning can improve startup time and JSP compilation time.
Nov 14, 2016 8:42:23 AM org.apache.catalina.startup.HostConfig deployDirectory
INFORMATION: Deployment of web application directory /Users/isturm/Documents/workspace-for-liferay-6.2.0/liferay-portal-6.2-ce-ga6/tomcat-7.0.62/webapps/campusInnovation has finished in 539 ms
Nov 14, 2016 8:42:23 AM org.apache.catalina.startup.HostConfig deployDirectory
INFORMATION: Deploying web application directory /Users/isturm/Documents/workspace-for-liferay-6.2.0/liferay-portal-6.2-ce-ga6/tomcat-7.0.62/webapps/commsy
Nov 14, 2016 8:42:23 AM org.apache.catalina.startup.TldConfig execute
INFORMATION: At least one JAR was scanned for TLDs yet contained no TLDs. Enable debug logging for this logger for a complete list of JARs that were scanned but no TLDs were found in them. Skipping unneeded JARs during scanning can improve startup time and JSP compilation time.
Nov 14, 2016 8:42:23 AM org.apache.catalina.startup.HostConfig deployDirectory
INFORMATION: Deployment of web application directory /Users/isturm/Documents/workspace-for-liferay-6.2.0/liferay-portal-6.2-ce-ga6/tomcat-7.0.62/webapps/commsy has finished in 555 ms
Nov 14, 2016 8:42:23 AM org.apache.catalina.startup.HostConfig deployDirectory
INFORMATION: Deploying web application directory /Users/isturm/Documents/workspace-for-liferay-6.2.0/liferay-portal-6.2-ce-ga6/tomcat-7.0.62/webapps/dini
Nov 14, 2016 8:42:24 AM org.apache.catalina.startup.TldConfig execute
INFORMATION: At least one JAR was scanned for TLDs yet contained no TLDs. Enable debug logging for this logger for a complete list of JARs that were scanned but no TLDs were found in them. Skipping unneeded JARs during scanning can improve startup time and JSP compilation time.
Nov 14, 2016 8:42:24 AM org.apache.catalina.startup.HostConfig deployDirectory
INFORMATION: Deployment of web application directory /Users/isturm/Documents/workspace-for-liferay-6.2.0/liferay-portal-6.2-ce-ga6/tomcat-7.0.62/webapps/dini has finished in 553 ms
Nov 14, 2016 8:42:24 AM org.apache.catalina.startup.HostConfig deployDirectory
INFORMATION: Deploying web application directory /Users/isturm/Documents/workspace-for-liferay-6.2.0/liferay-portal-6.2-ce-ga6/tomcat-7.0.62/webapps/download
Nov 14, 2016 8:42:24 AM org.apache.catalina.loader.WebappClassLoader validateJarFile
INFORMATION: validateJarFile(/Users/isturm/Documents/workspace-for-liferay-6.2.0/liferay-portal-6.2-ce-ga6/tomcat-7.0.62/webapps/download/WEB-INF/lib/servlet-api.jar) - jar not loaded. See Servlet Spec 3.0, section 10.7.2. Offending class: javax/servlet/Servlet.class
Nov 14, 2016 8:42:25 AM org.apache.catalina.startup.TldConfig execute
INFORMATION: At least one JAR was scanned for TLDs yet contained no TLDs. Enable debug logging for this logger for a complete list of JARs that were scanned but no TLDs were found in them. Skipping unneeded JARs during scanning can improve startup time and JSP compilation time.
Nov 14, 2016 8:42:25 AM org.apache.catalina.startup.HostConfig deployDirectory
INFORMATION: Deployment of web application directory /Users/isturm/Documents/workspace-for-liferay-6.2.0/liferay-portal-6.2-ce-ga6/tomcat-7.0.62/webapps/download has finished in 812 ms
Nov 14, 2016 8:42:25 AM org.apache.catalina.startup.HostConfig deployDirectory
INFORMATION: Deploying web application directory /Users/isturm/Documents/workspace-for-liferay-6.2.0/liferay-portal-6.2-ce-ga6/tomcat-7.0.62/webapps/flowplayer
Nov 14, 2016 8:42:25 AM org.apache.catalina.startup.TldConfig execute
INFORMATION: At least one JAR was scanned for TLDs yet contained no TLDs. Enable debug logging for this logger for a complete list of JARs that were scanned but no TLDs were found in them. Skipping unneeded JARs during scanning can improve startup time and JSP compilation time.
Nov 14, 2016 8:42:25 AM org.apache.catalina.startup.HostConfig deployDirectory
INFORMATION: Deployment of web application directory /Users/isturm/Documents/workspace-for-liferay-6.2.0/liferay-portal-6.2-ce-ga6/tomcat-7.0.62/webapps/flowplayer has finished in 536 ms
Nov 14, 2016 8:42:25 AM org.apache.catalina.startup.HostConfig deployDirectory
INFORMATION: Deploying web application directory /Users/isturm/Documents/workspace-for-liferay-6.2.0/liferay-portal-6.2-ce-ga6/tomcat-7.0.62/webapps/flowplayer3.1.0
Nov 14, 2016 8:42:26 AM org.apache.catalina.startup.TldConfig execute
INFORMATION: At least one JAR was scanned for TLDs yet contained no TLDs. Enable debug logging for this logger for a complete list of JARs that were scanned but no TLDs were found in them. Skipping unneeded JARs during scanning can improve startup time and JSP compilation time.
Nov 14, 2016 8:42:26 AM org.apache.catalina.startup.HostConfig deployDirectory
INFORMATION: Deployment of web application directory /Users/isturm/Documents/workspace-for-liferay-6.2.0/liferay-portal-6.2-ce-ga6/tomcat-7.0.62/webapps/flowplayer3.1.0 has finished in 498 ms
Nov 14, 2016 8:42:26 AM org.apache.catalina.startup.HostConfig deployDirectory
INFORMATION: Deploying web application directory /Users/isturm/Documents/workspace-for-liferay-6.2.0/liferay-portal-6.2-ce-ga6/tomcat-7.0.62/webapps/fp
Nov 14, 2016 8:42:26 AM org.apache.catalina.startup.TldConfig execute
INFORMATION: At least one JAR was scanned for TLDs yet contained no TLDs. Enable debug logging for this logger for a complete list of JARs that were scanned but no TLDs were found in them. Skipping unneeded JARs during scanning can improve startup time and JSP compilation time.
Nov 14, 2016 8:42:26 AM org.apache.catalina.startup.HostConfig deployDirectory
INFORMATION: Deployment of web application directory /Users/isturm/Documents/workspace-for-liferay-6.2.0/liferay-portal-6.2-ce-ga6/tomcat-7.0.62/webapps/fp has finished in 520 ms
Nov 14, 2016 8:42:26 AM org.apache.catalina.startup.HostConfig deployDirectory
INFORMATION: Deploying web application directory /Users/isturm/Documents/workspace-for-liferay-6.2.0/liferay-portal-6.2-ce-ga6/tomcat-7.0.62/webapps/gif
Nov 14, 2016 8:42:27 AM org.apache.catalina.startup.TldConfig execute
INFORMATION: At least one JAR was scanned for TLDs yet contained no TLDs. Enable debug logging for this logger for a complete list of JARs that were scanned but no TLDs were found in them. Skipping unneeded JARs during scanning can improve startup time and JSP compilation time.
Nov 14, 2016 8:42:27 AM org.apache.catalina.startup.HostConfig deployDirectory
INFORMATION: Deployment of web application directory /Users/isturm/Documents/workspace-for-liferay-6.2.0/liferay-portal-6.2-ce-ga6/tomcat-7.0.62/webapps/gif has finished in 550 ms
Nov 14, 2016 8:42:27 AM org.apache.catalina.startup.HostConfig deployDirectory
INFORMATION: Deploying web application directory /Users/isturm/Documents/workspace-for-liferay-6.2.0/liferay-portal-6.2-ce-ga6/tomcat-7.0.62/webapps/imagebuilder
Nov 14, 2016 8:42:27 AM org.apache.catalina.startup.TldConfig execute
INFORMATION: At least one JAR was scanned for TLDs yet contained no TLDs. Enable debug logging for this logger for a complete list of JARs that were scanned but no TLDs were found in them. Skipping unneeded JARs during scanning can improve startup time and JSP compilation time.
Nov 14, 2016 8:42:27 AM org.apache.catalina.core.StandardContext startInternal
SCHWERWIEGEND: One or more Filters failed to start. Full details will be found in the appropriate container log file
Nov 14, 2016 8:42:27 AM org.apache.catalina.core.StandardContext startInternal
SCHWERWIEGEND: Context [/imagebuilder] startup failed due to previous errors
Nov 14, 2016 8:42:27 AM org.apache.catalina.startup.HostConfig deployDirectory
INFORMATION: Deployment of web application directory /Users/isturm/Documents/workspace-for-liferay-6.2.0/liferay-portal-6.2-ce-ga6/tomcat-7.0.62/webapps/imagebuilder has finished in 790 ms
Nov 14, 2016 8:42:27 AM org.apache.catalina.startup.HostConfig deployDirectory
INFORMATION: Deploying web application directory /Users/isturm/Documents/workspace-for-liferay-6.2.0/liferay-portal-6.2-ce-ga6/tomcat-7.0.62/webapps/images
Nov 14, 2016 8:42:28 AM org.apache.catalina.startup.TldConfig execute
INFORMATION: At least one JAR was scanned for TLDs yet contained no TLDs. Enable debug logging for this logger for a complete list of JARs that were scanned but no TLDs were found in them. Skipping unneeded JARs during scanning can improve startup time and JSP compilation time.
Nov 14, 2016 8:42:28 AM org.apache.catalina.startup.HostConfig deployDirectory
INFORMATION: Deployment of web application directory /Users/isturm/Documents/workspace-for-liferay-6.2.0/liferay-portal-6.2-ce-ga6/tomcat-7.0.62/webapps/images has finished in 764 ms
Nov 14, 2016 8:42:28 AM org.apache.catalina.startup.HostConfig deployDirectory
INFORMATION: Deploying web application directory /Users/isturm/Documents/workspace-for-liferay-6.2.0/liferay-portal-6.2-ce-ga6/tomcat-7.0.62/webapps/ISC2009
Nov 14, 2016 8:42:29 AM org.apache.catalina.startup.TldConfig execute
INFORMATION: At least one JAR was scanned for TLDs yet contained no TLDs. Enable debug logging for this logger for a complete list of JARs that were scanned but no TLDs were found in them. Skipping unneeded JARs during scanning can improve startup time and JSP compilation time.
Nov 14, 2016 8:42:29 AM org.apache.catalina.startup.HostConfig deployDirectory
INFORMATION: Deployment of web application directory /Users/isturm/Documents/workspace-for-liferay-6.2.0/liferay-portal-6.2-ce-ga6/tomcat-7.0.62/webapps/ISC2009 has finished in 517 ms
Nov 14, 2016 8:42:29 AM org.apache.catalina.startup.HostConfig deployDirectory
INFORMATION: Deploying web application directory /Users/isturm/Documents/workspace-for-liferay-6.2.0/liferay-portal-6.2-ce-ga6/tomcat-7.0.62/webapps/jq
Nov 14, 2016 8:42:29 AM org.apache.catalina.startup.TldConfig execute
INFORMATION: At least one JAR was scanned for TLDs yet contained no TLDs. Enable debug logging for this logger for a complete list of JARs that were scanned but no TLDs were found in them. Skipping unneeded JARs during scanning can improve startup time and JSP compilation time.
Nov 14, 2016 8:42:29 AM org.apache.catalina.startup.HostConfig deployDirectory
INFORMATION: Deployment of web application directory /Users/isturm/Documents/workspace-for-liferay-6.2.0/liferay-portal-6.2-ce-ga6/tomcat-7.0.62/webapps/jq has finished in 499 ms
Nov 14, 2016 8:42:29 AM org.apache.catalina.startup.HostConfig deployDirectory
INFORMATION: Deploying web application directory /Users/isturm/Documents/workspace-for-liferay-6.2.0/liferay-portal-6.2-ce-ga6/tomcat-7.0.62/webapps/jquery
Nov 14, 2016 8:42:30 AM org.apache.catalina.startup.TldConfig execute
INFORMATION: At least one JAR was scanned for TLDs yet contained no TLDs. Enable debug logging for this logger for a complete list of JARs that were scanned but no TLDs were found in them. Skipping unneeded JARs during scanning can improve startup time and JSP compilation time.
Nov 14, 2016 8:42:30 AM org.apache.catalina.startup.HostConfig deployDirectory
INFORMATION: Deployment of web application directory /Users/isturm/Documents/workspace-for-liferay-6.2.0/liferay-portal-6.2-ce-ga6/tomcat-7.0.62/webapps/jquery has finished in 490 ms
Nov 14, 2016 8:42:30 AM org.apache.catalina.startup.HostConfig deployDirectory
INFORMATION: Deploying web application directory /Users/isturm/Documents/workspace-for-liferay-6.2.0/liferay-portal-6.2-ce-ga6/tomcat-7.0.62/webapps/jw
Nov 14, 2016 8:42:30 AM org.apache.catalina.startup.TldConfig execute
INFORMATION: At least one JAR was scanned for TLDs yet contained no TLDs. Enable debug logging for this logger for a complete list of JARs that were scanned but no TLDs were found in them. Skipping unneeded JARs during scanning can improve startup time and JSP compilation time.
Nov 14, 2016 8:42:30 AM org.apache.catalina.startup.HostConfig deployDirectory
INFORMATION: Deployment of web application directory /Users/isturm/Documents/workspace-for-liferay-6.2.0/liferay-portal-6.2-ce-ga6/tomcat-7.0.62/webapps/jw has finished in 499 ms
Nov 14, 2016 8:42:30 AM org.apache.catalina.startup.HostConfig deployDirectory
INFORMATION: Deploying web application directory /Users/isturm/Documents/workspace-for-liferay-6.2.0/liferay-portal-6.2-ce-ga6/tomcat-7.0.62/webapps/jw5.0
Nov 14, 2016 8:42:31 AM org.apache.catalina.startup.TldConfig execute
INFORMATION: At least one JAR was scanned for TLDs yet contained no TLDs. Enable debug logging for this logger for a complete list of JARs that were scanned but no TLDs were found in them. Skipping unneeded JARs during scanning can improve startup time and JSP compilation time.
Nov 14, 2016 8:42:31 AM org.apache.catalina.startup.HostConfig deployDirectory
INFORMATION: Deployment of web application directory /Users/isturm/Documents/workspace-for-liferay-6.2.0/liferay-portal-6.2-ce-ga6/tomcat-7.0.62/webapps/jw5.0 has finished in 487 ms
Nov 14, 2016 8:42:31 AM org.apache.catalina.startup.HostConfig deployDirectory
INFORMATION: Deploying web application directory /Users/isturm/Documents/workspace-for-liferay-6.2.0/liferay-portal-6.2-ce-ga6/tomcat-7.0.62/webapps/kaleo-web
Nov 14, 2016 8:42:33 AM org.apache.catalina.startup.TldConfig execute
INFORMATION: At least one JAR was scanned for TLDs yet contained no TLDs. Enable debug logging for this logger for a complete list of JARs that were scanned but no TLDs were found in them. Skipping unneeded JARs during scanning can improve startup time and JSP compilation time.
Nov 14, 2016 8:42:33 AM org.apache.catalina.startup.HostConfig deployDirectory
INFORMATION: Deployment of web application directory /Users/isturm/Documents/workspace-for-liferay-6.2.0/liferay-portal-6.2-ce-ga6/tomcat-7.0.62/webapps/kaleo-web has finished in 1,956 ms
Nov 14, 2016 8:42:33 AM org.apache.catalina.startup.HostConfig deployDirectory
INFORMATION: Deploying web application directory /Users/isturm/Documents/workspace-for-liferay-6.2.0/liferay-portal-6.2-ce-ga6/tomcat-7.0.62/webapps/lecture2go-hook
Nov 14, 2016 8:42:33 AM org.apache.catalina.startup.TldConfig execute
INFORMATION: At least one JAR was scanned for TLDs yet contained no TLDs. Enable debug logging for this logger for a complete list of JARs that were scanned but no TLDs were found in them. Skipping unneeded JARs during scanning can improve startup time and JSP compilation time.
Nov 14, 2016 8:42:33 AM org.apache.catalina.startup.HostConfig deployDirectory
INFORMATION: Deployment of web application directory /Users/isturm/Documents/workspace-for-liferay-6.2.0/liferay-portal-6.2-ce-ga6/tomcat-7.0.62/webapps/lecture2go-hook has finished in 802 ms
Nov 14, 2016 8:42:33 AM org.apache.catalina.startup.HostConfig deployDirectory
INFORMATION: Deploying web application directory /Users/isturm/Documents/workspace-for-liferay-6.2.0/liferay-portal-6.2-ce-ga6/tomcat-7.0.62/webapps/lecture2go-portlet
Nov 14, 2016 8:42:37 AM org.apache.catalina.startup.TldConfig execute
INFORMATION: At least one JAR was scanned for TLDs yet contained no TLDs. Enable debug logging for this logger for a complete list of JARs that were scanned but no TLDs were found in them. Skipping unneeded JARs during scanning can improve startup time and JSP compilation time.
Nov 14, 2016 8:42:37 AM org.apache.catalina.startup.HostConfig deployDirectory
INFORMATION: Deployment of web application directory /Users/isturm/Documents/workspace-for-liferay-6.2.0/liferay-portal-6.2-ce-ga6/tomcat-7.0.62/webapps/lecture2go-portlet has finished in 3,166 ms
Nov 14, 2016 8:42:37 AM org.apache.catalina.startup.HostConfig deployDirectory
INFORMATION: Deploying web application directory /Users/isturm/Documents/workspace-for-liferay-6.2.0/liferay-portal-6.2-ce-ga6/tomcat-7.0.62/webapps/lecture2go-theme
Nov 14, 2016 8:42:37 AM org.apache.catalina.startup.TldConfig execute
INFORMATION: At least one JAR was scanned for TLDs yet contained no TLDs. Enable debug logging for this logger for a complete list of JARs that were scanned but no TLDs were found in them. Skipping unneeded JARs during scanning can improve startup time and JSP compilation time.
Nov 14, 2016 8:42:37 AM org.apache.catalina.startup.HostConfig deployDirectory
INFORMATION: Deployment of web application directory /Users/isturm/Documents/workspace-for-liferay-6.2.0/liferay-portal-6.2-ce-ga6/tomcat-7.0.62/webapps/lecture2go-theme has finished in 671 ms
Nov 14, 2016 8:42:37 AM org.apache.catalina.startup.HostConfig deployDirectory
INFORMATION: Deploying web application directory /Users/isturm/Documents/workspace-for-liferay-6.2.0/liferay-portal-6.2-ce-ga6/tomcat-7.0.62/webapps/liferay-jedi-theme
Nov 14, 2016 8:42:38 AM org.apache.catalina.startup.TldConfig execute
INFORMATION: At least one JAR was scanned for TLDs yet contained no TLDs. Enable debug logging for this logger for a complete list of JARs that were scanned but no TLDs were found in them. Skipping unneeded JARs during scanning can improve startup time and JSP compilation time.
Nov 14, 2016 8:42:38 AM org.apache.catalina.startup.HostConfig deployDirectory
INFORMATION: Deployment of web application directory /Users/isturm/Documents/workspace-for-liferay-6.2.0/liferay-portal-6.2-ce-ga6/tomcat-7.0.62/webapps/liferay-jedi-theme has finished in 503 ms
Nov 14, 2016 8:42:38 AM org.apache.catalina.startup.HostConfig deployDirectory
INFORMATION: Deploying web application directory /Users/isturm/Documents/workspace-for-liferay-6.2.0/liferay-portal-6.2-ce-ga6/tomcat-7.0.62/webapps/logo
Nov 14, 2016 8:42:38 AM org.apache.catalina.startup.TldConfig execute
INFORMATION: At least one JAR was scanned for TLDs yet contained no TLDs. Enable debug logging for this logger for a complete list of JARs that were scanned but no TLDs were found in them. Skipping unneeded JARs during scanning can improve startup time and JSP compilation time.
Nov 14, 2016 8:42:38 AM org.apache.catalina.startup.HostConfig deployDirectory
INFORMATION: Deployment of web application directory /Users/isturm/Documents/workspace-for-liferay-6.2.0/liferay-portal-6.2-ce-ga6/tomcat-7.0.62/webapps/logo has finished in 531 ms
Nov 14, 2016 8:42:38 AM org.apache.catalina.startup.HostConfig deployDirectory
INFORMATION: Deploying web application directory /Users/isturm/Documents/workspace-for-liferay-6.2.0/liferay-portal-6.2-ce-ga6/tomcat-7.0.62/webapps/marketplace-portlet
Nov 14, 2016 8:42:39 AM org.apache.catalina.startup.TldConfig execute
INFORMATION: At least one JAR was scanned for TLDs yet contained no TLDs. Enable debug logging for this logger for a complete list of JARs that were scanned but no TLDs were found in them. Skipping unneeded JARs during scanning can improve startup time and JSP compilation time.
Nov 14, 2016 8:42:54 AM org.apache.catalina.startup.HostConfig deployDirectory
INFORMATION: Deployment of web application directory /Users/isturm/Documents/workspace-for-liferay-6.2.0/liferay-portal-6.2-ce-ga6/tomcat-7.0.62/webapps/marketplace-portlet has finished in 16,116 ms
Nov 14, 2016 8:42:54 AM org.apache.catalina.startup.HostConfig deployDirectory
INFORMATION: Deploying web application directory /Users/isturm/Documents/workspace-for-liferay-6.2.0/liferay-portal-6.2-ce-ga6/tomcat-7.0.62/webapps/migration-portlet
Nov 14, 2016 8:42:57 AM org.apache.catalina.startup.TldConfig execute
INFORMATION: At least one JAR was scanned for TLDs yet contained no TLDs. Enable debug logging for this logger for a complete list of JARs that were scanned but no TLDs were found in them. Skipping unneeded JARs during scanning can improve startup time and JSP compilation time.
Nov 14, 2016 8:43:01 AM org.apache.catalina.startup.HostConfig deployDirectory
INFORMATION: Deployment of web application directory /Users/isturm/Documents/workspace-for-liferay-6.2.0/liferay-portal-6.2-ce-ga6/tomcat-7.0.62/webapps/migration-portlet has finished in 6,615 ms
Nov 14, 2016 8:43:01 AM org.apache.catalina.startup.HostConfig deployDirectory
INFORMATION: Deploying web application directory /Users/isturm/Documents/workspace-for-liferay-6.2.0/liferay-portal-6.2-ce-ga6/tomcat-7.0.62/webapps/notifications-portlet
Nov 14, 2016 8:43:02 AM org.apache.catalina.startup.TldConfig execute
INFORMATION: At least one JAR was scanned for TLDs yet contained no TLDs. Enable debug logging for this logger for a complete list of JARs that were scanned but no TLDs were found in them. Skipping unneeded JARs during scanning can improve startup time and JSP compilation time.
Nov 14, 2016 8:43:03 AM org.apache.catalina.startup.HostConfig deployDirectory
INFORMATION: Deployment of web application directory /Users/isturm/Documents/workspace-for-liferay-6.2.0/liferay-portal-6.2-ce-ga6/tomcat-7.0.62/webapps/notifications-portlet has finished in 2,292 ms
Nov 14, 2016 8:43:03 AM org.apache.catalina.startup.HostConfig deployDirectory
INFORMATION: Deploying web application directory /Users/isturm/Documents/workspace-for-liferay-6.2.0/liferay-portal-6.2-ce-ga6/tomcat-7.0.62/webapps/opensocial-portlet
Nov 14, 2016 8:43:06 AM org.apache.catalina.startup.TldConfig execute
INFORMATION: At least one JAR was scanned for TLDs yet contained no TLDs. Enable debug logging for this logger for a complete list of JARs that were scanned but no TLDs were found in them. Skipping unneeded JARs during scanning can improve startup time and JSP compilation time.
Nov 14, 2016 8:43:08 AM org.apache.catalina.startup.HostConfig deployDirectory
INFORMATION: Deployment of web application directory /Users/isturm/Documents/workspace-for-liferay-6.2.0/liferay-portal-6.2-ce-ga6/tomcat-7.0.62/webapps/opensocial-portlet has finished in 4,829 ms
Nov 14, 2016 8:43:08 AM org.apache.catalina.startup.HostConfig deployDirectory
INFORMATION: Deploying web application directory /Users/isturm/Documents/workspace-for-liferay-6.2.0/liferay-portal-6.2-ce-ga6/tomcat-7.0.62/webapps/player
Nov 14, 2016 8:43:09 AM org.apache.catalina.startup.TldConfig execute
INFORMATION: At least one JAR was scanned for TLDs yet contained no TLDs. Enable debug logging for this logger for a complete list of JARs that were scanned but no TLDs were found in them. Skipping unneeded JARs during scanning can improve startup time and JSP compilation time.
Nov 14, 2016 8:43:09 AM org.apache.catalina.startup.HostConfig deployDirectory
INFORMATION: Deployment of web application directory /Users/isturm/Documents/workspace-for-liferay-6.2.0/liferay-portal-6.2-ce-ga6/tomcat-7.0.62/webapps/player has finished in 526 ms
Nov 14, 2016 8:43:09 AM org.apache.catalina.startup.HostConfig deployDirectory
INFORMATION: Deploying web application directory /Users/isturm/Documents/workspace-for-liferay-6.2.0/liferay-portal-6.2-ce-ga6/tomcat-7.0.62/webapps/portal
Nov 14, 2016 8:43:11 AM org.apache.shindig.config.JsonContainerConfig loadContainers
INFORMATION: Loading resources from: containers/default/container.js
Nov 14, 2016 8:43:11 AM org.apache.shindig.config.JsonContainerConfig loadResources
INFORMATION: Reading container config: containers/default/container.js
Nov 14, 2016 8:43:11 AM org.apache.catalina.startup.TldConfig execute
INFORMATION: At least one JAR was scanned for TLDs yet contained no TLDs. Enable debug logging for this logger for a complete list of JARs that were scanned but no TLDs were found in them. Skipping unneeded JARs during scanning can improve startup time and JSP compilation time.
Nov 14, 2016 8:43:11 AM org.apache.catalina.startup.HostConfig deployDirectory
INFORMATION: Deployment of web application directory /Users/isturm/Documents/workspace-for-liferay-6.2.0/liferay-portal-6.2-ce-ga6/tomcat-7.0.62/webapps/portal has finished in 2,122 ms
Nov 14, 2016 8:43:11 AM org.apache.catalina.startup.HostConfig deployDirectory
INFORMATION: Deploying web application directory /Users/isturm/Documents/workspace-for-liferay-6.2.0/liferay-portal-6.2-ce-ga6/tomcat-7.0.62/webapps/resources-importer-web
Nov 14, 2016 8:43:11 AM org.apache.shindig.gadgets.features.FeatureRegistry register
INFORMATION: Loading resources from: res:features-extras/features.txt
Nov 14, 2016 8:43:11 AM org.apache.shindig.common.xml.XmlUtil <clinit>
INFORMATION: Reusing document builders
Nov 14, 2016 8:43:12 AM org.apache.shindig.gadgets.features.FeatureRegistry register
INFORMATION: Loading resources from: res:features/features.txt
Nov 14, 2016 8:43:12 AM org.apache.catalina.startup.TldConfig execute
INFORMATION: At least one JAR was scanned for TLDs yet contained no TLDs. Enable debug logging for this logger for a complete list of JARs that were scanned but no TLDs were found in them. Skipping unneeded JARs during scanning can improve startup time and JSP compilation time.
Nov 14, 2016 8:43:12 AM org.apache.shindig.gadgets.servlet.CajaContentRewriter <init>
INFORMATION: Cajoled cache createdorg.apache.shindig.common.cache.ehcache.EhConfiguredCache@6316bfef
Nov 14, 2016 8:43:12 AM org.apache.shindig.gadgets.servlet.CajaContentRewriter <init>
INFORMATION: Cajoled cache createdorg.apache.shindig.common.cache.ehcache.EhConfiguredCache@6316bfef
Nov 14, 2016 8:43:12 AM org.apache.shindig.gadgets.oauth.OAuthModule$OAuthCrypterProvider <init>
INFORMATION: Using random key for OAuth client-side state encryption
Nov 14, 2016 8:43:12 AM org.apache.catalina.startup.HostConfig deployDirectory
INFORMATION: Deployment of web application directory /Users/isturm/Documents/workspace-for-liferay-6.2.0/liferay-portal-6.2-ce-ga6/tomcat-7.0.62/webapps/resources-importer-web has finished in 1,259 ms
Nov 14, 2016 8:43:12 AM org.apache.catalina.startup.HostConfig deployDirectory
INFORMATION: Deploying web application directory /Users/isturm/Documents/workspace-for-liferay-6.2.0/liferay-portal-6.2-ce-ga6/tomcat-7.0.62/webapps/rss
Nov 14, 2016 8:43:13 AM org.apache.catalina.startup.TldConfig execute
INFORMATION: At least one JAR was scanned for TLDs yet contained no TLDs. Enable debug logging for this logger for a complete list of JARs that were scanned but no TLDs were found in them. Skipping unneeded JARs during scanning can improve startup time and JSP compilation time.
Nov 14, 2016 8:43:13 AM org.apache.catalina.startup.HostConfig deployDirectory
INFORMATION: Deployment of web application directory /Users/isturm/Documents/workspace-for-liferay-6.2.0/liferay-portal-6.2-ce-ga6/tomcat-7.0.62/webapps/rss has finished in 533 ms
Nov 14, 2016 8:43:13 AM org.apache.catalina.startup.HostConfig deployDirectory
INFORMATION: Deploying web application directory /Users/isturm/Documents/workspace-for-liferay-6.2.0/liferay-portal-6.2-ce-ga6/tomcat-7.0.62/webapps/servlet-file-converter
Nov 14, 2016 8:43:13 AM org.apache.catalina.loader.WebappClassLoader validateJarFile
INFORMATION: validateJarFile(/Users/isturm/Documents/workspace-for-liferay-6.2.0/liferay-portal-6.2-ce-ga6/tomcat-7.0.62/webapps/servlet-file-converter/WEB-INF/lib/servlet-api.jar) - jar not loaded. See Servlet Spec 3.0, section 10.7.2. Offending class: javax/servlet/Servlet.class
Nov 14, 2016 8:43:14 AM org.apache.catalina.startup.TldConfig execute
INFORMATION: At least one JAR was scanned for TLDs yet contained no TLDs. Enable debug logging for this logger for a complete list of JARs that were scanned but no TLDs were found in them. Skipping unneeded JARs during scanning can improve startup time and JSP compilation time.
Nov 14, 2016 8:43:14 AM org.apache.catalina.startup.HostConfig deployDirectory
INFORMATION: Deployment of web application directory /Users/isturm/Documents/workspace-for-liferay-6.2.0/liferay-portal-6.2-ce-ga6/tomcat-7.0.62/webapps/servlet-file-converter has finished in 893 ms
Nov 14, 2016 8:43:14 AM org.apache.catalina.startup.HostConfig deployDirectory
INFORMATION: Deploying web application directory /Users/isturm/Documents/workspace-for-liferay-6.2.0/liferay-portal-6.2-ce-ga6/tomcat-7.0.62/webapps/servlet-file-upload
Nov 14, 2016 8:43:14 AM org.apache.catalina.loader.WebappClassLoader validateJarFile
INFORMATION: validateJarFile(/Users/isturm/Documents/workspace-for-liferay-6.2.0/liferay-portal-6.2-ce-ga6/tomcat-7.0.62/webapps/servlet-file-upload/WEB-INF/lib/javax.servlet-api-3.1.0.jar) - jar not loaded. See Servlet Spec 3.0, section 10.7.2. Offending class: javax/servlet/Servlet.class
Nov 14, 2016 8:43:14 AM org.apache.catalina.startup.TldConfig execute
INFORMATION: At least one JAR was scanned for TLDs yet contained no TLDs. Enable debug logging for this logger for a complete list of JARs that were scanned but no TLDs were found in them. Skipping unneeded JARs during scanning can improve startup time and JSP compilation time.
Nov 14, 2016 8:43:15 AM org.apache.catalina.startup.HostConfig deployDirectory
INFORMATION: Deployment of web application directory /Users/isturm/Documents/workspace-for-liferay-6.2.0/liferay-portal-6.2-ce-ga6/tomcat-7.0.62/webapps/servlet-file-upload has finished in 1,019 ms
Nov 14, 2016 8:43:15 AM org.apache.catalina.startup.HostConfig deployDirectory
INFORMATION: Deploying web application directory /Users/isturm/Documents/workspace-for-liferay-6.2.0/liferay-portal-6.2-ce-ga6/tomcat-7.0.62/webapps/smil
Nov 14, 2016 8:43:15 AM org.apache.catalina.startup.TldConfig execute
INFORMATION: At least one JAR was scanned for TLDs yet contained no TLDs. Enable debug logging for this logger for a complete list of JARs that were scanned but no TLDs were found in them. Skipping unneeded JARs during scanning can improve startup time and JSP compilation time.
Nov 14, 2016 8:43:15 AM org.apache.catalina.startup.HostConfig deployDirectory
INFORMATION: Deployment of web application directory /Users/isturm/Documents/workspace-for-liferay-6.2.0/liferay-portal-6.2-ce-ga6/tomcat-7.0.62/webapps/smil has finished in 536 ms
Nov 14, 2016 8:43:15 AM org.apache.catalina.startup.HostConfig deployDirectory
INFORMATION: Deploying web application directory /Users/isturm/Documents/workspace-for-liferay-6.2.0/liferay-portal-6.2-ce-ga6/tomcat-7.0.62/webapps/strobemediaplayer
Nov 14, 2016 8:43:16 AM org.apache.catalina.startup.TldConfig execute
INFORMATION: At least one JAR was scanned for TLDs yet contained no TLDs. Enable debug logging for this logger for a complete list of JARs that were scanned but no TLDs were found in them. Skipping unneeded JARs during scanning can improve startup time and JSP compilation time.
Nov 14, 2016 8:43:16 AM org.apache.catalina.startup.HostConfig deployDirectory
INFORMATION: Deployment of web application directory /Users/isturm/Documents/workspace-for-liferay-6.2.0/liferay-portal-6.2-ce-ga6/tomcat-7.0.62/webapps/strobemediaplayer has finished in 536 ms
Nov 14, 2016 8:43:16 AM org.apache.catalina.startup.HostConfig deployDirectory
INFORMATION: Deploying web application directory /Users/isturm/Documents/workspace-for-liferay-6.2.0/liferay-portal-6.2-ce-ga6/tomcat-7.0.62/webapps/swfobject
Nov 14, 2016 8:43:16 AM org.apache.catalina.startup.TldConfig execute
INFORMATION: At least one JAR was scanned for TLDs yet contained no TLDs. Enable debug logging for this logger for a complete list of JARs that were scanned but no TLDs were found in them. Skipping unneeded JARs during scanning can improve startup time and JSP compilation time.
Nov 14, 2016 8:43:16 AM org.apache.catalina.startup.HostConfig deployDirectory
INFORMATION: Deployment of web application directory /Users/isturm/Documents/workspace-for-liferay-6.2.0/liferay-portal-6.2-ce-ga6/tomcat-7.0.62/webapps/swfobject has finished in 636 ms
Nov 14, 2016 8:43:16 AM org.apache.catalina.startup.HostConfig deployDirectory
INFORMATION: Deploying web application directory /Users/isturm/Documents/workspace-for-liferay-6.2.0/liferay-portal-6.2-ce-ga6/tomcat-7.0.62/webapps/sync-web
Nov 14, 2016 8:43:18 AM org.apache.catalina.startup.TldConfig execute
INFORMATION: At least one JAR was scanned for TLDs yet contained no TLDs. Enable debug logging for this logger for a complete list of JARs that were scanned but no TLDs were found in them. Skipping unneeded JARs during scanning can improve startup time and JSP compilation time.
Nov 14, 2016 8:43:20 AM org.apache.catalina.startup.HostConfig deployDirectory
INFORMATION: Deployment of web application directory /Users/isturm/Documents/workspace-for-liferay-6.2.0/liferay-portal-6.2-ce-ga6/tomcat-7.0.62/webapps/sync-web has finished in 4,011 ms
Nov 14, 2016 8:43:20 AM org.apache.catalina.startup.HostConfig deployDirectory
INFORMATION: Deploying web application directory /Users/isturm/Documents/workspace-for-liferay-6.2.0/liferay-portal-6.2-ce-ga6/tomcat-7.0.62/webapps/veranstaltung
Nov 14, 2016 8:43:21 AM org.apache.catalina.startup.TldConfig execute
INFORMATION: At least one JAR was scanned for TLDs yet contained no TLDs. Enable debug logging for this logger for a complete list of JARs that were scanned but no TLDs were found in them. Skipping unneeded JARs during scanning can improve startup time and JSP compilation time.
Nov 14, 2016 8:43:21 AM org.apache.catalina.startup.HostConfig deployDirectory
INFORMATION: Deployment of web application directory /Users/isturm/Documents/workspace-for-liferay-6.2.0/liferay-portal-6.2-ce-ga6/tomcat-7.0.62/webapps/veranstaltung has finished in 620 ms
Nov 14, 2016 8:43:21 AM org.apache.catalina.startup.HostConfig deployDirectory
INFORMATION: Deploying web application directory /Users/isturm/Documents/workspace-for-liferay-6.2.0/liferay-portal-6.2-ce-ga6/tomcat-7.0.62/webapps/wasserzeichen
Nov 14, 2016 8:43:21 AM org.apache.catalina.startup.TldConfig execute
INFORMATION: At least one JAR was scanned for TLDs yet contained no TLDs. Enable debug logging for this logger for a complete list of JARs that were scanned but no TLDs were found in them. Skipping unneeded JARs during scanning can improve startup time and JSP compilation time.
Nov 14, 2016 8:43:21 AM org.apache.catalina.startup.HostConfig deployDirectory
INFORMATION: Deployment of web application directory /Users/isturm/Documents/workspace-for-liferay-6.2.0/liferay-portal-6.2-ce-ga6/tomcat-7.0.62/webapps/wasserzeichen has finished in 527 ms
Nov 14, 2016 8:43:21 AM org.apache.catalina.startup.HostConfig deployDirectory
INFORMATION: Deploying web application directory /Users/isturm/Documents/workspace-for-liferay-6.2.0/liferay-portal-6.2-ce-ga6/tomcat-7.0.62/webapps/web-form-portlet
Nov 14, 2016 8:43:22 AM org.apache.catalina.startup.TldConfig execute
INFORMATION: At least one JAR was scanned for TLDs yet contained no TLDs. Enable debug logging for this logger for a complete list of JARs that were scanned but no TLDs were found in them. Skipping unneeded JARs during scanning can improve startup time and JSP compilation time.
Nov 14, 2016 8:43:22 AM org.apache.catalina.startup.HostConfig deployDirectory
INFORMATION: Deployment of web application directory /Users/isturm/Documents/workspace-for-liferay-6.2.0/liferay-portal-6.2-ce-ga6/tomcat-7.0.62/webapps/web-form-portlet has finished in 708 ms
Nov 14, 2016 8:43:22 AM org.apache.coyote.AbstractProtocol start
INFORMATION: Starting ProtocolHandler ["http-bio-8080"]
Nov 14, 2016 8:43:22 AM org.apache.coyote.AbstractProtocol start
INFORMATION: Starting ProtocolHandler ["ajp-bio-8009"]
Nov 14, 2016 8:43:22 AM org.apache.catalina.startup.Catalina start
INFORMATION: Server startup in 157394 ms
Nov 14, 2016 10:09:17 AM org.apache.catalina.startup.HostConfig undeploy
INFORMATION: Undeploying context [/lecture2go-portlet]
Nov 14, 2016 10:09:18 AM org.apache.catalina.startup.HostConfig deployDirectory
INFORMATION: Deploying web application directory /Users/isturm/Documents/workspace-for-liferay-6.2.0/liferay-portal-6.2-ce-ga6/tomcat-7.0.62/webapps/lecture2go-portlet
Nov 14, 2016 10:09:20 AM org.apache.catalina.startup.TldConfig execute
INFORMATION: At least one JAR was scanned for TLDs yet contained no TLDs. Enable debug logging for this logger for a complete list of JARs that were scanned but no TLDs were found in them. Skipping unneeded JARs during scanning can improve startup time and JSP compilation time.
Nov 14, 2016 10:09:30 AM org.apache.catalina.startup.HostConfig deployDirectory
INFORMATION: Deployment of web application directory /Users/isturm/Documents/workspace-for-liferay-6.2.0/liferay-portal-6.2-ce-ga6/tomcat-7.0.62/webapps/lecture2go-portlet has finished in 12,069 ms
Nov 14, 2016 10:10:30 AM org.apache.catalina.startup.HostConfig reload
INFORMATION: Reloading context [/lecture2go-theme]
Nov 14, 2016 10:10:30 AM org.apache.catalina.core.StandardContext reload
INFORMATION: Reloading Context with name [/lecture2go-theme] has started
Nov 14, 2016 10:10:31 AM org.apache.catalina.startup.TldConfig execute
INFORMATION: At least one JAR was scanned for TLDs yet contained no TLDs. Enable debug logging for this logger for a complete list of JARs that were scanned but no TLDs were found in them. Skipping unneeded JARs during scanning can improve startup time and JSP compilation time.
Nov 14, 2016 10:10:31 AM org.apache.catalina.core.StandardContext reload
INFORMATION: Reloading Context with name [/lecture2go-theme] is completed
Nov 14, 2016 2:21:33 PM org.apache.catalina.startup.HostConfig undeploy
INFORMATION: Undeploying context [/lecture2go-portlet]
Nov 14, 2016 2:21:34 PM org.apache.catalina.startup.HostConfig deployDirectory
INFORMATION: Deploying web application directory /Users/isturm/Documents/workspace-for-liferay-6.2.0/liferay-portal-6.2-ce-ga6/tomcat-7.0.62/webapps/lecture2go-portlet
Nov 14, 2016 2:21:36 PM org.apache.catalina.startup.TldConfig execute
INFORMATION: At least one JAR was scanned for TLDs yet contained no TLDs. Enable debug logging for this logger for a complete list of JARs that were scanned but no TLDs were found in them. Skipping unneeded JARs during scanning can improve startup time and JSP compilation time.
Nov 14, 2016 2:21:42 PM org.apache.catalina.startup.HostConfig deployDirectory
INFORMATION: Deployment of web application directory /Users/isturm/Documents/workspace-for-liferay-6.2.0/liferay-portal-6.2-ce-ga6/tomcat-7.0.62/webapps/lecture2go-portlet has finished in 8,229 ms
Nov 14, 2016 2:23:22 PM org.apache.catalina.startup.HostConfig undeploy
INFORMATION: Undeploying context [/lecture2go-portlet]
Nov 14, 2016 2:23:22 PM org.apache.catalina.startup.HostConfig deployDirectory
INFORMATION: Deploying web application directory /Users/isturm/Documents/workspace-for-liferay-6.2.0/liferay-portal-6.2-ce-ga6/tomcat-7.0.62/webapps/lecture2go-portlet
Nov 14, 2016 2:23:25 PM org.apache.catalina.startup.TldConfig execute
INFORMATION: At least one JAR was scanned for TLDs yet contained no TLDs. Enable debug logging for this logger for a complete list of JARs that were scanned but no TLDs were found in them. Skipping unneeded JARs during scanning can improve startup time and JSP compilation time.
Nov 14, 2016 2:23:30 PM org.apache.catalina.startup.HostConfig deployDirectory
INFORMATION: Deployment of web application directory /Users/isturm/Documents/workspace-for-liferay-6.2.0/liferay-portal-6.2-ce-ga6/tomcat-7.0.62/webapps/lecture2go-portlet has finished in 7,361 ms
Nov 14, 2016 2:30:22 PM org.apache.catalina.core.StandardServer await
INFORMATION: A valid shutdown command was received via the shutdown port. Stopping the Server instance.
Nov 14, 2016 2:30:22 PM org.apache.coyote.AbstractProtocol pause
INFORMATION: Pausing ProtocolHandler ["http-bio-8080"]
Nov 14, 2016 2:30:22 PM org.apache.coyote.AbstractProtocol pause
INFORMATION: Pausing ProtocolHandler ["ajp-bio-8009"]
Nov 14, 2016 2:30:22 PM org.apache.catalina.core.StandardService stopInternal
INFORMATION: Stopping service Catalina
Nov 14, 2016 2:30:24 PM org.apache.catalina.loader.WebappClassLoader clearReferencesThreads
SCHWERWIEGEND: The web application [] appears to have started a thread named [org.python.google.common.base.internal.Finalizer] but has failed to stop it. This is very likely to create a memory leak.
Nov 14, 2016 2:30:27 PM org.apache.coyote.AbstractProtocol stop
INFORMATION: Stopping ProtocolHandler ["http-bio-8080"]
Nov 14, 2016 2:30:27 PM org.apache.coyote.AbstractProtocol stop
INFORMATION: Stopping ProtocolHandler ["ajp-bio-8009"]
Nov 14, 2016 2:30:27 PM org.apache.coyote.AbstractProtocol destroy
INFORMATION: Destroying ProtocolHandler ["http-bio-8080"]
Nov 14, 2016 2:30:27 PM org.apache.coyote.AbstractProtocol destroy
INFORMATION: Destroying ProtocolHandler ["ajp-bio-8009"]
Nov 14, 2016 2:31:20 PM org.apache.catalina.startup.VersionLoggerListener log
INFORMATION: Server version:        Apache Tomcat/7.0.62
Nov 14, 2016 2:31:20 PM org.apache.catalina.startup.VersionLoggerListener log
INFORMATION: Server built:          May 7 2015 17:14:55 UTC
Nov 14, 2016 2:31:21 PM org.apache.catalina.startup.VersionLoggerListener log
INFORMATION: Server number:         7.0.62.0
Nov 14, 2016 2:31:21 PM org.apache.catalina.startup.VersionLoggerListener log
INFORMATION: OS Name:               Mac OS X
Nov 14, 2016 2:31:21 PM org.apache.catalina.startup.VersionLoggerListener log
INFORMATION: OS Version:            10.10.5
Nov 14, 2016 2:31:21 PM org.apache.catalina.startup.VersionLoggerListener log
INFORMATION: Architecture:          x86_64
Nov 14, 2016 2:31:21 PM org.apache.catalina.startup.VersionLoggerListener log
INFORMATION: Java Home:             /Library/Java/JavaVirtualMachines/jdk1.7.0_75.jdk/Contents/Home/jre
Nov 14, 2016 2:31:21 PM org.apache.catalina.startup.VersionLoggerListener log
INFORMATION: JVM Version:           1.7.0_75-b13
Nov 14, 2016 2:31:21 PM org.apache.catalina.startup.VersionLoggerListener log
INFORMATION: JVM Vendor:            Oracle Corporation
Nov 14, 2016 2:31:21 PM org.apache.catalina.startup.VersionLoggerListener log
INFORMATION: CATALINA_BASE:         /Users/isturm/Documents/workspace-for-liferay-6.2.0/liferay-portal-6.2-ce-ga6/tomcat-7.0.62
Nov 14, 2016 2:31:21 PM org.apache.catalina.startup.VersionLoggerListener log
INFORMATION: CATALINA_HOME:         /Users/isturm/Documents/workspace-for-liferay-6.2.0/liferay-portal-6.2-ce-ga6/tomcat-7.0.62
Nov 14, 2016 2:31:21 PM org.apache.catalina.startup.VersionLoggerListener log
INFORMATION: Command line argument: -agentlib:jdwp=transport=dt_socket,suspend=y,address=localhost:51883
Nov 14, 2016 2:31:21 PM org.apache.catalina.startup.VersionLoggerListener log
INFORMATION: Command line argument: -Duser.timezone=GMT
Nov 14, 2016 2:31:21 PM org.apache.catalina.startup.VersionLoggerListener log
INFORMATION: Command line argument: -Dfile.encoding=UTF8
Nov 14, 2016 2:31:21 PM org.apache.catalina.startup.VersionLoggerListener log
INFORMATION: Command line argument: -Dorg.apache.catalina.loader.WebappClassLoader.ENABLE_CLEAR_REFERENCES=false
Nov 14, 2016 2:31:21 PM org.apache.catalina.startup.VersionLoggerListener log
INFORMATION: Command line argument: -Djava.util.logging.manager=org.apache.juli.ClassLoaderLogManager
Nov 14, 2016 2:31:21 PM org.apache.catalina.startup.VersionLoggerListener log
INFORMATION: Command line argument: -Djava.net.preferIPv4Stack=true
Nov 14, 2016 2:31:21 PM org.apache.catalina.startup.VersionLoggerListener log
INFORMATION: Command line argument: -Djava.util.logging.config.file=/Users/isturm/Documents/workspace-for-liferay-6.2.0/liferay-portal-6.2-ce-ga6/tomcat-7.0.62/conf/logging.properties
Nov 14, 2016 2:31:21 PM org.apache.catalina.startup.VersionLoggerListener log
INFORMATION: Command line argument: -Djava.io.tmpdir=/Users/isturm/Documents/workspace-for-liferay-6.2.0/liferay-portal-6.2-ce-ga6/tomcat-7.0.62/temp
Nov 14, 2016 2:31:21 PM org.apache.catalina.startup.VersionLoggerListener log
INFORMATION: Command line argument: -Dexternal-properties=/Users/isturm/Documents/workspace-for-liferay-6.2.0/liferay-portal-6.2-ce-ga6/portal-ide.properties
Nov 14, 2016 2:31:21 PM org.apache.catalina.startup.VersionLoggerListener log
INFORMATION: Command line argument: -Dcatalina.base=/Users/isturm/Documents/workspace-for-liferay-6.2.0/liferay-portal-6.2-ce-ga6/tomcat-7.0.62
Nov 14, 2016 2:31:21 PM org.apache.catalina.startup.VersionLoggerListener log
INFORMATION: Command line argument: -Dcatalina.home=/Users/isturm/Documents/workspace-for-liferay-6.2.0/liferay-portal-6.2-ce-ga6/tomcat-7.0.62
Nov 14, 2016 2:31:21 PM org.apache.catalina.startup.VersionLoggerListener log
INFORMATION: Command line argument: -Dwtp.deploy=/Users/isturm/Documents/workspace-for-liferay-6.2.0/liferay-portal-6.2-ce-ga6/tomcat-7.0.62/webapps
Nov 14, 2016 2:31:21 PM org.apache.catalina.startup.VersionLoggerListener log
INFORMATION: Command line argument: -Djava.endorsed.dirs=/Users/isturm/Documents/workspace-for-liferay-6.2.0/liferay-portal-6.2-ce-ga6/tomcat-7.0.62/endorsed
Nov 14, 2016 2:31:21 PM org.apache.catalina.startup.VersionLoggerListener log
INFORMATION: Command line argument: -Xmx1024m
Nov 14, 2016 2:31:21 PM org.apache.catalina.startup.VersionLoggerListener log
INFORMATION: Command line argument: -XX:MaxPermSize=512m
Nov 14, 2016 2:31:21 PM org.apache.catalina.startup.VersionLoggerListener log
INFORMATION: Command line argument: -Dfreemarker.debug.password=liferay
Nov 14, 2016 2:31:21 PM org.apache.catalina.startup.VersionLoggerListener log
INFORMATION: Command line argument: -Dfreemarker.debug.port=57676
Nov 14, 2016 2:31:21 PM org.apache.catalina.core.AprLifecycleListener lifecycleEvent
INFORMATION: The APR based Apache Tomcat Native library which allows optimal performance in production environments was not found on the java.library.path: /Users/isturm/Library/Java/Extensions:/Library/Java/Extensions:/Network/Library/Java/Extensions:/System/Library/Java/Extensions:/usr/lib/java:.
Nov 14, 2016 2:31:21 PM org.apache.coyote.AbstractProtocol init
INFORMATION: Initializing ProtocolHandler ["http-bio-8080"]
Nov 14, 2016 2:31:21 PM org.apache.coyote.AbstractProtocol init
INFORMATION: Initializing ProtocolHandler ["ajp-bio-8009"]
Nov 14, 2016 2:31:21 PM org.apache.catalina.startup.Catalina load
INFORMATION: Initialization processed in 1052 ms
Nov 14, 2016 2:31:21 PM org.apache.catalina.core.StandardService startInternal
INFORMATION: Starting service Catalina
Nov 14, 2016 2:31:21 PM org.apache.catalina.core.StandardEngine startInternal
INFORMATION: Starting Servlet Engine: Apache Tomcat/7.0.62
Nov 14, 2016 2:31:21 PM org.apache.catalina.startup.HostConfig deployDescriptor
INFORMATION: Deploying configuration descriptor /Users/isturm/Documents/workspace-for-liferay-6.2.0/liferay-portal-6.2-ce-ga6/tomcat-7.0.62/conf/Catalina/localhost/ROOT.xml
Nov 14, 2016 2:31:35 PM org.apache.catalina.startup.TldConfig execute
INFORMATION: At least one JAR was scanned for TLDs yet contained no TLDs. Enable debug logging for this logger for a complete list of JARs that were scanned but no TLDs were found in them. Skipping unneeded JARs during scanning can improve startup time and JSP compilation time.
Nov 14, 2016 2:32:58 PM org.apache.catalina.startup.HostConfig deployDescriptor
INFORMATION: Deployment of configuration descriptor /Users/isturm/Documents/workspace-for-liferay-6.2.0/liferay-portal-6.2-ce-ga6/tomcat-7.0.62/conf/Catalina/localhost/ROOT.xml has finished in 96,968 ms
Nov 14, 2016 2:32:58 PM org.apache.catalina.startup.HostConfig deployDirectory
INFORMATION: Deploying web application directory /Users/isturm/Documents/workspace-for-liferay-6.2.0/liferay-portal-6.2-ce-ga6/tomcat-7.0.62/webapps/50JIT
Nov 14, 2016 2:32:59 PM org.apache.catalina.startup.TldConfig execute
INFORMATION: At least one JAR was scanned for TLDs yet contained no TLDs. Enable debug logging for this logger for a complete list of JARs that were scanned but no TLDs were found in them. Skipping unneeded JARs during scanning can improve startup time and JSP compilation time.
Nov 14, 2016 2:32:59 PM org.apache.catalina.startup.HostConfig deployDirectory
INFORMATION: Deployment of web application directory /Users/isturm/Documents/workspace-for-liferay-6.2.0/liferay-portal-6.2-ce-ga6/tomcat-7.0.62/webapps/50JIT has finished in 781 ms
Nov 14, 2016 2:32:59 PM org.apache.catalina.startup.HostConfig deployDirectory
INFORMATION: Deploying web application directory /Users/isturm/Documents/workspace-for-liferay-6.2.0/liferay-portal-6.2-ce-ga6/tomcat-7.0.62/webapps/abo
Nov 14, 2016 2:33:00 PM org.apache.catalina.startup.TldConfig execute
INFORMATION: At least one JAR was scanned for TLDs yet contained no TLDs. Enable debug logging for this logger for a complete list of JARs that were scanned but no TLDs were found in them. Skipping unneeded JARs during scanning can improve startup time and JSP compilation time.
Nov 14, 2016 2:33:00 PM org.apache.catalina.startup.HostConfig deployDirectory
INFORMATION: Deployment of web application directory /Users/isturm/Documents/workspace-for-liferay-6.2.0/liferay-portal-6.2-ce-ga6/tomcat-7.0.62/webapps/abo has finished in 1,252 ms
Nov 14, 2016 2:33:00 PM org.apache.catalina.startup.HostConfig deployDirectory
INFORMATION: Deploying web application directory /Users/isturm/Documents/workspace-for-liferay-6.2.0/liferay-portal-6.2-ce-ga6/tomcat-7.0.62/webapps/calendar-portlet
Nov 14, 2016 2:33:02 PM org.apache.catalina.startup.TldConfig execute
INFORMATION: At least one JAR was scanned for TLDs yet contained no TLDs. Enable debug logging for this logger for a complete list of JARs that were scanned but no TLDs were found in them. Skipping unneeded JARs during scanning can improve startup time and JSP compilation time.
Nov 14, 2016 2:33:02 PM org.apache.catalina.startup.HostConfig deployDirectory
INFORMATION: Deployment of web application directory /Users/isturm/Documents/workspace-for-liferay-6.2.0/liferay-portal-6.2-ce-ga6/tomcat-7.0.62/webapps/calendar-portlet has finished in 1,835 ms
Nov 14, 2016 2:33:02 PM org.apache.catalina.startup.HostConfig deployDirectory
INFORMATION: Deploying web application directory /Users/isturm/Documents/workspace-for-liferay-6.2.0/liferay-portal-6.2-ce-ga6/tomcat-7.0.62/webapps/campusInnovation
Nov 14, 2016 2:33:02 PM org.apache.catalina.startup.TldConfig execute
INFORMATION: At least one JAR was scanned for TLDs yet contained no TLDs. Enable debug logging for this logger for a complete list of JARs that were scanned but no TLDs were found in them. Skipping unneeded JARs during scanning can improve startup time and JSP compilation time.
Nov 14, 2016 2:33:02 PM org.apache.catalina.startup.HostConfig deployDirectory
INFORMATION: Deployment of web application directory /Users/isturm/Documents/workspace-for-liferay-6.2.0/liferay-portal-6.2-ce-ga6/tomcat-7.0.62/webapps/campusInnovation has finished in 541 ms
Nov 14, 2016 2:33:02 PM org.apache.catalina.startup.HostConfig deployDirectory
INFORMATION: Deploying web application directory /Users/isturm/Documents/workspace-for-liferay-6.2.0/liferay-portal-6.2-ce-ga6/tomcat-7.0.62/webapps/commsy
Nov 14, 2016 2:33:03 PM org.apache.catalina.startup.TldConfig execute
INFORMATION: At least one JAR was scanned for TLDs yet contained no TLDs. Enable debug logging for this logger for a complete list of JARs that were scanned but no TLDs were found in them. Skipping unneeded JARs during scanning can improve startup time and JSP compilation time.
Nov 14, 2016 2:33:03 PM org.apache.catalina.startup.HostConfig deployDirectory
INFORMATION: Deployment of web application directory /Users/isturm/Documents/workspace-for-liferay-6.2.0/liferay-portal-6.2-ce-ga6/tomcat-7.0.62/webapps/commsy has finished in 550 ms
Nov 14, 2016 2:33:03 PM org.apache.catalina.startup.HostConfig deployDirectory
INFORMATION: Deploying web application directory /Users/isturm/Documents/workspace-for-liferay-6.2.0/liferay-portal-6.2-ce-ga6/tomcat-7.0.62/webapps/dini
Nov 14, 2016 2:33:03 PM org.apache.catalina.startup.TldConfig execute
INFORMATION: At least one JAR was scanned for TLDs yet contained no TLDs. Enable debug logging for this logger for a complete list of JARs that were scanned but no TLDs were found in them. Skipping unneeded JARs during scanning can improve startup time and JSP compilation time.
Nov 14, 2016 2:33:03 PM org.apache.catalina.startup.HostConfig deployDirectory
INFORMATION: Deployment of web application directory /Users/isturm/Documents/workspace-for-liferay-6.2.0/liferay-portal-6.2-ce-ga6/tomcat-7.0.62/webapps/dini has finished in 554 ms
Nov 14, 2016 2:33:03 PM org.apache.catalina.startup.HostConfig deployDirectory
INFORMATION: Deploying web application directory /Users/isturm/Documents/workspace-for-liferay-6.2.0/liferay-portal-6.2-ce-ga6/tomcat-7.0.62/webapps/download
Nov 14, 2016 2:33:03 PM org.apache.catalina.loader.WebappClassLoader validateJarFile
INFORMATION: validateJarFile(/Users/isturm/Documents/workspace-for-liferay-6.2.0/liferay-portal-6.2-ce-ga6/tomcat-7.0.62/webapps/download/WEB-INF/lib/servlet-api.jar) - jar not loaded. See Servlet Spec 3.0, section 10.7.2. Offending class: javax/servlet/Servlet.class
Nov 14, 2016 2:33:04 PM org.apache.catalina.startup.TldConfig execute
INFORMATION: At least one JAR was scanned for TLDs yet contained no TLDs. Enable debug logging for this logger for a complete list of JARs that were scanned but no TLDs were found in them. Skipping unneeded JARs during scanning can improve startup time and JSP compilation time.
Nov 14, 2016 2:33:04 PM org.apache.catalina.startup.HostConfig deployDirectory
INFORMATION: Deployment of web application directory /Users/isturm/Documents/workspace-for-liferay-6.2.0/liferay-portal-6.2-ce-ga6/tomcat-7.0.62/webapps/download has finished in 1,096 ms
Nov 14, 2016 2:33:04 PM org.apache.catalina.startup.HostConfig deployDirectory
INFORMATION: Deploying web application directory /Users/isturm/Documents/workspace-for-liferay-6.2.0/liferay-portal-6.2-ce-ga6/tomcat-7.0.62/webapps/flowplayer
Nov 14, 2016 2:33:05 PM org.apache.catalina.startup.TldConfig execute
INFORMATION: At least one JAR was scanned for TLDs yet contained no TLDs. Enable debug logging for this logger for a complete list of JARs that were scanned but no TLDs were found in them. Skipping unneeded JARs during scanning can improve startup time and JSP compilation time.
Nov 14, 2016 2:33:05 PM org.apache.catalina.startup.HostConfig deployDirectory
INFORMATION: Deployment of web application directory /Users/isturm/Documents/workspace-for-liferay-6.2.0/liferay-portal-6.2-ce-ga6/tomcat-7.0.62/webapps/flowplayer has finished in 552 ms
Nov 14, 2016 2:33:05 PM org.apache.catalina.startup.HostConfig deployDirectory
INFORMATION: Deploying web application directory /Users/isturm/Documents/workspace-for-liferay-6.2.0/liferay-portal-6.2-ce-ga6/tomcat-7.0.62/webapps/flowplayer3.1.0
Nov 14, 2016 2:33:05 PM org.apache.catalina.startup.TldConfig execute
INFORMATION: At least one JAR was scanned for TLDs yet contained no TLDs. Enable debug logging for this logger for a complete list of JARs that were scanned but no TLDs were found in them. Skipping unneeded JARs during scanning can improve startup time and JSP compilation time.
Nov 14, 2016 2:33:05 PM org.apache.catalina.startup.HostConfig deployDirectory
INFORMATION: Deployment of web application directory /Users/isturm/Documents/workspace-for-liferay-6.2.0/liferay-portal-6.2-ce-ga6/tomcat-7.0.62/webapps/flowplayer3.1.0 has finished in 424 ms
Nov 14, 2016 2:33:05 PM org.apache.catalina.startup.HostConfig deployDirectory
INFORMATION: Deploying web application directory /Users/isturm/Documents/workspace-for-liferay-6.2.0/liferay-portal-6.2-ce-ga6/tomcat-7.0.62/webapps/fp
Nov 14, 2016 2:33:06 PM org.apache.catalina.startup.TldConfig execute
INFORMATION: At least one JAR was scanned for TLDs yet contained no TLDs. Enable debug logging for this logger for a complete list of JARs that were scanned but no TLDs were found in them. Skipping unneeded JARs during scanning can improve startup time and JSP compilation time.
Nov 14, 2016 2:33:06 PM org.apache.catalina.startup.HostConfig deployDirectory
INFORMATION: Deployment of web application directory /Users/isturm/Documents/workspace-for-liferay-6.2.0/liferay-portal-6.2-ce-ga6/tomcat-7.0.62/webapps/fp has finished in 632 ms
Nov 14, 2016 2:33:06 PM org.apache.catalina.startup.HostConfig deployDirectory
INFORMATION: Deploying web application directory /Users/isturm/Documents/workspace-for-liferay-6.2.0/liferay-portal-6.2-ce-ga6/tomcat-7.0.62/webapps/gif
Nov 14, 2016 2:33:07 PM org.apache.catalina.startup.TldConfig execute
INFORMATION: At least one JAR was scanned for TLDs yet contained no TLDs. Enable debug logging for this logger for a complete list of JARs that were scanned but no TLDs were found in them. Skipping unneeded JARs during scanning can improve startup time and JSP compilation time.
Nov 14, 2016 2:33:07 PM org.apache.catalina.startup.HostConfig deployDirectory
INFORMATION: Deployment of web application directory /Users/isturm/Documents/workspace-for-liferay-6.2.0/liferay-portal-6.2-ce-ga6/tomcat-7.0.62/webapps/gif has finished in 563 ms
Nov 14, 2016 2:33:07 PM org.apache.catalina.startup.HostConfig deployDirectory
INFORMATION: Deploying web application directory /Users/isturm/Documents/workspace-for-liferay-6.2.0/liferay-portal-6.2-ce-ga6/tomcat-7.0.62/webapps/imagebuilder
Nov 14, 2016 2:33:07 PM org.apache.catalina.startup.TldConfig execute
INFORMATION: At least one JAR was scanned for TLDs yet contained no TLDs. Enable debug logging for this logger for a complete list of JARs that were scanned but no TLDs were found in them. Skipping unneeded JARs during scanning can improve startup time and JSP compilation time.
Nov 14, 2016 2:33:07 PM org.apache.catalina.core.StandardContext startInternal
SCHWERWIEGEND: One or more Filters failed to start. Full details will be found in the appropriate container log file
Nov 14, 2016 2:33:07 PM org.apache.catalina.core.StandardContext startInternal
SCHWERWIEGEND: Context [/imagebuilder] startup failed due to previous errors
Nov 14, 2016 2:33:07 PM org.apache.catalina.startup.HostConfig deployDirectory
INFORMATION: Deployment of web application directory /Users/isturm/Documents/workspace-for-liferay-6.2.0/liferay-portal-6.2-ce-ga6/tomcat-7.0.62/webapps/imagebuilder has finished in 628 ms
Nov 14, 2016 2:33:07 PM org.apache.catalina.startup.HostConfig deployDirectory
INFORMATION: Deploying web application directory /Users/isturm/Documents/workspace-for-liferay-6.2.0/liferay-portal-6.2-ce-ga6/tomcat-7.0.62/webapps/images
Nov 14, 2016 2:33:08 PM org.apache.catalina.startup.TldConfig execute
INFORMATION: At least one JAR was scanned for TLDs yet contained no TLDs. Enable debug logging for this logger for a complete list of JARs that were scanned but no TLDs were found in them. Skipping unneeded JARs during scanning can improve startup time and JSP compilation time.
Nov 14, 2016 2:33:08 PM org.apache.catalina.startup.HostConfig deployDirectory
INFORMATION: Deployment of web application directory /Users/isturm/Documents/workspace-for-liferay-6.2.0/liferay-portal-6.2-ce-ga6/tomcat-7.0.62/webapps/images has finished in 510 ms
Nov 14, 2016 2:33:08 PM org.apache.catalina.startup.HostConfig deployDirectory
INFORMATION: Deploying web application directory /Users/isturm/Documents/workspace-for-liferay-6.2.0/liferay-portal-6.2-ce-ga6/tomcat-7.0.62/webapps/ISC2009
Nov 14, 2016 2:33:08 PM org.apache.catalina.startup.TldConfig execute
INFORMATION: At least one JAR was scanned for TLDs yet contained no TLDs. Enable debug logging for this logger for a complete list of JARs that were scanned but no TLDs were found in them. Skipping unneeded JARs during scanning can improve startup time and JSP compilation time.
Nov 14, 2016 2:33:08 PM org.apache.catalina.startup.HostConfig deployDirectory
INFORMATION: Deployment of web application directory /Users/isturm/Documents/workspace-for-liferay-6.2.0/liferay-portal-6.2-ce-ga6/tomcat-7.0.62/webapps/ISC2009 has finished in 497 ms
Nov 14, 2016 2:33:08 PM org.apache.catalina.startup.HostConfig deployDirectory
INFORMATION: Deploying web application directory /Users/isturm/Documents/workspace-for-liferay-6.2.0/liferay-portal-6.2-ce-ga6/tomcat-7.0.62/webapps/jq
Nov 14, 2016 2:33:09 PM org.apache.catalina.startup.TldConfig execute
INFORMATION: At least one JAR was scanned for TLDs yet contained no TLDs. Enable debug logging for this logger for a complete list of JARs that were scanned but no TLDs were found in them. Skipping unneeded JARs during scanning can improve startup time and JSP compilation time.
Nov 14, 2016 2:33:09 PM org.apache.catalina.startup.HostConfig deployDirectory
INFORMATION: Deployment of web application directory /Users/isturm/Documents/workspace-for-liferay-6.2.0/liferay-portal-6.2-ce-ga6/tomcat-7.0.62/webapps/jq has finished in 540 ms
Nov 14, 2016 2:33:09 PM org.apache.catalina.startup.HostConfig deployDirectory
INFORMATION: Deploying web application directory /Users/isturm/Documents/workspace-for-liferay-6.2.0/liferay-portal-6.2-ce-ga6/tomcat-7.0.62/webapps/jquery
Nov 14, 2016 2:33:09 PM org.apache.catalina.startup.TldConfig execute
INFORMATION: At least one JAR was scanned for TLDs yet contained no TLDs. Enable debug logging for this logger for a complete list of JARs that were scanned but no TLDs were found in them. Skipping unneeded JARs during scanning can improve startup time and JSP compilation time.
Nov 14, 2016 2:33:09 PM org.apache.catalina.startup.HostConfig deployDirectory
INFORMATION: Deployment of web application directory /Users/isturm/Documents/workspace-for-liferay-6.2.0/liferay-portal-6.2-ce-ga6/tomcat-7.0.62/webapps/jquery has finished in 500 ms
Nov 14, 2016 2:33:09 PM org.apache.catalina.startup.HostConfig deployDirectory
INFORMATION: Deploying web application directory /Users/isturm/Documents/workspace-for-liferay-6.2.0/liferay-portal-6.2-ce-ga6/tomcat-7.0.62/webapps/jw
Nov 14, 2016 2:33:10 PM org.apache.catalina.startup.TldConfig execute
INFORMATION: At least one JAR was scanned for TLDs yet contained no TLDs. Enable debug logging for this logger for a complete list of JARs that were scanned but no TLDs were found in them. Skipping unneeded JARs during scanning can improve startup time and JSP compilation time.
Nov 14, 2016 2:33:10 PM org.apache.catalina.startup.HostConfig deployDirectory
INFORMATION: Deployment of web application directory /Users/isturm/Documents/workspace-for-liferay-6.2.0/liferay-portal-6.2-ce-ga6/tomcat-7.0.62/webapps/jw has finished in 546 ms
Nov 14, 2016 2:33:10 PM org.apache.catalina.startup.HostConfig deployDirectory
INFORMATION: Deploying web application directory /Users/isturm/Documents/workspace-for-liferay-6.2.0/liferay-portal-6.2-ce-ga6/tomcat-7.0.62/webapps/jw5.0
Nov 14, 2016 2:33:11 PM org.apache.catalina.startup.TldConfig execute
INFORMATION: At least one JAR was scanned for TLDs yet contained no TLDs. Enable debug logging for this logger for a complete list of JARs that were scanned but no TLDs were found in them. Skipping unneeded JARs during scanning can improve startup time and JSP compilation time.
Nov 14, 2016 2:33:11 PM org.apache.catalina.startup.HostConfig deployDirectory
INFORMATION: Deployment of web application directory /Users/isturm/Documents/workspace-for-liferay-6.2.0/liferay-portal-6.2-ce-ga6/tomcat-7.0.62/webapps/jw5.0 has finished in 691 ms
Nov 14, 2016 2:33:11 PM org.apache.catalina.startup.HostConfig deployDirectory
INFORMATION: Deploying web application directory /Users/isturm/Documents/workspace-for-liferay-6.2.0/liferay-portal-6.2-ce-ga6/tomcat-7.0.62/webapps/kaleo-web
Nov 14, 2016 2:33:13 PM org.apache.catalina.startup.TldConfig execute
INFORMATION: At least one JAR was scanned for TLDs yet contained no TLDs. Enable debug logging for this logger for a complete list of JARs that were scanned but no TLDs were found in them. Skipping unneeded JARs during scanning can improve startup time and JSP compilation time.
Nov 14, 2016 2:33:13 PM org.apache.catalina.startup.HostConfig deployDirectory
INFORMATION: Deployment of web application directory /Users/isturm/Documents/workspace-for-liferay-6.2.0/liferay-portal-6.2-ce-ga6/tomcat-7.0.62/webapps/kaleo-web has finished in 2,154 ms
Nov 14, 2016 2:33:13 PM org.apache.catalina.startup.HostConfig deployDirectory
INFORMATION: Deploying web application directory /Users/isturm/Documents/workspace-for-liferay-6.2.0/liferay-portal-6.2-ce-ga6/tomcat-7.0.62/webapps/lecture2go-hook
Nov 14, 2016 2:33:14 PM org.apache.catalina.startup.TldConfig execute
INFORMATION: At least one JAR was scanned for TLDs yet contained no TLDs. Enable debug logging for this logger for a complete list of JARs that were scanned but no TLDs were found in them. Skipping unneeded JARs during scanning can improve startup time and JSP compilation time.
Nov 14, 2016 2:33:14 PM org.apache.catalina.startup.HostConfig deployDirectory
INFORMATION: Deployment of web application directory /Users/isturm/Documents/workspace-for-liferay-6.2.0/liferay-portal-6.2-ce-ga6/tomcat-7.0.62/webapps/lecture2go-hook has finished in 965 ms
Nov 14, 2016 2:33:14 PM org.apache.catalina.startup.HostConfig deployDirectory
INFORMATION: Deploying web application directory /Users/isturm/Documents/workspace-for-liferay-6.2.0/liferay-portal-6.2-ce-ga6/tomcat-7.0.62/webapps/lecture2go-portlet
Nov 14, 2016 2:33:16 PM org.apache.catalina.startup.TldConfig execute
INFORMATION: At least one JAR was scanned for TLDs yet contained no TLDs. Enable debug logging for this logger for a complete list of JARs that were scanned but no TLDs were found in them. Skipping unneeded JARs during scanning can improve startup time and JSP compilation time.
Nov 14, 2016 2:33:17 PM org.apache.catalina.startup.HostConfig deployDirectory
INFORMATION: Deployment of web application directory /Users/isturm/Documents/workspace-for-liferay-6.2.0/liferay-portal-6.2-ce-ga6/tomcat-7.0.62/webapps/lecture2go-portlet has finished in 2,863 ms
Nov 14, 2016 2:33:17 PM org.apache.catalina.startup.HostConfig deployDirectory
INFORMATION: Deploying web application directory /Users/isturm/Documents/workspace-for-liferay-6.2.0/liferay-portal-6.2-ce-ga6/tomcat-7.0.62/webapps/lecture2go-theme
Nov 14, 2016 2:33:18 PM org.apache.catalina.startup.TldConfig execute
INFORMATION: At least one JAR was scanned for TLDs yet contained no TLDs. Enable debug logging for this logger for a complete list of JARs that were scanned but no TLDs were found in them. Skipping unneeded JARs during scanning can improve startup time and JSP compilation time.
Nov 14, 2016 2:33:18 PM org.apache.catalina.startup.HostConfig deployDirectory
INFORMATION: Deployment of web application directory /Users/isturm/Documents/workspace-for-liferay-6.2.0/liferay-portal-6.2-ce-ga6/tomcat-7.0.62/webapps/lecture2go-theme has finished in 1,111 ms
Nov 14, 2016 2:33:18 PM org.apache.catalina.startup.HostConfig deployDirectory
INFORMATION: Deploying web application directory /Users/isturm/Documents/workspace-for-liferay-6.2.0/liferay-portal-6.2-ce-ga6/tomcat-7.0.62/webapps/liferay-jedi-theme
Nov 14, 2016 2:33:18 PM org.apache.catalina.startup.TldConfig execute
INFORMATION: At least one JAR was scanned for TLDs yet contained no TLDs. Enable debug logging for this logger for a complete list of JARs that were scanned but no TLDs were found in them. Skipping unneeded JARs during scanning can improve startup time and JSP compilation time.
Nov 14, 2016 2:33:18 PM org.apache.catalina.startup.HostConfig deployDirectory
INFORMATION: Deployment of web application directory /Users/isturm/Documents/workspace-for-liferay-6.2.0/liferay-portal-6.2-ce-ga6/tomcat-7.0.62/webapps/liferay-jedi-theme has finished in 724 ms
Nov 14, 2016 2:33:18 PM org.apache.catalina.startup.HostConfig deployDirectory
INFORMATION: Deploying web application directory /Users/isturm/Documents/workspace-for-liferay-6.2.0/liferay-portal-6.2-ce-ga6/tomcat-7.0.62/webapps/logo
Nov 14, 2016 2:33:19 PM org.apache.catalina.startup.TldConfig execute
INFORMATION: At least one JAR was scanned for TLDs yet contained no TLDs. Enable debug logging for this logger for a complete list of JARs that were scanned but no TLDs were found in them. Skipping unneeded JARs during scanning can improve startup time and JSP compilation time.
Nov 14, 2016 2:33:19 PM org.apache.catalina.startup.HostConfig deployDirectory
INFORMATION: Deployment of web application directory /Users/isturm/Documents/workspace-for-liferay-6.2.0/liferay-portal-6.2-ce-ga6/tomcat-7.0.62/webapps/logo has finished in 931 ms
Nov 14, 2016 2:33:19 PM org.apache.catalina.startup.HostConfig deployDirectory
INFORMATION: Deploying web application directory /Users/isturm/Documents/workspace-for-liferay-6.2.0/liferay-portal-6.2-ce-ga6/tomcat-7.0.62/webapps/marketplace-portlet
Nov 14, 2016 2:33:21 PM org.apache.catalina.startup.TldConfig execute
INFORMATION: At least one JAR was scanned for TLDs yet contained no TLDs. Enable debug logging for this logger for a complete list of JARs that were scanned but no TLDs were found in them. Skipping unneeded JARs during scanning can improve startup time and JSP compilation time.
Nov 14, 2016 2:33:37 PM org.apache.catalina.startup.HostConfig deployDirectory
INFORMATION: Deployment of web application directory /Users/isturm/Documents/workspace-for-liferay-6.2.0/liferay-portal-6.2-ce-ga6/tomcat-7.0.62/webapps/marketplace-portlet has finished in 17,654 ms
Nov 14, 2016 2:33:37 PM org.apache.catalina.startup.HostConfig deployDirectory
INFORMATION: Deploying web application directory /Users/isturm/Documents/workspace-for-liferay-6.2.0/liferay-portal-6.2-ce-ga6/tomcat-7.0.62/webapps/migration-portlet
Nov 14, 2016 2:33:40 PM org.apache.catalina.startup.TldConfig execute
INFORMATION: At least one JAR was scanned for TLDs yet contained no TLDs. Enable debug logging for this logger for a complete list of JARs that were scanned but no TLDs were found in them. Skipping unneeded JARs during scanning can improve startup time and JSP compilation time.
Nov 14, 2016 2:33:45 PM org.apache.catalina.startup.HostConfig deployDirectory
INFORMATION: Deployment of web application directory /Users/isturm/Documents/workspace-for-liferay-6.2.0/liferay-portal-6.2-ce-ga6/tomcat-7.0.62/webapps/migration-portlet has finished in 8,389 ms
Nov 14, 2016 2:33:45 PM org.apache.catalina.startup.HostConfig deployDirectory
INFORMATION: Deploying web application directory /Users/isturm/Documents/workspace-for-liferay-6.2.0/liferay-portal-6.2-ce-ga6/tomcat-7.0.62/webapps/notifications-portlet
Nov 14, 2016 2:33:47 PM org.apache.catalina.startup.TldConfig execute
INFORMATION: At least one JAR was scanned for TLDs yet contained no TLDs. Enable debug logging for this logger for a complete list of JARs that were scanned but no TLDs were found in them. Skipping unneeded JARs during scanning can improve startup time and JSP compilation time.
Nov 14, 2016 2:33:47 PM org.apache.catalina.startup.HostConfig deployDirectory
INFORMATION: Deployment of web application directory /Users/isturm/Documents/workspace-for-liferay-6.2.0/liferay-portal-6.2-ce-ga6/tomcat-7.0.62/webapps/notifications-portlet has finished in 2,075 ms
Nov 14, 2016 2:33:47 PM org.apache.catalina.startup.HostConfig deployDirectory
INFORMATION: Deploying web application directory /Users/isturm/Documents/workspace-for-liferay-6.2.0/liferay-portal-6.2-ce-ga6/tomcat-7.0.62/webapps/opensocial-portlet
Nov 14, 2016 2:33:50 PM org.apache.catalina.startup.TldConfig execute
INFORMATION: At least one JAR was scanned for TLDs yet contained no TLDs. Enable debug logging for this logger for a complete list of JARs that were scanned but no TLDs were found in them. Skipping unneeded JARs during scanning can improve startup time and JSP compilation time.
Nov 14, 2016 2:33:52 PM org.apache.catalina.startup.HostConfig deployDirectory
INFORMATION: Deployment of web application directory /Users/isturm/Documents/workspace-for-liferay-6.2.0/liferay-portal-6.2-ce-ga6/tomcat-7.0.62/webapps/opensocial-portlet has finished in 4,965 ms
Nov 14, 2016 2:33:52 PM org.apache.catalina.startup.HostConfig deployDirectory
INFORMATION: Deploying web application directory /Users/isturm/Documents/workspace-for-liferay-6.2.0/liferay-portal-6.2-ce-ga6/tomcat-7.0.62/webapps/player
Nov 14, 2016 2:33:53 PM org.apache.catalina.startup.TldConfig execute
INFORMATION: At least one JAR was scanned for TLDs yet contained no TLDs. Enable debug logging for this logger for a complete list of JARs that were scanned but no TLDs were found in them. Skipping unneeded JARs during scanning can improve startup time and JSP compilation time.
Nov 14, 2016 2:33:53 PM org.apache.catalina.startup.HostConfig deployDirectory
INFORMATION: Deployment of web application directory /Users/isturm/Documents/workspace-for-liferay-6.2.0/liferay-portal-6.2-ce-ga6/tomcat-7.0.62/webapps/player has finished in 640 ms
Nov 14, 2016 2:33:53 PM org.apache.catalina.startup.HostConfig deployDirectory
INFORMATION: Deploying web application directory /Users/isturm/Documents/workspace-for-liferay-6.2.0/liferay-portal-6.2-ce-ga6/tomcat-7.0.62/webapps/portal
Nov 14, 2016 2:33:54 PM org.apache.shindig.config.JsonContainerConfig loadContainers
INFORMATION: Loading resources from: containers/default/container.js
Nov 14, 2016 2:33:54 PM org.apache.shindig.config.JsonContainerConfig loadResources
INFORMATION: Reading container config: containers/default/container.js
Nov 14, 2016 2:33:54 PM org.apache.catalina.startup.TldConfig execute
INFORMATION: At least one JAR was scanned for TLDs yet contained no TLDs. Enable debug logging for this logger for a complete list of JARs that were scanned but no TLDs were found in them. Skipping unneeded JARs during scanning can improve startup time and JSP compilation time.
Nov 14, 2016 2:33:54 PM org.apache.catalina.startup.HostConfig deployDirectory
INFORMATION: Deployment of web application directory /Users/isturm/Documents/workspace-for-liferay-6.2.0/liferay-portal-6.2-ce-ga6/tomcat-7.0.62/webapps/portal has finished in 735 ms
Nov 14, 2016 2:33:54 PM org.apache.catalina.startup.HostConfig deployDirectory
INFORMATION: Deploying web application directory /Users/isturm/Documents/workspace-for-liferay-6.2.0/liferay-portal-6.2-ce-ga6/tomcat-7.0.62/webapps/resources-importer-web
Nov 14, 2016 2:33:54 PM org.apache.shindig.gadgets.features.FeatureRegistry register
INFORMATION: Loading resources from: res:features-extras/features.txt
Nov 14, 2016 2:33:54 PM org.apache.shindig.common.xml.XmlUtil <clinit>
INFORMATION: Reusing document builders
Nov 14, 2016 2:33:55 PM org.apache.shindig.gadgets.features.FeatureRegistry register
INFORMATION: Loading resources from: res:features/features.txt
Nov 14, 2016 2:33:55 PM org.apache.catalina.startup.TldConfig execute
INFORMATION: At least one JAR was scanned for TLDs yet contained no TLDs. Enable debug logging for this logger for a complete list of JARs that were scanned but no TLDs were found in them. Skipping unneeded JARs during scanning can improve startup time and JSP compilation time.
Nov 14, 2016 2:33:55 PM org.apache.catalina.startup.HostConfig deployDirectory
INFORMATION: Deployment of web application directory /Users/isturm/Documents/workspace-for-liferay-6.2.0/liferay-portal-6.2-ce-ga6/tomcat-7.0.62/webapps/resources-importer-web has finished in 1,568 ms
Nov 14, 2016 2:33:55 PM org.apache.catalina.startup.HostConfig deployDirectory
INFORMATION: Deploying web application directory /Users/isturm/Documents/workspace-for-liferay-6.2.0/liferay-portal-6.2-ce-ga6/tomcat-7.0.62/webapps/rss
Nov 14, 2016 2:33:56 PM org.apache.catalina.startup.TldConfig execute
INFORMATION: At least one JAR was scanned for TLDs yet contained no TLDs. Enable debug logging for this logger for a complete list of JARs that were scanned but no TLDs were found in them. Skipping unneeded JARs during scanning can improve startup time and JSP compilation time.
Nov 14, 2016 2:33:56 PM org.apache.catalina.startup.HostConfig deployDirectory
INFORMATION: Deployment of web application directory /Users/isturm/Documents/workspace-for-liferay-6.2.0/liferay-portal-6.2-ce-ga6/tomcat-7.0.62/webapps/rss has finished in 974 ms
Nov 14, 2016 2:33:56 PM org.apache.catalina.startup.HostConfig deployDirectory
INFORMATION: Deploying web application directory /Users/isturm/Documents/workspace-for-liferay-6.2.0/liferay-portal-6.2-ce-ga6/tomcat-7.0.62/webapps/servlet-file-converter
Nov 14, 2016 2:33:56 PM org.apache.catalina.loader.WebappClassLoader validateJarFile
INFORMATION: validateJarFile(/Users/isturm/Documents/workspace-for-liferay-6.2.0/liferay-portal-6.2-ce-ga6/tomcat-7.0.62/webapps/servlet-file-converter/WEB-INF/lib/servlet-api.jar) - jar not loaded. See Servlet Spec 3.0, section 10.7.2. Offending class: javax/servlet/Servlet.class
Nov 14, 2016 2:33:57 PM org.apache.shindig.gadgets.servlet.CajaContentRewriter <init>
INFORMATION: Cajoled cache createdorg.apache.shindig.common.cache.ehcache.EhConfiguredCache@3dbf126a
Nov 14, 2016 2:33:57 PM org.apache.shindig.gadgets.servlet.CajaContentRewriter <init>
INFORMATION: Cajoled cache createdorg.apache.shindig.common.cache.ehcache.EhConfiguredCache@3dbf126a
Nov 14, 2016 2:33:57 PM org.apache.shindig.gadgets.oauth.OAuthModule$OAuthCrypterProvider <init>
INFORMATION: Using random key for OAuth client-side state encryption
Nov 14, 2016 2:33:58 PM org.apache.catalina.startup.TldConfig execute
INFORMATION: At least one JAR was scanned for TLDs yet contained no TLDs. Enable debug logging for this logger for a complete list of JARs that were scanned but no TLDs were found in them. Skipping unneeded JARs during scanning can improve startup time and JSP compilation time.
Nov 14, 2016 2:33:58 PM org.apache.catalina.startup.HostConfig deployDirectory
INFORMATION: Deployment of web application directory /Users/isturm/Documents/workspace-for-liferay-6.2.0/liferay-portal-6.2-ce-ga6/tomcat-7.0.62/webapps/servlet-file-converter has finished in 1,922 ms
Nov 14, 2016 2:33:58 PM org.apache.catalina.startup.HostConfig deployDirectory
INFORMATION: Deploying web application directory /Users/isturm/Documents/workspace-for-liferay-6.2.0/liferay-portal-6.2-ce-ga6/tomcat-7.0.62/webapps/servlet-file-upload
Nov 14, 2016 2:33:58 PM org.apache.catalina.loader.WebappClassLoader validateJarFile
INFORMATION: validateJarFile(/Users/isturm/Documents/workspace-for-liferay-6.2.0/liferay-portal-6.2-ce-ga6/tomcat-7.0.62/webapps/servlet-file-upload/WEB-INF/lib/javax.servlet-api-3.1.0.jar) - jar not loaded. See Servlet Spec 3.0, section 10.7.2. Offending class: javax/servlet/Servlet.class
Nov 14, 2016 2:34:03 PM org.apache.catalina.startup.TldConfig execute
INFORMATION: At least one JAR was scanned for TLDs yet contained no TLDs. Enable debug logging for this logger for a complete list of JARs that were scanned but no TLDs were found in them. Skipping unneeded JARs during scanning can improve startup time and JSP compilation time.
Nov 14, 2016 2:34:03 PM org.apache.catalina.startup.HostConfig deployDirectory
INFORMATION: Deployment of web application directory /Users/isturm/Documents/workspace-for-liferay-6.2.0/liferay-portal-6.2-ce-ga6/tomcat-7.0.62/webapps/servlet-file-upload has finished in 4,868 ms
Nov 14, 2016 2:34:03 PM org.apache.catalina.startup.HostConfig deployDirectory
INFORMATION: Deploying web application directory /Users/isturm/Documents/workspace-for-liferay-6.2.0/liferay-portal-6.2-ce-ga6/tomcat-7.0.62/webapps/smil
Nov 14, 2016 2:34:04 PM org.apache.catalina.startup.TldConfig execute
INFORMATION: At least one JAR was scanned for TLDs yet contained no TLDs. Enable debug logging for this logger for a complete list of JARs that were scanned but no TLDs were found in them. Skipping unneeded JARs during scanning can improve startup time and JSP compilation time.
Nov 14, 2016 2:34:04 PM org.apache.catalina.startup.HostConfig deployDirectory
INFORMATION: Deployment of web application directory /Users/isturm/Documents/workspace-for-liferay-6.2.0/liferay-portal-6.2-ce-ga6/tomcat-7.0.62/webapps/smil has finished in 1,244 ms
Nov 14, 2016 2:34:04 PM org.apache.catalina.startup.HostConfig deployDirectory
INFORMATION: Deploying web application directory /Users/isturm/Documents/workspace-for-liferay-6.2.0/liferay-portal-6.2-ce-ga6/tomcat-7.0.62/webapps/strobemediaplayer
Nov 14, 2016 2:34:05 PM org.apache.catalina.startup.TldConfig execute
INFORMATION: At least one JAR was scanned for TLDs yet contained no TLDs. Enable debug logging for this logger for a complete list of JARs that were scanned but no TLDs were found in them. Skipping unneeded JARs during scanning can improve startup time and JSP compilation time.
Nov 14, 2016 2:34:05 PM org.apache.catalina.startup.HostConfig deployDirectory
INFORMATION: Deployment of web application directory /Users/isturm/Documents/workspace-for-liferay-6.2.0/liferay-portal-6.2-ce-ga6/tomcat-7.0.62/webapps/strobemediaplayer has finished in 909 ms
Nov 14, 2016 2:34:05 PM org.apache.catalina.startup.HostConfig deployDirectory
INFORMATION: Deploying web application directory /Users/isturm/Documents/workspace-for-liferay-6.2.0/liferay-portal-6.2-ce-ga6/tomcat-7.0.62/webapps/swfobject
Nov 14, 2016 2:34:06 PM org.apache.catalina.startup.TldConfig execute
INFORMATION: At least one JAR was scanned for TLDs yet contained no TLDs. Enable debug logging for this logger for a complete list of JARs that were scanned but no TLDs were found in them. Skipping unneeded JARs during scanning can improve startup time and JSP compilation time.
Nov 14, 2016 2:34:06 PM org.apache.catalina.startup.HostConfig deployDirectory
INFORMATION: Deployment of web application directory /Users/isturm/Documents/workspace-for-liferay-6.2.0/liferay-portal-6.2-ce-ga6/tomcat-7.0.62/webapps/swfobject has finished in 570 ms
Nov 14, 2016 2:34:06 PM org.apache.catalina.startup.HostConfig deployDirectory
INFORMATION: Deploying web application directory /Users/isturm/Documents/workspace-for-liferay-6.2.0/liferay-portal-6.2-ce-ga6/tomcat-7.0.62/webapps/sync-web
Nov 14, 2016 2:34:07 PM org.apache.catalina.startup.TldConfig execute
INFORMATION: At least one JAR was scanned for TLDs yet contained no TLDs. Enable debug logging for this logger for a complete list of JARs that were scanned but no TLDs were found in them. Skipping unneeded JARs during scanning can improve startup time and JSP compilation time.
Nov 14, 2016 2:34:10 PM org.apache.catalina.startup.HostConfig deployDirectory
INFORMATION: Deployment of web application directory /Users/isturm/Documents/workspace-for-liferay-6.2.0/liferay-portal-6.2-ce-ga6/tomcat-7.0.62/webapps/sync-web has finished in 3,869 ms
Nov 14, 2016 2:34:10 PM org.apache.catalina.startup.HostConfig deployDirectory
INFORMATION: Deploying web application directory /Users/isturm/Documents/workspace-for-liferay-6.2.0/liferay-portal-6.2-ce-ga6/tomcat-7.0.62/webapps/veranstaltung
Nov 14, 2016 2:34:11 PM org.apache.catalina.startup.TldConfig execute
INFORMATION: At least one JAR was scanned for TLDs yet contained no TLDs. Enable debug logging for this logger for a complete list of JARs that were scanned but no TLDs were found in them. Skipping unneeded JARs during scanning can improve startup time and JSP compilation time.
Nov 14, 2016 2:34:11 PM org.apache.catalina.startup.HostConfig deployDirectory
INFORMATION: Deployment of web application directory /Users/isturm/Documents/workspace-for-liferay-6.2.0/liferay-portal-6.2-ce-ga6/tomcat-7.0.62/webapps/veranstaltung has finished in 882 ms
Nov 14, 2016 2:34:11 PM org.apache.catalina.startup.HostConfig deployDirectory
INFORMATION: Deploying web application directory /Users/isturm/Documents/workspace-for-liferay-6.2.0/liferay-portal-6.2-ce-ga6/tomcat-7.0.62/webapps/wasserzeichen
Nov 14, 2016 2:34:11 PM org.apache.catalina.startup.TldConfig execute
INFORMATION: At least one JAR was scanned for TLDs yet contained no TLDs. Enable debug logging for this logger for a complete list of JARs that were scanned but no TLDs were found in them. Skipping unneeded JARs during scanning can improve startup time and JSP compilation time.
Nov 14, 2016 2:34:11 PM org.apache.catalina.startup.HostConfig deployDirectory
INFORMATION: Deployment of web application directory /Users/isturm/Documents/workspace-for-liferay-6.2.0/liferay-portal-6.2-ce-ga6/tomcat-7.0.62/webapps/wasserzeichen has finished in 697 ms
Nov 14, 2016 2:34:11 PM org.apache.catalina.startup.HostConfig deployDirectory
INFORMATION: Deploying web application directory /Users/isturm/Documents/workspace-for-liferay-6.2.0/liferay-portal-6.2-ce-ga6/tomcat-7.0.62/webapps/web-form-portlet
Nov 14, 2016 2:34:12 PM org.apache.catalina.startup.TldConfig execute
INFORMATION: At least one JAR was scanned for TLDs yet contained no TLDs. Enable debug logging for this logger for a complete list of JARs that were scanned but no TLDs were found in them. Skipping unneeded JARs during scanning can improve startup time and JSP compilation time.
Nov 14, 2016 2:34:12 PM org.apache.catalina.startup.HostConfig deployDirectory
INFORMATION: Deployment of web application directory /Users/isturm/Documents/workspace-for-liferay-6.2.0/liferay-portal-6.2-ce-ga6/tomcat-7.0.62/webapps/web-form-portlet has finished in 1,099 ms
Nov 14, 2016 2:34:12 PM org.apache.coyote.AbstractProtocol start
INFORMATION: Starting ProtocolHandler ["http-bio-8080"]
Nov 14, 2016 2:34:12 PM org.apache.coyote.AbstractProtocol start
INFORMATION: Starting ProtocolHandler ["ajp-bio-8009"]
Nov 14, 2016 2:34:12 PM org.apache.catalina.startup.Catalina start
INFORMATION: Server startup in 171631 ms
Nov 14, 2016 2:58:24 PM org.apache.catalina.startup.HostConfig undeploy
INFORMATION: Undeploying context [/lecture2go-portlet]
Nov 14, 2016 2:58:25 PM org.apache.catalina.loader.WebappClassLoader checkThreadLocalsForLeaks
WARNUNG: Failed to check for ThreadLocal references for web application [/lecture2go-portlet]
java.lang.NoClassDefFoundError: org/apache/axis/utils/XMLUtils$1
	at java.lang.Class.getDeclaringClass0(Native Method)
	at java.lang.Class.getDeclaringClass(Class.java:1106)
	at java.lang.Class.getEnclosingClass(Class.java:1142)
	at java.lang.Class.getCanonicalName(Class.java:1231)
	at org.apache.catalina.loader.WebappClassLoader.getPrettyClassName(WebappClassLoader.java:2601)
	at org.apache.catalina.loader.WebappClassLoader.checkThreadLocalMapForLeaks(WebappClassLoader.java:2559)
	at org.apache.catalina.loader.WebappClassLoader.checkThreadLocalsForLeaks(WebappClassLoader.java:2507)
	at org.apache.catalina.loader.WebappClassLoader.clearReferences(WebappClassLoader.java:2013)
	at org.apache.catalina.loader.WebappClassLoader.stop(WebappClassLoader.java:1908)
	at org.apache.catalina.loader.WebappLoader.stopInternal(WebappLoader.java:661)
	at org.apache.catalina.util.LifecycleBase.stop(LifecycleBase.java:232)
	at org.apache.catalina.core.StandardContext.stopInternal(StandardContext.java:5766)
	at org.apache.catalina.util.LifecycleBase.stop(LifecycleBase.java:232)
	at org.apache.catalina.core.ContainerBase.removeChild(ContainerBase.java:1028)
	at org.apache.catalina.startup.HostConfig.undeploy(HostConfig.java:1547)
	at org.apache.catalina.startup.HostConfig.checkResources(HostConfig.java:1453)
	at org.apache.catalina.startup.HostConfig.check(HostConfig.java:1695)
	at org.apache.catalina.startup.HostConfig.lifecycleEvent(HostConfig.java:333)
	at org.apache.catalina.util.LifecycleSupport.fireLifecycleEvent(LifecycleSupport.java:117)
	at org.apache.catalina.util.LifecycleBase.fireLifecycleEvent(LifecycleBase.java:90)
	at org.apache.catalina.core.ContainerBase.backgroundProcess(ContainerBase.java:1374)
	at org.apache.catalina.core.ContainerBase$ContainerBackgroundProcessor.processChildren(ContainerBase.java:1546)
	at org.apache.catalina.core.ContainerBase$ContainerBackgroundProcessor.processChildren(ContainerBase.java:1556)
	at org.apache.catalina.core.ContainerBase$ContainerBackgroundProcessor.run(ContainerBase.java:1524)
	at java.lang.Thread.run(Thread.java:745)
Caused by: java.lang.ClassNotFoundException: org.apache.axis.utils.XMLUtils$1
	at org.apache.catalina.loader.WebappClassLoader.loadClass(WebappClassLoader.java:1720)
	at org.apache.catalina.loader.WebappClassLoader.loadClass(WebappClassLoader.java:1571)
	... 25 more

Nov 14, 2016 2:58:25 PM org.apache.catalina.startup.HostConfig deployDirectory
INFORMATION: Deploying web application directory /Users/isturm/Documents/workspace-for-liferay-6.2.0/liferay-portal-6.2-ce-ga6/tomcat-7.0.62/webapps/lecture2go-portlet
Nov 14, 2016 2:58:28 PM org.apache.catalina.startup.TldConfig execute
INFORMATION: At least one JAR was scanned for TLDs yet contained no TLDs. Enable debug logging for this logger for a complete list of JARs that were scanned but no TLDs were found in them. Skipping unneeded JARs during scanning can improve startup time and JSP compilation time.
Nov 14, 2016 2:58:41 PM org.apache.catalina.startup.HostConfig deployDirectory
INFORMATION: Deployment of web application directory /Users/isturm/Documents/workspace-for-liferay-6.2.0/liferay-portal-6.2-ce-ga6/tomcat-7.0.62/webapps/lecture2go-portlet has finished in 16,540 ms
Nov 14, 2016 3:08:12 PM org.apache.catalina.startup.HostConfig undeploy
INFORMATION: Undeploying context [/lecture2go-portlet]
Nov 14, 2016 3:08:12 PM org.apache.catalina.startup.HostConfig deployDirectory
INFORMATION: Deploying web application directory /Users/isturm/Documents/workspace-for-liferay-6.2.0/liferay-portal-6.2-ce-ga6/tomcat-7.0.62/webapps/lecture2go-portlet
Nov 14, 2016 3:08:15 PM org.apache.catalina.startup.TldConfig execute
INFORMATION: At least one JAR was scanned for TLDs yet contained no TLDs. Enable debug logging for this logger for a complete list of JARs that were scanned but no TLDs were found in them. Skipping unneeded JARs during scanning can improve startup time and JSP compilation time.
Nov 14, 2016 3:08:21 PM org.apache.catalina.startup.HostConfig deployDirectory
INFORMATION: Deployment of web application directory /Users/isturm/Documents/workspace-for-liferay-6.2.0/liferay-portal-6.2-ce-ga6/tomcat-7.0.62/webapps/lecture2go-portlet has finished in 9,116 ms
