Sep 29, 2016 7:28:13 AM org.apache.catalina.startup.HostConfig undeploy
INFORMATION: Undeploying context [/lecture2go-portlet]
Sep 29, 2016 7:28:15 AM org.apache.catalina.startup.HostConfig deployDirectory
INFORMATION: Deploying web application directory /Users/isturm/Documents/workspace-for-liferay-6.2.0/liferay-portal-6.2-ce-ga6/tomcat-7.0.62/webapps/lecture2go-portlet
Sep 29, 2016 7:28:25 AM org.apache.catalina.startup.TldConfig execute
INFORMATION: At least one JAR was scanned for TLDs yet contained no TLDs. Enable debug logging for this logger for a complete list of JARs that were scanned but no TLDs were found in them. Skipping unneeded JARs during scanning can improve startup time and JSP compilation time.
Sep 29, 2016 7:28:34 AM org.apache.catalina.startup.HostConfig deployDirectory
INFORMATION: Deployment of web application directory /Users/isturm/Documents/workspace-for-liferay-6.2.0/liferay-portal-6.2-ce-ga6/tomcat-7.0.62/webapps/lecture2go-portlet has finished in 19,847 ms
Sep 29, 2016 8:04:57 AM org.apache.catalina.startup.HostConfig undeploy
INFORMATION: Undeploying context [/lecture2go-portlet]
Sep 29, 2016 8:04:57 AM org.apache.catalina.startup.HostConfig deployDirectory
INFORMATION: Deploying web application directory /Users/isturm/Documents/workspace-for-liferay-6.2.0/liferay-portal-6.2-ce-ga6/tomcat-7.0.62/webapps/lecture2go-portlet
Sep 29, 2016 8:05:04 AM org.apache.catalina.startup.TldConfig execute
INFORMATION: At least one JAR was scanned for TLDs yet contained no TLDs. Enable debug logging for this logger for a complete list of JARs that were scanned but no TLDs were found in them. Skipping unneeded JARs during scanning can improve startup time and JSP compilation time.
Sep 29, 2016 8:05:15 AM org.apache.catalina.startup.HostConfig deployDirectory
INFORMATION: Deployment of web application directory /Users/isturm/Documents/workspace-for-liferay-6.2.0/liferay-portal-6.2-ce-ga6/tomcat-7.0.62/webapps/lecture2go-portlet has finished in 18,025 ms
Sep 29, 2016 8:25:32 AM org.apache.catalina.startup.HostConfig undeploy
INFORMATION: Undeploying context [/lecture2go-portlet]
Sep 29, 2016 8:25:33 AM org.apache.catalina.startup.HostConfig deployDirectory
INFORMATION: Deploying web application directory /Users/isturm/Documents/workspace-for-liferay-6.2.0/liferay-portal-6.2-ce-ga6/tomcat-7.0.62/webapps/lecture2go-portlet
Sep 29, 2016 8:25:39 AM org.apache.catalina.startup.TldConfig execute
INFORMATION: At least one JAR was scanned for TLDs yet contained no TLDs. Enable debug logging for this logger for a complete list of JARs that were scanned but no TLDs were found in them. Skipping unneeded JARs during scanning can improve startup time and JSP compilation time.
Sep 29, 2016 8:25:50 AM org.apache.catalina.startup.HostConfig deployDirectory
INFORMATION: Deployment of web application directory /Users/isturm/Documents/workspace-for-liferay-6.2.0/liferay-portal-6.2-ce-ga6/tomcat-7.0.62/webapps/lecture2go-portlet has finished in 16,145 ms
Sep 29, 2016 8:31:41 AM org.apache.catalina.startup.HostConfig undeploy
INFORMATION: Undeploying context [/lecture2go-portlet]
Sep 29, 2016 8:31:44 AM org.apache.catalina.startup.HostConfig deployDirectory
INFORMATION: Deploying web application directory /Users/isturm/Documents/workspace-for-liferay-6.2.0/liferay-portal-6.2-ce-ga6/tomcat-7.0.62/webapps/lecture2go-portlet
Sep 29, 2016 8:31:53 AM org.apache.catalina.startup.TldConfig execute
INFORMATION: At least one JAR was scanned for TLDs yet contained no TLDs. Enable debug logging for this logger for a complete list of JARs that were scanned but no TLDs were found in them. Skipping unneeded JARs during scanning can improve startup time and JSP compilation time.
Sep 29, 2016 8:32:03 AM org.apache.catalina.startup.HostConfig deployDirectory
INFORMATION: Deployment of web application directory /Users/isturm/Documents/workspace-for-liferay-6.2.0/liferay-portal-6.2-ce-ga6/tomcat-7.0.62/webapps/lecture2go-portlet has finished in 18,984 ms
Sep 29, 2016 8:35:54 AM org.apache.catalina.startup.HostConfig undeploy
INFORMATION: Undeploying context [/lecture2go-portlet]
Sep 29, 2016 8:35:55 AM org.apache.catalina.startup.HostConfig deployDirectory
INFORMATION: Deploying web application directory /Users/isturm/Documents/workspace-for-liferay-6.2.0/liferay-portal-6.2-ce-ga6/tomcat-7.0.62/webapps/lecture2go-portlet
Sep 29, 2016 8:36:00 AM org.apache.catalina.startup.TldConfig execute
INFORMATION: At least one JAR was scanned for TLDs yet contained no TLDs. Enable debug logging for this logger for a complete list of JARs that were scanned but no TLDs were found in them. Skipping unneeded JARs during scanning can improve startup time and JSP compilation time.
Sep 29, 2016 8:36:11 AM org.apache.catalina.startup.HostConfig deployDirectory
INFORMATION: Deployment of web application directory /Users/isturm/Documents/workspace-for-liferay-6.2.0/liferay-portal-6.2-ce-ga6/tomcat-7.0.62/webapps/lecture2go-portlet has finished in 16,630 ms
Sep 29, 2016 8:40:15 AM org.apache.catalina.startup.HostConfig reload
INFORMATION: Reloading context [/lecture2go-theme]
Sep 29, 2016 8:40:15 AM org.apache.catalina.core.StandardContext reload
INFORMATION: Reloading Context with name [/lecture2go-theme] has started
Sep 29, 2016 8:40:21 AM org.apache.catalina.startup.TldConfig execute
INFORMATION: At least one JAR was scanned for TLDs yet contained no TLDs. Enable debug logging for this logger for a complete list of JARs that were scanned but no TLDs were found in them. Skipping unneeded JARs during scanning can improve startup time and JSP compilation time.
Sep 29, 2016 8:40:24 AM org.apache.catalina.core.StandardContext reload
INFORMATION: Reloading Context with name [/lecture2go-theme] is completed
Sep 29, 2016 9:07:01 AM org.apache.catalina.startup.HostConfig reload
INFORMATION: Reloading context [/lecture2go-theme]
Sep 29, 2016 9:07:02 AM org.apache.catalina.core.StandardContext reload
INFORMATION: Reloading Context with name [/lecture2go-theme] has started
Sep 29, 2016 9:07:07 AM org.apache.catalina.startup.TldConfig execute
INFORMATION: At least one JAR was scanned for TLDs yet contained no TLDs. Enable debug logging for this logger for a complete list of JARs that were scanned but no TLDs were found in them. Skipping unneeded JARs during scanning can improve startup time and JSP compilation time.
Sep 29, 2016 9:07:08 AM org.apache.catalina.core.StandardContext reload
INFORMATION: Reloading Context with name [/lecture2go-theme] is completed
Sep 29, 2016 9:17:58 AM org.apache.catalina.startup.HostConfig reload
INFORMATION: Reloading context [/lecture2go-theme]
Sep 29, 2016 9:17:58 AM org.apache.catalina.core.StandardContext reload
INFORMATION: Reloading Context with name [/lecture2go-theme] has started
Sep 29, 2016 9:18:01 AM org.apache.catalina.startup.TldConfig execute
INFORMATION: At least one JAR was scanned for TLDs yet contained no TLDs. Enable debug logging for this logger for a complete list of JARs that were scanned but no TLDs were found in them. Skipping unneeded JARs during scanning can improve startup time and JSP compilation time.
Sep 29, 2016 9:18:01 AM org.apache.catalina.core.StandardContext reload
INFORMATION: Reloading Context with name [/lecture2go-theme] is completed
Sep 29, 2016 9:19:01 AM org.apache.catalina.startup.HostConfig undeploy
INFORMATION: Undeploying context [/lecture2go-portlet]
Sep 29, 2016 9:19:02 AM org.apache.catalina.startup.HostConfig deployDirectory
INFORMATION: Deploying web application directory /Users/isturm/Documents/workspace-for-liferay-6.2.0/liferay-portal-6.2-ce-ga6/tomcat-7.0.62/webapps/lecture2go-portlet
Sep 29, 2016 9:19:09 AM org.apache.catalina.startup.TldConfig execute
INFORMATION: At least one JAR was scanned for TLDs yet contained no TLDs. Enable debug logging for this logger for a complete list of JARs that were scanned but no TLDs were found in them. Skipping unneeded JARs during scanning can improve startup time and JSP compilation time.
Sep 29, 2016 9:19:20 AM org.apache.catalina.startup.HostConfig deployDirectory
INFORMATION: Deployment of web application directory /Users/isturm/Documents/workspace-for-liferay-6.2.0/liferay-portal-6.2-ce-ga6/tomcat-7.0.62/webapps/lecture2go-portlet has finished in 18,334 ms
Sep 29, 2016 9:23:04 AM org.apache.catalina.startup.HostConfig reload
INFORMATION: Reloading context [/lecture2go-theme]
Sep 29, 2016 9:23:04 AM org.apache.catalina.core.StandardContext reload
INFORMATION: Reloading Context with name [/lecture2go-theme] has started
Sep 29, 2016 9:23:10 AM org.apache.catalina.startup.TldConfig execute
INFORMATION: At least one JAR was scanned for TLDs yet contained no TLDs. Enable debug logging for this logger for a complete list of JARs that were scanned but no TLDs were found in them. Skipping unneeded JARs during scanning can improve startup time and JSP compilation time.
Sep 29, 2016 9:23:10 AM org.apache.catalina.core.StandardContext reload
INFORMATION: Reloading Context with name [/lecture2go-theme] is completed
Sep 29, 2016 9:56:25 AM org.apache.catalina.startup.HostConfig undeploy
INFORMATION: Undeploying context [/lecture2go-portlet]
Sep 29, 2016 9:56:26 AM org.apache.catalina.startup.HostConfig deployDirectory
INFORMATION: Deploying web application directory /Users/isturm/Documents/workspace-for-liferay-6.2.0/liferay-portal-6.2-ce-ga6/tomcat-7.0.62/webapps/lecture2go-portlet
Sep 29, 2016 9:56:34 AM org.apache.catalina.startup.TldConfig execute
INFORMATION: At least one JAR was scanned for TLDs yet contained no TLDs. Enable debug logging for this logger for a complete list of JARs that were scanned but no TLDs were found in them. Skipping unneeded JARs during scanning can improve startup time and JSP compilation time.
Sep 29, 2016 9:56:45 AM org.apache.catalina.startup.HostConfig deployDirectory
INFORMATION: Deployment of web application directory /Users/isturm/Documents/workspace-for-liferay-6.2.0/liferay-portal-6.2-ce-ga6/tomcat-7.0.62/webapps/lecture2go-portlet has finished in 19,406 ms
Sep 29, 2016 10:01:03 AM org.apache.catalina.startup.HostConfig undeploy
INFORMATION: Undeploying context [/lecture2go-portlet]
Sep 29, 2016 10:01:04 AM org.apache.catalina.startup.HostConfig deployDirectory
INFORMATION: Deploying web application directory /Users/isturm/Documents/workspace-for-liferay-6.2.0/liferay-portal-6.2-ce-ga6/tomcat-7.0.62/webapps/lecture2go-portlet
Sep 29, 2016 10:01:23 AM org.apache.catalina.startup.TldConfig execute
INFORMATION: At least one JAR was scanned for TLDs yet contained no TLDs. Enable debug logging for this logger for a complete list of JARs that were scanned but no TLDs were found in them. Skipping unneeded JARs during scanning can improve startup time and JSP compilation time.
Sep 29, 2016 10:02:02 AM org.apache.catalina.startup.HostConfig deployDirectory
INFORMATION: Deployment of web application directory /Users/isturm/Documents/workspace-for-liferay-6.2.0/liferay-portal-6.2-ce-ga6/tomcat-7.0.62/webapps/lecture2go-portlet has finished in 58,206 ms
Sep 29, 2016 10:02:41 AM org.apache.catalina.loader.WebappClassLoader loadClass
INFORMATION: Illegal access: this web application instance has been stopped already.  Could not load com.liferay.portal.kernel.json.JSONArray.  The eventual following stack trace is caused by an error thrown for debugging purposes as well as to attempt to terminate the thread which caused the illegal access, and has no functional impact.
java.lang.IllegalStateException
	at org.apache.catalina.loader.WebappClassLoader.loadClass(WebappClassLoader.java:1612)
	at org.apache.catalina.loader.WebappClassLoader.loadClass(WebappClassLoader.java:1571)
	at de.uhh.l2g.plugins.util.AutocompleteManager.generateAutocompleteResults(AutocompleteManager.java:80)
	at de.uhh.l2g.plugins.util.AutocompleteScheduler.receive(AutocompleteScheduler.java:39)
	at sun.reflect.NativeMethodAccessorImpl.invoke0(Native Method)
	at sun.reflect.NativeMethodAccessorImpl.invoke(NativeMethodAccessorImpl.java:57)
	at sun.reflect.DelegatingMethodAccessorImpl.invoke(DelegatingMethodAccessorImpl.java:43)
	at java.lang.reflect.Method.invoke(Method.java:606)
	at com.liferay.portal.kernel.bean.ClassLoaderBeanHandler.invoke(ClassLoaderBeanHandler.java:67)
	at com.sun.proxy.$Proxy2447.receive(Unknown Source)
	at com.liferay.portal.kernel.scheduler.messaging.SchedulerEventMessageListenerWrapper.receive(SchedulerEventMessageListenerWrapper.java:77)
	at com.liferay.portal.kernel.messaging.InvokerMessageListener.receive(InvokerMessageListener.java:72)
	at com.liferay.portal.kernel.messaging.ParallelDestination$1.run(ParallelDestination.java:71)
	at com.liferay.portal.kernel.concurrent.ThreadPoolExecutor$WorkerTask._runTask(ThreadPoolExecutor.java:682)
	at com.liferay.portal.kernel.concurrent.ThreadPoolExecutor$WorkerTask.run(ThreadPoolExecutor.java:593)
	at java.lang.Thread.run(Thread.java:745)

Sep 29, 2016 11:53:49 AM org.apache.catalina.startup.HostConfig undeploy
INFORMATION: Undeploying context [/lecture2go-portlet]
Sep 29, 2016 11:53:51 AM org.apache.catalina.loader.WebappClassLoader clearReferencesThreads
SCHWERWIEGEND: The web application [/lecture2go-portlet] appears to have started a thread named [http-bio-8080-exec-325] but has failed to stop it. This is very likely to create a memory leak.
Sep 29, 2016 11:53:51 AM org.apache.catalina.loader.WebappClassLoader clearReferencesThreads
SCHWERWIEGEND: The web application [/lecture2go-portlet] appears to have started a thread named [http-bio-8080-exec-328] but has failed to stop it. This is very likely to create a memory leak.
Sep 29, 2016 11:53:51 AM org.apache.catalina.loader.WebappClassLoader clearReferencesThreads
SCHWERWIEGEND: The web application [/lecture2go-portlet] appears to have started a thread named [http-bio-8080-exec-329] but has failed to stop it. This is very likely to create a memory leak.
Sep 29, 2016 11:53:51 AM org.apache.catalina.loader.WebappClassLoader clearReferencesThreads
SCHWERWIEGEND: The web application [/lecture2go-portlet] appears to have started a thread named [http-bio-8080-exec-332] but has failed to stop it. This is very likely to create a memory leak.
Sep 29, 2016 11:53:51 AM org.apache.catalina.startup.HostConfig deployDirectory
INFORMATION: Deploying web application directory /Users/isturm/Documents/workspace-for-liferay-6.2.0/liferay-portal-6.2-ce-ga6/tomcat-7.0.62/webapps/lecture2go-portlet
Sep 29, 2016 11:54:09 AM org.apache.catalina.startup.TldConfig execute
INFORMATION: At least one JAR was scanned for TLDs yet contained no TLDs. Enable debug logging for this logger for a complete list of JARs that were scanned but no TLDs were found in them. Skipping unneeded JARs during scanning can improve startup time and JSP compilation time.
Sep 29, 2016 11:54:32 AM org.apache.catalina.startup.HostConfig deployDirectory
INFORMATION: Deployment of web application directory /Users/isturm/Documents/workspace-for-liferay-6.2.0/liferay-portal-6.2-ce-ga6/tomcat-7.0.62/webapps/lecture2go-portlet has finished in 40,801 ms
Sep 29, 2016 12:35:07 PM org.apache.catalina.startup.HostConfig undeploy
INFORMATION: Undeploying context [/lecture2go-portlet]
Sep 29, 2016 12:35:08 PM org.apache.catalina.loader.WebappClassLoader clearReferencesThreads
SCHWERWIEGEND: The web application [/lecture2go-portlet] appears to have started a thread named [liferay/scheduler_dispatch-14] but has failed to stop it. This is very likely to create a memory leak.
Sep 29, 2016 12:35:08 PM org.apache.catalina.startup.HostConfig deployDirectory
INFORMATION: Deploying web application directory /Users/isturm/Documents/workspace-for-liferay-6.2.0/liferay-portal-6.2-ce-ga6/tomcat-7.0.62/webapps/lecture2go-portlet
Sep 29, 2016 12:35:26 PM org.apache.catalina.startup.TldConfig execute
INFORMATION: At least one JAR was scanned for TLDs yet contained no TLDs. Enable debug logging for this logger for a complete list of JARs that were scanned but no TLDs were found in them. Skipping unneeded JARs during scanning can improve startup time and JSP compilation time.
Sep 29, 2016 12:36:00 PM org.apache.catalina.startup.HostConfig deployDirectory
INFORMATION: Deployment of web application directory /Users/isturm/Documents/workspace-for-liferay-6.2.0/liferay-portal-6.2-ce-ga6/tomcat-7.0.62/webapps/lecture2go-portlet has finished in 51,256 ms
Sep 29, 2016 12:36:44 PM org.apache.catalina.startup.HostConfig undeploy
INFORMATION: Undeploying context [/lecture2go-portlet]
Sep 29, 2016 12:36:45 PM org.apache.catalina.startup.HostConfig deployDirectory
INFORMATION: Deploying web application directory /Users/isturm/Documents/workspace-for-liferay-6.2.0/liferay-portal-6.2-ce-ga6/tomcat-7.0.62/webapps/lecture2go-portlet
Sep 29, 2016 12:37:12 PM org.apache.catalina.startup.TldConfig execute
INFORMATION: At least one JAR was scanned for TLDs yet contained no TLDs. Enable debug logging for this logger for a complete list of JARs that were scanned but no TLDs were found in them. Skipping unneeded JARs during scanning can improve startup time and JSP compilation time.
Sep 29, 2016 12:39:55 PM org.apache.catalina.startup.VersionLoggerListener log
INFORMATION: Server version:        Apache Tomcat/7.0.62
Sep 29, 2016 12:39:55 PM org.apache.catalina.startup.VersionLoggerListener log
INFORMATION: Server built:          May 7 2015 17:14:55 UTC
Sep 29, 2016 12:39:55 PM org.apache.catalina.startup.VersionLoggerListener log
INFORMATION: Server number:         7.0.62.0
Sep 29, 2016 12:39:55 PM org.apache.catalina.startup.VersionLoggerListener log
INFORMATION: OS Name:               Mac OS X
Sep 29, 2016 12:39:55 PM org.apache.catalina.startup.VersionLoggerListener log
INFORMATION: OS Version:            10.10.5
Sep 29, 2016 12:39:55 PM org.apache.catalina.startup.VersionLoggerListener log
INFORMATION: Architecture:          x86_64
Sep 29, 2016 12:39:55 PM org.apache.catalina.startup.VersionLoggerListener log
INFORMATION: Java Home:             /Library/Java/JavaVirtualMachines/jdk1.7.0_75.jdk/Contents/Home/jre
Sep 29, 2016 12:39:55 PM org.apache.catalina.startup.VersionLoggerListener log
INFORMATION: JVM Version:           1.7.0_75-b13
Sep 29, 2016 12:39:55 PM org.apache.catalina.startup.VersionLoggerListener log
INFORMATION: JVM Vendor:            Oracle Corporation
Sep 29, 2016 12:39:55 PM org.apache.catalina.startup.VersionLoggerListener log
INFORMATION: CATALINA_BASE:         /Users/isturm/Documents/workspace-for-liferay-6.2.0/liferay-portal-6.2-ce-ga6/tomcat-7.0.62
Sep 29, 2016 12:39:55 PM org.apache.catalina.startup.VersionLoggerListener log
INFORMATION: CATALINA_HOME:         /Users/isturm/Documents/workspace-for-liferay-6.2.0/liferay-portal-6.2-ce-ga6/tomcat-7.0.62
Sep 29, 2016 12:39:55 PM org.apache.catalina.startup.VersionLoggerListener log
INFORMATION: Command line argument: -agentlib:jdwp=transport=dt_socket,suspend=y,address=localhost:49291
Sep 29, 2016 12:39:55 PM org.apache.catalina.startup.VersionLoggerListener log
INFORMATION: Command line argument: -Duser.timezone=GMT
Sep 29, 2016 12:39:55 PM org.apache.catalina.startup.VersionLoggerListener log
INFORMATION: Command line argument: -Dfile.encoding=UTF8
Sep 29, 2016 12:39:55 PM org.apache.catalina.startup.VersionLoggerListener log
INFORMATION: Command line argument: -Dorg.apache.catalina.loader.WebappClassLoader.ENABLE_CLEAR_REFERENCES=false
Sep 29, 2016 12:39:55 PM org.apache.catalina.startup.VersionLoggerListener log
INFORMATION: Command line argument: -Djava.util.logging.manager=org.apache.juli.ClassLoaderLogManager
Sep 29, 2016 12:39:55 PM org.apache.catalina.startup.VersionLoggerListener log
INFORMATION: Command line argument: -Djava.net.preferIPv4Stack=true
Sep 29, 2016 12:39:55 PM org.apache.catalina.startup.VersionLoggerListener log
INFORMATION: Command line argument: -Djava.util.logging.config.file=/Users/isturm/Documents/workspace-for-liferay-6.2.0/liferay-portal-6.2-ce-ga6/tomcat-7.0.62/conf/logging.properties
Sep 29, 2016 12:39:55 PM org.apache.catalina.startup.VersionLoggerListener log
INFORMATION: Command line argument: -Djava.io.tmpdir=/Users/isturm/Documents/workspace-for-liferay-6.2.0/liferay-portal-6.2-ce-ga6/tomcat-7.0.62/temp
Sep 29, 2016 12:39:55 PM org.apache.catalina.startup.VersionLoggerListener log
INFORMATION: Command line argument: -Dexternal-properties=/Users/isturm/Documents/workspace-for-liferay-6.2.0/liferay-portal-6.2-ce-ga6/portal-ide.properties
Sep 29, 2016 12:39:55 PM org.apache.catalina.startup.VersionLoggerListener log
INFORMATION: Command line argument: -Dcatalina.base=/Users/isturm/Documents/workspace-for-liferay-6.2.0/liferay-portal-6.2-ce-ga6/tomcat-7.0.62
Sep 29, 2016 12:39:55 PM org.apache.catalina.startup.VersionLoggerListener log
INFORMATION: Command line argument: -Dcatalina.home=/Users/isturm/Documents/workspace-for-liferay-6.2.0/liferay-portal-6.2-ce-ga6/tomcat-7.0.62
Sep 29, 2016 12:39:55 PM org.apache.catalina.startup.VersionLoggerListener log
INFORMATION: Command line argument: -Dwtp.deploy=/Users/isturm/Documents/workspace-for-liferay-6.2.0/liferay-portal-6.2-ce-ga6/tomcat-7.0.62/webapps
Sep 29, 2016 12:39:55 PM org.apache.catalina.startup.VersionLoggerListener log
INFORMATION: Command line argument: -Djava.endorsed.dirs=/Users/isturm/Documents/workspace-for-liferay-6.2.0/liferay-portal-6.2-ce-ga6/tomcat-7.0.62/endorsed
Sep 29, 2016 12:39:55 PM org.apache.catalina.startup.VersionLoggerListener log
INFORMATION: Command line argument: -Xmx1024m
Sep 29, 2016 12:39:55 PM org.apache.catalina.startup.VersionLoggerListener log
INFORMATION: Command line argument: -XX:MaxPermSize=512m
Sep 29, 2016 12:39:55 PM org.apache.catalina.startup.VersionLoggerListener log
INFORMATION: Command line argument: -Dfreemarker.debug.password=liferay
Sep 29, 2016 12:39:55 PM org.apache.catalina.startup.VersionLoggerListener log
INFORMATION: Command line argument: -Dfreemarker.debug.port=57676
Sep 29, 2016 12:39:55 PM org.apache.catalina.core.AprLifecycleListener lifecycleEvent
INFORMATION: The APR based Apache Tomcat Native library which allows optimal performance in production environments was not found on the java.library.path: /Users/isturm/Library/Java/Extensions:/Library/Java/Extensions:/Network/Library/Java/Extensions:/System/Library/Java/Extensions:/usr/lib/java:.
Sep 29, 2016 12:39:55 PM org.apache.coyote.AbstractProtocol init
INFORMATION: Initializing ProtocolHandler ["http-bio-8080"]
Sep 29, 2016 12:39:55 PM org.apache.coyote.AbstractProtocol init
INFORMATION: Initializing ProtocolHandler ["ajp-bio-8009"]
Sep 29, 2016 12:39:55 PM org.apache.catalina.startup.Catalina load
INFORMATION: Initialization processed in 930 ms
Sep 29, 2016 12:39:55 PM org.apache.catalina.core.StandardService startInternal
INFORMATION: Starting service Catalina
Sep 29, 2016 12:39:55 PM org.apache.catalina.core.StandardEngine startInternal
INFORMATION: Starting Servlet Engine: Apache Tomcat/7.0.62
Sep 29, 2016 12:39:55 PM org.apache.catalina.startup.HostConfig deployDescriptor
INFORMATION: Deploying configuration descriptor /Users/isturm/Documents/workspace-for-liferay-6.2.0/liferay-portal-6.2-ce-ga6/tomcat-7.0.62/conf/Catalina/localhost/ROOT.xml
Sep 29, 2016 12:40:11 PM org.apache.catalina.startup.TldConfig execute
INFORMATION: At least one JAR was scanned for TLDs yet contained no TLDs. Enable debug logging for this logger for a complete list of JARs that were scanned but no TLDs were found in them. Skipping unneeded JARs during scanning can improve startup time and JSP compilation time.
Sep 29, 2016 12:41:06 PM org.apache.catalina.startup.HostConfig deployDescriptor
INFORMATION: Deployment of configuration descriptor /Users/isturm/Documents/workspace-for-liferay-6.2.0/liferay-portal-6.2-ce-ga6/tomcat-7.0.62/conf/Catalina/localhost/ROOT.xml has finished in 71,148 ms
Sep 29, 2016 12:41:06 PM org.apache.catalina.startup.HostConfig deployDirectory
INFORMATION: Deploying web application directory /Users/isturm/Documents/workspace-for-liferay-6.2.0/liferay-portal-6.2-ce-ga6/tomcat-7.0.62/webapps/50JIT
Sep 29, 2016 12:41:07 PM org.apache.catalina.startup.TldConfig execute
INFORMATION: At least one JAR was scanned for TLDs yet contained no TLDs. Enable debug logging for this logger for a complete list of JARs that were scanned but no TLDs were found in them. Skipping unneeded JARs during scanning can improve startup time and JSP compilation time.
Sep 29, 2016 12:41:07 PM org.apache.catalina.startup.HostConfig deployDirectory
INFORMATION: Deployment of web application directory /Users/isturm/Documents/workspace-for-liferay-6.2.0/liferay-portal-6.2-ce-ga6/tomcat-7.0.62/webapps/50JIT has finished in 746 ms
Sep 29, 2016 12:41:07 PM org.apache.catalina.startup.HostConfig deployDirectory
INFORMATION: Deploying web application directory /Users/isturm/Documents/workspace-for-liferay-6.2.0/liferay-portal-6.2-ce-ga6/tomcat-7.0.62/webapps/abo
Sep 29, 2016 12:41:08 PM org.apache.catalina.startup.TldConfig execute
INFORMATION: At least one JAR was scanned for TLDs yet contained no TLDs. Enable debug logging for this logger for a complete list of JARs that were scanned but no TLDs were found in them. Skipping unneeded JARs during scanning can improve startup time and JSP compilation time.
Sep 29, 2016 12:41:08 PM org.apache.catalina.startup.HostConfig deployDirectory
INFORMATION: Deployment of web application directory /Users/isturm/Documents/workspace-for-liferay-6.2.0/liferay-portal-6.2-ce-ga6/tomcat-7.0.62/webapps/abo has finished in 685 ms
Sep 29, 2016 12:41:08 PM org.apache.catalina.startup.HostConfig deployDirectory
INFORMATION: Deploying web application directory /Users/isturm/Documents/workspace-for-liferay-6.2.0/liferay-portal-6.2-ce-ga6/tomcat-7.0.62/webapps/calendar-portlet
Sep 29, 2016 12:41:11 PM org.apache.catalina.startup.TldConfig execute
INFORMATION: At least one JAR was scanned for TLDs yet contained no TLDs. Enable debug logging for this logger for a complete list of JARs that were scanned but no TLDs were found in them. Skipping unneeded JARs during scanning can improve startup time and JSP compilation time.
Sep 29, 2016 12:41:11 PM org.apache.catalina.startup.HostConfig deployDirectory
INFORMATION: Deployment of web application directory /Users/isturm/Documents/workspace-for-liferay-6.2.0/liferay-portal-6.2-ce-ga6/tomcat-7.0.62/webapps/calendar-portlet has finished in 3,154 ms
Sep 29, 2016 12:41:11 PM org.apache.catalina.startup.HostConfig deployDirectory
INFORMATION: Deploying web application directory /Users/isturm/Documents/workspace-for-liferay-6.2.0/liferay-portal-6.2-ce-ga6/tomcat-7.0.62/webapps/campusInnovation
Sep 29, 2016 12:41:12 PM org.apache.catalina.startup.TldConfig execute
INFORMATION: At least one JAR was scanned for TLDs yet contained no TLDs. Enable debug logging for this logger for a complete list of JARs that were scanned but no TLDs were found in them. Skipping unneeded JARs during scanning can improve startup time and JSP compilation time.
Sep 29, 2016 12:41:12 PM org.apache.catalina.startup.HostConfig deployDirectory
INFORMATION: Deployment of web application directory /Users/isturm/Documents/workspace-for-liferay-6.2.0/liferay-portal-6.2-ce-ga6/tomcat-7.0.62/webapps/campusInnovation has finished in 657 ms
Sep 29, 2016 12:41:12 PM org.apache.catalina.startup.HostConfig deployDirectory
INFORMATION: Deploying web application directory /Users/isturm/Documents/workspace-for-liferay-6.2.0/liferay-portal-6.2-ce-ga6/tomcat-7.0.62/webapps/chapters
Sep 29, 2016 12:41:12 PM org.apache.catalina.startup.TldConfig execute
INFORMATION: At least one JAR was scanned for TLDs yet contained no TLDs. Enable debug logging for this logger for a complete list of JARs that were scanned but no TLDs were found in them. Skipping unneeded JARs during scanning can improve startup time and JSP compilation time.
Sep 29, 2016 12:41:12 PM org.apache.catalina.startup.HostConfig deployDirectory
INFORMATION: Deployment of web application directory /Users/isturm/Documents/workspace-for-liferay-6.2.0/liferay-portal-6.2-ce-ga6/tomcat-7.0.62/webapps/chapters has finished in 584 ms
Sep 29, 2016 12:41:12 PM org.apache.catalina.startup.HostConfig deployDirectory
INFORMATION: Deploying web application directory /Users/isturm/Documents/workspace-for-liferay-6.2.0/liferay-portal-6.2-ce-ga6/tomcat-7.0.62/webapps/commsy
Sep 29, 2016 12:41:13 PM org.apache.catalina.startup.TldConfig execute
INFORMATION: At least one JAR was scanned for TLDs yet contained no TLDs. Enable debug logging for this logger for a complete list of JARs that were scanned but no TLDs were found in them. Skipping unneeded JARs during scanning can improve startup time and JSP compilation time.
Sep 29, 2016 12:41:13 PM org.apache.catalina.startup.HostConfig deployDirectory
INFORMATION: Deployment of web application directory /Users/isturm/Documents/workspace-for-liferay-6.2.0/liferay-portal-6.2-ce-ga6/tomcat-7.0.62/webapps/commsy has finished in 618 ms
Sep 29, 2016 12:41:13 PM org.apache.catalina.startup.HostConfig deployDirectory
INFORMATION: Deploying web application directory /Users/isturm/Documents/workspace-for-liferay-6.2.0/liferay-portal-6.2-ce-ga6/tomcat-7.0.62/webapps/dini
Sep 29, 2016 12:41:13 PM org.apache.catalina.startup.TldConfig execute
INFORMATION: At least one JAR was scanned for TLDs yet contained no TLDs. Enable debug logging for this logger for a complete list of JARs that were scanned but no TLDs were found in them. Skipping unneeded JARs during scanning can improve startup time and JSP compilation time.
Sep 29, 2016 12:41:13 PM org.apache.catalina.startup.HostConfig deployDirectory
INFORMATION: Deployment of web application directory /Users/isturm/Documents/workspace-for-liferay-6.2.0/liferay-portal-6.2-ce-ga6/tomcat-7.0.62/webapps/dini has finished in 577 ms
Sep 29, 2016 12:41:13 PM org.apache.catalina.startup.HostConfig deployDirectory
INFORMATION: Deploying web application directory /Users/isturm/Documents/workspace-for-liferay-6.2.0/liferay-portal-6.2-ce-ga6/tomcat-7.0.62/webapps/download
Sep 29, 2016 12:41:13 PM org.apache.catalina.loader.WebappClassLoader validateJarFile
INFORMATION: validateJarFile(/Users/isturm/Documents/workspace-for-liferay-6.2.0/liferay-portal-6.2-ce-ga6/tomcat-7.0.62/webapps/download/WEB-INF/lib/servlet-api.jar) - jar not loaded. See Servlet Spec 3.0, section 10.7.2. Offending class: javax/servlet/Servlet.class
Sep 29, 2016 12:41:14 PM org.apache.catalina.startup.TldConfig execute
INFORMATION: At least one JAR was scanned for TLDs yet contained no TLDs. Enable debug logging for this logger for a complete list of JARs that were scanned but no TLDs were found in them. Skipping unneeded JARs during scanning can improve startup time and JSP compilation time.
Sep 29, 2016 12:41:14 PM org.apache.catalina.startup.HostConfig deployDirectory
INFORMATION: Deployment of web application directory /Users/isturm/Documents/workspace-for-liferay-6.2.0/liferay-portal-6.2-ce-ga6/tomcat-7.0.62/webapps/download has finished in 832 ms
Sep 29, 2016 12:41:14 PM org.apache.catalina.startup.HostConfig deployDirectory
INFORMATION: Deploying web application directory /Users/isturm/Documents/workspace-for-liferay-6.2.0/liferay-portal-6.2-ce-ga6/tomcat-7.0.62/webapps/flowplayer
Sep 29, 2016 12:41:15 PM org.apache.catalina.startup.TldConfig execute
INFORMATION: At least one JAR was scanned for TLDs yet contained no TLDs. Enable debug logging for this logger for a complete list of JARs that were scanned but no TLDs were found in them. Skipping unneeded JARs during scanning can improve startup time and JSP compilation time.
Sep 29, 2016 12:41:15 PM org.apache.catalina.startup.HostConfig deployDirectory
INFORMATION: Deployment of web application directory /Users/isturm/Documents/workspace-for-liferay-6.2.0/liferay-portal-6.2-ce-ga6/tomcat-7.0.62/webapps/flowplayer has finished in 538 ms
Sep 29, 2016 12:41:15 PM org.apache.catalina.startup.HostConfig deployDirectory
INFORMATION: Deploying web application directory /Users/isturm/Documents/workspace-for-liferay-6.2.0/liferay-portal-6.2-ce-ga6/tomcat-7.0.62/webapps/flowplayer3.1.0
Sep 29, 2016 12:41:15 PM org.apache.catalina.startup.TldConfig execute
INFORMATION: At least one JAR was scanned for TLDs yet contained no TLDs. Enable debug logging for this logger for a complete list of JARs that were scanned but no TLDs were found in them. Skipping unneeded JARs during scanning can improve startup time and JSP compilation time.
Sep 29, 2016 12:41:15 PM org.apache.catalina.startup.HostConfig deployDirectory
INFORMATION: Deployment of web application directory /Users/isturm/Documents/workspace-for-liferay-6.2.0/liferay-portal-6.2-ce-ga6/tomcat-7.0.62/webapps/flowplayer3.1.0 has finished in 572 ms
Sep 29, 2016 12:41:15 PM org.apache.catalina.startup.HostConfig deployDirectory
INFORMATION: Deploying web application directory /Users/isturm/Documents/workspace-for-liferay-6.2.0/liferay-portal-6.2-ce-ga6/tomcat-7.0.62/webapps/fp
Sep 29, 2016 12:41:16 PM org.apache.catalina.startup.TldConfig execute
INFORMATION: At least one JAR was scanned for TLDs yet contained no TLDs. Enable debug logging for this logger for a complete list of JARs that were scanned but no TLDs were found in them. Skipping unneeded JARs during scanning can improve startup time and JSP compilation time.
Sep 29, 2016 12:41:16 PM org.apache.catalina.startup.HostConfig deployDirectory
INFORMATION: Deployment of web application directory /Users/isturm/Documents/workspace-for-liferay-6.2.0/liferay-portal-6.2-ce-ga6/tomcat-7.0.62/webapps/fp has finished in 653 ms
Sep 29, 2016 12:41:16 PM org.apache.catalina.startup.HostConfig deployDirectory
INFORMATION: Deploying web application directory /Users/isturm/Documents/workspace-for-liferay-6.2.0/liferay-portal-6.2-ce-ga6/tomcat-7.0.62/webapps/gif
Sep 29, 2016 12:41:17 PM org.apache.catalina.startup.TldConfig execute
INFORMATION: At least one JAR was scanned for TLDs yet contained no TLDs. Enable debug logging for this logger for a complete list of JARs that were scanned but no TLDs were found in them. Skipping unneeded JARs during scanning can improve startup time and JSP compilation time.
Sep 29, 2016 12:41:17 PM org.apache.catalina.startup.HostConfig deployDirectory
INFORMATION: Deployment of web application directory /Users/isturm/Documents/workspace-for-liferay-6.2.0/liferay-portal-6.2-ce-ga6/tomcat-7.0.62/webapps/gif has finished in 623 ms
Sep 29, 2016 12:41:17 PM org.apache.catalina.startup.HostConfig deployDirectory
INFORMATION: Deploying web application directory /Users/isturm/Documents/workspace-for-liferay-6.2.0/liferay-portal-6.2-ce-ga6/tomcat-7.0.62/webapps/imagebuilder
Sep 29, 2016 12:41:17 PM org.apache.catalina.startup.TldConfig execute
INFORMATION: At least one JAR was scanned for TLDs yet contained no TLDs. Enable debug logging for this logger for a complete list of JARs that were scanned but no TLDs were found in them. Skipping unneeded JARs during scanning can improve startup time and JSP compilation time.
Sep 29, 2016 12:41:17 PM org.apache.catalina.core.StandardContext startInternal
SCHWERWIEGEND: One or more Filters failed to start. Full details will be found in the appropriate container log file
Sep 29, 2016 12:41:17 PM org.apache.catalina.core.StandardContext startInternal
SCHWERWIEGEND: Context [/imagebuilder] startup failed due to previous errors
Sep 29, 2016 12:41:17 PM org.apache.catalina.startup.HostConfig deployDirectory
INFORMATION: Deployment of web application directory /Users/isturm/Documents/workspace-for-liferay-6.2.0/liferay-portal-6.2-ce-ga6/tomcat-7.0.62/webapps/imagebuilder has finished in 710 ms
Sep 29, 2016 12:41:17 PM org.apache.catalina.startup.HostConfig deployDirectory
INFORMATION: Deploying web application directory /Users/isturm/Documents/workspace-for-liferay-6.2.0/liferay-portal-6.2-ce-ga6/tomcat-7.0.62/webapps/images
Sep 29, 2016 12:41:18 PM org.apache.catalina.startup.TldConfig execute
INFORMATION: At least one JAR was scanned for TLDs yet contained no TLDs. Enable debug logging for this logger for a complete list of JARs that were scanned but no TLDs were found in them. Skipping unneeded JARs during scanning can improve startup time and JSP compilation time.
Sep 29, 2016 12:41:18 PM org.apache.catalina.startup.HostConfig deployDirectory
INFORMATION: Deployment of web application directory /Users/isturm/Documents/workspace-for-liferay-6.2.0/liferay-portal-6.2-ce-ga6/tomcat-7.0.62/webapps/images has finished in 578 ms
Sep 29, 2016 12:41:18 PM org.apache.catalina.startup.HostConfig deployDirectory
INFORMATION: Deploying web application directory /Users/isturm/Documents/workspace-for-liferay-6.2.0/liferay-portal-6.2-ce-ga6/tomcat-7.0.62/webapps/ISC2009
Sep 29, 2016 12:41:18 PM org.apache.catalina.startup.TldConfig execute
INFORMATION: At least one JAR was scanned for TLDs yet contained no TLDs. Enable debug logging for this logger for a complete list of JARs that were scanned but no TLDs were found in them. Skipping unneeded JARs during scanning can improve startup time and JSP compilation time.
Sep 29, 2016 12:41:18 PM org.apache.catalina.startup.HostConfig deployDirectory
INFORMATION: Deployment of web application directory /Users/isturm/Documents/workspace-for-liferay-6.2.0/liferay-portal-6.2-ce-ga6/tomcat-7.0.62/webapps/ISC2009 has finished in 619 ms
Sep 29, 2016 12:41:18 PM org.apache.catalina.startup.HostConfig deployDirectory
INFORMATION: Deploying web application directory /Users/isturm/Documents/workspace-for-liferay-6.2.0/liferay-portal-6.2-ce-ga6/tomcat-7.0.62/webapps/jq
Sep 29, 2016 12:41:19 PM org.apache.catalina.startup.TldConfig execute
INFORMATION: At least one JAR was scanned for TLDs yet contained no TLDs. Enable debug logging for this logger for a complete list of JARs that were scanned but no TLDs were found in them. Skipping unneeded JARs during scanning can improve startup time and JSP compilation time.
Sep 29, 2016 12:41:19 PM org.apache.catalina.startup.HostConfig deployDirectory
INFORMATION: Deployment of web application directory /Users/isturm/Documents/workspace-for-liferay-6.2.0/liferay-portal-6.2-ce-ga6/tomcat-7.0.62/webapps/jq has finished in 674 ms
Sep 29, 2016 12:41:19 PM org.apache.catalina.startup.HostConfig deployDirectory
INFORMATION: Deploying web application directory /Users/isturm/Documents/workspace-for-liferay-6.2.0/liferay-portal-6.2-ce-ga6/tomcat-7.0.62/webapps/jquery
Sep 29, 2016 12:41:20 PM org.apache.catalina.startup.TldConfig execute
INFORMATION: At least one JAR was scanned for TLDs yet contained no TLDs. Enable debug logging for this logger for a complete list of JARs that were scanned but no TLDs were found in them. Skipping unneeded JARs during scanning can improve startup time and JSP compilation time.
Sep 29, 2016 12:41:20 PM org.apache.catalina.startup.HostConfig deployDirectory
INFORMATION: Deployment of web application directory /Users/isturm/Documents/workspace-for-liferay-6.2.0/liferay-portal-6.2-ce-ga6/tomcat-7.0.62/webapps/jquery has finished in 576 ms
Sep 29, 2016 12:41:20 PM org.apache.catalina.startup.HostConfig deployDirectory
INFORMATION: Deploying web application directory /Users/isturm/Documents/workspace-for-liferay-6.2.0/liferay-portal-6.2-ce-ga6/tomcat-7.0.62/webapps/jw
Sep 29, 2016 12:41:21 PM org.apache.catalina.startup.TldConfig execute
INFORMATION: At least one JAR was scanned for TLDs yet contained no TLDs. Enable debug logging for this logger for a complete list of JARs that were scanned but no TLDs were found in them. Skipping unneeded JARs during scanning can improve startup time and JSP compilation time.
Sep 29, 2016 12:41:21 PM org.apache.catalina.startup.HostConfig deployDirectory
INFORMATION: Deployment of web application directory /Users/isturm/Documents/workspace-for-liferay-6.2.0/liferay-portal-6.2-ce-ga6/tomcat-7.0.62/webapps/jw has finished in 1,159 ms
Sep 29, 2016 12:41:21 PM org.apache.catalina.startup.HostConfig deployDirectory
INFORMATION: Deploying web application directory /Users/isturm/Documents/workspace-for-liferay-6.2.0/liferay-portal-6.2-ce-ga6/tomcat-7.0.62/webapps/jw5.0
Sep 29, 2016 12:41:22 PM org.apache.catalina.startup.TldConfig execute
INFORMATION: At least one JAR was scanned for TLDs yet contained no TLDs. Enable debug logging for this logger for a complete list of JARs that were scanned but no TLDs were found in them. Skipping unneeded JARs during scanning can improve startup time and JSP compilation time.
Sep 29, 2016 12:41:22 PM org.apache.catalina.startup.HostConfig deployDirectory
INFORMATION: Deployment of web application directory /Users/isturm/Documents/workspace-for-liferay-6.2.0/liferay-portal-6.2-ce-ga6/tomcat-7.0.62/webapps/jw5.0 has finished in 667 ms
Sep 29, 2016 12:41:22 PM org.apache.catalina.startup.HostConfig deployDirectory
INFORMATION: Deploying web application directory /Users/isturm/Documents/workspace-for-liferay-6.2.0/liferay-portal-6.2-ce-ga6/tomcat-7.0.62/webapps/kaleo-web
Sep 29, 2016 12:41:25 PM org.apache.catalina.startup.TldConfig execute
INFORMATION: At least one JAR was scanned for TLDs yet contained no TLDs. Enable debug logging for this logger for a complete list of JARs that were scanned but no TLDs were found in them. Skipping unneeded JARs during scanning can improve startup time and JSP compilation time.
Sep 29, 2016 12:41:25 PM org.apache.catalina.startup.HostConfig deployDirectory
INFORMATION: Deployment of web application directory /Users/isturm/Documents/workspace-for-liferay-6.2.0/liferay-portal-6.2-ce-ga6/tomcat-7.0.62/webapps/kaleo-web has finished in 3,194 ms
Sep 29, 2016 12:41:25 PM org.apache.catalina.startup.HostConfig deployDirectory
INFORMATION: Deploying web application directory /Users/isturm/Documents/workspace-for-liferay-6.2.0/liferay-portal-6.2-ce-ga6/tomcat-7.0.62/webapps/lecture2go-hook
Sep 29, 2016 12:41:26 PM org.apache.catalina.startup.TldConfig execute
INFORMATION: At least one JAR was scanned for TLDs yet contained no TLDs. Enable debug logging for this logger for a complete list of JARs that were scanned but no TLDs were found in them. Skipping unneeded JARs during scanning can improve startup time and JSP compilation time.
Sep 29, 2016 12:41:26 PM org.apache.catalina.startup.HostConfig deployDirectory
INFORMATION: Deployment of web application directory /Users/isturm/Documents/workspace-for-liferay-6.2.0/liferay-portal-6.2-ce-ga6/tomcat-7.0.62/webapps/lecture2go-hook has finished in 869 ms
Sep 29, 2016 12:41:26 PM org.apache.catalina.startup.HostConfig deployDirectory
INFORMATION: Deploying web application directory /Users/isturm/Documents/workspace-for-liferay-6.2.0/liferay-portal-6.2-ce-ga6/tomcat-7.0.62/webapps/lecture2go-portlet
Sep 29, 2016 12:41:29 PM org.apache.catalina.startup.TldConfig execute
INFORMATION: At least one JAR was scanned for TLDs yet contained no TLDs. Enable debug logging for this logger for a complete list of JARs that were scanned but no TLDs were found in them. Skipping unneeded JARs during scanning can improve startup time and JSP compilation time.
Sep 29, 2016 12:41:29 PM org.apache.catalina.startup.HostConfig deployDirectory
INFORMATION: Deployment of web application directory /Users/isturm/Documents/workspace-for-liferay-6.2.0/liferay-portal-6.2-ce-ga6/tomcat-7.0.62/webapps/lecture2go-portlet has finished in 3,634 ms
Sep 29, 2016 12:41:29 PM org.apache.catalina.startup.HostConfig deployDirectory
INFORMATION: Deploying web application directory /Users/isturm/Documents/workspace-for-liferay-6.2.0/liferay-portal-6.2-ce-ga6/tomcat-7.0.62/webapps/lecture2go-theme
Sep 29, 2016 12:41:30 PM org.apache.catalina.startup.TldConfig execute
INFORMATION: At least one JAR was scanned for TLDs yet contained no TLDs. Enable debug logging for this logger for a complete list of JARs that were scanned but no TLDs were found in them. Skipping unneeded JARs during scanning can improve startup time and JSP compilation time.
Sep 29, 2016 12:41:30 PM org.apache.catalina.startup.HostConfig deployDirectory
INFORMATION: Deployment of web application directory /Users/isturm/Documents/workspace-for-liferay-6.2.0/liferay-portal-6.2-ce-ga6/tomcat-7.0.62/webapps/lecture2go-theme has finished in 819 ms
Sep 29, 2016 12:41:30 PM org.apache.catalina.startup.HostConfig deployDirectory
INFORMATION: Deploying web application directory /Users/isturm/Documents/workspace-for-liferay-6.2.0/liferay-portal-6.2-ce-ga6/tomcat-7.0.62/webapps/liferay-jedi-theme
Sep 29, 2016 12:41:31 PM org.apache.catalina.startup.TldConfig execute
INFORMATION: At least one JAR was scanned for TLDs yet contained no TLDs. Enable debug logging for this logger for a complete list of JARs that were scanned but no TLDs were found in them. Skipping unneeded JARs during scanning can improve startup time and JSP compilation time.
Sep 29, 2016 12:41:31 PM org.apache.catalina.startup.HostConfig deployDirectory
INFORMATION: Deployment of web application directory /Users/isturm/Documents/workspace-for-liferay-6.2.0/liferay-portal-6.2-ce-ga6/tomcat-7.0.62/webapps/liferay-jedi-theme has finished in 584 ms
Sep 29, 2016 12:41:31 PM org.apache.catalina.startup.HostConfig deployDirectory
INFORMATION: Deploying web application directory /Users/isturm/Documents/workspace-for-liferay-6.2.0/liferay-portal-6.2-ce-ga6/tomcat-7.0.62/webapps/logo
Sep 29, 2016 12:41:31 PM org.apache.catalina.startup.TldConfig execute
INFORMATION: At least one JAR was scanned for TLDs yet contained no TLDs. Enable debug logging for this logger for a complete list of JARs that were scanned but no TLDs were found in them. Skipping unneeded JARs during scanning can improve startup time and JSP compilation time.
Sep 29, 2016 12:41:31 PM org.apache.catalina.startup.HostConfig deployDirectory
INFORMATION: Deployment of web application directory /Users/isturm/Documents/workspace-for-liferay-6.2.0/liferay-portal-6.2-ce-ga6/tomcat-7.0.62/webapps/logo has finished in 579 ms
Sep 29, 2016 12:41:31 PM org.apache.catalina.startup.HostConfig deployDirectory
INFORMATION: Deploying web application directory /Users/isturm/Documents/workspace-for-liferay-6.2.0/liferay-portal-6.2-ce-ga6/tomcat-7.0.62/webapps/marketplace-portlet
Sep 29, 2016 12:41:32 PM org.apache.catalina.startup.TldConfig execute
INFORMATION: At least one JAR was scanned for TLDs yet contained no TLDs. Enable debug logging for this logger for a complete list of JARs that were scanned but no TLDs were found in them. Skipping unneeded JARs during scanning can improve startup time and JSP compilation time.
Sep 29, 2016 12:41:54 PM org.apache.catalina.startup.HostConfig deployDirectory
INFORMATION: Deployment of web application directory /Users/isturm/Documents/workspace-for-liferay-6.2.0/liferay-portal-6.2-ce-ga6/tomcat-7.0.62/webapps/marketplace-portlet has finished in 22,709 ms
Sep 29, 2016 12:41:54 PM org.apache.catalina.startup.HostConfig deployDirectory
INFORMATION: Deploying web application directory /Users/isturm/Documents/workspace-for-liferay-6.2.0/liferay-portal-6.2-ce-ga6/tomcat-7.0.62/webapps/migration-portlet
Sep 29, 2016 12:41:59 PM org.apache.catalina.startup.TldConfig execute
INFORMATION: At least one JAR was scanned for TLDs yet contained no TLDs. Enable debug logging for this logger for a complete list of JARs that were scanned but no TLDs were found in them. Skipping unneeded JARs during scanning can improve startup time and JSP compilation time.
Sep 29, 2016 12:42:06 PM org.apache.catalina.startup.HostConfig deployDirectory
INFORMATION: Deployment of web application directory /Users/isturm/Documents/workspace-for-liferay-6.2.0/liferay-portal-6.2-ce-ga6/tomcat-7.0.62/webapps/migration-portlet has finished in 12,216 ms
Sep 29, 2016 12:42:06 PM org.apache.catalina.startup.HostConfig deployDirectory
INFORMATION: Deploying web application directory /Users/isturm/Documents/workspace-for-liferay-6.2.0/liferay-portal-6.2-ce-ga6/tomcat-7.0.62/webapps/notifications-portlet
Sep 29, 2016 12:42:10 PM org.apache.catalina.startup.TldConfig execute
INFORMATION: At least one JAR was scanned for TLDs yet contained no TLDs. Enable debug logging for this logger for a complete list of JARs that were scanned but no TLDs were found in them. Skipping unneeded JARs during scanning can improve startup time and JSP compilation time.
Sep 29, 2016 12:42:14 PM org.apache.catalina.startup.HostConfig deployDirectory
INFORMATION: Deployment of web application directory /Users/isturm/Documents/workspace-for-liferay-6.2.0/liferay-portal-6.2-ce-ga6/tomcat-7.0.62/webapps/notifications-portlet has finished in 8,002 ms
Sep 29, 2016 12:42:14 PM org.apache.catalina.startup.HostConfig deployDirectory
INFORMATION: Deploying web application directory /Users/isturm/Documents/workspace-for-liferay-6.2.0/liferay-portal-6.2-ce-ga6/tomcat-7.0.62/webapps/opensocial-portlet
Sep 29, 2016 12:42:18 PM org.apache.catalina.startup.TldConfig execute
INFORMATION: At least one JAR was scanned for TLDs yet contained no TLDs. Enable debug logging for this logger for a complete list of JARs that were scanned but no TLDs were found in them. Skipping unneeded JARs during scanning can improve startup time and JSP compilation time.
Sep 29, 2016 12:42:23 PM org.apache.catalina.startup.HostConfig deployDirectory
INFORMATION: Deployment of web application directory /Users/isturm/Documents/workspace-for-liferay-6.2.0/liferay-portal-6.2-ce-ga6/tomcat-7.0.62/webapps/opensocial-portlet has finished in 8,474 ms
Sep 29, 2016 12:42:23 PM org.apache.catalina.startup.HostConfig deployDirectory
INFORMATION: Deploying web application directory /Users/isturm/Documents/workspace-for-liferay-6.2.0/liferay-portal-6.2-ce-ga6/tomcat-7.0.62/webapps/player
Sep 29, 2016 12:42:24 PM org.apache.catalina.startup.TldConfig execute
INFORMATION: At least one JAR was scanned for TLDs yet contained no TLDs. Enable debug logging for this logger for a complete list of JARs that were scanned but no TLDs were found in them. Skipping unneeded JARs during scanning can improve startup time and JSP compilation time.
Sep 29, 2016 12:42:24 PM org.apache.catalina.startup.HostConfig deployDirectory
INFORMATION: Deployment of web application directory /Users/isturm/Documents/workspace-for-liferay-6.2.0/liferay-portal-6.2-ce-ga6/tomcat-7.0.62/webapps/player has finished in 1,470 ms
Sep 29, 2016 12:42:24 PM org.apache.catalina.startup.HostConfig deployDirectory
INFORMATION: Deploying web application directory /Users/isturm/Documents/workspace-for-liferay-6.2.0/liferay-portal-6.2-ce-ga6/tomcat-7.0.62/webapps/portal
Sep 29, 2016 12:42:26 PM org.apache.catalina.startup.TldConfig execute
INFORMATION: At least one JAR was scanned for TLDs yet contained no TLDs. Enable debug logging for this logger for a complete list of JARs that were scanned but no TLDs were found in them. Skipping unneeded JARs during scanning can improve startup time and JSP compilation time.
Sep 29, 2016 12:42:26 PM org.apache.catalina.startup.HostConfig deployDirectory
INFORMATION: Deployment of web application directory /Users/isturm/Documents/workspace-for-liferay-6.2.0/liferay-portal-6.2-ce-ga6/tomcat-7.0.62/webapps/portal has finished in 1,560 ms
Sep 29, 2016 12:42:26 PM org.apache.catalina.startup.HostConfig deployDirectory
INFORMATION: Deploying web application directory /Users/isturm/Documents/workspace-for-liferay-6.2.0/liferay-portal-6.2-ce-ga6/tomcat-7.0.62/webapps/resources-importer-web
Sep 29, 2016 12:42:26 PM org.apache.shindig.config.JsonContainerConfig loadContainers
INFORMATION: Loading resources from: containers/default/container.js
Sep 29, 2016 12:42:26 PM org.apache.shindig.config.JsonContainerConfig loadResources
INFORMATION: Reading container config: containers/default/container.js
Sep 29, 2016 12:42:26 PM org.apache.shindig.gadgets.features.FeatureRegistry register
INFORMATION: Loading resources from: res:features-extras/features.txt
Sep 29, 2016 12:42:26 PM org.apache.shindig.common.xml.XmlUtil <clinit>
INFORMATION: Reusing document builders
Sep 29, 2016 12:42:27 PM org.apache.shindig.gadgets.features.FeatureRegistry register
INFORMATION: Loading resources from: res:features/features.txt
Sep 29, 2016 12:42:27 PM org.apache.catalina.startup.TldConfig execute
INFORMATION: At least one JAR was scanned for TLDs yet contained no TLDs. Enable debug logging for this logger for a complete list of JARs that were scanned but no TLDs were found in them. Skipping unneeded JARs during scanning can improve startup time and JSP compilation time.
Sep 29, 2016 12:42:27 PM org.apache.catalina.startup.HostConfig deployDirectory
INFORMATION: Deployment of web application directory /Users/isturm/Documents/workspace-for-liferay-6.2.0/liferay-portal-6.2-ce-ga6/tomcat-7.0.62/webapps/resources-importer-web has finished in 1,722 ms
Sep 29, 2016 12:42:27 PM org.apache.catalina.startup.HostConfig deployDirectory
INFORMATION: Deploying web application directory /Users/isturm/Documents/workspace-for-liferay-6.2.0/liferay-portal-6.2-ce-ga6/tomcat-7.0.62/webapps/rss
Sep 29, 2016 12:42:27 PM org.apache.shindig.gadgets.servlet.CajaContentRewriter <init>
INFORMATION: Cajoled cache createdorg.apache.shindig.common.cache.ehcache.EhConfiguredCache@42ccd84b
Sep 29, 2016 12:42:28 PM org.apache.shindig.gadgets.servlet.CajaContentRewriter <init>
INFORMATION: Cajoled cache createdorg.apache.shindig.common.cache.ehcache.EhConfiguredCache@42ccd84b
Sep 29, 2016 12:42:28 PM org.apache.shindig.gadgets.oauth.OAuthModule$OAuthCrypterProvider <init>
INFORMATION: Using random key for OAuth client-side state encryption
Sep 29, 2016 12:42:28 PM org.apache.catalina.startup.TldConfig execute
INFORMATION: At least one JAR was scanned for TLDs yet contained no TLDs. Enable debug logging for this logger for a complete list of JARs that were scanned but no TLDs were found in them. Skipping unneeded JARs during scanning can improve startup time and JSP compilation time.
Sep 29, 2016 12:42:28 PM org.apache.catalina.startup.HostConfig deployDirectory
INFORMATION: Deployment of web application directory /Users/isturm/Documents/workspace-for-liferay-6.2.0/liferay-portal-6.2-ce-ga6/tomcat-7.0.62/webapps/rss has finished in 767 ms
Sep 29, 2016 12:42:28 PM org.apache.catalina.startup.HostConfig deployDirectory
INFORMATION: Deploying web application directory /Users/isturm/Documents/workspace-for-liferay-6.2.0/liferay-portal-6.2-ce-ga6/tomcat-7.0.62/webapps/servlet-file-upload
Sep 29, 2016 12:42:28 PM org.apache.catalina.loader.WebappClassLoader validateJarFile
INFORMATION: validateJarFile(/Users/isturm/Documents/workspace-for-liferay-6.2.0/liferay-portal-6.2-ce-ga6/tomcat-7.0.62/webapps/servlet-file-upload/WEB-INF/lib/javax.servlet-api-3.1.0.jar) - jar not loaded. See Servlet Spec 3.0, section 10.7.2. Offending class: javax/servlet/Servlet.class
Sep 29, 2016 12:42:29 PM org.apache.catalina.startup.TldConfig execute
INFORMATION: At least one JAR was scanned for TLDs yet contained no TLDs. Enable debug logging for this logger for a complete list of JARs that were scanned but no TLDs were found in them. Skipping unneeded JARs during scanning can improve startup time and JSP compilation time.
Sep 29, 2016 12:42:30 PM org.apache.catalina.startup.HostConfig deployDirectory
INFORMATION: Deployment of web application directory /Users/isturm/Documents/workspace-for-liferay-6.2.0/liferay-portal-6.2-ce-ga6/tomcat-7.0.62/webapps/servlet-file-upload has finished in 1,362 ms
Sep 29, 2016 12:42:30 PM org.apache.catalina.startup.HostConfig deployDirectory
INFORMATION: Deploying web application directory /Users/isturm/Documents/workspace-for-liferay-6.2.0/liferay-portal-6.2-ce-ga6/tomcat-7.0.62/webapps/strobemediaplayer
Sep 29, 2016 12:42:30 PM org.apache.catalina.startup.TldConfig execute
INFORMATION: At least one JAR was scanned for TLDs yet contained no TLDs. Enable debug logging for this logger for a complete list of JARs that were scanned but no TLDs were found in them. Skipping unneeded JARs during scanning can improve startup time and JSP compilation time.
Sep 29, 2016 12:42:30 PM org.apache.catalina.startup.HostConfig deployDirectory
INFORMATION: Deployment of web application directory /Users/isturm/Documents/workspace-for-liferay-6.2.0/liferay-portal-6.2-ce-ga6/tomcat-7.0.62/webapps/strobemediaplayer has finished in 604 ms
Sep 29, 2016 12:42:30 PM org.apache.catalina.startup.HostConfig deployDirectory
INFORMATION: Deploying web application directory /Users/isturm/Documents/workspace-for-liferay-6.2.0/liferay-portal-6.2-ce-ga6/tomcat-7.0.62/webapps/swfobject
Sep 29, 2016 12:42:31 PM org.apache.catalina.startup.TldConfig execute
INFORMATION: At least one JAR was scanned for TLDs yet contained no TLDs. Enable debug logging for this logger for a complete list of JARs that were scanned but no TLDs were found in them. Skipping unneeded JARs during scanning can improve startup time and JSP compilation time.
Sep 29, 2016 12:42:31 PM org.apache.catalina.startup.HostConfig deployDirectory
INFORMATION: Deployment of web application directory /Users/isturm/Documents/workspace-for-liferay-6.2.0/liferay-portal-6.2-ce-ga6/tomcat-7.0.62/webapps/swfobject has finished in 632 ms
Sep 29, 2016 12:42:31 PM org.apache.catalina.startup.HostConfig deployDirectory
INFORMATION: Deploying web application directory /Users/isturm/Documents/workspace-for-liferay-6.2.0/liferay-portal-6.2-ce-ga6/tomcat-7.0.62/webapps/sync-web
Sep 29, 2016 12:42:33 PM org.apache.catalina.startup.TldConfig execute
INFORMATION: At least one JAR was scanned for TLDs yet contained no TLDs. Enable debug logging for this logger for a complete list of JARs that were scanned but no TLDs were found in them. Skipping unneeded JARs during scanning can improve startup time and JSP compilation time.
Sep 29, 2016 12:42:35 PM org.apache.catalina.startup.HostConfig deployDirectory
INFORMATION: Deployment of web application directory /Users/isturm/Documents/workspace-for-liferay-6.2.0/liferay-portal-6.2-ce-ga6/tomcat-7.0.62/webapps/sync-web has finished in 3,792 ms
Sep 29, 2016 12:42:35 PM org.apache.catalina.startup.HostConfig deployDirectory
INFORMATION: Deploying web application directory /Users/isturm/Documents/workspace-for-liferay-6.2.0/liferay-portal-6.2-ce-ga6/tomcat-7.0.62/webapps/veranstaltung
Sep 29, 2016 12:42:35 PM org.apache.catalina.startup.TldConfig execute
INFORMATION: At least one JAR was scanned for TLDs yet contained no TLDs. Enable debug logging for this logger for a complete list of JARs that were scanned but no TLDs were found in them. Skipping unneeded JARs during scanning can improve startup time and JSP compilation time.
Sep 29, 2016 12:42:35 PM org.apache.catalina.startup.HostConfig deployDirectory
INFORMATION: Deployment of web application directory /Users/isturm/Documents/workspace-for-liferay-6.2.0/liferay-portal-6.2-ce-ga6/tomcat-7.0.62/webapps/veranstaltung has finished in 664 ms
Sep 29, 2016 12:42:35 PM org.apache.catalina.startup.HostConfig deployDirectory
INFORMATION: Deploying web application directory /Users/isturm/Documents/workspace-for-liferay-6.2.0/liferay-portal-6.2-ce-ga6/tomcat-7.0.62/webapps/wasserzeichen
Sep 29, 2016 12:42:36 PM org.apache.catalina.startup.TldConfig execute
INFORMATION: At least one JAR was scanned for TLDs yet contained no TLDs. Enable debug logging for this logger for a complete list of JARs that were scanned but no TLDs were found in them. Skipping unneeded JARs during scanning can improve startup time and JSP compilation time.
Sep 29, 2016 12:42:36 PM org.apache.catalina.startup.HostConfig deployDirectory
INFORMATION: Deployment of web application directory /Users/isturm/Documents/workspace-for-liferay-6.2.0/liferay-portal-6.2-ce-ga6/tomcat-7.0.62/webapps/wasserzeichen has finished in 710 ms
Sep 29, 2016 12:42:36 PM org.apache.catalina.startup.HostConfig deployDirectory
INFORMATION: Deploying web application directory /Users/isturm/Documents/workspace-for-liferay-6.2.0/liferay-portal-6.2-ce-ga6/tomcat-7.0.62/webapps/web-form-portlet
Sep 29, 2016 12:42:37 PM org.apache.catalina.startup.TldConfig execute
INFORMATION: At least one JAR was scanned for TLDs yet contained no TLDs. Enable debug logging for this logger for a complete list of JARs that were scanned but no TLDs were found in them. Skipping unneeded JARs during scanning can improve startup time and JSP compilation time.
Sep 29, 2016 12:42:37 PM org.apache.catalina.startup.HostConfig deployDirectory
INFORMATION: Deployment of web application directory /Users/isturm/Documents/workspace-for-liferay-6.2.0/liferay-portal-6.2-ce-ga6/tomcat-7.0.62/webapps/web-form-portlet has finished in 972 ms
Sep 29, 2016 12:42:37 PM org.apache.coyote.AbstractProtocol start
INFORMATION: Starting ProtocolHandler ["http-bio-8080"]
Sep 29, 2016 12:42:37 PM org.apache.coyote.AbstractProtocol start
INFORMATION: Starting ProtocolHandler ["ajp-bio-8009"]
Sep 29, 2016 12:42:37 PM org.apache.catalina.startup.Catalina start
INFORMATION: Server startup in 161857 ms
Sep 29, 2016 12:57:48 PM org.apache.catalina.startup.HostConfig undeploy
INFORMATION: Undeploying context [/lecture2go-portlet]
Sep 29, 2016 12:57:49 PM org.apache.catalina.startup.HostConfig deployDirectory
INFORMATION: Deploying web application directory /Users/isturm/Documents/workspace-for-liferay-6.2.0/liferay-portal-6.2-ce-ga6/tomcat-7.0.62/webapps/lecture2go-portlet
Sep 29, 2016 12:57:54 PM org.apache.catalina.startup.TldConfig execute
INFORMATION: At least one JAR was scanned for TLDs yet contained no TLDs. Enable debug logging for this logger for a complete list of JARs that were scanned but no TLDs were found in them. Skipping unneeded JARs during scanning can improve startup time and JSP compilation time.
Sep 29, 2016 12:58:01 PM org.apache.catalina.startup.HostConfig deployDirectory
INFORMATION: Deployment of web application directory /Users/isturm/Documents/workspace-for-liferay-6.2.0/liferay-portal-6.2-ce-ga6/tomcat-7.0.62/webapps/lecture2go-portlet has finished in 12,547 ms
