Nov 08, 2016 9:30:59 AM org.apache.catalina.startup.HostConfig undeploy
INFORMATION: Undeploying context [/lecture2go-portlet]
Nov 08, 2016 9:31:00 AM org.apache.catalina.startup.HostConfig deployDirectory
INFORMATION: Deploying web application directory /Users/isturm/Documents/workspace-for-liferay-6.2.0/liferay-portal-6.2-ce-ga6/tomcat-7.0.62/webapps/lecture2go-portlet
Nov 08, 2016 9:31:06 AM org.apache.catalina.startup.TldConfig execute
INFORMATION: At least one JAR was scanned for TLDs yet contained no TLDs. Enable debug logging for this logger for a complete list of JARs that were scanned but no TLDs were found in them. Skipping unneeded JARs during scanning can improve startup time and JSP compilation time.
Nov 08, 2016 9:31:11 AM org.apache.catalina.startup.HostConfig deployDirectory
INFORMATION: Deployment of web application directory /Users/isturm/Documents/workspace-for-liferay-6.2.0/liferay-portal-6.2-ce-ga6/tomcat-7.0.62/webapps/lecture2go-portlet has finished in 10,972 ms
Nov 08, 2016 9:33:21 AM org.apache.catalina.startup.HostConfig undeploy
INFORMATION: Undeploying context [/lecture2go-portlet]
Nov 08, 2016 9:33:22 AM org.apache.catalina.startup.HostConfig deployDirectory
INFORMATION: Deploying web application directory /Users/isturm/Documents/workspace-for-liferay-6.2.0/liferay-portal-6.2-ce-ga6/tomcat-7.0.62/webapps/lecture2go-portlet
Nov 08, 2016 9:33:26 AM org.apache.catalina.startup.TldConfig execute
INFORMATION: At least one JAR was scanned for TLDs yet contained no TLDs. Enable debug logging for this logger for a complete list of JARs that were scanned but no TLDs were found in them. Skipping unneeded JARs during scanning can improve startup time and JSP compilation time.
Nov 08, 2016 9:33:32 AM org.apache.catalina.startup.HostConfig deployDirectory
INFORMATION: Deployment of web application directory /Users/isturm/Documents/workspace-for-liferay-6.2.0/liferay-portal-6.2-ce-ga6/tomcat-7.0.62/webapps/lecture2go-portlet has finished in 10,432 ms
Nov 08, 2016 10:24:19 AM org.apache.catalina.startup.HostConfig reload
INFORMATION: Reloading context [/lecture2go-theme]
Nov 08, 2016 10:24:19 AM org.apache.catalina.core.StandardContext reload
INFORMATION: Reloading Context with name [/lecture2go-theme] has started
Nov 08, 2016 10:24:20 AM org.apache.catalina.startup.TldConfig execute
INFORMATION: At least one JAR was scanned for TLDs yet contained no TLDs. Enable debug logging for this logger for a complete list of JARs that were scanned but no TLDs were found in them. Skipping unneeded JARs during scanning can improve startup time and JSP compilation time.
Nov 08, 2016 10:24:21 AM org.apache.catalina.core.StandardContext reload
INFORMATION: Reloading Context with name [/lecture2go-theme] is completed
Nov 08, 2016 10:26:33 AM org.apache.catalina.startup.HostConfig reload
INFORMATION: Reloading context [/lecture2go-theme]
Nov 08, 2016 10:26:33 AM org.apache.catalina.core.StandardContext reload
INFORMATION: Reloading Context with name [/lecture2go-theme] has started
Nov 08, 2016 10:26:34 AM org.apache.catalina.startup.TldConfig execute
INFORMATION: At least one JAR was scanned for TLDs yet contained no TLDs. Enable debug logging for this logger for a complete list of JARs that were scanned but no TLDs were found in them. Skipping unneeded JARs during scanning can improve startup time and JSP compilation time.
Nov 08, 2016 10:26:38 AM org.apache.catalina.core.StandardContext reload
INFORMATION: Reloading Context with name [/lecture2go-theme] is completed
Nov 08, 2016 10:29:58 AM org.apache.catalina.startup.HostConfig reload
INFORMATION: Reloading context [/lecture2go-theme]
Nov 08, 2016 10:29:58 AM org.apache.catalina.core.StandardContext reload
INFORMATION: Reloading Context with name [/lecture2go-theme] has started
Nov 08, 2016 10:29:59 AM org.apache.catalina.startup.TldConfig execute
INFORMATION: At least one JAR was scanned for TLDs yet contained no TLDs. Enable debug logging for this logger for a complete list of JARs that were scanned but no TLDs were found in them. Skipping unneeded JARs during scanning can improve startup time and JSP compilation time.
Nov 08, 2016 10:29:59 AM org.apache.catalina.core.StandardContext reload
INFORMATION: Reloading Context with name [/lecture2go-theme] is completed
Nov 08, 2016 10:51:30 AM org.apache.catalina.startup.HostConfig reload
INFORMATION: Reloading context [/lecture2go-theme]
Nov 08, 2016 10:51:30 AM org.apache.catalina.core.StandardContext reload
INFORMATION: Reloading Context with name [/lecture2go-theme] has started
Nov 08, 2016 10:51:30 AM org.apache.catalina.loader.WebappClassLoader clearReferencesThreads
SCHWERWIEGEND: The web application [/lecture2go-theme] is still processing a request that has yet to finish. This is very likely to create a memory leak. You can control the time allowed for requests to finish by using the unloadDelay attribute of the standard Context implementation.
Nov 08, 2016 10:51:31 AM org.apache.catalina.startup.TldConfig execute
INFORMATION: At least one JAR was scanned for TLDs yet contained no TLDs. Enable debug logging for this logger for a complete list of JARs that were scanned but no TLDs were found in them. Skipping unneeded JARs during scanning can improve startup time and JSP compilation time.
Nov 08, 2016 10:51:31 AM org.apache.catalina.core.StandardContext reload
INFORMATION: Reloading Context with name [/lecture2go-theme] is completed
Nov 08, 2016 10:56:32 AM org.apache.catalina.startup.HostConfig reload
INFORMATION: Reloading context [/lecture2go-theme]
Nov 08, 2016 10:56:32 AM org.apache.catalina.core.StandardContext reload
INFORMATION: Reloading Context with name [/lecture2go-theme] has started
Nov 08, 2016 10:56:35 AM org.apache.catalina.startup.TldConfig execute
INFORMATION: At least one JAR was scanned for TLDs yet contained no TLDs. Enable debug logging for this logger for a complete list of JARs that were scanned but no TLDs were found in them. Skipping unneeded JARs during scanning can improve startup time and JSP compilation time.
Nov 08, 2016 10:56:35 AM org.apache.catalina.core.StandardContext reload
INFORMATION: Reloading Context with name [/lecture2go-theme] is completed
Nov 08, 2016 11:23:06 AM org.apache.catalina.startup.HostConfig undeploy
INFORMATION: Undeploying context [/lecture2go-portlet]
Nov 08, 2016 11:23:08 AM org.apache.catalina.startup.HostConfig deployDirectory
INFORMATION: Deploying web application directory /Users/isturm/Documents/workspace-for-liferay-6.2.0/liferay-portal-6.2-ce-ga6/tomcat-7.0.62/webapps/lecture2go-portlet
Nov 08, 2016 11:23:12 AM org.apache.catalina.startup.TldConfig execute
INFORMATION: At least one JAR was scanned for TLDs yet contained no TLDs. Enable debug logging for this logger for a complete list of JARs that were scanned but no TLDs were found in them. Skipping unneeded JARs during scanning can improve startup time and JSP compilation time.
Nov 08, 2016 11:23:19 AM org.apache.catalina.startup.HostConfig deployDirectory
INFORMATION: Deployment of web application directory /Users/isturm/Documents/workspace-for-liferay-6.2.0/liferay-portal-6.2-ce-ga6/tomcat-7.0.62/webapps/lecture2go-portlet has finished in 11,785 ms
Nov 08, 2016 11:33:50 AM org.apache.catalina.startup.HostConfig undeploy
INFORMATION: Undeploying context [/lecture2go-portlet]
Nov 08, 2016 11:33:51 AM org.apache.catalina.startup.HostConfig deployDirectory
INFORMATION: Deploying web application directory /Users/isturm/Documents/workspace-for-liferay-6.2.0/liferay-portal-6.2-ce-ga6/tomcat-7.0.62/webapps/lecture2go-portlet
Nov 08, 2016 11:33:55 AM org.apache.catalina.startup.TldConfig execute
INFORMATION: At least one JAR was scanned for TLDs yet contained no TLDs. Enable debug logging for this logger for a complete list of JARs that were scanned but no TLDs were found in them. Skipping unneeded JARs during scanning can improve startup time and JSP compilation time.
Nov 08, 2016 11:34:02 AM org.apache.catalina.startup.HostConfig deployDirectory
INFORMATION: Deployment of web application directory /Users/isturm/Documents/workspace-for-liferay-6.2.0/liferay-portal-6.2-ce-ga6/tomcat-7.0.62/webapps/lecture2go-portlet has finished in 11,845 ms
Nov 08, 2016 11:46:04 AM org.apache.catalina.startup.HostConfig reload
INFORMATION: Reloading context [/lecture2go-theme]
Nov 08, 2016 11:46:04 AM org.apache.catalina.core.StandardContext reload
INFORMATION: Reloading Context with name [/lecture2go-theme] has started
Nov 08, 2016 11:46:08 AM org.apache.catalina.startup.TldConfig execute
INFORMATION: At least one JAR was scanned for TLDs yet contained no TLDs. Enable debug logging for this logger for a complete list of JARs that were scanned but no TLDs were found in them. Skipping unneeded JARs during scanning can improve startup time and JSP compilation time.
Nov 08, 2016 11:46:08 AM org.apache.catalina.core.StandardContext reload
INFORMATION: Reloading Context with name [/lecture2go-theme] is completed
Nov 08, 2016 11:55:54 AM org.apache.catalina.startup.HostConfig reload
INFORMATION: Reloading context [/lecture2go-theme]
Nov 08, 2016 11:55:54 AM org.apache.catalina.core.StandardContext reload
INFORMATION: Reloading Context with name [/lecture2go-theme] has started
Nov 08, 2016 11:55:56 AM org.apache.catalina.startup.TldConfig execute
INFORMATION: At least one JAR was scanned for TLDs yet contained no TLDs. Enable debug logging for this logger for a complete list of JARs that were scanned but no TLDs were found in them. Skipping unneeded JARs during scanning can improve startup time and JSP compilation time.
Nov 08, 2016 11:55:57 AM org.apache.catalina.core.StandardContext reload
INFORMATION: Reloading Context with name [/lecture2go-theme] is completed
Nov 08, 2016 11:57:17 AM org.apache.catalina.startup.HostConfig reload
INFORMATION: Reloading context [/lecture2go-theme]
Nov 08, 2016 11:57:17 AM org.apache.catalina.core.StandardContext reload
INFORMATION: Reloading Context with name [/lecture2go-theme] has started
Nov 08, 2016 11:57:19 AM org.apache.catalina.startup.TldConfig execute
INFORMATION: At least one JAR was scanned for TLDs yet contained no TLDs. Enable debug logging for this logger for a complete list of JARs that were scanned but no TLDs were found in them. Skipping unneeded JARs during scanning can improve startup time and JSP compilation time.
Nov 08, 2016 11:57:20 AM org.apache.catalina.core.StandardContext reload
INFORMATION: Reloading Context with name [/lecture2go-theme] is completed
Nov 08, 2016 11:57:20 AM org.apache.catalina.startup.HostConfig undeploy
INFORMATION: Undeploying context [/lecture2go-portlet]
Nov 08, 2016 11:57:20 AM org.apache.catalina.startup.HostConfig deployDirectory
INFORMATION: Deploying web application directory /Users/isturm/Documents/workspace-for-liferay-6.2.0/liferay-portal-6.2-ce-ga6/tomcat-7.0.62/webapps/lecture2go-portlet
Nov 08, 2016 11:57:24 AM org.apache.catalina.startup.TldConfig execute
INFORMATION: At least one JAR was scanned for TLDs yet contained no TLDs. Enable debug logging for this logger for a complete list of JARs that were scanned but no TLDs were found in them. Skipping unneeded JARs during scanning can improve startup time and JSP compilation time.
Nov 08, 2016 11:57:38 AM org.apache.catalina.startup.HostConfig deployDirectory
INFORMATION: Deployment of web application directory /Users/isturm/Documents/workspace-for-liferay-6.2.0/liferay-portal-6.2-ce-ga6/tomcat-7.0.62/webapps/lecture2go-portlet has finished in 17,972 ms
Nov 08, 2016 12:05:54 PM org.apache.catalina.startup.HostConfig undeploy
INFORMATION: Undeploying context [/lecture2go-portlet]
Nov 08, 2016 12:05:54 PM org.apache.catalina.startup.HostConfig deployDirectory
INFORMATION: Deploying web application directory /Users/isturm/Documents/workspace-for-liferay-6.2.0/liferay-portal-6.2-ce-ga6/tomcat-7.0.62/webapps/lecture2go-portlet
Nov 08, 2016 12:06:00 PM org.apache.catalina.startup.TldConfig execute
INFORMATION: At least one JAR was scanned for TLDs yet contained no TLDs. Enable debug logging for this logger for a complete list of JARs that were scanned but no TLDs were found in them. Skipping unneeded JARs during scanning can improve startup time and JSP compilation time.
Nov 08, 2016 12:06:10 PM org.apache.catalina.startup.HostConfig deployDirectory
INFORMATION: Deployment of web application directory /Users/isturm/Documents/workspace-for-liferay-6.2.0/liferay-portal-6.2-ce-ga6/tomcat-7.0.62/webapps/lecture2go-portlet has finished in 15,983 ms
Nov 08, 2016 12:13:52 PM org.apache.catalina.startup.HostConfig reload
INFORMATION: Reloading context [/lecture2go-theme]
Nov 08, 2016 12:13:52 PM org.apache.catalina.core.StandardContext reload
INFORMATION: Reloading Context with name [/lecture2go-theme] has started
Nov 08, 2016 12:13:56 PM org.apache.catalina.startup.TldConfig execute
INFORMATION: At least one JAR was scanned for TLDs yet contained no TLDs. Enable debug logging for this logger for a complete list of JARs that were scanned but no TLDs were found in them. Skipping unneeded JARs during scanning can improve startup time and JSP compilation time.
Nov 08, 2016 12:13:58 PM org.apache.catalina.core.StandardContext reload
INFORMATION: Reloading Context with name [/lecture2go-theme] is completed
Nov 08, 2016 1:51:15 PM org.apache.catalina.startup.HostConfig reload
INFORMATION: Reloading context [/lecture2go-theme]
Nov 08, 2016 1:51:15 PM org.apache.catalina.core.StandardContext reload
INFORMATION: Reloading Context with name [/lecture2go-theme] has started
Nov 08, 2016 1:51:18 PM org.apache.catalina.startup.TldConfig execute
INFORMATION: At least one JAR was scanned for TLDs yet contained no TLDs. Enable debug logging for this logger for a complete list of JARs that were scanned but no TLDs were found in them. Skipping unneeded JARs during scanning can improve startup time and JSP compilation time.
Nov 08, 2016 1:51:19 PM org.apache.catalina.core.StandardContext reload
INFORMATION: Reloading Context with name [/lecture2go-theme] is completed
Nov 08, 2016 1:51:19 PM org.apache.catalina.startup.HostConfig undeploy
INFORMATION: Undeploying context [/lecture2go-portlet]
Nov 08, 2016 1:51:20 PM org.apache.catalina.startup.HostConfig deployDirectory
INFORMATION: Deploying web application directory /Users/isturm/Documents/workspace-for-liferay-6.2.0/liferay-portal-6.2-ce-ga6/tomcat-7.0.62/webapps/lecture2go-portlet
Nov 08, 2016 1:51:27 PM org.apache.catalina.startup.TldConfig execute
INFORMATION: At least one JAR was scanned for TLDs yet contained no TLDs. Enable debug logging for this logger for a complete list of JARs that were scanned but no TLDs were found in them. Skipping unneeded JARs during scanning can improve startup time and JSP compilation time.
Nov 08, 2016 1:51:38 PM org.apache.catalina.startup.HostConfig deployDirectory
INFORMATION: Deployment of web application directory /Users/isturm/Documents/workspace-for-liferay-6.2.0/liferay-portal-6.2-ce-ga6/tomcat-7.0.62/webapps/lecture2go-portlet has finished in 18,381 ms
Nov 08, 2016 1:55:19 PM org.apache.catalina.startup.HostConfig undeploy
INFORMATION: Undeploying context [/lecture2go-portlet]
Nov 08, 2016 1:55:21 PM org.apache.catalina.startup.HostConfig deployDirectory
INFORMATION: Deploying web application directory /Users/isturm/Documents/workspace-for-liferay-6.2.0/liferay-portal-6.2-ce-ga6/tomcat-7.0.62/webapps/lecture2go-portlet
Nov 08, 2016 1:55:29 PM org.apache.catalina.startup.TldConfig execute
INFORMATION: At least one JAR was scanned for TLDs yet contained no TLDs. Enable debug logging for this logger for a complete list of JARs that were scanned but no TLDs were found in them. Skipping unneeded JARs during scanning can improve startup time and JSP compilation time.
Nov 08, 2016 1:55:48 PM org.apache.catalina.startup.HostConfig deployDirectory
INFORMATION: Deployment of web application directory /Users/isturm/Documents/workspace-for-liferay-6.2.0/liferay-portal-6.2-ce-ga6/tomcat-7.0.62/webapps/lecture2go-portlet has finished in 27,364 ms
Nov 08, 2016 1:57:20 PM org.apache.catalina.loader.WebappClassLoader loadClass
INFORMATION: Illegal access: this web application instance has been stopped already.  Could not load com.liferay.portal.kernel.json.JSONObject.  The eventual following stack trace is caused by an error thrown for debugging purposes as well as to attempt to terminate the thread which caused the illegal access, and has no functional impact.
java.lang.IllegalStateException
	at org.apache.catalina.loader.WebappClassLoader.loadClass(WebappClassLoader.java:1612)
	at org.apache.catalina.loader.WebappClassLoader.loadClass(WebappClassLoader.java:1571)
	at de.uhh.l2g.plugins.util.AutocompleteManager.generateAutocompleteResults(AutocompleteManager.java:79)
	at de.uhh.l2g.plugins.util.AutocompleteScheduler.receive(AutocompleteScheduler.java:39)
	at sun.reflect.NativeMethodAccessorImpl.invoke0(Native Method)
	at sun.reflect.NativeMethodAccessorImpl.invoke(NativeMethodAccessorImpl.java:57)
	at sun.reflect.DelegatingMethodAccessorImpl.invoke(DelegatingMethodAccessorImpl.java:43)
	at java.lang.reflect.Method.invoke(Method.java:606)
	at com.liferay.portal.kernel.bean.ClassLoaderBeanHandler.invoke(ClassLoaderBeanHandler.java:67)
	at com.sun.proxy.$Proxy1817.receive(Unknown Source)
	at com.liferay.portal.kernel.scheduler.messaging.SchedulerEventMessageListenerWrapper.receive(SchedulerEventMessageListenerWrapper.java:77)
	at com.liferay.portal.kernel.messaging.InvokerMessageListener.receive(InvokerMessageListener.java:72)
	at com.liferay.portal.kernel.messaging.ParallelDestination$1.run(ParallelDestination.java:71)
	at com.liferay.portal.kernel.concurrent.ThreadPoolExecutor$WorkerTask._runTask(ThreadPoolExecutor.java:682)
	at com.liferay.portal.kernel.concurrent.ThreadPoolExecutor$WorkerTask.run(ThreadPoolExecutor.java:593)
	at java.lang.Thread.run(Thread.java:745)

Nov 08, 2016 1:58:03 PM org.apache.catalina.startup.HostConfig undeploy
INFORMATION: Undeploying context [/lecture2go-portlet]
Nov 08, 2016 1:58:03 PM org.apache.catalina.startup.HostConfig deployDirectory
INFORMATION: Deploying web application directory /Users/isturm/Documents/workspace-for-liferay-6.2.0/liferay-portal-6.2-ce-ga6/tomcat-7.0.62/webapps/lecture2go-portlet
Nov 08, 2016 1:58:10 PM org.apache.catalina.startup.TldConfig execute
INFORMATION: At least one JAR was scanned for TLDs yet contained no TLDs. Enable debug logging for this logger for a complete list of JARs that were scanned but no TLDs were found in them. Skipping unneeded JARs during scanning can improve startup time and JSP compilation time.
Nov 08, 2016 1:58:19 PM org.apache.catalina.startup.HostConfig deployDirectory
INFORMATION: Deployment of web application directory /Users/isturm/Documents/workspace-for-liferay-6.2.0/liferay-portal-6.2-ce-ga6/tomcat-7.0.62/webapps/lecture2go-portlet has finished in 16,419 ms
Nov 08, 2016 2:08:48 PM org.apache.catalina.startup.HostConfig undeploy
INFORMATION: Undeploying context [/lecture2go-portlet]
Nov 08, 2016 2:08:49 PM org.apache.catalina.startup.HostConfig deployDirectory
INFORMATION: Deploying web application directory /Users/isturm/Documents/workspace-for-liferay-6.2.0/liferay-portal-6.2-ce-ga6/tomcat-7.0.62/webapps/lecture2go-portlet
Nov 08, 2016 2:08:57 PM org.apache.catalina.startup.TldConfig execute
INFORMATION: At least one JAR was scanned for TLDs yet contained no TLDs. Enable debug logging for this logger for a complete list of JARs that were scanned but no TLDs were found in them. Skipping unneeded JARs during scanning can improve startup time and JSP compilation time.
Nov 08, 2016 2:09:07 PM org.apache.catalina.startup.HostConfig deployDirectory
INFORMATION: Deployment of web application directory /Users/isturm/Documents/workspace-for-liferay-6.2.0/liferay-portal-6.2-ce-ga6/tomcat-7.0.62/webapps/lecture2go-portlet has finished in 17,997 ms
Nov 08, 2016 2:13:49 PM org.apache.catalina.startup.HostConfig undeploy
INFORMATION: Undeploying context [/lecture2go-portlet]
Nov 08, 2016 2:13:50 PM org.apache.catalina.startup.HostConfig deployDirectory
INFORMATION: Deploying web application directory /Users/isturm/Documents/workspace-for-liferay-6.2.0/liferay-portal-6.2-ce-ga6/tomcat-7.0.62/webapps/lecture2go-portlet
Nov 08, 2016 2:13:56 PM org.apache.catalina.startup.TldConfig execute
INFORMATION: At least one JAR was scanned for TLDs yet contained no TLDs. Enable debug logging for this logger for a complete list of JARs that were scanned but no TLDs were found in them. Skipping unneeded JARs during scanning can improve startup time and JSP compilation time.
Nov 08, 2016 2:14:07 PM org.apache.catalina.startup.HostConfig deployDirectory
INFORMATION: Deployment of web application directory /Users/isturm/Documents/workspace-for-liferay-6.2.0/liferay-portal-6.2-ce-ga6/tomcat-7.0.62/webapps/lecture2go-portlet has finished in 17,214 ms
Nov 08, 2016 2:15:28 PM org.apache.catalina.startup.HostConfig undeploy
INFORMATION: Undeploying context [/lecture2go-portlet]
Nov 08, 2016 2:15:28 PM org.apache.catalina.startup.HostConfig deployDirectory
INFORMATION: Deploying web application directory /Users/isturm/Documents/workspace-for-liferay-6.2.0/liferay-portal-6.2-ce-ga6/tomcat-7.0.62/webapps/lecture2go-portlet
Nov 08, 2016 2:15:41 PM org.apache.catalina.startup.TldConfig execute
INFORMATION: At least one JAR was scanned for TLDs yet contained no TLDs. Enable debug logging for this logger for a complete list of JARs that were scanned but no TLDs were found in them. Skipping unneeded JARs during scanning can improve startup time and JSP compilation time.
Nov 08, 2016 2:16:09 PM org.apache.catalina.startup.HostConfig deployDirectory
INFORMATION: Deployment of web application directory /Users/isturm/Documents/workspace-for-liferay-6.2.0/liferay-portal-6.2-ce-ga6/tomcat-7.0.62/webapps/lecture2go-portlet has finished in 40,519 ms
Nov 08, 2016 2:17:01 PM org.apache.catalina.loader.WebappClassLoader loadClass
INFORMATION: Illegal access: this web application instance has been stopped already.  Could not load com.liferay.portal.kernel.json.JSONObject.  The eventual following stack trace is caused by an error thrown for debugging purposes as well as to attempt to terminate the thread which caused the illegal access, and has no functional impact.
java.lang.IllegalStateException
	at org.apache.catalina.loader.WebappClassLoader.loadClass(WebappClassLoader.java:1612)
	at org.apache.catalina.loader.WebappClassLoader.loadClass(WebappClassLoader.java:1571)
	at de.uhh.l2g.plugins.util.AutocompleteManager.generateAutocompleteResults(AutocompleteManager.java:79)
	at de.uhh.l2g.plugins.util.AutocompleteScheduler.receive(AutocompleteScheduler.java:39)
	at sun.reflect.NativeMethodAccessorImpl.invoke0(Native Method)
	at sun.reflect.NativeMethodAccessorImpl.invoke(NativeMethodAccessorImpl.java:57)
	at sun.reflect.DelegatingMethodAccessorImpl.invoke(DelegatingMethodAccessorImpl.java:43)
	at java.lang.reflect.Method.invoke(Method.java:606)
	at com.liferay.portal.kernel.bean.ClassLoaderBeanHandler.invoke(ClassLoaderBeanHandler.java:67)
	at com.sun.proxy.$Proxy2102.receive(Unknown Source)
	at com.liferay.portal.kernel.scheduler.messaging.SchedulerEventMessageListenerWrapper.receive(SchedulerEventMessageListenerWrapper.java:77)
	at com.liferay.portal.kernel.messaging.InvokerMessageListener.receive(InvokerMessageListener.java:72)
	at com.liferay.portal.kernel.messaging.ParallelDestination$1.run(ParallelDestination.java:71)
	at com.liferay.portal.kernel.concurrent.ThreadPoolExecutor$WorkerTask._runTask(ThreadPoolExecutor.java:682)
	at com.liferay.portal.kernel.concurrent.ThreadPoolExecutor$WorkerTask.run(ThreadPoolExecutor.java:593)
	at java.lang.Thread.run(Thread.java:745)

Nov 08, 2016 2:20:11 PM org.apache.catalina.startup.HostConfig undeploy
INFORMATION: Undeploying context [/lecture2go-portlet]
Nov 08, 2016 2:20:12 PM org.apache.catalina.loader.WebappClassLoader clearReferencesThreads
SCHWERWIEGEND: The web application [/lecture2go-portlet] appears to have started a thread named [liferay/scheduler_dispatch-5] but has failed to stop it. This is very likely to create a memory leak.
Nov 08, 2016 2:20:12 PM org.apache.catalina.startup.HostConfig deployDirectory
INFORMATION: Deploying web application directory /Users/isturm/Documents/workspace-for-liferay-6.2.0/liferay-portal-6.2-ce-ga6/tomcat-7.0.62/webapps/lecture2go-portlet
Nov 08, 2016 2:20:22 PM org.apache.catalina.startup.TldConfig execute
INFORMATION: At least one JAR was scanned for TLDs yet contained no TLDs. Enable debug logging for this logger for a complete list of JARs that were scanned but no TLDs were found in them. Skipping unneeded JARs during scanning can improve startup time and JSP compilation time.
Nov 08, 2016 2:20:48 PM org.apache.catalina.startup.HostConfig deployDirectory
INFORMATION: Deployment of web application directory /Users/isturm/Documents/workspace-for-liferay-6.2.0/liferay-portal-6.2-ce-ga6/tomcat-7.0.62/webapps/lecture2go-portlet has finished in 36,127 ms
Nov 08, 2016 2:22:34 PM org.apache.catalina.loader.WebappClassLoader loadClass
INFORMATION: Illegal access: this web application instance has been stopped already.  Could not load com.liferay.portal.kernel.json.JSONObject.  The eventual following stack trace is caused by an error thrown for debugging purposes as well as to attempt to terminate the thread which caused the illegal access, and has no functional impact.
java.lang.IllegalStateException
	at org.apache.catalina.loader.WebappClassLoader.loadClass(WebappClassLoader.java:1612)
	at org.apache.catalina.loader.WebappClassLoader.loadClass(WebappClassLoader.java:1571)
	at de.uhh.l2g.plugins.util.AutocompleteManager.generateAutocompleteResults(AutocompleteManager.java:79)
	at de.uhh.l2g.plugins.util.AutocompleteScheduler.receive(AutocompleteScheduler.java:39)
	at sun.reflect.NativeMethodAccessorImpl.invoke0(Native Method)
	at sun.reflect.NativeMethodAccessorImpl.invoke(NativeMethodAccessorImpl.java:57)
	at sun.reflect.DelegatingMethodAccessorImpl.invoke(DelegatingMethodAccessorImpl.java:43)
	at java.lang.reflect.Method.invoke(Method.java:606)
	at com.liferay.portal.kernel.bean.ClassLoaderBeanHandler.invoke(ClassLoaderBeanHandler.java:67)
	at com.sun.proxy.$Proxy2173.receive(Unknown Source)
	at com.liferay.portal.kernel.scheduler.messaging.SchedulerEventMessageListenerWrapper.receive(SchedulerEventMessageListenerWrapper.java:77)
	at com.liferay.portal.kernel.messaging.InvokerMessageListener.receive(InvokerMessageListener.java:72)
	at com.liferay.portal.kernel.messaging.ParallelDestination$1.run(ParallelDestination.java:71)
	at com.liferay.portal.kernel.concurrent.ThreadPoolExecutor$WorkerTask._runTask(ThreadPoolExecutor.java:682)
	at com.liferay.portal.kernel.concurrent.ThreadPoolExecutor$WorkerTask.run(ThreadPoolExecutor.java:593)
	at java.lang.Thread.run(Thread.java:745)

Nov 08, 2016 2:22:41 PM org.apache.catalina.startup.HostConfig undeploy
INFORMATION: Undeploying context [/lecture2go-portlet]
Nov 08, 2016 2:22:41 PM org.apache.catalina.startup.HostConfig deployDirectory
INFORMATION: Deploying web application directory /Users/isturm/Documents/workspace-for-liferay-6.2.0/liferay-portal-6.2-ce-ga6/tomcat-7.0.62/webapps/lecture2go-portlet
Nov 08, 2016 2:22:48 PM org.apache.catalina.startup.TldConfig execute
INFORMATION: At least one JAR was scanned for TLDs yet contained no TLDs. Enable debug logging for this logger for a complete list of JARs that were scanned but no TLDs were found in them. Skipping unneeded JARs during scanning can improve startup time and JSP compilation time.
Nov 08, 2016 2:22:57 PM org.apache.catalina.startup.HostConfig deployDirectory
INFORMATION: Deployment of web application directory /Users/isturm/Documents/workspace-for-liferay-6.2.0/liferay-portal-6.2-ce-ga6/tomcat-7.0.62/webapps/lecture2go-portlet has finished in 16,498 ms
Nov 08, 2016 2:27:12 PM org.apache.catalina.startup.HostConfig undeploy
INFORMATION: Undeploying context [/lecture2go-portlet]
Nov 08, 2016 2:27:14 PM org.apache.catalina.startup.HostConfig deployDirectory
INFORMATION: Deploying web application directory /Users/isturm/Documents/workspace-for-liferay-6.2.0/liferay-portal-6.2-ce-ga6/tomcat-7.0.62/webapps/lecture2go-portlet
Nov 08, 2016 2:27:26 PM org.apache.catalina.startup.TldConfig execute
INFORMATION: At least one JAR was scanned for TLDs yet contained no TLDs. Enable debug logging for this logger for a complete list of JARs that were scanned but no TLDs were found in them. Skipping unneeded JARs during scanning can improve startup time and JSP compilation time.
Nov 08, 2016 2:27:50 PM org.apache.catalina.startup.HostConfig deployDirectory
INFORMATION: Deployment of web application directory /Users/isturm/Documents/workspace-for-liferay-6.2.0/liferay-portal-6.2-ce-ga6/tomcat-7.0.62/webapps/lecture2go-portlet has finished in 35,934 ms
Nov 08, 2016 2:28:32 PM org.apache.catalina.loader.WebappClassLoader loadClass
INFORMATION: Illegal access: this web application instance has been stopped already.  Could not load com.liferay.portal.kernel.json.JSONObject.  The eventual following stack trace is caused by an error thrown for debugging purposes as well as to attempt to terminate the thread which caused the illegal access, and has no functional impact.
java.lang.IllegalStateException
	at org.apache.catalina.loader.WebappClassLoader.loadClass(WebappClassLoader.java:1612)
	at org.apache.catalina.loader.WebappClassLoader.loadClass(WebappClassLoader.java:1571)
	at de.uhh.l2g.plugins.util.AutocompleteManager.generateAutocompleteResults(AutocompleteManager.java:79)
	at de.uhh.l2g.plugins.util.AutocompleteScheduler.receive(AutocompleteScheduler.java:39)
	at sun.reflect.NativeMethodAccessorImpl.invoke0(Native Method)
	at sun.reflect.NativeMethodAccessorImpl.invoke(NativeMethodAccessorImpl.java:57)
	at sun.reflect.DelegatingMethodAccessorImpl.invoke(DelegatingMethodAccessorImpl.java:43)
	at java.lang.reflect.Method.invoke(Method.java:606)
	at com.liferay.portal.kernel.bean.ClassLoaderBeanHandler.invoke(ClassLoaderBeanHandler.java:67)
	at com.sun.proxy.$Proxy2315.receive(Unknown Source)
	at com.liferay.portal.kernel.scheduler.messaging.SchedulerEventMessageListenerWrapper.receive(SchedulerEventMessageListenerWrapper.java:77)
	at com.liferay.portal.kernel.messaging.InvokerMessageListener.receive(InvokerMessageListener.java:72)
	at com.liferay.portal.kernel.messaging.ParallelDestination$1.run(ParallelDestination.java:71)
	at com.liferay.portal.kernel.concurrent.ThreadPoolExecutor$WorkerTask._runTask(ThreadPoolExecutor.java:682)
	at com.liferay.portal.kernel.concurrent.ThreadPoolExecutor$WorkerTask.run(ThreadPoolExecutor.java:593)
	at java.lang.Thread.run(Thread.java:745)

Nov 08, 2016 2:31:27 PM org.apache.catalina.startup.HostConfig undeploy
INFORMATION: Undeploying context [/lecture2go-portlet]
Nov 08, 2016 2:31:30 PM org.apache.catalina.startup.HostConfig deployDirectory
INFORMATION: Deploying web application directory /Users/isturm/Documents/workspace-for-liferay-6.2.0/liferay-portal-6.2-ce-ga6/tomcat-7.0.62/webapps/lecture2go-portlet
Nov 08, 2016 2:31:45 PM org.apache.catalina.startup.TldConfig execute
INFORMATION: At least one JAR was scanned for TLDs yet contained no TLDs. Enable debug logging for this logger for a complete list of JARs that were scanned but no TLDs were found in them. Skipping unneeded JARs during scanning can improve startup time and JSP compilation time.
Nov 08, 2016 2:32:18 PM org.apache.catalina.startup.HostConfig deployDirectory
INFORMATION: Deployment of web application directory /Users/isturm/Documents/workspace-for-liferay-6.2.0/liferay-portal-6.2-ce-ga6/tomcat-7.0.62/webapps/lecture2go-portlet has finished in 47,867 ms
Nov 08, 2016 2:33:54 PM org.apache.catalina.loader.WebappClassLoader loadClass
INFORMATION: Illegal access: this web application instance has been stopped already.  Could not load com.liferay.portal.kernel.json.JSONObject.  The eventual following stack trace is caused by an error thrown for debugging purposes as well as to attempt to terminate the thread which caused the illegal access, and has no functional impact.
java.lang.IllegalStateException
	at org.apache.catalina.loader.WebappClassLoader.loadClass(WebappClassLoader.java:1612)
	at org.apache.catalina.loader.WebappClassLoader.loadClass(WebappClassLoader.java:1571)
	at de.uhh.l2g.plugins.util.AutocompleteManager.generateAutocompleteResults(AutocompleteManager.java:79)
	at de.uhh.l2g.plugins.util.AutocompleteScheduler.receive(AutocompleteScheduler.java:39)
	at sun.reflect.NativeMethodAccessorImpl.invoke0(Native Method)
	at sun.reflect.NativeMethodAccessorImpl.invoke(NativeMethodAccessorImpl.java:57)
	at sun.reflect.DelegatingMethodAccessorImpl.invoke(DelegatingMethodAccessorImpl.java:43)
	at java.lang.reflect.Method.invoke(Method.java:606)
	at com.liferay.portal.kernel.bean.ClassLoaderBeanHandler.invoke(ClassLoaderBeanHandler.java:67)
	at com.sun.proxy.$Proxy2386.receive(Unknown Source)
	at com.liferay.portal.kernel.scheduler.messaging.SchedulerEventMessageListenerWrapper.receive(SchedulerEventMessageListenerWrapper.java:77)
	at com.liferay.portal.kernel.messaging.InvokerMessageListener.receive(InvokerMessageListener.java:72)
	at com.liferay.portal.kernel.messaging.ParallelDestination$1.run(ParallelDestination.java:71)
	at com.liferay.portal.kernel.concurrent.ThreadPoolExecutor$WorkerTask._runTask(ThreadPoolExecutor.java:682)
	at com.liferay.portal.kernel.concurrent.ThreadPoolExecutor$WorkerTask.run(ThreadPoolExecutor.java:593)
	at java.lang.Thread.run(Thread.java:745)

Nov 08, 2016 2:45:00 PM org.apache.catalina.startup.HostConfig undeploy
INFORMATION: Undeploying context [/lecture2go-portlet]
Nov 08, 2016 2:45:01 PM org.apache.catalina.startup.HostConfig deployDirectory
INFORMATION: Deploying web application directory /Users/isturm/Documents/workspace-for-liferay-6.2.0/liferay-portal-6.2-ce-ga6/tomcat-7.0.62/webapps/lecture2go-portlet
Nov 08, 2016 2:45:17 PM org.apache.catalina.startup.TldConfig execute
INFORMATION: At least one JAR was scanned for TLDs yet contained no TLDs. Enable debug logging for this logger for a complete list of JARs that were scanned but no TLDs were found in them. Skipping unneeded JARs during scanning can improve startup time and JSP compilation time.
Nov 08, 2016 2:45:46 PM org.apache.catalina.startup.HostConfig deployDirectory
INFORMATION: Deployment of web application directory /Users/isturm/Documents/workspace-for-liferay-6.2.0/liferay-portal-6.2-ce-ga6/tomcat-7.0.62/webapps/lecture2go-portlet has finished in 45,767 ms
Nov 08, 2016 2:57:05 PM org.apache.catalina.startup.HostConfig reload
INFORMATION: Reloading context [/lecture2go-theme]
Nov 08, 2016 2:57:05 PM org.apache.catalina.core.StandardContext reload
INFORMATION: Reloading Context with name [/lecture2go-theme] has started
Nov 08, 2016 2:57:18 PM org.apache.catalina.startup.TldConfig execute
INFORMATION: At least one JAR was scanned for TLDs yet contained no TLDs. Enable debug logging for this logger for a complete list of JARs that were scanned but no TLDs were found in them. Skipping unneeded JARs during scanning can improve startup time and JSP compilation time.
Nov 08, 2016 2:57:20 PM org.apache.catalina.core.StandardContext reload
INFORMATION: Reloading Context with name [/lecture2go-theme] is completed
