Jan 10, 2017 12:05:09 PM org.apache.catalina.startup.VersionLoggerListener log
INFORMATION: Server version:        Apache Tomcat/7.0.62
Jan 10, 2017 12:05:09 PM org.apache.catalina.startup.VersionLoggerListener log
INFORMATION: Server built:          May 7 2015 17:14:55 UTC
Jan 10, 2017 12:05:09 PM org.apache.catalina.startup.VersionLoggerListener log
INFORMATION: Server number:         7.0.62.0
Jan 10, 2017 12:05:09 PM org.apache.catalina.startup.VersionLoggerListener log
INFORMATION: OS Name:               Mac OS X
Jan 10, 2017 12:05:09 PM org.apache.catalina.startup.VersionLoggerListener log
INFORMATION: OS Version:            10.10.5
Jan 10, 2017 12:05:09 PM org.apache.catalina.startup.VersionLoggerListener log
INFORMATION: Architecture:          x86_64
Jan 10, 2017 12:05:09 PM org.apache.catalina.startup.VersionLoggerListener log
INFORMATION: Java Home:             /Library/Java/JavaVirtualMachines/jdk1.7.0_75.jdk/Contents/Home/jre
Jan 10, 2017 12:05:09 PM org.apache.catalina.startup.VersionLoggerListener log
INFORMATION: JVM Version:           1.7.0_75-b13
Jan 10, 2017 12:05:09 PM org.apache.catalina.startup.VersionLoggerListener log
INFORMATION: JVM Vendor:            Oracle Corporation
Jan 10, 2017 12:05:09 PM org.apache.catalina.startup.VersionLoggerListener log
INFORMATION: CATALINA_BASE:         /Users/isturm/Documents/workspace-for-liferay-6.2.0/liferay-portal-6.2-ce-ga6/tomcat-7.0.62
Jan 10, 2017 12:05:09 PM org.apache.catalina.startup.VersionLoggerListener log
INFORMATION: CATALINA_HOME:         /Users/isturm/Documents/workspace-for-liferay-6.2.0/liferay-portal-6.2-ce-ga6/tomcat-7.0.62
Jan 10, 2017 12:05:09 PM org.apache.catalina.startup.VersionLoggerListener log
INFORMATION: Command line argument: -agentlib:jdwp=transport=dt_socket,suspend=y,address=localhost:52757
Jan 10, 2017 12:05:09 PM org.apache.catalina.startup.VersionLoggerListener log
INFORMATION: Command line argument: -Drebel.base=/Users/isturm/.jrebel
Jan 10, 2017 12:05:09 PM org.apache.catalina.startup.VersionLoggerListener log
INFORMATION: Command line argument: -Drebel.env.ide.plugin.version=7.0.1
Jan 10, 2017 12:05:09 PM org.apache.catalina.startup.VersionLoggerListener log
INFORMATION: Command line argument: -Drebel.env.ide.version=4.4.0
Jan 10, 2017 12:05:09 PM org.apache.catalina.startup.VersionLoggerListener log
INFORMATION: Command line argument: -Drebel.env.ide.product=Eclipse
Jan 10, 2017 12:05:09 PM org.apache.catalina.startup.VersionLoggerListener log
INFORMATION: Command line argument: -Drebel.env.ide=Eclipse
Jan 10, 2017 12:05:09 PM org.apache.catalina.startup.VersionLoggerListener log
INFORMATION: Command line argument: -Drebel.notification.url=http://localhost:17434
Jan 10, 2017 12:05:09 PM org.apache.catalina.startup.VersionLoggerListener log
INFORMATION: Command line argument: -Drebel.workspace.path=/Users/isturm/Documents/workspace-for-liferay-6.2.0
Jan 10, 2017 12:05:09 PM org.apache.catalina.startup.VersionLoggerListener log
INFORMATION: Command line argument: -Drebel.properties=/Users/isturm/.jrebel/jrebel.properties
Jan 10, 2017 12:05:09 PM org.apache.catalina.startup.VersionLoggerListener log
INFORMATION: Command line argument: -agentpath:/Applications/eclipse/plugins/org.zeroturnaround.eclipse.embedder_7.0.1.RELEASE/jrebel/lib/libjrebel64.dylib
Jan 10, 2017 12:05:09 PM org.apache.catalina.startup.VersionLoggerListener log
INFORMATION: Command line argument: -Duser.timezone=GMT
Jan 10, 2017 12:05:09 PM org.apache.catalina.startup.VersionLoggerListener log
INFORMATION: Command line argument: -Dfile.encoding=UTF8
Jan 10, 2017 12:05:09 PM org.apache.catalina.startup.VersionLoggerListener log
INFORMATION: Command line argument: -Dorg.apache.catalina.loader.WebappClassLoader.ENABLE_CLEAR_REFERENCES=false
Jan 10, 2017 12:05:09 PM org.apache.catalina.startup.VersionLoggerListener log
INFORMATION: Command line argument: -Djava.util.logging.manager=org.apache.juli.ClassLoaderLogManager
Jan 10, 2017 12:05:09 PM org.apache.catalina.startup.VersionLoggerListener log
INFORMATION: Command line argument: -Djava.net.preferIPv4Stack=true
Jan 10, 2017 12:05:09 PM org.apache.catalina.startup.VersionLoggerListener log
INFORMATION: Command line argument: -Djava.util.logging.config.file=/Users/isturm/Documents/workspace-for-liferay-6.2.0/liferay-portal-6.2-ce-ga6/tomcat-7.0.62/conf/logging.properties
Jan 10, 2017 12:05:09 PM org.apache.catalina.startup.VersionLoggerListener log
INFORMATION: Command line argument: -Djava.io.tmpdir=/Users/isturm/Documents/workspace-for-liferay-6.2.0/liferay-portal-6.2-ce-ga6/tomcat-7.0.62/temp
Jan 10, 2017 12:05:09 PM org.apache.catalina.startup.VersionLoggerListener log
INFORMATION: Command line argument: -Dexternal-properties=/Users/isturm/Documents/workspace-for-liferay-6.2.0/liferay-portal-6.2-ce-ga6/portal-ide.properties
Jan 10, 2017 12:05:09 PM org.apache.catalina.startup.VersionLoggerListener log
INFORMATION: Command line argument: -Dcatalina.base=/Users/isturm/Documents/workspace-for-liferay-6.2.0/liferay-portal-6.2-ce-ga6/tomcat-7.0.62
Jan 10, 2017 12:05:09 PM org.apache.catalina.startup.VersionLoggerListener log
INFORMATION: Command line argument: -Dcatalina.home=/Users/isturm/Documents/workspace-for-liferay-6.2.0/liferay-portal-6.2-ce-ga6/tomcat-7.0.62
Jan 10, 2017 12:05:09 PM org.apache.catalina.startup.VersionLoggerListener log
INFORMATION: Command line argument: -Dwtp.deploy=/Users/isturm/Documents/workspace-for-liferay-6.2.0/liferay-portal-6.2-ce-ga6/tomcat-7.0.62/webapps
Jan 10, 2017 12:05:09 PM org.apache.catalina.startup.VersionLoggerListener log
INFORMATION: Command line argument: -Djava.endorsed.dirs=/Users/isturm/Documents/workspace-for-liferay-6.2.0/liferay-portal-6.2-ce-ga6/tomcat-7.0.62/endorsed
Jan 10, 2017 12:05:09 PM org.apache.catalina.startup.VersionLoggerListener log
INFORMATION: Command line argument: -Xmx1024m
Jan 10, 2017 12:05:09 PM org.apache.catalina.startup.VersionLoggerListener log
INFORMATION: Command line argument: -XX:MaxPermSize=512m
Jan 10, 2017 12:05:09 PM org.apache.catalina.startup.VersionLoggerListener log
INFORMATION: Command line argument: -Dfreemarker.debug.password=liferay
Jan 10, 2017 12:05:09 PM org.apache.catalina.startup.VersionLoggerListener log
INFORMATION: Command line argument: -Dfreemarker.debug.port=57676
Jan 10, 2017 12:05:09 PM org.apache.catalina.core.AprLifecycleListener lifecycleEvent
INFORMATION: The APR based Apache Tomcat Native library which allows optimal performance in production environments was not found on the java.library.path: /Users/isturm/Library/Java/Extensions:/Library/Java/Extensions:/Network/Library/Java/Extensions:/System/Library/Java/Extensions:/usr/lib/java:.
Jan 10, 2017 12:05:09 PM org.apache.coyote.AbstractProtocol init
INFORMATION: Initializing ProtocolHandler ["http-bio-8080"]
Jan 10, 2017 12:05:09 PM org.apache.coyote.AbstractProtocol init
INFORMATION: Initializing ProtocolHandler ["ajp-bio-8009"]
Jan 10, 2017 12:05:09 PM org.apache.catalina.startup.Catalina load
INFORMATION: Initialization processed in 1831 ms
Jan 10, 2017 12:05:09 PM org.apache.catalina.core.StandardService startInternal
INFORMATION: Starting service Catalina
Jan 10, 2017 12:05:09 PM org.apache.catalina.core.StandardEngine startInternal
INFORMATION: Starting Servlet Engine: Apache Tomcat/7.0.62
Jan 10, 2017 12:05:09 PM org.apache.catalina.startup.HostConfig deployDescriptor
INFORMATION: Deploying configuration descriptor /Users/isturm/Documents/workspace-for-liferay-6.2.0/liferay-portal-6.2-ce-ga6/tomcat-7.0.62/conf/Catalina/localhost/lecture2go-portlet.xml
Jan 10, 2017 12:05:10 PM org.apache.catalina.startup.HostConfig deployDescriptor
WARNUNG: A docBase /Users/isturm/Documents/workspace-for-liferay-6.2.0/liferay-portal-6.2-ce-ga6/tomcat-7.0.62/webapps/lecture2go-portlet inside the host appBase has been specified, and will be ignored
Jan 10, 2017 12:05:10 PM org.apache.catalina.startup.SetContextPropertiesRule begin
WARNUNG: [SetContextPropertiesRule]{Context} Setting property 'source' to 'org.eclipse.jst.jee.server:lecture2go-portlet' did not find a matching property.
Jan 10, 2017 12:05:14 PM org.apache.catalina.startup.TldConfig execute
INFORMATION: At least one JAR was scanned for TLDs yet contained no TLDs. Enable debug logging for this logger for a complete list of JARs that were scanned but no TLDs were found in them. Skipping unneeded JARs during scanning can improve startup time and JSP compilation time.
Jan 10, 2017 12:05:15 PM org.apache.catalina.startup.HostConfig deployDescriptor
INFORMATION: Deployment of configuration descriptor /Users/isturm/Documents/workspace-for-liferay-6.2.0/liferay-portal-6.2-ce-ga6/tomcat-7.0.62/conf/Catalina/localhost/lecture2go-portlet.xml has finished in 5,245 ms
Jan 10, 2017 12:05:15 PM org.apache.catalina.startup.HostConfig deployDescriptor
INFORMATION: Deploying configuration descriptor /Users/isturm/Documents/workspace-for-liferay-6.2.0/liferay-portal-6.2-ce-ga6/tomcat-7.0.62/conf/Catalina/localhost/lecture2go-theme.xml
Jan 10, 2017 12:05:15 PM org.apache.catalina.startup.HostConfig deployDescriptor
WARNUNG: A docBase /Users/isturm/Documents/workspace-for-liferay-6.2.0/liferay-portal-6.2-ce-ga6/tomcat-7.0.62/webapps/lecture2go-theme inside the host appBase has been specified, and will be ignored
Jan 10, 2017 12:05:15 PM org.apache.catalina.startup.SetContextPropertiesRule begin
WARNUNG: [SetContextPropertiesRule]{Context} Setting property 'source' to 'org.eclipse.jst.jee.server:lecture2go-theme' did not find a matching property.
Jan 10, 2017 12:05:16 PM org.apache.catalina.startup.TldConfig execute
INFORMATION: At least one JAR was scanned for TLDs yet contained no TLDs. Enable debug logging for this logger for a complete list of JARs that were scanned but no TLDs were found in them. Skipping unneeded JARs during scanning can improve startup time and JSP compilation time.
Jan 10, 2017 12:05:16 PM org.apache.catalina.startup.HostConfig deployDescriptor
INFORMATION: Deployment of configuration descriptor /Users/isturm/Documents/workspace-for-liferay-6.2.0/liferay-portal-6.2-ce-ga6/tomcat-7.0.62/conf/Catalina/localhost/lecture2go-theme.xml has finished in 988 ms
Jan 10, 2017 12:05:16 PM org.apache.catalina.startup.HostConfig deployDescriptor
INFORMATION: Deploying configuration descriptor /Users/isturm/Documents/workspace-for-liferay-6.2.0/liferay-portal-6.2-ce-ga6/tomcat-7.0.62/conf/Catalina/localhost/ROOT.xml
Jan 10, 2017 12:05:30 PM org.apache.catalina.startup.TldConfig execute
INFORMATION: At least one JAR was scanned for TLDs yet contained no TLDs. Enable debug logging for this logger for a complete list of JARs that were scanned but no TLDs were found in them. Skipping unneeded JARs during scanning can improve startup time and JSP compilation time.
