Aug 25, 2017 1:16:46 PM org.apache.catalina.startup.VersionLoggerListener log
INFORMATION: Server version:        Apache Tomcat/7.0.62
Aug 25, 2017 1:16:46 PM org.apache.catalina.startup.VersionLoggerListener log
INFORMATION: Server built:          May 7 2015 17:14:55 UTC
Aug 25, 2017 1:16:46 PM org.apache.catalina.startup.VersionLoggerListener log
INFORMATION: Server number:         7.0.62.0
Aug 25, 2017 1:16:46 PM org.apache.catalina.startup.VersionLoggerListener log
INFORMATION: OS Name:               Mac OS X
Aug 25, 2017 1:16:46 PM org.apache.catalina.startup.VersionLoggerListener log
INFORMATION: OS Version:            10.10.5
Aug 25, 2017 1:16:46 PM org.apache.catalina.startup.VersionLoggerListener log
INFORMATION: Architecture:          x86_64
Aug 25, 2017 1:16:46 PM org.apache.catalina.startup.VersionLoggerListener log
INFORMATION: Java Home:             /Library/Java/JavaVirtualMachines/jdk1.7.0_75.jdk/Contents/Home/jre
Aug 25, 2017 1:16:46 PM org.apache.catalina.startup.VersionLoggerListener log
INFORMATION: JVM Version:           1.7.0_75-b13
Aug 25, 2017 1:16:46 PM org.apache.catalina.startup.VersionLoggerListener log
INFORMATION: JVM Vendor:            Oracle Corporation
Aug 25, 2017 1:16:46 PM org.apache.catalina.startup.VersionLoggerListener log
INFORMATION: CATALINA_BASE:         /usr/local/l2go/portal-6.2-ce-ga6/tomcat-7.0.62
Aug 25, 2017 1:16:46 PM org.apache.catalina.startup.VersionLoggerListener log
INFORMATION: CATALINA_HOME:         /usr/local/l2go/portal-6.2-ce-ga6/tomcat-7.0.62
Aug 25, 2017 1:16:46 PM org.apache.catalina.startup.VersionLoggerListener log
INFORMATION: Command line argument: -Duser.timezone=GMT
Aug 25, 2017 1:16:46 PM org.apache.catalina.startup.VersionLoggerListener log
INFORMATION: Command line argument: -Dfile.encoding=UTF8
Aug 25, 2017 1:16:46 PM org.apache.catalina.startup.VersionLoggerListener log
INFORMATION: Command line argument: -Dorg.apache.catalina.loader.WebappClassLoader.ENABLE_CLEAR_REFERENCES=false
Aug 25, 2017 1:16:46 PM org.apache.catalina.startup.VersionLoggerListener log
INFORMATION: Command line argument: -Djava.util.logging.manager=org.apache.juli.ClassLoaderLogManager
Aug 25, 2017 1:16:46 PM org.apache.catalina.startup.VersionLoggerListener log
INFORMATION: Command line argument: -Djava.net.preferIPv4Stack=true
Aug 25, 2017 1:16:46 PM org.apache.catalina.startup.VersionLoggerListener log
INFORMATION: Command line argument: -Djava.util.logging.config.file=/usr/local/l2go/portal-6.2-ce-ga6/tomcat-7.0.62/conf/logging.properties
Aug 25, 2017 1:16:46 PM org.apache.catalina.startup.VersionLoggerListener log
INFORMATION: Command line argument: -Djava.io.tmpdir=/usr/local/l2go/portal-6.2-ce-ga6/tomcat-7.0.62/temp
Aug 25, 2017 1:16:46 PM org.apache.catalina.startup.VersionLoggerListener log
INFORMATION: Command line argument: -Dexternal-properties=/usr/local/l2go/portal-6.2-ce-ga6/portal-ide.properties
Aug 25, 2017 1:16:46 PM org.apache.catalina.startup.VersionLoggerListener log
INFORMATION: Command line argument: -Dcatalina.base=/usr/local/l2go/portal-6.2-ce-ga6/tomcat-7.0.62
Aug 25, 2017 1:16:46 PM org.apache.catalina.startup.VersionLoggerListener log
INFORMATION: Command line argument: -Dcatalina.home=/usr/local/l2go/portal-6.2-ce-ga6/tomcat-7.0.62
Aug 25, 2017 1:16:46 PM org.apache.catalina.startup.VersionLoggerListener log
INFORMATION: Command line argument: -Dwtp.deploy=/usr/local/l2go/portal-6.2-ce-ga6/tomcat-7.0.62/webapps
Aug 25, 2017 1:16:46 PM org.apache.catalina.startup.VersionLoggerListener log
INFORMATION: Command line argument: -Djava.endorsed.dirs=/usr/local/l2go/portal-6.2-ce-ga6/tomcat-7.0.62/endorsed
Aug 25, 2017 1:16:46 PM org.apache.catalina.startup.VersionLoggerListener log
INFORMATION: Command line argument: -Xmx1024m
Aug 25, 2017 1:16:46 PM org.apache.catalina.startup.VersionLoggerListener log
INFORMATION: Command line argument: -XX:MaxPermSize=512m
Aug 25, 2017 1:16:46 PM org.apache.catalina.core.AprLifecycleListener lifecycleEvent
INFORMATION: The APR based Apache Tomcat Native library which allows optimal performance in production environments was not found on the java.library.path: /Users/isturm/Library/Java/Extensions:/Library/Java/Extensions:/Network/Library/Java/Extensions:/System/Library/Java/Extensions:/usr/lib/java:.
Aug 25, 2017 1:16:46 PM org.apache.coyote.AbstractProtocol init
INFORMATION: Initializing ProtocolHandler ["http-bio-8080"]
Aug 25, 2017 1:16:46 PM org.apache.coyote.AbstractProtocol init
INFORMATION: Initializing ProtocolHandler ["ajp-bio-8009"]
Aug 25, 2017 1:16:46 PM org.apache.catalina.startup.Catalina load
INFORMATION: Initialization processed in 1317 ms
Aug 25, 2017 1:16:46 PM org.apache.catalina.core.StandardService startInternal
INFORMATION: Starting service Catalina
Aug 25, 2017 1:16:46 PM org.apache.catalina.core.StandardEngine startInternal
INFORMATION: Starting Servlet Engine: Apache Tomcat/7.0.62
Aug 25, 2017 1:16:46 PM org.apache.catalina.startup.HostConfig deployDescriptor
INFORMATION: Deploying configuration descriptor /usr/local/l2go/portal-6.2-ce-ga6/tomcat-7.0.62/conf/Catalina/localhost/ROOT.xml
Aug 25, 2017 1:16:59 PM org.apache.catalina.startup.TldConfig execute
INFORMATION: At least one JAR was scanned for TLDs yet contained no TLDs. Enable debug logging for this logger for a complete list of JARs that were scanned but no TLDs were found in them. Skipping unneeded JARs during scanning can improve startup time and JSP compilation time.
