Java HotSpot(TM) 64-Bit Server VM warning: ignoring option MaxPermSize=256m; support was removed in 8.0
Mai 05, 2017 11:36:45 AM org.apache.catalina.startup.VersionLoggerListener log
INFORMATION: Server version:        Apache Tomcat/7.0.62
Mai 05, 2017 11:36:45 AM org.apache.catalina.startup.VersionLoggerListener log
INFORMATION: Server built:          May 7 2015 17:14:55 UTC
Mai 05, 2017 11:36:45 AM org.apache.catalina.startup.VersionLoggerListener log
INFORMATION: Server number:         7.0.62.0
Mai 05, 2017 11:36:45 AM org.apache.catalina.startup.VersionLoggerListener log
INFORMATION: OS Name:               Mac OS X
Mai 05, 2017 11:36:45 AM org.apache.catalina.startup.VersionLoggerListener log
INFORMATION: OS Version:            10.10.5
Mai 05, 2017 11:36:45 AM org.apache.catalina.startup.VersionLoggerListener log
INFORMATION: Architecture:          x86_64
Mai 05, 2017 11:36:45 AM org.apache.catalina.startup.VersionLoggerListener log
INFORMATION: Java Home:             /Library/Java/JavaVirtualMachines/jdk1.8.0_121.jdk/Contents/Home/jre
Mai 05, 2017 11:36:45 AM org.apache.catalina.startup.VersionLoggerListener log
INFORMATION: JVM Version:           1.8.0_121-b13
Mai 05, 2017 11:36:45 AM org.apache.catalina.startup.VersionLoggerListener log
INFORMATION: JVM Vendor:            Oracle Corporation
Mai 05, 2017 11:36:45 AM org.apache.catalina.startup.VersionLoggerListener log
INFORMATION: CATALINA_BASE:         /Users/isturm/Documents/workspace-for-liferay-6.2.0/portal-6.2-ce-ga6-test/tomcat-7.0.62
Mai 05, 2017 11:36:45 AM org.apache.catalina.startup.VersionLoggerListener log
INFORMATION: CATALINA_HOME:         /Users/isturm/Documents/workspace-for-liferay-6.2.0/portal-6.2-ce-ga6-test/tomcat-7.0.62
Mai 05, 2017 11:36:45 AM org.apache.catalina.startup.VersionLoggerListener log
INFORMATION: Command line argument: -Djava.util.logging.config.file=/Users/isturm/Documents/workspace-for-liferay-6.2.0/portal-6.2-ce-ga6-test/tomcat-7.0.62/conf/logging.properties
Mai 05, 2017 11:36:45 AM org.apache.catalina.startup.VersionLoggerListener log
INFORMATION: Command line argument: -Djava.util.logging.manager=org.apache.juli.ClassLoaderLogManager
Mai 05, 2017 11:36:45 AM org.apache.catalina.startup.VersionLoggerListener log
INFORMATION: Command line argument: -Dfile.encoding=UTF8
Mai 05, 2017 11:36:45 AM org.apache.catalina.startup.VersionLoggerListener log
INFORMATION: Command line argument: -Djava.net.preferIPv4Stack=true
Mai 05, 2017 11:36:45 AM org.apache.catalina.startup.VersionLoggerListener log
INFORMATION: Command line argument: -Dorg.apache.catalina.loader.WebappClassLoader.ENABLE_CLEAR_REFERENCES=false
Mai 05, 2017 11:36:45 AM org.apache.catalina.startup.VersionLoggerListener log
INFORMATION: Command line argument: -Duser.timezone=GMT
Mai 05, 2017 11:36:45 AM org.apache.catalina.startup.VersionLoggerListener log
INFORMATION: Command line argument: -Xmx1024m
Mai 05, 2017 11:36:45 AM org.apache.catalina.startup.VersionLoggerListener log
INFORMATION: Command line argument: -XX:MaxPermSize=256m
Mai 05, 2017 11:36:45 AM org.apache.catalina.startup.VersionLoggerListener log
INFORMATION: Command line argument: -Djava.endorsed.dirs=/Users/isturm/Documents/workspace-for-liferay-6.2.0/portal-6.2-ce-ga6-test/tomcat-7.0.62/endorsed
Mai 05, 2017 11:36:45 AM org.apache.catalina.startup.VersionLoggerListener log
INFORMATION: Command line argument: -Dcatalina.base=/Users/isturm/Documents/workspace-for-liferay-6.2.0/portal-6.2-ce-ga6-test/tomcat-7.0.62
Mai 05, 2017 11:36:45 AM org.apache.catalina.startup.VersionLoggerListener log
INFORMATION: Command line argument: -Dcatalina.home=/Users/isturm/Documents/workspace-for-liferay-6.2.0/portal-6.2-ce-ga6-test/tomcat-7.0.62
Mai 05, 2017 11:36:45 AM org.apache.catalina.startup.VersionLoggerListener log
INFORMATION: Command line argument: -Djava.io.tmpdir=/Users/isturm/Documents/workspace-for-liferay-6.2.0/portal-6.2-ce-ga6-test/tomcat-7.0.62/temp
Mai 05, 2017 11:36:45 AM org.apache.catalina.core.AprLifecycleListener lifecycleEvent
INFORMATION: The APR based Apache Tomcat Native library which allows optimal performance in production environments was not found on the java.library.path: /Users/isturm/Library/Java/Extensions:/Library/Java/Extensions:/Network/Library/Java/Extensions:/System/Library/Java/Extensions:/usr/lib/java:.
Mai 05, 2017 11:36:45 AM org.apache.coyote.AbstractProtocol init
INFORMATION: Initializing ProtocolHandler ["http-bio-8080"]
Mai 05, 2017 11:36:45 AM org.apache.coyote.AbstractProtocol init
INFORMATION: Initializing ProtocolHandler ["ajp-bio-8009"]
Mai 05, 2017 11:36:45 AM org.apache.catalina.startup.Catalina load
INFORMATION: Initialization processed in 676 ms
Mai 05, 2017 11:36:45 AM org.apache.catalina.core.StandardService startInternal
INFORMATION: Starting service Catalina
Mai 05, 2017 11:36:45 AM org.apache.catalina.core.StandardEngine startInternal
INFORMATION: Starting Servlet Engine: Apache Tomcat/7.0.62
Mai 05, 2017 11:36:45 AM org.apache.catalina.startup.HostConfig deployDescriptor
INFORMATION: Deploying configuration descriptor /Users/isturm/Documents/workspace-for-liferay-6.2.0/portal-6.2-ce-ga6-test/tomcat-7.0.62/conf/Catalina/localhost/ROOT.xml
Mai 05, 2017 11:36:55 AM org.apache.catalina.startup.TldConfig execute
INFORMATION: At least one JAR was scanned for TLDs yet contained no TLDs. Enable debug logging for this logger for a complete list of JARs that were scanned but no TLDs were found in them. Skipping unneeded JARs during scanning can improve startup time and JSP compilation time.
Loading jar:file:/Users/isturm/Documents/workspace-for-liferay-6.2.0/portal-6.2-ce-ga6-test/tomcat-7.0.62/webapps/ROOT/WEB-INF/lib/portal-impl.jar!/system.properties
Loading jar:file:/Users/isturm/Documents/workspace-for-liferay-6.2.0/portal-6.2-ce-ga6-test/tomcat-7.0.62/webapps/ROOT/WEB-INF/lib/portal-impl.jar!/portal.properties
Loading file:/Users/isturm/Documents/workspace-for-liferay-6.2.0/portal-6.2-ce-ga6-test/tomcat-7.0.62/webapps/ROOT/WEB-INF/classes/portal-ext.properties
Loading file:/Users/isturm/Documents/workspace-for-liferay-6.2.0/portal-6.2-ce-ga6-test/portal-setup-wizard.properties
Mai 05, 2017 11:37:21 AM org.apache.catalina.core.ApplicationContext log
INFORMATION: Initializing Spring root WebApplicationContext
11:37:26,294 INFO  [localhost-startStop-1][DialectDetector:71] Determine dialect for MySQL 10
11:37:26,369 INFO  [localhost-startStop-1][DialectDetector:136] Found dialect org.hibernate.dialect.MySQLDialect
Starting Liferay Portal Community Edition 6.2 CE GA6 (Newton / Build 6205 / January 6, 2016)
11:38:00,171 INFO  [localhost-startStop-1][StartupAction:97] There are no patches installed
11:38:00,905 INFO  [localhost-startStop-1][BaseDB:484] Database does not support case sensitive queries
11:38:01,619 INFO  [localhost-startStop-1][ServerDetector:140] Server supports hot deploy
11:38:01,625 INFO  [localhost-startStop-1][PluginPackageUtil:1013] Reading plugin package for the root context
11:38:08,503 INFO  [localhost-startStop-1][AutoDeployDir:116] Creating missing directory /Users/isturm/Documents/workspace-for-liferay-6.2.0/portal-6.2-ce-ga6-test/deploy
11:38:08,505 INFO  [localhost-startStop-1][AutoDeployDir:139] Auto deploy scanner started for /Users/isturm/Documents/workspace-for-liferay-6.2.0/portal-6.2-ce-ga6-test/deploy
Mai 05, 2017 11:38:13 AM org.apache.catalina.core.ApplicationContext log
INFORMATION: Initializing Spring FrameworkServlet 'Remoting Servlet'
Mai 05, 2017 11:38:14 AM org.apache.catalina.startup.HostConfig deployDescriptor
INFORMATION: Deployment of configuration descriptor /Users/isturm/Documents/workspace-for-liferay-6.2.0/portal-6.2-ce-ga6-test/tomcat-7.0.62/conf/Catalina/localhost/ROOT.xml has finished in 89,407 ms
Mai 05, 2017 11:38:14 AM org.apache.catalina.startup.HostConfig deployDirectory
INFORMATION: Deploying web application directory /Users/isturm/Documents/workspace-for-liferay-6.2.0/portal-6.2-ce-ga6-test/tomcat-7.0.62/webapps/calendar-portlet
Mai 05, 2017 11:38:17 AM org.apache.catalina.startup.TldConfig execute
INFORMATION: At least one JAR was scanned for TLDs yet contained no TLDs. Enable debug logging for this logger for a complete list of JARs that were scanned but no TLDs were found in them. Skipping unneeded JARs during scanning can improve startup time and JSP compilation time.
11:38:17,122 INFO  [localhost-startStop-1][HotDeployEvent:145] Plugin calendar-portlet requires marketplace-portlet
11:38:17,165 INFO  [localhost-startStop-1][HotDeployImpl:276] Queueing calendar-portlet for deploy because it is missing marketplace-portlet
Mai 05, 2017 11:38:17 AM org.apache.catalina.startup.HostConfig deployDirectory
INFORMATION: Deployment of web application directory /Users/isturm/Documents/workspace-for-liferay-6.2.0/portal-6.2-ce-ga6-test/tomcat-7.0.62/webapps/calendar-portlet has finished in 2,376 ms
Mai 05, 2017 11:38:17 AM org.apache.catalina.startup.HostConfig deployDirectory
INFORMATION: Deploying web application directory /Users/isturm/Documents/workspace-for-liferay-6.2.0/portal-6.2-ce-ga6-test/tomcat-7.0.62/webapps/kaleo-web
Mai 05, 2017 11:38:19 AM org.apache.catalina.startup.TldConfig execute
INFORMATION: At least one JAR was scanned for TLDs yet contained no TLDs. Enable debug logging for this logger for a complete list of JARs that were scanned but no TLDs were found in them. Skipping unneeded JARs during scanning can improve startup time and JSP compilation time.
11:38:19,370 INFO  [localhost-startStop-1][HotDeployEvent:145] Plugin kaleo-web requires marketplace-portlet
11:38:19,380 INFO  [localhost-startStop-1][HotDeployImpl:276] Queueing kaleo-web for deploy because it is missing marketplace-portlet
Mai 05, 2017 11:38:19 AM org.apache.catalina.startup.HostConfig deployDirectory
INFORMATION: Deployment of web application directory /Users/isturm/Documents/workspace-for-liferay-6.2.0/portal-6.2-ce-ga6-test/tomcat-7.0.62/webapps/kaleo-web has finished in 2,209 ms
Mai 05, 2017 11:38:19 AM org.apache.catalina.startup.HostConfig deployDirectory
INFORMATION: Deploying web application directory /Users/isturm/Documents/workspace-for-liferay-6.2.0/portal-6.2-ce-ga6-test/tomcat-7.0.62/webapps/lecture2go-portlet
Mai 05, 2017 11:38:25 AM org.apache.catalina.startup.TldConfig execute
INFORMATION: At least one JAR was scanned for TLDs yet contained no TLDs. Enable debug logging for this logger for a complete list of JARs that were scanned but no TLDs were found in them. Skipping unneeded JARs during scanning can improve startup time and JSP compilation time.
11:38:25,667 INFO  [localhost-startStop-1][HotDeployEvent:145] Plugin lecture2go-portlet requires marketplace-portlet
11:38:25,668 INFO  [localhost-startStop-1][HotDeployImpl:276] Queueing lecture2go-portlet for deploy because it is missing marketplace-portlet
Mai 05, 2017 11:38:25 AM org.apache.catalina.startup.HostConfig deployDirectory
INFORMATION: Deployment of web application directory /Users/isturm/Documents/workspace-for-liferay-6.2.0/portal-6.2-ce-ga6-test/tomcat-7.0.62/webapps/lecture2go-portlet has finished in 6,453 ms
Mai 05, 2017 11:38:25 AM org.apache.catalina.startup.HostConfig deployDirectory
INFORMATION: Deploying web application directory /Users/isturm/Documents/workspace-for-liferay-6.2.0/portal-6.2-ce-ga6-test/tomcat-7.0.62/webapps/lecture2go-theme
Mai 05, 2017 11:38:26 AM org.apache.catalina.startup.TldConfig execute
INFORMATION: At least one JAR was scanned for TLDs yet contained no TLDs. Enable debug logging for this logger for a complete list of JARs that were scanned but no TLDs were found in them. Skipping unneeded JARs during scanning can improve startup time and JSP compilation time.
11:38:26,815 INFO  [localhost-startStop-1][HotDeployEvent:145] Plugin lecture2go-theme requires marketplace-portlet
11:38:26,816 INFO  [localhost-startStop-1][HotDeployImpl:276] Queueing lecture2go-theme for deploy because it is missing marketplace-portlet
Mai 05, 2017 11:38:26 AM org.apache.catalina.startup.HostConfig deployDirectory
INFORMATION: Deployment of web application directory /Users/isturm/Documents/workspace-for-liferay-6.2.0/portal-6.2-ce-ga6-test/tomcat-7.0.62/webapps/lecture2go-theme has finished in 988 ms
Mai 05, 2017 11:38:26 AM org.apache.catalina.startup.HostConfig deployDirectory
INFORMATION: Deploying web application directory /Users/isturm/Documents/workspace-for-liferay-6.2.0/portal-6.2-ce-ga6-test/tomcat-7.0.62/webapps/marketplace-portlet
Mai 05, 2017 11:38:27 AM org.apache.catalina.startup.TldConfig execute
INFORMATION: At least one JAR was scanned for TLDs yet contained no TLDs. Enable debug logging for this logger for a complete list of JARs that were scanned but no TLDs were found in them. Skipping unneeded JARs during scanning can improve startup time and JSP compilation time.
11:38:27,908 INFO  [localhost-startStop-1][HotDeployImpl:217] Deploying marketplace-portlet from queue
11:38:27,914 INFO  [localhost-startStop-1][PluginPackageUtil:1016] Reading plugin package for marketplace-portlet
Loading file:/Users/isturm/Documents/workspace-for-liferay-6.2.0/portal-6.2-ce-ga6-test/tomcat-7.0.62/temp/3-marketplace-portlet/WEB-INF/classes/portlet.properties
Loading file:/Users/isturm/Documents/workspace-for-liferay-6.2.0/portal-6.2-ce-ga6-test/tomcat-7.0.62/temp/3-marketplace-portlet/WEB-INF/classes/service.properties
Loading file:/Users/isturm/Documents/workspace-for-liferay-6.2.0/portal-6.2-ce-ga6-test/tomcat-7.0.62/temp/3-marketplace-portlet/WEB-INF/classes/portlet.properties
Mai 05, 2017 11:38:28 AM org.apache.catalina.core.ApplicationContext log
INFORMATION: Initializing Spring root WebApplicationContext
Loading file:/Users/isturm/Documents/workspace-for-liferay-6.2.0/portal-6.2-ce-ga6-test/tomcat-7.0.62/temp/3-marketplace-portlet/WEB-INF/classes/service.properties
Loading file:/Users/isturm/Documents/workspace-for-liferay-6.2.0/portal-6.2-ce-ga6-test/tomcat-7.0.62/temp/3-marketplace-portlet/WEB-INF/classes/service.properties
11:38:28,856 INFO  [localhost-startStop-1][HookHotDeployListener:709] Registering hook for marketplace-portlet
Loading file:/Users/isturm/Documents/workspace-for-liferay-6.2.0/portal-6.2-ce-ga6-test/tomcat-7.0.62/temp/3-marketplace-portlet/WEB-INF/classes/portal.properties
11:38:29,032 INFO  [localhost-startStop-1][HookHotDeployListener:851] Hook for marketplace-portlet is available for use
11:38:29,036 INFO  [localhost-startStop-1][PortletHotDeployListener:344] Registering portlets for marketplace-portlet
Loading file:/Users/isturm/Documents/workspace-for-liferay-6.2.0/portal-6.2-ce-ga6-test/tomcat-7.0.62/temp/3-marketplace-portlet/WEB-INF/classes/portlet.properties
11:38:29,246 INFO  [localhost-startStop-1][PortletHotDeployListener:497] 3 portlets for marketplace-portlet are available for use
11:38:29,248 INFO  [localhost-startStop-1][HotDeployImpl:217] Deploying calendar-portlet from queue
11:38:29,248 INFO  [localhost-startStop-1][PluginPackageUtil:1016] Reading plugin package for calendar-portlet
Loading file:/Users/isturm/Documents/workspace-for-liferay-6.2.0/portal-6.2-ce-ga6-test/tomcat-7.0.62/temp/0-calendar-portlet/WEB-INF/classes/portlet.properties
Loading file:/Users/isturm/Documents/workspace-for-liferay-6.2.0/portal-6.2-ce-ga6-test/tomcat-7.0.62/temp/0-calendar-portlet/WEB-INF/classes/service.properties
Loading file:/Users/isturm/Documents/workspace-for-liferay-6.2.0/portal-6.2-ce-ga6-test/tomcat-7.0.62/temp/0-calendar-portlet/WEB-INF/classes/portlet.properties
Mai 05, 2017 11:38:29 AM org.apache.catalina.core.ApplicationContext log
INFORMATION: Initializing Spring root WebApplicationContext
Loading file:/Users/isturm/Documents/workspace-for-liferay-6.2.0/portal-6.2-ce-ga6-test/tomcat-7.0.62/temp/0-calendar-portlet/WEB-INF/classes/service.properties
Loading file:/Users/isturm/Documents/workspace-for-liferay-6.2.0/portal-6.2-ce-ga6-test/tomcat-7.0.62/temp/0-calendar-portlet/WEB-INF/classes/service.properties
11:38:30,916 INFO  [localhost-startStop-1][HookHotDeployListener:709] Registering hook for calendar-portlet
Loading file:/Users/isturm/Documents/workspace-for-liferay-6.2.0/portal-6.2-ce-ga6-test/tomcat-7.0.62/temp/0-calendar-portlet/WEB-INF/classes/portal.properties
11:38:32,908 INFO  [localhost-startStop-1][HookHotDeployListener:851] Hook for calendar-portlet is available for use
11:38:32,938 INFO  [localhost-startStop-1][PortletHotDeployListener:344] Registering portlets for calendar-portlet
Loading file:/Users/isturm/Documents/workspace-for-liferay-6.2.0/portal-6.2-ce-ga6-test/tomcat-7.0.62/temp/0-calendar-portlet/WEB-INF/classes/portlet.properties
11:38:33,234 INFO  [localhost-startStop-1][PortletHotDeployListener:492] 1 portlet for calendar-portlet is available for use
11:38:33,236 INFO  [localhost-startStop-1][SocialHotDeployListener:94] Registering social for calendar-portlet
11:38:33,239 INFO  [localhost-startStop-1][SocialHotDeployListener:103] Social for calendar-portlet is available for use
11:38:33,243 INFO  [localhost-startStop-1][HotDeployImpl:217] Deploying kaleo-web from queue
11:38:33,246 INFO  [localhost-startStop-1][PluginPackageUtil:1016] Reading plugin package for kaleo-web
Loading file:/Users/isturm/Documents/workspace-for-liferay-6.2.0/portal-6.2-ce-ga6-test/tomcat-7.0.62/temp/1-kaleo-web/WEB-INF/classes/portlet.properties
Loading file:/Users/isturm/Documents/workspace-for-liferay-6.2.0/portal-6.2-ce-ga6-test/tomcat-7.0.62/temp/1-kaleo-web/WEB-INF/classes/service.properties
Loading file:/Users/isturm/Documents/workspace-for-liferay-6.2.0/portal-6.2-ce-ga6-test/tomcat-7.0.62/temp/1-kaleo-web/WEB-INF/classes/portlet.properties
Mai 05, 2017 11:38:33 AM org.apache.catalina.core.ApplicationContext log
INFORMATION: Initializing Spring root WebApplicationContext
Loading file:/Users/isturm/Documents/workspace-for-liferay-6.2.0/portal-6.2-ce-ga6-test/tomcat-7.0.62/temp/1-kaleo-web/WEB-INF/classes/service.properties
Loading file:/Users/isturm/Documents/workspace-for-liferay-6.2.0/portal-6.2-ce-ga6-test/tomcat-7.0.62/temp/1-kaleo-web/WEB-INF/classes/service.properties
11:38:36,653 INFO  [localhost-startStop-1][HookHotDeployListener:709] Registering hook for kaleo-web
Loading file:/Users/isturm/Documents/workspace-for-liferay-6.2.0/portal-6.2-ce-ga6-test/tomcat-7.0.62/temp/1-kaleo-web/WEB-INF/classes/portal.properties
11:38:36,707 INFO  [localhost-startStop-1][HookHotDeployListener:851] Hook for kaleo-web is available for use
11:38:36,720 INFO  [localhost-startStop-1][HotDeployImpl:217] Deploying lecture2go-portlet from queue
11:38:36,722 INFO  [localhost-startStop-1][PluginPackageUtil:1016] Reading plugin package for lecture2go-portlet
Loading file:/Users/isturm/Documents/workspace-for-liferay-6.2.0/portal-6.2-ce-ga6-test/tomcat-7.0.62/temp/2-lecture2go-portlet/WEB-INF/classes/portlet.properties
Loading file:/Users/isturm/Documents/workspace-for-liferay-6.2.0/portal-6.2-ce-ga6-test/tomcat-7.0.62/temp/2-lecture2go-portlet/WEB-INF/classes/service.properties
Loading file:/Users/isturm/Documents/workspace-for-liferay-6.2.0/portal-6.2-ce-ga6-test/tomcat-7.0.62/temp/2-lecture2go-portlet/WEB-INF/classes/portlet.properties
Mai 05, 2017 11:38:37 AM org.apache.catalina.core.ApplicationContext log
INFORMATION: Initializing Spring root WebApplicationContext
Loading file:/Users/isturm/Documents/workspace-for-liferay-6.2.0/portal-6.2-ce-ga6-test/tomcat-7.0.62/temp/2-lecture2go-portlet/WEB-INF/classes/service.properties
Loading file:/Users/isturm/Documents/workspace-for-liferay-6.2.0/portal-6.2-ce-ga6-test/tomcat-7.0.62/temp/2-lecture2go-portlet/WEB-INF/classes/service.properties
11:38:40,414 INFO  [localhost-startStop-1][HookHotDeployListener:709] Registering hook for lecture2go-portlet
11:38:40,417 INFO  [localhost-startStop-1][HookHotDeployListener:851] Hook for lecture2go-portlet is available for use
11:38:40,421 INFO  [localhost-startStop-1][PortletHotDeployListener:344] Registering portlets for lecture2go-portlet
11:38:40,444 ERROR [localhost-startStop-1][PortletImpl:2717] Unable to link role for portlet [lgfrontpage_WAR_lecture2goportlet] with role-name [guest] because role-link is null
11:38:40,445 ERROR [localhost-startStop-1][PortletImpl:2717] Unable to link role for portlet [lgopenaccessvideos_WAR_lecture2goportlet] with role-name [guest] because role-link is null
11:38:40,446 WARN  [localhost-startStop-1][PortletLocalServiceImpl:796] Portlet with the name lgadmincategorymanagement_WAR_lecture2goportlet is described in portlet.xml but does not have a matching entry in liferay-portlet.xml
Removing LG_VideoStatistic Table
Adding LG_VideoStatistic as View instead
Loading file:/Users/isturm/Documents/workspace-for-liferay-6.2.0/portal-6.2-ce-ga6-test/tomcat-7.0.62/temp/2-lecture2go-portlet/WEB-INF/classes/portlet.properties
11:38:41,713 INFO  [localhost-startStop-1][PortletHotDeployListener:497] 12 portlets for lecture2go-portlet are available for use
11:38:41,714 INFO  [localhost-startStop-1][HotDeployImpl:217] Deploying lecture2go-theme from queue
11:38:41,715 INFO  [localhost-startStop-1][PluginPackageUtil:1016] Reading plugin package for lecture2go-theme
Mai 05, 2017 11:38:41 AM org.apache.catalina.core.ApplicationContext log
INFORMATION: Initializing Spring root WebApplicationContext
11:38:41,966 INFO  [localhost-startStop-1][ThemeHotDeployListener:98] Registering themes for lecture2go-theme
11:38:43,323 INFO  [localhost-startStop-1][ThemeHotDeployListener:113] 1 theme for lecture2go-theme is available for use
Mai 05, 2017 11:38:43 AM org.apache.catalina.startup.HostConfig deployDirectory
INFORMATION: Deployment of web application directory /Users/isturm/Documents/workspace-for-liferay-6.2.0/portal-6.2-ce-ga6-test/tomcat-7.0.62/webapps/marketplace-portlet has finished in 17,089 ms
Mai 05, 2017 11:38:43 AM org.apache.catalina.startup.HostConfig deployDirectory
INFORMATION: Deploying web application directory /Users/isturm/Documents/workspace-for-liferay-6.2.0/portal-6.2-ce-ga6-test/tomcat-7.0.62/webapps/notifications-portlet
Mai 05, 2017 11:38:45 AM org.apache.catalina.startup.TldConfig execute
INFORMATION: At least one JAR was scanned for TLDs yet contained no TLDs. Enable debug logging for this logger for a complete list of JARs that were scanned but no TLDs were found in them. Skipping unneeded JARs during scanning can improve startup time and JSP compilation time.
11:38:45,597 INFO  [localhost-startStop-1][HotDeployEvent:145] Plugin notifications-portlet requires marketplace-portlet
11:38:45,598 INFO  [localhost-startStop-1][HotDeployImpl:217] Deploying notifications-portlet from queue
11:38:45,598 INFO  [localhost-startStop-1][PluginPackageUtil:1016] Reading plugin package for notifications-portlet
Loading file:/Users/isturm/Documents/workspace-for-liferay-6.2.0/portal-6.2-ce-ga6-test/tomcat-7.0.62/temp/4-notifications-portlet/WEB-INF/classes/portlet.properties
Loading file:/Users/isturm/Documents/workspace-for-liferay-6.2.0/portal-6.2-ce-ga6-test/tomcat-7.0.62/temp/4-notifications-portlet/WEB-INF/classes/service.properties
Loading file:/Users/isturm/Documents/workspace-for-liferay-6.2.0/portal-6.2-ce-ga6-test/tomcat-7.0.62/temp/4-notifications-portlet/WEB-INF/classes/portlet.properties
Mai 05, 2017 11:38:45 AM org.apache.catalina.core.ApplicationContext log
INFORMATION: Initializing Spring root WebApplicationContext
Loading file:/Users/isturm/Documents/workspace-for-liferay-6.2.0/portal-6.2-ce-ga6-test/tomcat-7.0.62/temp/4-notifications-portlet/WEB-INF/classes/service.properties
Loading file:/Users/isturm/Documents/workspace-for-liferay-6.2.0/portal-6.2-ce-ga6-test/tomcat-7.0.62/temp/4-notifications-portlet/WEB-INF/classes/service.properties
11:38:46,051 INFO  [localhost-startStop-1][HookHotDeployListener:709] Registering hook for notifications-portlet
Loading file:/Users/isturm/Documents/workspace-for-liferay-6.2.0/portal-6.2-ce-ga6-test/tomcat-7.0.62/temp/4-notifications-portlet/WEB-INF/classes/portal.properties
11:38:46,545 INFO  [localhost-startStop-1][HookHotDeployListener:851] Hook for notifications-portlet is available for use
11:38:46,549 INFO  [localhost-startStop-1][PortletHotDeployListener:344] Registering portlets for notifications-portlet
Loading file:/Users/isturm/Documents/workspace-for-liferay-6.2.0/portal-6.2-ce-ga6-test/tomcat-7.0.62/temp/4-notifications-portlet/WEB-INF/classes/portlet.properties
11:38:46,651 INFO  [localhost-startStop-1][PortletHotDeployListener:497] 2 portlets for notifications-portlet are available for use
Mai 05, 2017 11:38:46 AM org.apache.catalina.startup.HostConfig deployDirectory
INFORMATION: Deployment of web application directory /Users/isturm/Documents/workspace-for-liferay-6.2.0/portal-6.2-ce-ga6-test/tomcat-7.0.62/webapps/notifications-portlet has finished in 2,763 ms
Mai 05, 2017 11:38:46 AM org.apache.catalina.startup.HostConfig deployDirectory
INFORMATION: Deploying web application directory /Users/isturm/Documents/workspace-for-liferay-6.2.0/portal-6.2-ce-ga6-test/tomcat-7.0.62/webapps/opensocial-portlet
Mai 05, 2017 11:38:50 AM org.apache.catalina.startup.TldConfig execute
INFORMATION: At least one JAR was scanned for TLDs yet contained no TLDs. Enable debug logging for this logger for a complete list of JARs that were scanned but no TLDs were found in them. Skipping unneeded JARs during scanning can improve startup time and JSP compilation time.
11:38:50,792 INFO  [localhost-startStop-1][HotDeployEvent:145] Plugin opensocial-portlet requires marketplace-portlet
11:38:50,793 INFO  [localhost-startStop-1][HotDeployImpl:217] Deploying opensocial-portlet from queue
11:38:50,794 INFO  [localhost-startStop-1][PluginPackageUtil:1016] Reading plugin package for opensocial-portlet
Loading file:/Users/isturm/Documents/workspace-for-liferay-6.2.0/portal-6.2-ce-ga6-test/tomcat-7.0.62/temp/5-opensocial-portlet/WEB-INF/classes/portlet.properties
Loading file:/Users/isturm/Documents/workspace-for-liferay-6.2.0/portal-6.2-ce-ga6-test/tomcat-7.0.62/temp/5-opensocial-portlet/WEB-INF/classes/service.properties
Loading file:/Users/isturm/Documents/workspace-for-liferay-6.2.0/portal-6.2-ce-ga6-test/tomcat-7.0.62/temp/5-opensocial-portlet/WEB-INF/classes/portlet.properties
Mai 05, 2017 11:38:51 AM org.apache.catalina.core.ApplicationContext log
INFORMATION: Initializing Spring root WebApplicationContext
Loading file:/Users/isturm/Documents/workspace-for-liferay-6.2.0/portal-6.2-ce-ga6-test/tomcat-7.0.62/temp/5-opensocial-portlet/WEB-INF/classes/service.properties
Loading file:/Users/isturm/Documents/workspace-for-liferay-6.2.0/portal-6.2-ce-ga6-test/tomcat-7.0.62/temp/5-opensocial-portlet/WEB-INF/classes/service.properties
11:38:52,253 INFO  [localhost-startStop-1][HookHotDeployListener:709] Registering hook for opensocial-portlet
Loading file:/Users/isturm/Documents/workspace-for-liferay-6.2.0/portal-6.2-ce-ga6-test/tomcat-7.0.62/temp/5-opensocial-portlet/WEB-INF/classes/portal.properties
11:38:52,319 INFO  [localhost-startStop-1][HookHotDeployListener:851] Hook for opensocial-portlet is available for use
11:38:52,323 INFO  [localhost-startStop-1][PortletHotDeployListener:344] Registering portlets for opensocial-portlet
Loading file:/Users/isturm/Documents/workspace-for-liferay-6.2.0/portal-6.2-ce-ga6-test/tomcat-7.0.62/temp/5-opensocial-portlet/WEB-INF/classes/portlet.properties
11:38:52,661 INFO  [localhost-startStop-1][PortletHotDeployListener:497] 4 portlets for opensocial-portlet are available for use
Mai 05, 2017 11:38:53 AM org.apache.catalina.startup.HostConfig deployDirectory
INFORMATION: Deployment of web application directory /Users/isturm/Documents/workspace-for-liferay-6.2.0/portal-6.2-ce-ga6-test/tomcat-7.0.62/webapps/opensocial-portlet has finished in 6,485 ms
Mai 05, 2017 11:38:53 AM org.apache.catalina.startup.HostConfig deployDirectory
INFORMATION: Deploying web application directory /Users/isturm/Documents/workspace-for-liferay-6.2.0/portal-6.2-ce-ga6-test/tomcat-7.0.62/webapps/resources-importer-web
Mai 05, 2017 11:38:54 AM org.apache.shindig.config.JsonContainerConfig loadContainers
INFORMATION: Loading resources from: containers/default/container.js
Mai 05, 2017 11:38:54 AM org.apache.shindig.config.JsonContainerConfig loadResources
INFORMATION: Reading container config: containers/default/container.js
Mai 05, 2017 11:38:54 AM org.apache.shindig.gadgets.features.FeatureRegistry register
INFORMATION: Loading resources from: res:features-extras/features.txt
Mai 05, 2017 11:38:54 AM org.apache.catalina.startup.TldConfig execute
INFORMATION: At least one JAR was scanned for TLDs yet contained no TLDs. Enable debug logging for this logger for a complete list of JARs that were scanned but no TLDs were found in them. Skipping unneeded JARs during scanning can improve startup time and JSP compilation time.
11:38:54,917 INFO  [localhost-startStop-1][HotDeployEvent:145] Plugin resources-importer-web requires marketplace-portlet
Mai 05, 2017 11:38:54 AM org.apache.shindig.common.xml.XmlUtil <clinit>
INFORMATION: Reusing document builders
11:38:54,938 INFO  [localhost-startStop-1][HotDeployImpl:217] Deploying resources-importer-web from queue
11:38:54,939 INFO  [localhost-startStop-1][PluginPackageUtil:1016] Reading plugin package for resources-importer-web
Mai 05, 2017 11:38:55 AM org.apache.catalina.core.ApplicationContext log
INFORMATION: Initializing Spring root WebApplicationContext
11:38:55,241 INFO  [localhost-startStop-1][HookHotDeployListener:709] Registering hook for resources-importer-web
11:38:55,246 INFO  [localhost-startStop-1][HookHotDeployListener:851] Hook for resources-importer-web is available for use
Mai 05, 2017 11:38:55 AM org.apache.catalina.startup.HostConfig deployDirectory
INFORMATION: Deployment of web application directory /Users/isturm/Documents/workspace-for-liferay-6.2.0/portal-6.2-ce-ga6-test/tomcat-7.0.62/webapps/resources-importer-web has finished in 2,115 ms
Mai 05, 2017 11:38:55 AM org.apache.catalina.startup.HostConfig deployDirectory
INFORMATION: Deploying web application directory /Users/isturm/Documents/workspace-for-liferay-6.2.0/portal-6.2-ce-ga6-test/tomcat-7.0.62/webapps/rss
Mai 05, 2017 11:38:55 AM org.apache.shindig.gadgets.features.FeatureRegistry register
INFORMATION: Loading resources from: res:features/features.txt
Mai 05, 2017 11:38:56 AM org.apache.catalina.startup.TldConfig execute
INFORMATION: At least one JAR was scanned for TLDs yet contained no TLDs. Enable debug logging for this logger for a complete list of JARs that were scanned but no TLDs were found in them. Skipping unneeded JARs during scanning can improve startup time and JSP compilation time.
Mai 05, 2017 11:38:56 AM org.apache.catalina.startup.HostConfig deployDirectory
INFORMATION: Deployment of web application directory /Users/isturm/Documents/workspace-for-liferay-6.2.0/portal-6.2-ce-ga6-test/tomcat-7.0.62/webapps/rss has finished in 1,033 ms
Mai 05, 2017 11:38:56 AM org.apache.catalina.startup.HostConfig deployDirectory
INFORMATION: Deploying web application directory /Users/isturm/Documents/workspace-for-liferay-6.2.0/portal-6.2-ce-ga6-test/tomcat-7.0.62/webapps/servlet-file-upload
Mai 05, 2017 11:38:56 AM org.apache.catalina.loader.WebappClassLoader validateJarFile
INFORMATION: validateJarFile(/Users/isturm/Documents/workspace-for-liferay-6.2.0/portal-6.2-ce-ga6-test/tomcat-7.0.62/webapps/servlet-file-upload/WEB-INF/lib/javax.servlet-api-3.1.0.jar) - jar not loaded. See Servlet Spec 3.0, section 10.7.2. Offending class: javax/servlet/Servlet.class
Mai 05, 2017 11:38:56 AM org.apache.catalina.startup.ContextConfig processAnnotationsJar
SCHWERWIEGEND: contextConfig.jarFile
java.util.zip.ZipException: zip file is empty
	at java.util.zip.ZipFile.open(Native Method)
	at java.util.zip.ZipFile.<init>(ZipFile.java:219)
	at java.util.zip.ZipFile.<init>(ZipFile.java:149)
	at java.util.jar.JarFile.<init>(JarFile.java:166)
	at java.util.jar.JarFile.<init>(JarFile.java:103)
	at sun.net.www.protocol.jar.URLJarFile.<init>(URLJarFile.java:93)
	at sun.net.www.protocol.jar.URLJarFile.getJarFile(URLJarFile.java:69)
	at sun.net.www.protocol.jar.JarFileFactory.get(JarFileFactory.java:99)
	at sun.net.www.protocol.jar.JarURLConnection.connect(JarURLConnection.java:122)
	at sun.net.www.protocol.jar.JarURLConnection.getJarFile(JarURLConnection.java:89)
	at org.apache.tomcat.util.scan.FileUrlJar.<init>(FileUrlJar.java:41)
	at org.apache.tomcat.util.scan.JarFactory.newInstance(JarFactory.java:34)
	at org.apache.catalina.startup.ContextConfig.processAnnotationsJar(ContextConfig.java:1956)
	at org.apache.catalina.startup.ContextConfig.processAnnotationsUrl(ContextConfig.java:1931)
	at org.apache.catalina.startup.ContextConfig.processAnnotations(ContextConfig.java:1916)
	at org.apache.catalina.startup.ContextConfig.webConfig(ContextConfig.java:1330)
	at org.apache.catalina.startup.ContextConfig.configureStart(ContextConfig.java:889)
	at org.apache.catalina.startup.ContextConfig.lifecycleEvent(ContextConfig.java:386)
	at org.apache.catalina.util.LifecycleSupport.fireLifecycleEvent(LifecycleSupport.java:117)
	at org.apache.catalina.util.LifecycleBase.fireLifecycleEvent(LifecycleBase.java:90)
	at org.apache.catalina.core.StandardContext.startInternal(StandardContext.java:5416)
	at org.apache.catalina.util.LifecycleBase.start(LifecycleBase.java:150)
	at org.apache.catalina.core.ContainerBase.addChildInternal(ContainerBase.java:901)
	at org.apache.catalina.core.ContainerBase.addChild(ContainerBase.java:877)
	at org.apache.catalina.core.StandardHost.addChild(StandardHost.java:652)
	at org.apache.catalina.startup.HostConfig.deployDirectory(HostConfig.java:1263)
	at org.apache.catalina.startup.HostConfig$DeployDirectory.run(HostConfig.java:1948)
	at java.util.concurrent.Executors$RunnableAdapter.call(Executors.java:511)
	at java.util.concurrent.FutureTask.run(FutureTask.java:266)
	at java.util.concurrent.ThreadPoolExecutor.runWorker(ThreadPoolExecutor.java:1142)
	at java.util.concurrent.ThreadPoolExecutor$Worker.run(ThreadPoolExecutor.java:617)
	at java.lang.Thread.run(Thread.java:745)

Mai 05, 2017 11:38:56 AM org.apache.catalina.startup.ContextConfig processAnnotationsJar
SCHWERWIEGEND: contextConfig.jarFile
java.util.zip.ZipException: zip file is empty
	at java.util.zip.ZipFile.open(Native Method)
	at java.util.zip.ZipFile.<init>(ZipFile.java:219)
	at java.util.zip.ZipFile.<init>(ZipFile.java:149)
	at java.util.jar.JarFile.<init>(JarFile.java:166)
	at java.util.jar.JarFile.<init>(JarFile.java:103)
	at sun.net.www.protocol.jar.URLJarFile.<init>(URLJarFile.java:93)
	at sun.net.www.protocol.jar.URLJarFile.getJarFile(URLJarFile.java:69)
	at sun.net.www.protocol.jar.JarFileFactory.get(JarFileFactory.java:99)
	at sun.net.www.protocol.jar.JarURLConnection.connect(JarURLConnection.java:122)
	at sun.net.www.protocol.jar.JarURLConnection.getJarFile(JarURLConnection.java:89)
	at org.apache.tomcat.util.scan.FileUrlJar.<init>(FileUrlJar.java:41)
	at org.apache.tomcat.util.scan.JarFactory.newInstance(JarFactory.java:34)
	at org.apache.catalina.startup.ContextConfig.processAnnotationsJar(ContextConfig.java:1956)
	at org.apache.catalina.startup.ContextConfig.processAnnotationsUrl(ContextConfig.java:1931)
	at org.apache.catalina.startup.ContextConfig.processAnnotations(ContextConfig.java:1916)
	at org.apache.catalina.startup.ContextConfig.webConfig(ContextConfig.java:1330)
	at org.apache.catalina.startup.ContextConfig.configureStart(ContextConfig.java:889)
	at org.apache.catalina.startup.ContextConfig.lifecycleEvent(ContextConfig.java:386)
	at org.apache.catalina.util.LifecycleSupport.fireLifecycleEvent(LifecycleSupport.java:117)
	at org.apache.catalina.util.LifecycleBase.fireLifecycleEvent(LifecycleBase.java:90)
	at org.apache.catalina.core.StandardContext.startInternal(StandardContext.java:5416)
	at org.apache.catalina.util.LifecycleBase.start(LifecycleBase.java:150)
	at org.apache.catalina.core.ContainerBase.addChildInternal(ContainerBase.java:901)
	at org.apache.catalina.core.ContainerBase.addChild(ContainerBase.java:877)
	at org.apache.catalina.core.StandardHost.addChild(StandardHost.java:652)
	at org.apache.catalina.startup.HostConfig.deployDirectory(HostConfig.java:1263)
	at org.apache.catalina.startup.HostConfig$DeployDirectory.run(HostConfig.java:1948)
	at java.util.concurrent.Executors$RunnableAdapter.call(Executors.java:511)
	at java.util.concurrent.FutureTask.run(FutureTask.java:266)
	at java.util.concurrent.ThreadPoolExecutor.runWorker(ThreadPoolExecutor.java:1142)
	at java.util.concurrent.ThreadPoolExecutor$Worker.run(ThreadPoolExecutor.java:617)
	at java.lang.Thread.run(Thread.java:745)

Mai 05, 2017 11:38:56 AM org.apache.catalina.startup.ContextConfig processAnnotationsJar
SCHWERWIEGEND: contextConfig.jarFile
java.util.zip.ZipException: zip file is empty
	at java.util.zip.ZipFile.open(Native Method)
	at java.util.zip.ZipFile.<init>(ZipFile.java:219)
	at java.util.zip.ZipFile.<init>(ZipFile.java:149)
	at java.util.jar.JarFile.<init>(JarFile.java:166)
	at java.util.jar.JarFile.<init>(JarFile.java:103)
	at sun.net.www.protocol.jar.URLJarFile.<init>(URLJarFile.java:93)
	at sun.net.www.protocol.jar.URLJarFile.getJarFile(URLJarFile.java:69)
	at sun.net.www.protocol.jar.JarFileFactory.get(JarFileFactory.java:99)
	at sun.net.www.protocol.jar.JarURLConnection.connect(JarURLConnection.java:122)
	at sun.net.www.protocol.jar.JarURLConnection.getJarFile(JarURLConnection.java:89)
	at org.apache.tomcat.util.scan.FileUrlJar.<init>(FileUrlJar.java:41)
	at org.apache.tomcat.util.scan.JarFactory.newInstance(JarFactory.java:34)
	at org.apache.catalina.startup.ContextConfig.processAnnotationsJar(ContextConfig.java:1956)
	at org.apache.catalina.startup.ContextConfig.processAnnotationsUrl(ContextConfig.java:1931)
	at org.apache.catalina.startup.ContextConfig.processAnnotations(ContextConfig.java:1916)
	at org.apache.catalina.startup.ContextConfig.webConfig(ContextConfig.java:1330)
	at org.apache.catalina.startup.ContextConfig.configureStart(ContextConfig.java:889)
	at org.apache.catalina.startup.ContextConfig.lifecycleEvent(ContextConfig.java:386)
	at org.apache.catalina.util.LifecycleSupport.fireLifecycleEvent(LifecycleSupport.java:117)
	at org.apache.catalina.util.LifecycleBase.fireLifecycleEvent(LifecycleBase.java:90)
	at org.apache.catalina.core.StandardContext.startInternal(StandardContext.java:5416)
	at org.apache.catalina.util.LifecycleBase.start(LifecycleBase.java:150)
	at org.apache.catalina.core.ContainerBase.addChildInternal(ContainerBase.java:901)
	at org.apache.catalina.core.ContainerBase.addChild(ContainerBase.java:877)
	at org.apache.catalina.core.StandardHost.addChild(StandardHost.java:652)
	at org.apache.catalina.startup.HostConfig.deployDirectory(HostConfig.java:1263)
	at org.apache.catalina.startup.HostConfig$DeployDirectory.run(HostConfig.java:1948)
	at java.util.concurrent.Executors$RunnableAdapter.call(Executors.java:511)
	at java.util.concurrent.FutureTask.run(FutureTask.java:266)
	at java.util.concurrent.ThreadPoolExecutor.runWorker(ThreadPoolExecutor.java:1142)
	at java.util.concurrent.ThreadPoolExecutor$Worker.run(ThreadPoolExecutor.java:617)
	at java.lang.Thread.run(Thread.java:745)

Mai 05, 2017 11:38:57 AM org.apache.catalina.startup.ContextConfig processAnnotationsJar
SCHWERWIEGEND: contextConfig.jarFile
java.util.zip.ZipException: zip file is empty
	at java.util.zip.ZipFile.open(Native Method)
	at java.util.zip.ZipFile.<init>(ZipFile.java:219)
	at java.util.zip.ZipFile.<init>(ZipFile.java:149)
	at java.util.jar.JarFile.<init>(JarFile.java:166)
	at java.util.jar.JarFile.<init>(JarFile.java:103)
	at sun.net.www.protocol.jar.URLJarFile.<init>(URLJarFile.java:93)
	at sun.net.www.protocol.jar.URLJarFile.getJarFile(URLJarFile.java:69)
	at sun.net.www.protocol.jar.JarFileFactory.get(JarFileFactory.java:99)
	at sun.net.www.protocol.jar.JarURLConnection.connect(JarURLConnection.java:122)
	at sun.net.www.protocol.jar.JarURLConnection.getJarFile(JarURLConnection.java:89)
	at org.apache.tomcat.util.scan.FileUrlJar.<init>(FileUrlJar.java:41)
	at org.apache.tomcat.util.scan.JarFactory.newInstance(JarFactory.java:34)
	at org.apache.catalina.startup.ContextConfig.processAnnotationsJar(ContextConfig.java:1956)
	at org.apache.catalina.startup.ContextConfig.processAnnotationsUrl(ContextConfig.java:1931)
	at org.apache.catalina.startup.ContextConfig.processAnnotations(ContextConfig.java:1916)
	at org.apache.catalina.startup.ContextConfig.webConfig(ContextConfig.java:1330)
	at org.apache.catalina.startup.ContextConfig.configureStart(ContextConfig.java:889)
	at org.apache.catalina.startup.ContextConfig.lifecycleEvent(ContextConfig.java:386)
	at org.apache.catalina.util.LifecycleSupport.fireLifecycleEvent(LifecycleSupport.java:117)
	at org.apache.catalina.util.LifecycleBase.fireLifecycleEvent(LifecycleBase.java:90)
	at org.apache.catalina.core.StandardContext.startInternal(StandardContext.java:5416)
	at org.apache.catalina.util.LifecycleBase.start(LifecycleBase.java:150)
	at org.apache.catalina.core.ContainerBase.addChildInternal(ContainerBase.java:901)
	at org.apache.catalina.core.ContainerBase.addChild(ContainerBase.java:877)
	at org.apache.catalina.core.StandardHost.addChild(StandardHost.java:652)
	at org.apache.catalina.startup.HostConfig.deployDirectory(HostConfig.java:1263)
	at org.apache.catalina.startup.HostConfig$DeployDirectory.run(HostConfig.java:1948)
	at java.util.concurrent.Executors$RunnableAdapter.call(Executors.java:511)
	at java.util.concurrent.FutureTask.run(FutureTask.java:266)
	at java.util.concurrent.ThreadPoolExecutor.runWorker(ThreadPoolExecutor.java:1142)
	at java.util.concurrent.ThreadPoolExecutor$Worker.run(ThreadPoolExecutor.java:617)
	at java.lang.Thread.run(Thread.java:745)

Mai 05, 2017 11:38:57 AM org.apache.catalina.startup.ContextConfig processResourceJARs
SCHWERWIEGEND: Failed to processes JAR found at URL [jar:file:/Users/isturm/Documents/workspace-for-liferay-6.2.0/portal-6.2-ce-ga6-test/tomcat-7.0.62/webapps/servlet-file-upload/WEB-INF/lib/portals-bridges.jar!/] for static resources to be included in context with name [jar:file:/Users/isturm/Documents/workspace-for-liferay-6.2.0/portal-6.2-ce-ga6-test/tomcat-7.0.62/webapps/servlet-file-upload/WEB-INF/lib/portals-bridges.jar!/]
Mai 05, 2017 11:38:57 AM org.apache.catalina.startup.ContextConfig processResourceJARs
SCHWERWIEGEND: Failed to processes JAR found at URL [jar:file:/Users/isturm/Documents/workspace-for-liferay-6.2.0/portal-6.2-ce-ga6-test/tomcat-7.0.62/webapps/servlet-file-upload/WEB-INF/lib/util-taglib.jar!/] for static resources to be included in context with name [jar:file:/Users/isturm/Documents/workspace-for-liferay-6.2.0/portal-6.2-ce-ga6-test/tomcat-7.0.62/webapps/servlet-file-upload/WEB-INF/lib/util-taglib.jar!/]
Mai 05, 2017 11:38:57 AM org.apache.catalina.startup.ContextConfig processResourceJARs
SCHWERWIEGEND: Failed to processes JAR found at URL [jar:file:/Users/isturm/Documents/workspace-for-liferay-6.2.0/portal-6.2-ce-ga6-test/tomcat-7.0.62/webapps/servlet-file-upload/WEB-INF/lib/util-bridges.jar!/] for static resources to be included in context with name [jar:file:/Users/isturm/Documents/workspace-for-liferay-6.2.0/portal-6.2-ce-ga6-test/tomcat-7.0.62/webapps/servlet-file-upload/WEB-INF/lib/util-bridges.jar!/]
Mai 05, 2017 11:38:57 AM org.apache.catalina.startup.ContextConfig processResourceJARs
SCHWERWIEGEND: Failed to processes JAR found at URL [jar:file:/Users/isturm/Documents/workspace-for-liferay-6.2.0/portal-6.2-ce-ga6-test/tomcat-7.0.62/webapps/servlet-file-upload/WEB-INF/lib/util-java.jar!/] for static resources to be included in context with name [jar:file:/Users/isturm/Documents/workspace-for-liferay-6.2.0/portal-6.2-ce-ga6-test/tomcat-7.0.62/webapps/servlet-file-upload/WEB-INF/lib/util-java.jar!/]
Mai 05, 2017 11:38:57 AM org.apache.catalina.startup.TldConfig tldScanResourcePaths
WARNUNG: Failed to process TLD found at [/WEB-INF/tld/liferay-ui.tld]
java.net.MalformedURLException
	at java.net.URL.<init>(URL.java:627)
	at java.net.URL.<init>(URL.java:490)
	at java.net.URL.<init>(URL.java:439)
	at com.sun.org.apache.xerces.internal.impl.XMLEntityManager.setupCurrentEntity(XMLEntityManager.java:620)
	at com.sun.org.apache.xerces.internal.impl.XMLVersionDetector.determineDocVersion(XMLVersionDetector.java:148)
	at com.sun.org.apache.xerces.internal.parsers.XML11Configuration.parse(XML11Configuration.java:805)
	at com.sun.org.apache.xerces.internal.parsers.XML11Configuration.parse(XML11Configuration.java:770)
	at com.sun.org.apache.xerces.internal.parsers.XMLParser.parse(XMLParser.java:141)
	at com.sun.org.apache.xerces.internal.parsers.AbstractSAXParser.parse(AbstractSAXParser.java:1213)
	at com.sun.org.apache.xerces.internal.jaxp.SAXParserImpl$JAXPSAXParser.parse(SAXParserImpl.java:643)
	at org.apache.tomcat.util.digester.Digester.parse(Digester.java:1555)
	at org.apache.catalina.startup.TldConfig.tldScanStream(TldConfig.java:565)
	at org.apache.catalina.startup.TldConfig.tldScanResourcePaths(TldConfig.java:416)
	at org.apache.catalina.startup.TldConfig.tldScanResourcePaths(TldConfig.java:431)
	at org.apache.catalina.startup.TldConfig.execute(TldConfig.java:265)
	at org.apache.catalina.startup.TldConfig.lifecycleEvent(TldConfig.java:590)
	at org.apache.catalina.util.LifecycleSupport.fireLifecycleEvent(LifecycleSupport.java:117)
	at org.apache.catalina.util.LifecycleBase.fireLifecycleEvent(LifecycleBase.java:90)
	at org.apache.catalina.core.StandardContext.startInternal(StandardContext.java:5416)
	at org.apache.catalina.util.LifecycleBase.start(LifecycleBase.java:150)
	at org.apache.catalina.core.ContainerBase.addChildInternal(ContainerBase.java:901)
	at org.apache.catalina.core.ContainerBase.addChild(ContainerBase.java:877)
	at org.apache.catalina.core.StandardHost.addChild(StandardHost.java:652)
	at org.apache.catalina.startup.HostConfig.deployDirectory(HostConfig.java:1263)
	at org.apache.catalina.startup.HostConfig$DeployDirectory.run(HostConfig.java:1948)
	at java.util.concurrent.Executors$RunnableAdapter.call(Executors.java:511)
	at java.util.concurrent.FutureTask.run(FutureTask.java:266)
	at java.util.concurrent.ThreadPoolExecutor.runWorker(ThreadPoolExecutor.java:1142)
	at java.util.concurrent.ThreadPoolExecutor$Worker.run(ThreadPoolExecutor.java:617)
	at java.lang.Thread.run(Thread.java:745)
Caused by: java.lang.NullPointerException
	at java.net.URL.<init>(URL.java:532)
	... 29 more

Mai 05, 2017 11:38:57 AM org.apache.catalina.startup.TldConfig tldScanResourcePaths
WARNUNG: Failed to process TLD found at [/WEB-INF/tld/liferay-portlet-ext.tld]
java.net.MalformedURLException
	at java.net.URL.<init>(URL.java:627)
	at java.net.URL.<init>(URL.java:490)
	at java.net.URL.<init>(URL.java:439)
	at com.sun.org.apache.xerces.internal.impl.XMLEntityManager.setupCurrentEntity(XMLEntityManager.java:620)
	at com.sun.org.apache.xerces.internal.impl.XMLVersionDetector.determineDocVersion(XMLVersionDetector.java:148)
	at com.sun.org.apache.xerces.internal.parsers.XML11Configuration.parse(XML11Configuration.java:805)
	at com.sun.org.apache.xerces.internal.parsers.XML11Configuration.parse(XML11Configuration.java:770)
	at com.sun.org.apache.xerces.internal.parsers.XMLParser.parse(XMLParser.java:141)
	at com.sun.org.apache.xerces.internal.parsers.AbstractSAXParser.parse(AbstractSAXParser.java:1213)
	at com.sun.org.apache.xerces.internal.jaxp.SAXParserImpl$JAXPSAXParser.parse(SAXParserImpl.java:643)
	at org.apache.tomcat.util.digester.Digester.parse(Digester.java:1555)
	at org.apache.catalina.startup.TldConfig.tldScanStream(TldConfig.java:565)
	at org.apache.catalina.startup.TldConfig.tldScanResourcePaths(TldConfig.java:416)
	at org.apache.catalina.startup.TldConfig.tldScanResourcePaths(TldConfig.java:431)
	at org.apache.catalina.startup.TldConfig.execute(TldConfig.java:265)
	at org.apache.catalina.startup.TldConfig.lifecycleEvent(TldConfig.java:590)
	at org.apache.catalina.util.LifecycleSupport.fireLifecycleEvent(LifecycleSupport.java:117)
	at org.apache.catalina.util.LifecycleBase.fireLifecycleEvent(LifecycleBase.java:90)
	at org.apache.catalina.core.StandardContext.startInternal(StandardContext.java:5416)
	at org.apache.catalina.util.LifecycleBase.start(LifecycleBase.java:150)
	at org.apache.catalina.core.ContainerBase.addChildInternal(ContainerBase.java:901)
	at org.apache.catalina.core.ContainerBase.addChild(ContainerBase.java:877)
	at org.apache.catalina.core.StandardHost.addChild(StandardHost.java:652)
	at org.apache.catalina.startup.HostConfig.deployDirectory(HostConfig.java:1263)
	at org.apache.catalina.startup.HostConfig$DeployDirectory.run(HostConfig.java:1948)
	at java.util.concurrent.Executors$RunnableAdapter.call(Executors.java:511)
	at java.util.concurrent.FutureTask.run(FutureTask.java:266)
	at java.util.concurrent.ThreadPoolExecutor.runWorker(ThreadPoolExecutor.java:1142)
	at java.util.concurrent.ThreadPoolExecutor$Worker.run(ThreadPoolExecutor.java:617)
	at java.lang.Thread.run(Thread.java:745)
Caused by: java.lang.NullPointerException
	at java.net.URL.<init>(URL.java:532)
	... 29 more

Mai 05, 2017 11:38:57 AM org.apache.catalina.startup.TldConfig tldScanResourcePaths
WARNUNG: Failed to process TLD found at [/WEB-INF/tld/liferay-portlet.tld]
java.net.MalformedURLException
	at java.net.URL.<init>(URL.java:627)
	at java.net.URL.<init>(URL.java:490)
	at java.net.URL.<init>(URL.java:439)
	at com.sun.org.apache.xerces.internal.impl.XMLEntityManager.setupCurrentEntity(XMLEntityManager.java:620)
	at com.sun.org.apache.xerces.internal.impl.XMLVersionDetector.determineDocVersion(XMLVersionDetector.java:148)
	at com.sun.org.apache.xerces.internal.parsers.XML11Configuration.parse(XML11Configuration.java:805)
	at com.sun.org.apache.xerces.internal.parsers.XML11Configuration.parse(XML11Configuration.java:770)
	at com.sun.org.apache.xerces.internal.parsers.XMLParser.parse(XMLParser.java:141)
	at com.sun.org.apache.xerces.internal.parsers.AbstractSAXParser.parse(AbstractSAXParser.java:1213)
	at com.sun.org.apache.xerces.internal.jaxp.SAXParserImpl$JAXPSAXParser.parse(SAXParserImpl.java:643)
	at org.apache.tomcat.util.digester.Digester.parse(Digester.java:1555)
	at org.apache.catalina.startup.TldConfig.tldScanStream(TldConfig.java:565)
	at org.apache.catalina.startup.TldConfig.tldScanResourcePaths(TldConfig.java:416)
	at org.apache.catalina.startup.TldConfig.tldScanResourcePaths(TldConfig.java:431)
	at org.apache.catalina.startup.TldConfig.execute(TldConfig.java:265)
	at org.apache.catalina.startup.TldConfig.lifecycleEvent(TldConfig.java:590)
	at org.apache.catalina.util.LifecycleSupport.fireLifecycleEvent(LifecycleSupport.java:117)
	at org.apache.catalina.util.LifecycleBase.fireLifecycleEvent(LifecycleBase.java:90)
	at org.apache.catalina.core.StandardContext.startInternal(StandardContext.java:5416)
	at org.apache.catalina.util.LifecycleBase.start(LifecycleBase.java:150)
	at org.apache.catalina.core.ContainerBase.addChildInternal(ContainerBase.java:901)
	at org.apache.catalina.core.ContainerBase.addChild(ContainerBase.java:877)
	at org.apache.catalina.core.StandardHost.addChild(StandardHost.java:652)
	at org.apache.catalina.startup.HostConfig.deployDirectory(HostConfig.java:1263)
	at org.apache.catalina.startup.HostConfig$DeployDirectory.run(HostConfig.java:1948)
	at java.util.concurrent.Executors$RunnableAdapter.call(Executors.java:511)
	at java.util.concurrent.FutureTask.run(FutureTask.java:266)
	at java.util.concurrent.ThreadPoolExecutor.runWorker(ThreadPoolExecutor.java:1142)
	at java.util.concurrent.ThreadPoolExecutor$Worker.run(ThreadPoolExecutor.java:617)
	at java.lang.Thread.run(Thread.java:745)
Caused by: java.lang.NullPointerException
	at java.net.URL.<init>(URL.java:532)
	... 29 more

Mai 05, 2017 11:38:57 AM org.apache.catalina.startup.TldConfig tldScanResourcePaths
WARNUNG: Failed to process TLD found at [/WEB-INF/tld/liferay-util.tld]
java.net.MalformedURLException
	at java.net.URL.<init>(URL.java:627)
	at java.net.URL.<init>(URL.java:490)
	at java.net.URL.<init>(URL.java:439)
	at com.sun.org.apache.xerces.internal.impl.XMLEntityManager.setupCurrentEntity(XMLEntityManager.java:620)
	at com.sun.org.apache.xerces.internal.impl.XMLVersionDetector.determineDocVersion(XMLVersionDetector.java:148)
	at com.sun.org.apache.xerces.internal.parsers.XML11Configuration.parse(XML11Configuration.java:805)
	at com.sun.org.apache.xerces.internal.parsers.XML11Configuration.parse(XML11Configuration.java:770)
	at com.sun.org.apache.xerces.internal.parsers.XMLParser.parse(XMLParser.java:141)
	at com.sun.org.apache.xerces.internal.parsers.AbstractSAXParser.parse(AbstractSAXParser.java:1213)
	at com.sun.org.apache.xerces.internal.jaxp.SAXParserImpl$JAXPSAXParser.parse(SAXParserImpl.java:643)
	at org.apache.tomcat.util.digester.Digester.parse(Digester.java:1555)
	at org.apache.catalina.startup.TldConfig.tldScanStream(TldConfig.java:565)
	at org.apache.catalina.startup.TldConfig.tldScanResourcePaths(TldConfig.java:416)
	at org.apache.catalina.startup.TldConfig.tldScanResourcePaths(TldConfig.java:431)
	at org.apache.catalina.startup.TldConfig.execute(TldConfig.java:265)
	at org.apache.catalina.startup.TldConfig.lifecycleEvent(TldConfig.java:590)
	at org.apache.catalina.util.LifecycleSupport.fireLifecycleEvent(LifecycleSupport.java:117)
	at org.apache.catalina.util.LifecycleBase.fireLifecycleEvent(LifecycleBase.java:90)
	at org.apache.catalina.core.StandardContext.startInternal(StandardContext.java:5416)
	at org.apache.catalina.util.LifecycleBase.start(LifecycleBase.java:150)
	at org.apache.catalina.core.ContainerBase.addChildInternal(ContainerBase.java:901)
	at org.apache.catalina.core.ContainerBase.addChild(ContainerBase.java:877)
	at org.apache.catalina.core.StandardHost.addChild(StandardHost.java:652)
	at org.apache.catalina.startup.HostConfig.deployDirectory(HostConfig.java:1263)
	at org.apache.catalina.startup.HostConfig$DeployDirectory.run(HostConfig.java:1948)
	at java.util.concurrent.Executors$RunnableAdapter.call(Executors.java:511)
	at java.util.concurrent.FutureTask.run(FutureTask.java:266)
	at java.util.concurrent.ThreadPoolExecutor.runWorker(ThreadPoolExecutor.java:1142)
	at java.util.concurrent.ThreadPoolExecutor$Worker.run(ThreadPoolExecutor.java:617)
	at java.lang.Thread.run(Thread.java:745)
Caused by: java.lang.NullPointerException
	at java.net.URL.<init>(URL.java:532)
	... 29 more

Mai 05, 2017 11:38:57 AM org.apache.catalina.startup.TldConfig tldScanResourcePaths
WARNUNG: Failed to process TLD found at [/WEB-INF/tld/liferay-security.tld]
java.net.MalformedURLException
	at java.net.URL.<init>(URL.java:627)
	at java.net.URL.<init>(URL.java:490)
	at java.net.URL.<init>(URL.java:439)
	at com.sun.org.apache.xerces.internal.impl.XMLEntityManager.setupCurrentEntity(XMLEntityManager.java:620)
	at com.sun.org.apache.xerces.internal.impl.XMLVersionDetector.determineDocVersion(XMLVersionDetector.java:148)
	at com.sun.org.apache.xerces.internal.parsers.XML11Configuration.parse(XML11Configuration.java:805)
	at com.sun.org.apache.xerces.internal.parsers.XML11Configuration.parse(XML11Configuration.java:770)
	at com.sun.org.apache.xerces.internal.parsers.XMLParser.parse(XMLParser.java:141)
	at com.sun.org.apache.xerces.internal.parsers.AbstractSAXParser.parse(AbstractSAXParser.java:1213)
	at com.sun.org.apache.xerces.internal.jaxp.SAXParserImpl$JAXPSAXParser.parse(SAXParserImpl.java:643)
	at org.apache.tomcat.util.digester.Digester.parse(Digester.java:1555)
	at org.apache.catalina.startup.TldConfig.tldScanStream(TldConfig.java:565)
	at org.apache.catalina.startup.TldConfig.tldScanResourcePaths(TldConfig.java:416)
	at org.apache.catalina.startup.TldConfig.tldScanResourcePaths(TldConfig.java:431)
	at org.apache.catalina.startup.TldConfig.execute(TldConfig.java:265)
	at org.apache.catalina.startup.TldConfig.lifecycleEvent(TldConfig.java:590)
	at org.apache.catalina.util.LifecycleSupport.fireLifecycleEvent(LifecycleSupport.java:117)
	at org.apache.catalina.util.LifecycleBase.fireLifecycleEvent(LifecycleBase.java:90)
	at org.apache.catalina.core.StandardContext.startInternal(StandardContext.java:5416)
	at org.apache.catalina.util.LifecycleBase.start(LifecycleBase.java:150)
	at org.apache.catalina.core.ContainerBase.addChildInternal(ContainerBase.java:901)
	at org.apache.catalina.core.ContainerBase.addChild(ContainerBase.java:877)
	at org.apache.catalina.core.StandardHost.addChild(StandardHost.java:652)
	at org.apache.catalina.startup.HostConfig.deployDirectory(HostConfig.java:1263)
	at org.apache.catalina.startup.HostConfig$DeployDirectory.run(HostConfig.java:1948)
	at java.util.concurrent.Executors$RunnableAdapter.call(Executors.java:511)
	at java.util.concurrent.FutureTask.run(FutureTask.java:266)
	at java.util.concurrent.ThreadPoolExecutor.runWorker(ThreadPoolExecutor.java:1142)
	at java.util.concurrent.ThreadPoolExecutor$Worker.run(ThreadPoolExecutor.java:617)
	at java.lang.Thread.run(Thread.java:745)
Caused by: java.lang.NullPointerException
	at java.net.URL.<init>(URL.java:532)
	... 29 more

Mai 05, 2017 11:38:57 AM org.apache.catalina.startup.TldConfig tldScanResourcePaths
WARNUNG: Failed to process TLD found at [/WEB-INF/tld/aui.tld]
java.net.MalformedURLException
	at java.net.URL.<init>(URL.java:627)
	at java.net.URL.<init>(URL.java:490)
	at java.net.URL.<init>(URL.java:439)
	at com.sun.org.apache.xerces.internal.impl.XMLEntityManager.setupCurrentEntity(XMLEntityManager.java:620)
	at com.sun.org.apache.xerces.internal.impl.XMLVersionDetector.determineDocVersion(XMLVersionDetector.java:148)
	at com.sun.org.apache.xerces.internal.parsers.XML11Configuration.parse(XML11Configuration.java:805)
	at com.sun.org.apache.xerces.internal.parsers.XML11Configuration.parse(XML11Configuration.java:770)
	at com.sun.org.apache.xerces.internal.parsers.XMLParser.parse(XMLParser.java:141)
	at com.sun.org.apache.xerces.internal.parsers.AbstractSAXParser.parse(AbstractSAXParser.java:1213)
	at com.sun.org.apache.xerces.internal.jaxp.SAXParserImpl$JAXPSAXParser.parse(SAXParserImpl.java:643)
	at org.apache.tomcat.util.digester.Digester.parse(Digester.java:1555)
	at org.apache.catalina.startup.TldConfig.tldScanStream(TldConfig.java:565)
	at org.apache.catalina.startup.TldConfig.tldScanResourcePaths(TldConfig.java:416)
	at org.apache.catalina.startup.TldConfig.tldScanResourcePaths(TldConfig.java:431)
	at org.apache.catalina.startup.TldConfig.execute(TldConfig.java:265)
	at org.apache.catalina.startup.TldConfig.lifecycleEvent(TldConfig.java:590)
	at org.apache.catalina.util.LifecycleSupport.fireLifecycleEvent(LifecycleSupport.java:117)
	at org.apache.catalina.util.LifecycleBase.fireLifecycleEvent(LifecycleBase.java:90)
	at org.apache.catalina.core.StandardContext.startInternal(StandardContext.java:5416)
	at org.apache.catalina.util.LifecycleBase.start(LifecycleBase.java:150)
	at org.apache.catalina.core.ContainerBase.addChildInternal(ContainerBase.java:901)
	at org.apache.catalina.core.ContainerBase.addChild(ContainerBase.java:877)
	at org.apache.catalina.core.StandardHost.addChild(StandardHost.java:652)
	at org.apache.catalina.startup.HostConfig.deployDirectory(HostConfig.java:1263)
	at org.apache.catalina.startup.HostConfig$DeployDirectory.run(HostConfig.java:1948)
	at java.util.concurrent.Executors$RunnableAdapter.call(Executors.java:511)
	at java.util.concurrent.FutureTask.run(FutureTask.java:266)
	at java.util.concurrent.ThreadPoolExecutor.runWorker(ThreadPoolExecutor.java:1142)
	at java.util.concurrent.ThreadPoolExecutor$Worker.run(ThreadPoolExecutor.java:617)
	at java.lang.Thread.run(Thread.java:745)
Caused by: java.lang.NullPointerException
	at java.net.URL.<init>(URL.java:532)
	... 29 more

Mai 05, 2017 11:38:57 AM org.apache.catalina.startup.TldConfig tldScanResourcePaths
WARNUNG: Failed to process TLD found at [/WEB-INF/tld/liferay-theme.tld]
java.net.MalformedURLException
	at java.net.URL.<init>(URL.java:627)
	at java.net.URL.<init>(URL.java:490)
	at java.net.URL.<init>(URL.java:439)
	at com.sun.org.apache.xerces.internal.impl.XMLEntityManager.setupCurrentEntity(XMLEntityManager.java:620)
	at com.sun.org.apache.xerces.internal.impl.XMLVersionDetector.determineDocVersion(XMLVersionDetector.java:148)
	at com.sun.org.apache.xerces.internal.parsers.XML11Configuration.parse(XML11Configuration.java:805)
	at com.sun.org.apache.xerces.internal.parsers.XML11Configuration.parse(XML11Configuration.java:770)
	at com.sun.org.apache.xerces.internal.parsers.XMLParser.parse(XMLParser.java:141)
	at com.sun.org.apache.xerces.internal.parsers.AbstractSAXParser.parse(AbstractSAXParser.java:1213)
	at com.sun.org.apache.xerces.internal.jaxp.SAXParserImpl$JAXPSAXParser.parse(SAXParserImpl.java:643)
	at org.apache.tomcat.util.digester.Digester.parse(Digester.java:1555)
	at org.apache.catalina.startup.TldConfig.tldScanStream(TldConfig.java:565)
	at org.apache.catalina.startup.TldConfig.tldScanResourcePaths(TldConfig.java:416)
	at org.apache.catalina.startup.TldConfig.tldScanResourcePaths(TldConfig.java:431)
	at org.apache.catalina.startup.TldConfig.execute(TldConfig.java:265)
	at org.apache.catalina.startup.TldConfig.lifecycleEvent(TldConfig.java:590)
	at org.apache.catalina.util.LifecycleSupport.fireLifecycleEvent(LifecycleSupport.java:117)
	at org.apache.catalina.util.LifecycleBase.fireLifecycleEvent(LifecycleBase.java:90)
	at org.apache.catalina.core.StandardContext.startInternal(StandardContext.java:5416)
	at org.apache.catalina.util.LifecycleBase.start(LifecycleBase.java:150)
	at org.apache.catalina.core.ContainerBase.addChildInternal(ContainerBase.java:901)
	at org.apache.catalina.core.ContainerBase.addChild(ContainerBase.java:877)
	at org.apache.catalina.core.StandardHost.addChild(StandardHost.java:652)
	at org.apache.catalina.startup.HostConfig.deployDirectory(HostConfig.java:1263)
	at org.apache.catalina.startup.HostConfig$DeployDirectory.run(HostConfig.java:1948)
	at java.util.concurrent.Executors$RunnableAdapter.call(Executors.java:511)
	at java.util.concurrent.FutureTask.run(FutureTask.java:266)
	at java.util.concurrent.ThreadPoolExecutor.runWorker(ThreadPoolExecutor.java:1142)
	at java.util.concurrent.ThreadPoolExecutor$Worker.run(ThreadPoolExecutor.java:617)
	at java.lang.Thread.run(Thread.java:745)
Caused by: java.lang.NullPointerException
	at java.net.URL.<init>(URL.java:532)
	... 29 more

Mai 05, 2017 11:38:57 AM org.apache.catalina.startup.TldConfig tldScanJar
WARNUNG: Failed to process JAR [jar:file:/Users/isturm/Documents/workspace-for-liferay-6.2.0/portal-6.2-ce-ga6-test/tomcat-7.0.62/webapps/servlet-file-upload/WEB-INF/lib/util-java.jar!/] for TLD files
java.util.zip.ZipException: zip file is empty
	at java.util.zip.ZipFile.open(Native Method)
	at java.util.zip.ZipFile.<init>(ZipFile.java:219)
	at java.util.zip.ZipFile.<init>(ZipFile.java:149)
	at java.util.jar.JarFile.<init>(JarFile.java:166)
	at java.util.jar.JarFile.<init>(JarFile.java:103)
	at sun.net.www.protocol.jar.URLJarFile.<init>(URLJarFile.java:93)
	at sun.net.www.protocol.jar.URLJarFile.getJarFile(URLJarFile.java:69)
	at sun.net.www.protocol.jar.JarFileFactory.get(JarFileFactory.java:99)
	at sun.net.www.protocol.jar.JarURLConnection.connect(JarURLConnection.java:122)
	at sun.net.www.protocol.jar.JarURLConnection.getJarFile(JarURLConnection.java:89)
	at org.apache.tomcat.util.scan.FileUrlJar.<init>(FileUrlJar.java:41)
	at org.apache.tomcat.util.scan.JarFactory.newInstance(JarFactory.java:34)
	at org.apache.catalina.startup.TldConfig.tldScanJar(TldConfig.java:502)
	at org.apache.catalina.startup.TldConfig.access$200(TldConfig.java:61)
	at org.apache.catalina.startup.TldConfig$TldJarScannerCallback.scan(TldConfig.java:300)
	at org.apache.tomcat.util.scan.StandardJarScanner.process(StandardJarScanner.java:258)
	at org.apache.tomcat.util.scan.StandardJarScanner.scan(StandardJarScanner.java:177)
	at org.apache.catalina.startup.TldConfig.execute(TldConfig.java:271)
	at org.apache.catalina.startup.TldConfig.lifecycleEvent(TldConfig.java:590)
	at org.apache.catalina.util.LifecycleSupport.fireLifecycleEvent(LifecycleSupport.java:117)
	at org.apache.catalina.util.LifecycleBase.fireLifecycleEvent(LifecycleBase.java:90)
	at org.apache.catalina.core.StandardContext.startInternal(StandardContext.java:5416)
	at org.apache.catalina.util.LifecycleBase.start(LifecycleBase.java:150)
	at org.apache.catalina.core.ContainerBase.addChildInternal(ContainerBase.java:901)
	at org.apache.catalina.core.ContainerBase.addChild(ContainerBase.java:877)
	at org.apache.catalina.core.StandardHost.addChild(StandardHost.java:652)
	at org.apache.catalina.startup.HostConfig.deployDirectory(HostConfig.java:1263)
	at org.apache.catalina.startup.HostConfig$DeployDirectory.run(HostConfig.java:1948)
	at java.util.concurrent.Executors$RunnableAdapter.call(Executors.java:511)
	at java.util.concurrent.FutureTask.run(FutureTask.java:266)
	at java.util.concurrent.ThreadPoolExecutor.runWorker(ThreadPoolExecutor.java:1142)
	at java.util.concurrent.ThreadPoolExecutor$Worker.run(ThreadPoolExecutor.java:617)
	at java.lang.Thread.run(Thread.java:745)

Mai 05, 2017 11:38:57 AM org.apache.catalina.startup.TldConfig tldScanJar
WARNUNG: Failed to process JAR [jar:file:/Users/isturm/Documents/workspace-for-liferay-6.2.0/portal-6.2-ce-ga6-test/tomcat-7.0.62/webapps/servlet-file-upload/WEB-INF/lib/portals-bridges.jar!/] for TLD files
java.util.zip.ZipException: zip file is empty
	at java.util.zip.ZipFile.open(Native Method)
	at java.util.zip.ZipFile.<init>(ZipFile.java:219)
	at java.util.zip.ZipFile.<init>(ZipFile.java:149)
	at java.util.jar.JarFile.<init>(JarFile.java:166)
	at java.util.jar.JarFile.<init>(JarFile.java:103)
	at sun.net.www.protocol.jar.URLJarFile.<init>(URLJarFile.java:93)
	at sun.net.www.protocol.jar.URLJarFile.getJarFile(URLJarFile.java:69)
	at sun.net.www.protocol.jar.JarFileFactory.get(JarFileFactory.java:99)
	at sun.net.www.protocol.jar.JarURLConnection.connect(JarURLConnection.java:122)
	at sun.net.www.protocol.jar.JarURLConnection.getJarFile(JarURLConnection.java:89)
	at org.apache.tomcat.util.scan.FileUrlJar.<init>(FileUrlJar.java:41)
	at org.apache.tomcat.util.scan.JarFactory.newInstance(JarFactory.java:34)
	at org.apache.catalina.startup.TldConfig.tldScanJar(TldConfig.java:502)
	at org.apache.catalina.startup.TldConfig.access$200(TldConfig.java:61)
	at org.apache.catalina.startup.TldConfig$TldJarScannerCallback.scan(TldConfig.java:300)
	at org.apache.tomcat.util.scan.StandardJarScanner.process(StandardJarScanner.java:258)
	at org.apache.tomcat.util.scan.StandardJarScanner.scan(StandardJarScanner.java:177)
	at org.apache.catalina.startup.TldConfig.execute(TldConfig.java:271)
	at org.apache.catalina.startup.TldConfig.lifecycleEvent(TldConfig.java:590)
	at org.apache.catalina.util.LifecycleSupport.fireLifecycleEvent(LifecycleSupport.java:117)
	at org.apache.catalina.util.LifecycleBase.fireLifecycleEvent(LifecycleBase.java:90)
	at org.apache.catalina.core.StandardContext.startInternal(StandardContext.java:5416)
	at org.apache.catalina.util.LifecycleBase.start(LifecycleBase.java:150)
	at org.apache.catalina.core.ContainerBase.addChildInternal(ContainerBase.java:901)
	at org.apache.catalina.core.ContainerBase.addChild(ContainerBase.java:877)
	at org.apache.catalina.core.StandardHost.addChild(StandardHost.java:652)
	at org.apache.catalina.startup.HostConfig.deployDirectory(HostConfig.java:1263)
	at org.apache.catalina.startup.HostConfig$DeployDirectory.run(HostConfig.java:1948)
	at java.util.concurrent.Executors$RunnableAdapter.call(Executors.java:511)
	at java.util.concurrent.FutureTask.run(FutureTask.java:266)
	at java.util.concurrent.ThreadPoolExecutor.runWorker(ThreadPoolExecutor.java:1142)
	at java.util.concurrent.ThreadPoolExecutor$Worker.run(ThreadPoolExecutor.java:617)
	at java.lang.Thread.run(Thread.java:745)

Mai 05, 2017 11:38:57 AM org.apache.catalina.startup.TldConfig tldScanJar
WARNUNG: Failed to process JAR [jar:file:/Users/isturm/Documents/workspace-for-liferay-6.2.0/portal-6.2-ce-ga6-test/tomcat-7.0.62/webapps/servlet-file-upload/WEB-INF/lib/util-bridges.jar!/] for TLD files
java.util.zip.ZipException: zip file is empty
	at java.util.zip.ZipFile.open(Native Method)
	at java.util.zip.ZipFile.<init>(ZipFile.java:219)
	at java.util.zip.ZipFile.<init>(ZipFile.java:149)
	at java.util.jar.JarFile.<init>(JarFile.java:166)
	at java.util.jar.JarFile.<init>(JarFile.java:103)
	at sun.net.www.protocol.jar.URLJarFile.<init>(URLJarFile.java:93)
	at sun.net.www.protocol.jar.URLJarFile.getJarFile(URLJarFile.java:69)
	at sun.net.www.protocol.jar.JarFileFactory.get(JarFileFactory.java:99)
	at sun.net.www.protocol.jar.JarURLConnection.connect(JarURLConnection.java:122)
	at sun.net.www.protocol.jar.JarURLConnection.getJarFile(JarURLConnection.java:89)
	at org.apache.tomcat.util.scan.FileUrlJar.<init>(FileUrlJar.java:41)
	at org.apache.tomcat.util.scan.JarFactory.newInstance(JarFactory.java:34)
	at org.apache.catalina.startup.TldConfig.tldScanJar(TldConfig.java:502)
	at org.apache.catalina.startup.TldConfig.access$200(TldConfig.java:61)
	at org.apache.catalina.startup.TldConfig$TldJarScannerCallback.scan(TldConfig.java:300)
	at org.apache.tomcat.util.scan.StandardJarScanner.process(StandardJarScanner.java:258)
	at org.apache.tomcat.util.scan.StandardJarScanner.scan(StandardJarScanner.java:177)
	at org.apache.catalina.startup.TldConfig.execute(TldConfig.java:271)
	at org.apache.catalina.startup.TldConfig.lifecycleEvent(TldConfig.java:590)
	at org.apache.catalina.util.LifecycleSupport.fireLifecycleEvent(LifecycleSupport.java:117)
	at org.apache.catalina.util.LifecycleBase.fireLifecycleEvent(LifecycleBase.java:90)
	at org.apache.catalina.core.StandardContext.startInternal(StandardContext.java:5416)
	at org.apache.catalina.util.LifecycleBase.start(LifecycleBase.java:150)
	at org.apache.catalina.core.ContainerBase.addChildInternal(ContainerBase.java:901)
	at org.apache.catalina.core.ContainerBase.addChild(ContainerBase.java:877)
	at org.apache.catalina.core.StandardHost.addChild(StandardHost.java:652)
	at org.apache.catalina.startup.HostConfig.deployDirectory(HostConfig.java:1263)
	at org.apache.catalina.startup.HostConfig$DeployDirectory.run(HostConfig.java:1948)
	at java.util.concurrent.Executors$RunnableAdapter.call(Executors.java:511)
	at java.util.concurrent.FutureTask.run(FutureTask.java:266)
	at java.util.concurrent.ThreadPoolExecutor.runWorker(ThreadPoolExecutor.java:1142)
	at java.util.concurrent.ThreadPoolExecutor$Worker.run(ThreadPoolExecutor.java:617)
	at java.lang.Thread.run(Thread.java:745)

Mai 05, 2017 11:38:57 AM org.apache.catalina.startup.TldConfig tldScanJar
WARNUNG: Failed to process JAR [jar:file:/Users/isturm/Documents/workspace-for-liferay-6.2.0/portal-6.2-ce-ga6-test/tomcat-7.0.62/webapps/servlet-file-upload/WEB-INF/lib/util-taglib.jar!/] for TLD files
java.util.zip.ZipException: zip file is empty
	at java.util.zip.ZipFile.open(Native Method)
	at java.util.zip.ZipFile.<init>(ZipFile.java:219)
	at java.util.zip.ZipFile.<init>(ZipFile.java:149)
	at java.util.jar.JarFile.<init>(JarFile.java:166)
	at java.util.jar.JarFile.<init>(JarFile.java:103)
	at sun.net.www.protocol.jar.URLJarFile.<init>(URLJarFile.java:93)
	at sun.net.www.protocol.jar.URLJarFile.getJarFile(URLJarFile.java:69)
	at sun.net.www.protocol.jar.JarFileFactory.get(JarFileFactory.java:99)
	at sun.net.www.protocol.jar.JarURLConnection.connect(JarURLConnection.java:122)
	at sun.net.www.protocol.jar.JarURLConnection.getJarFile(JarURLConnection.java:89)
	at org.apache.tomcat.util.scan.FileUrlJar.<init>(FileUrlJar.java:41)
	at org.apache.tomcat.util.scan.JarFactory.newInstance(JarFactory.java:34)
	at org.apache.catalina.startup.TldConfig.tldScanJar(TldConfig.java:502)
	at org.apache.catalina.startup.TldConfig.access$200(TldConfig.java:61)
	at org.apache.catalina.startup.TldConfig$TldJarScannerCallback.scan(TldConfig.java:300)
	at org.apache.tomcat.util.scan.StandardJarScanner.process(StandardJarScanner.java:258)
	at org.apache.tomcat.util.scan.StandardJarScanner.scan(StandardJarScanner.java:177)
	at org.apache.catalina.startup.TldConfig.execute(TldConfig.java:271)
	at org.apache.catalina.startup.TldConfig.lifecycleEvent(TldConfig.java:590)
	at org.apache.catalina.util.LifecycleSupport.fireLifecycleEvent(LifecycleSupport.java:117)
	at org.apache.catalina.util.LifecycleBase.fireLifecycleEvent(LifecycleBase.java:90)
	at org.apache.catalina.core.StandardContext.startInternal(StandardContext.java:5416)
	at org.apache.catalina.util.LifecycleBase.start(LifecycleBase.java:150)
	at org.apache.catalina.core.ContainerBase.addChildInternal(ContainerBase.java:901)
	at org.apache.catalina.core.ContainerBase.addChild(ContainerBase.java:877)
	at org.apache.catalina.core.StandardHost.addChild(StandardHost.java:652)
	at org.apache.catalina.startup.HostConfig.deployDirectory(HostConfig.java:1263)
	at org.apache.catalina.startup.HostConfig$DeployDirectory.run(HostConfig.java:1948)
	at java.util.concurrent.Executors$RunnableAdapter.call(Executors.java:511)
	at java.util.concurrent.FutureTask.run(FutureTask.java:266)
	at java.util.concurrent.ThreadPoolExecutor.runWorker(ThreadPoolExecutor.java:1142)
	at java.util.concurrent.ThreadPoolExecutor$Worker.run(ThreadPoolExecutor.java:617)
	at java.lang.Thread.run(Thread.java:745)

Mai 05, 2017 11:38:57 AM org.apache.catalina.startup.TldConfig execute
INFORMATION: At least one JAR was scanned for TLDs yet contained no TLDs. Enable debug logging for this logger for a complete list of JARs that were scanned but no TLDs were found in them. Skipping unneeded JARs during scanning can improve startup time and JSP compilation time.
Mai 05, 2017 11:38:57 AM org.apache.catalina.startup.HostConfig deployDirectory
INFORMATION: Deployment of web application directory /Users/isturm/Documents/workspace-for-liferay-6.2.0/portal-6.2-ce-ga6-test/tomcat-7.0.62/webapps/servlet-file-upload has finished in 1,394 ms
Mai 05, 2017 11:38:57 AM org.apache.catalina.startup.HostConfig deployDirectory
INFORMATION: Deploying web application directory /Users/isturm/Documents/workspace-for-liferay-6.2.0/portal-6.2-ce-ga6-test/tomcat-7.0.62/webapps/sync-web
Mai 05, 2017 11:38:59 AM org.apache.shindig.gadgets.servlet.CajaContentRewriter <init>
INFORMATION: Cajoled cache createdorg.apache.shindig.common.cache.ehcache.EhConfiguredCache@7c1a4604
Mai 05, 2017 11:38:59 AM org.apache.catalina.startup.TldConfig execute
INFORMATION: At least one JAR was scanned for TLDs yet contained no TLDs. Enable debug logging for this logger for a complete list of JARs that were scanned but no TLDs were found in them. Skipping unneeded JARs during scanning can improve startup time and JSP compilation time.
Mai 05, 2017 11:38:59 AM org.apache.shindig.gadgets.servlet.CajaContentRewriter <init>
INFORMATION: Cajoled cache createdorg.apache.shindig.common.cache.ehcache.EhConfiguredCache@7c1a4604
Mai 05, 2017 11:38:59 AM org.apache.shindig.gadgets.oauth.OAuthModule$OAuthCrypterProvider <init>
INFORMATION: Using random key for OAuth client-side state encryption
11:38:59,975 INFO  [localhost-startStop-1][HotDeployEvent:145] Plugin sync-web requires marketplace-portlet
11:38:59,985 INFO  [localhost-startStop-1][HotDeployImpl:217] Deploying sync-web from queue
11:38:59,987 INFO  [localhost-startStop-1][PluginPackageUtil:1016] Reading plugin package for sync-web
Loading file:/Users/isturm/Documents/workspace-for-liferay-6.2.0/portal-6.2-ce-ga6-test/tomcat-7.0.62/temp/7-sync-web/WEB-INF/classes/portlet.properties
Loading file:/Users/isturm/Documents/workspace-for-liferay-6.2.0/portal-6.2-ce-ga6-test/tomcat-7.0.62/temp/7-sync-web/WEB-INF/classes/service.properties
Loading file:/Users/isturm/Documents/workspace-for-liferay-6.2.0/portal-6.2-ce-ga6-test/tomcat-7.0.62/temp/7-sync-web/WEB-INF/classes/portlet.properties
Mai 05, 2017 11:39:00 AM org.apache.catalina.core.ApplicationContext log
INFORMATION: Initializing Spring root WebApplicationContext
Loading file:/Users/isturm/Documents/workspace-for-liferay-6.2.0/portal-6.2-ce-ga6-test/tomcat-7.0.62/temp/7-sync-web/WEB-INF/classes/service.properties
Loading file:/Users/isturm/Documents/workspace-for-liferay-6.2.0/portal-6.2-ce-ga6-test/tomcat-7.0.62/temp/7-sync-web/WEB-INF/classes/service.properties
11:39:01,244 INFO  [localhost-startStop-1][HookHotDeployListener:709] Registering hook for sync-web
Loading file:/Users/isturm/Documents/workspace-for-liferay-6.2.0/portal-6.2-ce-ga6-test/tomcat-7.0.62/temp/7-sync-web/WEB-INF/classes/portal.properties
11:39:01,526 INFO  [localhost-startStop-1][HookHotDeployListener:851] Hook for sync-web is available for use
Mai 05, 2017 11:39:01 AM org.apache.catalina.startup.HostConfig deployDirectory
INFORMATION: Deployment of web application directory /Users/isturm/Documents/workspace-for-liferay-6.2.0/portal-6.2-ce-ga6-test/tomcat-7.0.62/webapps/sync-web has finished in 4,093 ms
Mai 05, 2017 11:39:01 AM org.apache.catalina.startup.HostConfig deployDirectory
INFORMATION: Deploying web application directory /Users/isturm/Documents/workspace-for-liferay-6.2.0/portal-6.2-ce-ga6-test/tomcat-7.0.62/webapps/web-form-portlet
Mai 05, 2017 11:39:02 AM org.apache.catalina.startup.TldConfig execute
INFORMATION: At least one JAR was scanned for TLDs yet contained no TLDs. Enable debug logging for this logger for a complete list of JARs that were scanned but no TLDs were found in them. Skipping unneeded JARs during scanning can improve startup time and JSP compilation time.
Mai 05, 2017 11:39:02 AM org.apache.catalina.startup.HostConfig deployDirectory
INFORMATION: Deployment of web application directory /Users/isturm/Documents/workspace-for-liferay-6.2.0/portal-6.2-ce-ga6-test/tomcat-7.0.62/webapps/web-form-portlet has finished in 971 ms
Mai 05, 2017 11:39:02 AM org.apache.coyote.AbstractProtocol start
INFORMATION: Starting ProtocolHandler ["http-bio-8080"]
Mai 05, 2017 11:39:02 AM org.apache.coyote.AbstractProtocol start
INFORMATION: Starting ProtocolHandler ["ajp-bio-8009"]
Mai 05, 2017 11:39:02 AM org.apache.catalina.startup.Catalina start
INFORMATION: Server startup in 137448 ms
11:39:10,459 WARN  [http-bio-8080-exec-2][LectureseriesPersistenceImpl:6897] No Lectureseries exists with the primary key -1492073811701
11:39:10,751 WARN  [http-bio-8080-exec-2][LectureseriesPersistenceImpl:6897] No Lectureseries exists with the primary key -1491006808761
11:39:29,599 WARN  [http-bio-8080-exec-5][LectureseriesPersistenceImpl:6897] No Lectureseries exists with the primary key -1492073811701
11:39:29,686 WARN  [http-bio-8080-exec-5][LectureseriesPersistenceImpl:6897] No Lectureseries exists with the primary key -1491006808761
11:40:00,006 INFO  [liferay/scheduler_dispatch-2][PortletScheduler:36] Autocomplete Scheduler running de.uhh.l2g.plugins.util.AutocompleteScheduler...
11:40:42,508 INFO  [liferay/scheduler_dispatch-2][PortletScheduler:40] Autocomplete Scheduler finished.
Mai 05, 2017 11:40:45 AM org.apache.catalina.core.StandardServer await
INFORMATION: A valid shutdown command was received via the shutdown port. Stopping the Server instance.
Mai 05, 2017 11:40:45 AM org.apache.coyote.AbstractProtocol pause
INFORMATION: Pausing ProtocolHandler ["http-bio-8080"]
Mai 05, 2017 11:40:45 AM org.apache.coyote.AbstractProtocol pause
INFORMATION: Pausing ProtocolHandler ["ajp-bio-8009"]
Mai 05, 2017 11:40:45 AM org.apache.catalina.core.StandardService stopInternal
INFORMATION: Stopping service Catalina
11:40:45,209 INFO  [localhost-startStop-2][HotDeployEvent:145] Plugin sync-web requires marketplace-portlet
11:40:45,216 INFO  [localhost-startStop-2][HookHotDeployListener:982] Hook for sync-web was unregistered
Mai 05, 2017 11:40:45 AM org.apache.catalina.core.ApplicationContext log
INFORMATION: Closing Spring root WebApplicationContext
11:40:45,251 INFO  [localhost-startStop-2][PluginPackageUtil:1016] Reading plugin package for sync-web
11:40:45,308 INFO  [localhost-startStop-2][HotDeployEvent:145] Plugin resources-importer-web requires marketplace-portlet
11:40:45,314 INFO  [localhost-startStop-2][HookHotDeployListener:982] Hook for resources-importer-web was unregistered
Mai 05, 2017 11:40:45 AM org.apache.catalina.core.ApplicationContext log
INFORMATION: Closing Spring root WebApplicationContext
11:40:45,330 INFO  [localhost-startStop-2][PluginPackageUtil:1016] Reading plugin package for resources-importer-web
11:40:45,341 INFO  [localhost-startStop-2][HotDeployEvent:145] Plugin opensocial-portlet requires marketplace-portlet
11:40:45,341 INFO  [localhost-startStop-2][PortletHotDeployListener:525] Unregistering portlets for opensocial-portlet
11:40:45,355 INFO  [localhost-startStop-2][PortletHotDeployListener:565] 4 portlets for opensocial-portlet were unregistered
11:40:45,449 INFO  [localhost-startStop-2][HookHotDeployListener:982] Hook for opensocial-portlet was unregistered
Mai 05, 2017 11:40:45 AM org.apache.catalina.core.ApplicationContext log
INFORMATION: Closing Spring root WebApplicationContext
11:40:45,461 INFO  [localhost-startStop-2][PluginPackageUtil:1016] Reading plugin package for opensocial-portlet
11:40:45,477 INFO  [localhost-startStop-2][HotDeployEvent:145] Plugin notifications-portlet requires marketplace-portlet
11:40:45,478 INFO  [localhost-startStop-2][PortletHotDeployListener:525] Unregistering portlets for notifications-portlet
11:40:45,480 INFO  [localhost-startStop-2][PortletHotDeployListener:565] 2 portlets for notifications-portlet were unregistered
11:40:45,542 INFO  [localhost-startStop-2][HookHotDeployListener:982] Hook for notifications-portlet was unregistered
Mai 05, 2017 11:40:45 AM org.apache.catalina.core.ApplicationContext log
INFORMATION: Closing Spring root WebApplicationContext
11:40:45,551 INFO  [localhost-startStop-2][PluginPackageUtil:1016] Reading plugin package for notifications-portlet
11:40:45,557 INFO  [localhost-startStop-2][PortletHotDeployListener:525] Unregistering portlets for marketplace-portlet
11:40:45,559 INFO  [localhost-startStop-2][PortletHotDeployListener:565] 3 portlets for marketplace-portlet were unregistered
11:40:45,560 INFO  [localhost-startStop-2][HookHotDeployListener:982] Hook for marketplace-portlet was unregistered
Mai 05, 2017 11:40:45 AM org.apache.catalina.core.ApplicationContext log
INFORMATION: Closing Spring root WebApplicationContext
11:40:45,580 INFO  [localhost-startStop-2][PluginPackageUtil:1016] Reading plugin package for marketplace-portlet
11:40:45,597 INFO  [localhost-startStop-2][HotDeployEvent:145] Plugin lecture2go-theme requires marketplace-portlet
11:40:45,598 INFO  [localhost-startStop-2][ThemeHotDeployListener:140] Unregistering themes for lecture2go-theme
11:40:45,604 INFO  [localhost-startStop-2][ThemeHotDeployListener:172] 1 theme for lecture2go-theme was unregistered
Mai 05, 2017 11:40:45 AM org.apache.catalina.core.ApplicationContext log
INFORMATION: Closing Spring root WebApplicationContext
11:40:45,607 INFO  [localhost-startStop-2][PluginPackageUtil:1016] Reading plugin package for lecture2go-theme
11:40:45,613 INFO  [localhost-startStop-2][HotDeployEvent:145] Plugin lecture2go-portlet requires marketplace-portlet
11:40:45,617 INFO  [localhost-startStop-2][PortletHotDeployListener:525] Unregistering portlets for lecture2go-portlet
11:40:45,629 INFO  [localhost-startStop-2][PortletHotDeployListener:565] 12 portlets for lecture2go-portlet were unregistered
11:40:45,630 INFO  [localhost-startStop-2][HookHotDeployListener:982] Hook for lecture2go-portlet was unregistered
Mai 05, 2017 11:40:45 AM org.apache.catalina.core.ApplicationContext log
INFORMATION: Closing Spring root WebApplicationContext
11:40:45,643 INFO  [localhost-startStop-2][PluginPackageUtil:1016] Reading plugin package for lecture2go-portlet
11:40:45,667 INFO  [localhost-startStop-2][HotDeployEvent:145] Plugin kaleo-web requires marketplace-portlet
11:40:45,669 INFO  [localhost-startStop-2][HookHotDeployListener:982] Hook for kaleo-web was unregistered
Mai 05, 2017 11:40:45 AM org.apache.catalina.core.ApplicationContext log
INFORMATION: Closing Spring root WebApplicationContext
11:40:45,699 INFO  [localhost-startStop-2][PluginPackageUtil:1016] Reading plugin package for kaleo-web
11:40:45,727 INFO  [localhost-startStop-2][HotDeployEvent:145] Plugin calendar-portlet requires marketplace-portlet
11:40:45,728 INFO  [localhost-startStop-2][SocialHotDeployListener:159] Social for calendar-portlet was unregistered
11:40:45,729 INFO  [localhost-startStop-2][PortletHotDeployListener:525] Unregistering portlets for calendar-portlet
11:40:45,737 INFO  [localhost-startStop-2][PortletHotDeployListener:560] 1 portlet for calendar-portlet was unregistered
11:40:45,909 INFO  [localhost-startStop-2][HookHotDeployListener:982] Hook for calendar-portlet was unregistered
Mai 05, 2017 11:40:45 AM org.apache.catalina.core.ApplicationContext log
INFORMATION: Closing Spring root WebApplicationContext
11:40:45,957 INFO  [localhost-startStop-2][PluginPackageUtil:1016] Reading plugin package for calendar-portlet
WARN: The method class org.apache.commons.logging.impl.SLF4JLogFactory#release() was invoked.
WARN: Please see http://www.slf4j.org/codes.html#release for an explanation.
Mai 05, 2017 11:40:47 AM org.apache.catalina.core.ApplicationContext log
INFORMATION: Destroying Spring FrameworkServlet 'Remoting Servlet'
Mai 05, 2017 11:40:47 AM org.apache.catalina.core.ApplicationContext log
INFORMATION: Closing Spring root WebApplicationContext
Mai 05, 2017 11:40:47 AM org.apache.catalina.loader.WebappClassLoader clearReferencesThreads
SCHWERWIEGEND: The web application [] appears to have started a thread named [org.python.google.common.base.internal.Finalizer] but has failed to stop it. This is very likely to create a memory leak.
Mai 05, 2017 11:40:47 AM org.apache.catalina.loader.WebappClassLoader clearReferencesThreads
SCHWERWIEGEND: The web application [] appears to have started a thread named [MariaDb-bulk-1] but has failed to stop it. This is very likely to create a memory leak.
Mai 05, 2017 11:40:48 AM org.apache.catalina.loader.WebappClassLoader clearReferencesThreads
SCHWERWIEGEND: The web application [/notifications-portlet] appears to have started a thread named [MariaDb-bulk-5] but has failed to stop it. This is very likely to create a memory leak.
Mai 05, 2017 11:40:48 AM org.apache.catalina.loader.WebappClassLoader clearReferencesThreads
SCHWERWIEGEND: The web application [/kaleo-web] appears to have started a thread named [MariaDb-bulk-4] but has failed to stop it. This is very likely to create a memory leak.
Mai 05, 2017 11:40:48 AM org.apache.catalina.loader.WebappClassLoader clearReferencesThreads
SCHWERWIEGEND: The web application [/marketplace-portlet] appears to have started a thread named [MariaDb-bulk-2] but has failed to stop it. This is very likely to create a memory leak.
Mai 05, 2017 11:40:48 AM org.apache.catalina.loader.WebappClassLoader clearReferencesThreads
SCHWERWIEGEND: The web application [/calendar-portlet] appears to have started a thread named [MariaDb-bulk-3] but has failed to stop it. This is very likely to create a memory leak.
Mai 05, 2017 11:40:49 AM org.apache.coyote.AbstractProtocol stop
INFORMATION: Stopping ProtocolHandler ["http-bio-8080"]
Mai 05, 2017 11:40:49 AM org.apache.coyote.AbstractProtocol stop
INFORMATION: Stopping ProtocolHandler ["ajp-bio-8009"]
Mai 05, 2017 11:40:49 AM org.apache.coyote.AbstractProtocol destroy
INFORMATION: Destroying ProtocolHandler ["http-bio-8080"]
Mai 05, 2017 11:40:49 AM org.apache.coyote.AbstractProtocol destroy
INFORMATION: Destroying ProtocolHandler ["ajp-bio-8009"]
