Nov 02, 2016 9:06:47 AM org.apache.catalina.startup.HostConfig deployDirectory
INFORMATION: Deploying web application directory /Users/isturm/Documents/workspace-for-liferay-6.2.0/liferay-portal-6.2-ce-ga6/tomcat-7.0.62/webapps/smill
Nov 02, 2016 9:06:50 AM org.apache.catalina.startup.TldConfig execute
INFORMATION: At least one JAR was scanned for TLDs yet contained no TLDs. Enable debug logging for this logger for a complete list of JARs that were scanned but no TLDs were found in them. Skipping unneeded JARs during scanning can improve startup time and JSP compilation time.
Nov 02, 2016 9:06:50 AM org.apache.catalina.startup.HostConfig deployDirectory
INFORMATION: Deployment of web application directory /Users/isturm/Documents/workspace-for-liferay-6.2.0/liferay-portal-6.2-ce-ga6/tomcat-7.0.62/webapps/smill has finished in 3,206 ms
Nov 02, 2016 9:11:39 AM org.apache.catalina.startup.HostConfig undeploy
INFORMATION: Undeploying context [/smill]
Nov 02, 2016 9:11:39 AM org.apache.catalina.startup.HostConfig deployDirectory
INFORMATION: Deploying web application directory /Users/isturm/Documents/workspace-for-liferay-6.2.0/liferay-portal-6.2-ce-ga6/tomcat-7.0.62/webapps/smil
Nov 02, 2016 9:11:42 AM org.apache.catalina.startup.TldConfig execute
INFORMATION: At least one JAR was scanned for TLDs yet contained no TLDs. Enable debug logging for this logger for a complete list of JARs that were scanned but no TLDs were found in them. Skipping unneeded JARs during scanning can improve startup time and JSP compilation time.
Nov 02, 2016 9:11:42 AM org.apache.catalina.startup.HostConfig deployDirectory
INFORMATION: Deployment of web application directory /Users/isturm/Documents/workspace-for-liferay-6.2.0/liferay-portal-6.2-ce-ga6/tomcat-7.0.62/webapps/smil has finished in 3,306 ms
Nov 02, 2016 9:13:53 AM org.apache.catalina.startup.HostConfig undeploy
INFORMATION: Undeploying context [/lecture2go-portlet]
Nov 02, 2016 9:13:55 AM org.apache.catalina.startup.HostConfig deployDirectory
INFORMATION: Deploying web application directory /Users/isturm/Documents/workspace-for-liferay-6.2.0/liferay-portal-6.2-ce-ga6/tomcat-7.0.62/webapps/lecture2go-portlet
Nov 02, 2016 9:14:04 AM org.apache.catalina.startup.TldConfig execute
INFORMATION: At least one JAR was scanned for TLDs yet contained no TLDs. Enable debug logging for this logger for a complete list of JARs that were scanned but no TLDs were found in them. Skipping unneeded JARs during scanning can improve startup time and JSP compilation time.
Nov 02, 2016 9:14:17 AM org.apache.catalina.startup.HostConfig deployDirectory
INFORMATION: Deployment of web application directory /Users/isturm/Documents/workspace-for-liferay-6.2.0/liferay-portal-6.2-ce-ga6/tomcat-7.0.62/webapps/lecture2go-portlet has finished in 22,264 ms
Nov 02, 2016 9:24:46 AM org.apache.catalina.startup.HostConfig undeploy
INFORMATION: Undeploying context [/lecture2go-portlet]
Nov 02, 2016 9:24:47 AM org.apache.catalina.startup.HostConfig deployDirectory
INFORMATION: Deploying web application directory /Users/isturm/Documents/workspace-for-liferay-6.2.0/liferay-portal-6.2-ce-ga6/tomcat-7.0.62/webapps/lecture2go-portlet
Nov 02, 2016 9:24:53 AM org.apache.catalina.startup.TldConfig execute
INFORMATION: At least one JAR was scanned for TLDs yet contained no TLDs. Enable debug logging for this logger for a complete list of JARs that were scanned but no TLDs were found in them. Skipping unneeded JARs during scanning can improve startup time and JSP compilation time.
Nov 02, 2016 9:25:06 AM org.apache.catalina.startup.HostConfig deployDirectory
INFORMATION: Deployment of web application directory /Users/isturm/Documents/workspace-for-liferay-6.2.0/liferay-portal-6.2-ce-ga6/tomcat-7.0.62/webapps/lecture2go-portlet has finished in 18,748 ms
Nov 02, 2016 9:46:51 AM org.apache.catalina.startup.HostConfig undeploy
INFORMATION: Undeploying context [/lecture2go-portlet]
Nov 02, 2016 9:46:54 AM org.apache.catalina.loader.WebappClassLoader clearReferencesThreads
SCHWERWIEGEND: The web application [/lecture2go-portlet] appears to have started a thread named [liferay/scheduler_dispatch-5] but has failed to stop it. This is very likely to create a memory leak.
Nov 02, 2016 9:46:54 AM org.apache.catalina.loader.WebappClassLoader checkThreadLocalsForLeaks
WARNUNG: Failed to check for ThreadLocal references for web application [/lecture2go-portlet]
java.lang.NoClassDefFoundError: org/apache/axis/utils/XMLUtils$1
	at java.lang.Class.getDeclaringClass0(Native Method)
	at java.lang.Class.getDeclaringClass(Class.java:1106)
	at java.lang.Class.getEnclosingClass(Class.java:1142)
	at java.lang.Class.getCanonicalName(Class.java:1231)
	at org.apache.catalina.loader.WebappClassLoader.getPrettyClassName(WebappClassLoader.java:2601)
	at org.apache.catalina.loader.WebappClassLoader.checkThreadLocalMapForLeaks(WebappClassLoader.java:2559)
	at org.apache.catalina.loader.WebappClassLoader.checkThreadLocalsForLeaks(WebappClassLoader.java:2507)
	at org.apache.catalina.loader.WebappClassLoader.clearReferences(WebappClassLoader.java:2013)
	at org.apache.catalina.loader.WebappClassLoader.stop(WebappClassLoader.java:1908)
	at org.apache.catalina.loader.WebappLoader.stopInternal(WebappLoader.java:661)
	at org.apache.catalina.util.LifecycleBase.stop(LifecycleBase.java:232)
	at org.apache.catalina.core.StandardContext.stopInternal(StandardContext.java:5766)
	at org.apache.catalina.util.LifecycleBase.stop(LifecycleBase.java:232)
	at org.apache.catalina.core.ContainerBase.removeChild(ContainerBase.java:1028)
	at org.apache.catalina.startup.HostConfig.undeploy(HostConfig.java:1547)
	at org.apache.catalina.startup.HostConfig.checkResources(HostConfig.java:1453)
	at org.apache.catalina.startup.HostConfig.check(HostConfig.java:1695)
	at org.apache.catalina.startup.HostConfig.lifecycleEvent(HostConfig.java:333)
	at org.apache.catalina.util.LifecycleSupport.fireLifecycleEvent(LifecycleSupport.java:117)
	at org.apache.catalina.util.LifecycleBase.fireLifecycleEvent(LifecycleBase.java:90)
	at org.apache.catalina.core.ContainerBase.backgroundProcess(ContainerBase.java:1374)
	at org.apache.catalina.core.ContainerBase$ContainerBackgroundProcessor.processChildren(ContainerBase.java:1546)
	at org.apache.catalina.core.ContainerBase$ContainerBackgroundProcessor.processChildren(ContainerBase.java:1556)
	at org.apache.catalina.core.ContainerBase$ContainerBackgroundProcessor.run(ContainerBase.java:1524)
	at java.lang.Thread.run(Thread.java:745)
Caused by: java.lang.ClassNotFoundException: org.apache.axis.utils.XMLUtils$1
	at org.apache.catalina.loader.WebappClassLoader.loadClass(WebappClassLoader.java:1720)
	at org.apache.catalina.loader.WebappClassLoader.loadClass(WebappClassLoader.java:1571)
	... 25 more

Nov 02, 2016 9:46:54 AM org.apache.catalina.startup.HostConfig deployDirectory
INFORMATION: Deploying web application directory /Users/isturm/Documents/workspace-for-liferay-6.2.0/liferay-portal-6.2-ce-ga6/tomcat-7.0.62/webapps/lecture2go-portlet
Nov 02, 2016 9:47:20 AM org.apache.catalina.startup.TldConfig execute
INFORMATION: At least one JAR was scanned for TLDs yet contained no TLDs. Enable debug logging for this logger for a complete list of JARs that were scanned but no TLDs were found in them. Skipping unneeded JARs during scanning can improve startup time and JSP compilation time.
Nov 02, 2016 9:47:56 AM org.apache.catalina.startup.HostConfig deployDirectory
INFORMATION: Deployment of web application directory /Users/isturm/Documents/workspace-for-liferay-6.2.0/liferay-portal-6.2-ce-ga6/tomcat-7.0.62/webapps/lecture2go-portlet has finished in 62,080 ms
Nov 02, 2016 9:49:49 AM org.apache.catalina.startup.VersionLoggerListener log
INFORMATION: Server version:        Apache Tomcat/7.0.62
Nov 02, 2016 9:49:49 AM org.apache.catalina.startup.VersionLoggerListener log
INFORMATION: Server built:          May 7 2015 17:14:55 UTC
Nov 02, 2016 9:49:49 AM org.apache.catalina.startup.VersionLoggerListener log
INFORMATION: Server number:         7.0.62.0
Nov 02, 2016 9:49:49 AM org.apache.catalina.startup.VersionLoggerListener log
INFORMATION: OS Name:               Mac OS X
Nov 02, 2016 9:49:49 AM org.apache.catalina.startup.VersionLoggerListener log
INFORMATION: OS Version:            10.10.5
Nov 02, 2016 9:49:49 AM org.apache.catalina.startup.VersionLoggerListener log
INFORMATION: Architecture:          x86_64
Nov 02, 2016 9:49:49 AM org.apache.catalina.startup.VersionLoggerListener log
INFORMATION: Java Home:             /Library/Java/JavaVirtualMachines/jdk1.7.0_75.jdk/Contents/Home/jre
Nov 02, 2016 9:49:49 AM org.apache.catalina.startup.VersionLoggerListener log
INFORMATION: JVM Version:           1.7.0_75-b13
Nov 02, 2016 9:49:49 AM org.apache.catalina.startup.VersionLoggerListener log
INFORMATION: JVM Vendor:            Oracle Corporation
Nov 02, 2016 9:49:49 AM org.apache.catalina.startup.VersionLoggerListener log
INFORMATION: CATALINA_BASE:         /Users/isturm/Documents/workspace-for-liferay-6.2.0/liferay-portal-6.2-ce-ga6/tomcat-7.0.62
Nov 02, 2016 9:49:49 AM org.apache.catalina.startup.VersionLoggerListener log
INFORMATION: CATALINA_HOME:         /Users/isturm/Documents/workspace-for-liferay-6.2.0/liferay-portal-6.2-ce-ga6/tomcat-7.0.62
Nov 02, 2016 9:49:49 AM org.apache.catalina.startup.VersionLoggerListener log
INFORMATION: Command line argument: -agentlib:jdwp=transport=dt_socket,suspend=y,address=localhost:58973
Nov 02, 2016 9:49:49 AM org.apache.catalina.startup.VersionLoggerListener log
INFORMATION: Command line argument: -Duser.timezone=GMT
Nov 02, 2016 9:49:49 AM org.apache.catalina.startup.VersionLoggerListener log
INFORMATION: Command line argument: -Dfile.encoding=UTF8
Nov 02, 2016 9:49:49 AM org.apache.catalina.startup.VersionLoggerListener log
INFORMATION: Command line argument: -Dorg.apache.catalina.loader.WebappClassLoader.ENABLE_CLEAR_REFERENCES=false
Nov 02, 2016 9:49:49 AM org.apache.catalina.startup.VersionLoggerListener log
INFORMATION: Command line argument: -Djava.util.logging.manager=org.apache.juli.ClassLoaderLogManager
Nov 02, 2016 9:49:49 AM org.apache.catalina.startup.VersionLoggerListener log
INFORMATION: Command line argument: -Djava.net.preferIPv4Stack=true
Nov 02, 2016 9:49:49 AM org.apache.catalina.startup.VersionLoggerListener log
INFORMATION: Command line argument: -Djava.util.logging.config.file=/Users/isturm/Documents/workspace-for-liferay-6.2.0/liferay-portal-6.2-ce-ga6/tomcat-7.0.62/conf/logging.properties
Nov 02, 2016 9:49:49 AM org.apache.catalina.startup.VersionLoggerListener log
INFORMATION: Command line argument: -Djava.io.tmpdir=/Users/isturm/Documents/workspace-for-liferay-6.2.0/liferay-portal-6.2-ce-ga6/tomcat-7.0.62/temp
Nov 02, 2016 9:49:49 AM org.apache.catalina.startup.VersionLoggerListener log
INFORMATION: Command line argument: -Dexternal-properties=/Users/isturm/Documents/workspace-for-liferay-6.2.0/liferay-portal-6.2-ce-ga6/portal-ide.properties
Nov 02, 2016 9:49:49 AM org.apache.catalina.startup.VersionLoggerListener log
INFORMATION: Command line argument: -Dcatalina.base=/Users/isturm/Documents/workspace-for-liferay-6.2.0/liferay-portal-6.2-ce-ga6/tomcat-7.0.62
Nov 02, 2016 9:49:49 AM org.apache.catalina.startup.VersionLoggerListener log
INFORMATION: Command line argument: -Dcatalina.home=/Users/isturm/Documents/workspace-for-liferay-6.2.0/liferay-portal-6.2-ce-ga6/tomcat-7.0.62
Nov 02, 2016 9:49:49 AM org.apache.catalina.startup.VersionLoggerListener log
INFORMATION: Command line argument: -Dwtp.deploy=/Users/isturm/Documents/workspace-for-liferay-6.2.0/liferay-portal-6.2-ce-ga6/tomcat-7.0.62/webapps
Nov 02, 2016 9:49:49 AM org.apache.catalina.startup.VersionLoggerListener log
INFORMATION: Command line argument: -Djava.endorsed.dirs=/Users/isturm/Documents/workspace-for-liferay-6.2.0/liferay-portal-6.2-ce-ga6/tomcat-7.0.62/endorsed
Nov 02, 2016 9:49:49 AM org.apache.catalina.startup.VersionLoggerListener log
INFORMATION: Command line argument: -Xmx1024m
Nov 02, 2016 9:49:49 AM org.apache.catalina.startup.VersionLoggerListener log
INFORMATION: Command line argument: -XX:MaxPermSize=512m
Nov 02, 2016 9:49:49 AM org.apache.catalina.startup.VersionLoggerListener log
INFORMATION: Command line argument: -Dfreemarker.debug.password=liferay
Nov 02, 2016 9:49:49 AM org.apache.catalina.startup.VersionLoggerListener log
INFORMATION: Command line argument: -Dfreemarker.debug.port=57676
Nov 02, 2016 9:49:49 AM org.apache.catalina.core.AprLifecycleListener lifecycleEvent
INFORMATION: The APR based Apache Tomcat Native library which allows optimal performance in production environments was not found on the java.library.path: /Users/isturm/Library/Java/Extensions:/Library/Java/Extensions:/Network/Library/Java/Extensions:/System/Library/Java/Extensions:/usr/lib/java:.
Nov 02, 2016 9:49:49 AM org.apache.coyote.AbstractProtocol init
INFORMATION: Initializing ProtocolHandler ["http-bio-8080"]
Nov 02, 2016 9:49:49 AM org.apache.coyote.AbstractProtocol init
INFORMATION: Initializing ProtocolHandler ["ajp-bio-8009"]
Nov 02, 2016 9:49:49 AM org.apache.catalina.startup.Catalina load
INFORMATION: Initialization processed in 1037 ms
Nov 02, 2016 9:49:49 AM org.apache.catalina.core.StandardService startInternal
INFORMATION: Starting service Catalina
Nov 02, 2016 9:49:49 AM org.apache.catalina.core.StandardEngine startInternal
INFORMATION: Starting Servlet Engine: Apache Tomcat/7.0.62
Nov 02, 2016 9:49:49 AM org.apache.catalina.startup.HostConfig deployDescriptor
INFORMATION: Deploying configuration descriptor /Users/isturm/Documents/workspace-for-liferay-6.2.0/liferay-portal-6.2-ce-ga6/tomcat-7.0.62/conf/Catalina/localhost/ROOT.xml
Nov 02, 2016 9:50:05 AM org.apache.catalina.startup.TldConfig execute
INFORMATION: At least one JAR was scanned for TLDs yet contained no TLDs. Enable debug logging for this logger for a complete list of JARs that were scanned but no TLDs were found in them. Skipping unneeded JARs during scanning can improve startup time and JSP compilation time.
Nov 02, 2016 9:51:42 AM org.apache.catalina.startup.HostConfig deployDescriptor
INFORMATION: Deployment of configuration descriptor /Users/isturm/Documents/workspace-for-liferay-6.2.0/liferay-portal-6.2-ce-ga6/tomcat-7.0.62/conf/Catalina/localhost/ROOT.xml has finished in 112,569 ms
Nov 02, 2016 9:51:42 AM org.apache.catalina.startup.HostConfig deployDirectory
INFORMATION: Deploying web application directory /Users/isturm/Documents/workspace-for-liferay-6.2.0/liferay-portal-6.2-ce-ga6/tomcat-7.0.62/webapps/50JIT
Nov 02, 2016 9:51:43 AM org.apache.catalina.startup.TldConfig execute
INFORMATION: At least one JAR was scanned for TLDs yet contained no TLDs. Enable debug logging for this logger for a complete list of JARs that were scanned but no TLDs were found in them. Skipping unneeded JARs during scanning can improve startup time and JSP compilation time.
Nov 02, 2016 9:51:43 AM org.apache.catalina.startup.HostConfig deployDirectory
INFORMATION: Deployment of web application directory /Users/isturm/Documents/workspace-for-liferay-6.2.0/liferay-portal-6.2-ce-ga6/tomcat-7.0.62/webapps/50JIT has finished in 1,122 ms
Nov 02, 2016 9:51:43 AM org.apache.catalina.startup.HostConfig deployDirectory
INFORMATION: Deploying web application directory /Users/isturm/Documents/workspace-for-liferay-6.2.0/liferay-portal-6.2-ce-ga6/tomcat-7.0.62/webapps/calendar-portlet
Nov 02, 2016 9:51:47 AM org.apache.catalina.startup.TldConfig execute
INFORMATION: At least one JAR was scanned for TLDs yet contained no TLDs. Enable debug logging for this logger for a complete list of JARs that were scanned but no TLDs were found in them. Skipping unneeded JARs during scanning can improve startup time and JSP compilation time.
Nov 02, 2016 9:51:47 AM org.apache.catalina.startup.HostConfig deployDirectory
INFORMATION: Deployment of web application directory /Users/isturm/Documents/workspace-for-liferay-6.2.0/liferay-portal-6.2-ce-ga6/tomcat-7.0.62/webapps/calendar-portlet has finished in 4,017 ms
Nov 02, 2016 9:51:47 AM org.apache.catalina.startup.HostConfig deployDirectory
INFORMATION: Deploying web application directory /Users/isturm/Documents/workspace-for-liferay-6.2.0/liferay-portal-6.2-ce-ga6/tomcat-7.0.62/webapps/campusInnovation
Nov 02, 2016 9:51:49 AM org.apache.catalina.startup.TldConfig execute
INFORMATION: At least one JAR was scanned for TLDs yet contained no TLDs. Enable debug logging for this logger for a complete list of JARs that were scanned but no TLDs were found in them. Skipping unneeded JARs during scanning can improve startup time and JSP compilation time.
Nov 02, 2016 9:51:49 AM org.apache.catalina.startup.HostConfig deployDirectory
INFORMATION: Deployment of web application directory /Users/isturm/Documents/workspace-for-liferay-6.2.0/liferay-portal-6.2-ce-ga6/tomcat-7.0.62/webapps/campusInnovation has finished in 2,195 ms
Nov 02, 2016 9:51:49 AM org.apache.catalina.startup.HostConfig deployDirectory
INFORMATION: Deploying web application directory /Users/isturm/Documents/workspace-for-liferay-6.2.0/liferay-portal-6.2-ce-ga6/tomcat-7.0.62/webapps/commsy
Nov 02, 2016 9:51:51 AM org.apache.catalina.startup.TldConfig execute
INFORMATION: At least one JAR was scanned for TLDs yet contained no TLDs. Enable debug logging for this logger for a complete list of JARs that were scanned but no TLDs were found in them. Skipping unneeded JARs during scanning can improve startup time and JSP compilation time.
Nov 02, 2016 9:51:51 AM org.apache.catalina.startup.HostConfig deployDirectory
INFORMATION: Deployment of web application directory /Users/isturm/Documents/workspace-for-liferay-6.2.0/liferay-portal-6.2-ce-ga6/tomcat-7.0.62/webapps/commsy has finished in 1,289 ms
Nov 02, 2016 9:51:51 AM org.apache.catalina.startup.HostConfig deployDirectory
INFORMATION: Deploying web application directory /Users/isturm/Documents/workspace-for-liferay-6.2.0/liferay-portal-6.2-ce-ga6/tomcat-7.0.62/webapps/dini
Nov 02, 2016 9:51:52 AM org.apache.catalina.startup.TldConfig execute
INFORMATION: At least one JAR was scanned for TLDs yet contained no TLDs. Enable debug logging for this logger for a complete list of JARs that were scanned but no TLDs were found in them. Skipping unneeded JARs during scanning can improve startup time and JSP compilation time.
Nov 02, 2016 9:51:52 AM org.apache.catalina.startup.HostConfig deployDirectory
INFORMATION: Deployment of web application directory /Users/isturm/Documents/workspace-for-liferay-6.2.0/liferay-portal-6.2-ce-ga6/tomcat-7.0.62/webapps/dini has finished in 1,564 ms
Nov 02, 2016 9:51:52 AM org.apache.catalina.startup.HostConfig deployDirectory
INFORMATION: Deploying web application directory /Users/isturm/Documents/workspace-for-liferay-6.2.0/liferay-portal-6.2-ce-ga6/tomcat-7.0.62/webapps/download
Nov 02, 2016 9:51:52 AM org.apache.catalina.loader.WebappClassLoader validateJarFile
INFORMATION: validateJarFile(/Users/isturm/Documents/workspace-for-liferay-6.2.0/liferay-portal-6.2-ce-ga6/tomcat-7.0.62/webapps/download/WEB-INF/lib/servlet-api.jar) - jar not loaded. See Servlet Spec 3.0, section 10.7.2. Offending class: javax/servlet/Servlet.class
Nov 02, 2016 9:51:54 AM org.apache.catalina.startup.TldConfig execute
INFORMATION: At least one JAR was scanned for TLDs yet contained no TLDs. Enable debug logging for this logger for a complete list of JARs that were scanned but no TLDs were found in them. Skipping unneeded JARs during scanning can improve startup time and JSP compilation time.
Nov 02, 2016 9:51:54 AM org.apache.catalina.startup.HostConfig deployDirectory
INFORMATION: Deployment of web application directory /Users/isturm/Documents/workspace-for-liferay-6.2.0/liferay-portal-6.2-ce-ga6/tomcat-7.0.62/webapps/download has finished in 2,034 ms
Nov 02, 2016 9:51:54 AM org.apache.catalina.startup.HostConfig deployDirectory
INFORMATION: Deploying web application directory /Users/isturm/Documents/workspace-for-liferay-6.2.0/liferay-portal-6.2-ce-ga6/tomcat-7.0.62/webapps/flowplayer
Nov 02, 2016 9:51:56 AM org.apache.catalina.startup.TldConfig execute
INFORMATION: At least one JAR was scanned for TLDs yet contained no TLDs. Enable debug logging for this logger for a complete list of JARs that were scanned but no TLDs were found in them. Skipping unneeded JARs during scanning can improve startup time and JSP compilation time.
Nov 02, 2016 9:51:56 AM org.apache.catalina.startup.HostConfig deployDirectory
INFORMATION: Deployment of web application directory /Users/isturm/Documents/workspace-for-liferay-6.2.0/liferay-portal-6.2-ce-ga6/tomcat-7.0.62/webapps/flowplayer has finished in 1,234 ms
Nov 02, 2016 9:51:56 AM org.apache.catalina.startup.HostConfig deployDirectory
INFORMATION: Deploying web application directory /Users/isturm/Documents/workspace-for-liferay-6.2.0/liferay-portal-6.2-ce-ga6/tomcat-7.0.62/webapps/flowplayer3.1.0
Nov 02, 2016 9:51:56 AM org.apache.catalina.startup.TldConfig execute
INFORMATION: At least one JAR was scanned for TLDs yet contained no TLDs. Enable debug logging for this logger for a complete list of JARs that were scanned but no TLDs were found in them. Skipping unneeded JARs during scanning can improve startup time and JSP compilation time.
Nov 02, 2016 9:51:56 AM org.apache.catalina.startup.HostConfig deployDirectory
INFORMATION: Deployment of web application directory /Users/isturm/Documents/workspace-for-liferay-6.2.0/liferay-portal-6.2-ce-ga6/tomcat-7.0.62/webapps/flowplayer3.1.0 has finished in 983 ms
Nov 02, 2016 9:51:56 AM org.apache.catalina.startup.HostConfig deployDirectory
INFORMATION: Deploying web application directory /Users/isturm/Documents/workspace-for-liferay-6.2.0/liferay-portal-6.2-ce-ga6/tomcat-7.0.62/webapps/fp
Nov 02, 2016 9:51:57 AM org.apache.catalina.startup.TldConfig execute
INFORMATION: At least one JAR was scanned for TLDs yet contained no TLDs. Enable debug logging for this logger for a complete list of JARs that were scanned but no TLDs were found in them. Skipping unneeded JARs during scanning can improve startup time and JSP compilation time.
Nov 02, 2016 9:51:58 AM org.apache.catalina.startup.HostConfig deployDirectory
INFORMATION: Deployment of web application directory /Users/isturm/Documents/workspace-for-liferay-6.2.0/liferay-portal-6.2-ce-ga6/tomcat-7.0.62/webapps/fp has finished in 1,006 ms
Nov 02, 2016 9:51:58 AM org.apache.catalina.startup.HostConfig deployDirectory
INFORMATION: Deploying web application directory /Users/isturm/Documents/workspace-for-liferay-6.2.0/liferay-portal-6.2-ce-ga6/tomcat-7.0.62/webapps/gif
Nov 02, 2016 9:51:58 AM org.apache.catalina.startup.TldConfig execute
INFORMATION: At least one JAR was scanned for TLDs yet contained no TLDs. Enable debug logging for this logger for a complete list of JARs that were scanned but no TLDs were found in them. Skipping unneeded JARs during scanning can improve startup time and JSP compilation time.
Nov 02, 2016 9:51:58 AM org.apache.catalina.startup.HostConfig deployDirectory
INFORMATION: Deployment of web application directory /Users/isturm/Documents/workspace-for-liferay-6.2.0/liferay-portal-6.2-ce-ga6/tomcat-7.0.62/webapps/gif has finished in 867 ms
Nov 02, 2016 9:51:58 AM org.apache.catalina.startup.HostConfig deployDirectory
INFORMATION: Deploying web application directory /Users/isturm/Documents/workspace-for-liferay-6.2.0/liferay-portal-6.2-ce-ga6/tomcat-7.0.62/webapps/imagebuilder
Nov 02, 2016 9:51:59 AM org.apache.catalina.startup.TldConfig execute
INFORMATION: At least one JAR was scanned for TLDs yet contained no TLDs. Enable debug logging for this logger for a complete list of JARs that were scanned but no TLDs were found in them. Skipping unneeded JARs during scanning can improve startup time and JSP compilation time.
Nov 02, 2016 9:52:00 AM org.apache.catalina.core.StandardContext startInternal
SCHWERWIEGEND: One or more Filters failed to start. Full details will be found in the appropriate container log file
Nov 02, 2016 9:52:00 AM org.apache.catalina.core.StandardContext startInternal
SCHWERWIEGEND: Context [/imagebuilder] startup failed due to previous errors
Nov 02, 2016 9:52:00 AM org.apache.catalina.startup.HostConfig deployDirectory
INFORMATION: Deployment of web application directory /Users/isturm/Documents/workspace-for-liferay-6.2.0/liferay-portal-6.2-ce-ga6/tomcat-7.0.62/webapps/imagebuilder has finished in 1,154 ms
Nov 02, 2016 9:52:00 AM org.apache.catalina.startup.HostConfig deployDirectory
INFORMATION: Deploying web application directory /Users/isturm/Documents/workspace-for-liferay-6.2.0/liferay-portal-6.2-ce-ga6/tomcat-7.0.62/webapps/images
Nov 02, 2016 9:52:00 AM org.apache.catalina.startup.TldConfig execute
INFORMATION: At least one JAR was scanned for TLDs yet contained no TLDs. Enable debug logging for this logger for a complete list of JARs that were scanned but no TLDs were found in them. Skipping unneeded JARs during scanning can improve startup time and JSP compilation time.
Nov 02, 2016 9:52:00 AM org.apache.catalina.startup.HostConfig deployDirectory
INFORMATION: Deployment of web application directory /Users/isturm/Documents/workspace-for-liferay-6.2.0/liferay-portal-6.2-ce-ga6/tomcat-7.0.62/webapps/images has finished in 875 ms
Nov 02, 2016 9:52:00 AM org.apache.catalina.startup.HostConfig deployDirectory
INFORMATION: Deploying web application directory /Users/isturm/Documents/workspace-for-liferay-6.2.0/liferay-portal-6.2-ce-ga6/tomcat-7.0.62/webapps/ISC2009
Nov 02, 2016 9:52:01 AM org.apache.catalina.startup.TldConfig execute
INFORMATION: At least one JAR was scanned for TLDs yet contained no TLDs. Enable debug logging for this logger for a complete list of JARs that were scanned but no TLDs were found in them. Skipping unneeded JARs during scanning can improve startup time and JSP compilation time.
Nov 02, 2016 9:52:01 AM org.apache.catalina.startup.HostConfig deployDirectory
INFORMATION: Deployment of web application directory /Users/isturm/Documents/workspace-for-liferay-6.2.0/liferay-portal-6.2-ce-ga6/tomcat-7.0.62/webapps/ISC2009 has finished in 660 ms
Nov 02, 2016 9:52:01 AM org.apache.catalina.startup.HostConfig deployDirectory
INFORMATION: Deploying web application directory /Users/isturm/Documents/workspace-for-liferay-6.2.0/liferay-portal-6.2-ce-ga6/tomcat-7.0.62/webapps/jq
Nov 02, 2016 9:52:02 AM org.apache.catalina.startup.TldConfig execute
INFORMATION: At least one JAR was scanned for TLDs yet contained no TLDs. Enable debug logging for this logger for a complete list of JARs that were scanned but no TLDs were found in them. Skipping unneeded JARs during scanning can improve startup time and JSP compilation time.
Nov 02, 2016 9:52:02 AM org.apache.catalina.startup.HostConfig deployDirectory
INFORMATION: Deployment of web application directory /Users/isturm/Documents/workspace-for-liferay-6.2.0/liferay-portal-6.2-ce-ga6/tomcat-7.0.62/webapps/jq has finished in 910 ms
Nov 02, 2016 9:52:02 AM org.apache.catalina.startup.HostConfig deployDirectory
INFORMATION: Deploying web application directory /Users/isturm/Documents/workspace-for-liferay-6.2.0/liferay-portal-6.2-ce-ga6/tomcat-7.0.62/webapps/jquery
Nov 02, 2016 9:52:03 AM org.apache.catalina.startup.TldConfig execute
INFORMATION: At least one JAR was scanned for TLDs yet contained no TLDs. Enable debug logging for this logger for a complete list of JARs that were scanned but no TLDs were found in them. Skipping unneeded JARs during scanning can improve startup time and JSP compilation time.
Nov 02, 2016 9:52:03 AM org.apache.catalina.startup.HostConfig deployDirectory
INFORMATION: Deployment of web application directory /Users/isturm/Documents/workspace-for-liferay-6.2.0/liferay-portal-6.2-ce-ga6/tomcat-7.0.62/webapps/jquery has finished in 908 ms
Nov 02, 2016 9:52:03 AM org.apache.catalina.startup.HostConfig deployDirectory
INFORMATION: Deploying web application directory /Users/isturm/Documents/workspace-for-liferay-6.2.0/liferay-portal-6.2-ce-ga6/tomcat-7.0.62/webapps/jw
Nov 02, 2016 9:52:04 AM org.apache.catalina.startup.TldConfig execute
INFORMATION: At least one JAR was scanned for TLDs yet contained no TLDs. Enable debug logging for this logger for a complete list of JARs that were scanned but no TLDs were found in them. Skipping unneeded JARs during scanning can improve startup time and JSP compilation time.
Nov 02, 2016 9:52:04 AM org.apache.catalina.startup.HostConfig deployDirectory
INFORMATION: Deployment of web application directory /Users/isturm/Documents/workspace-for-liferay-6.2.0/liferay-portal-6.2-ce-ga6/tomcat-7.0.62/webapps/jw has finished in 750 ms
Nov 02, 2016 9:52:04 AM org.apache.catalina.startup.HostConfig deployDirectory
INFORMATION: Deploying web application directory /Users/isturm/Documents/workspace-for-liferay-6.2.0/liferay-portal-6.2-ce-ga6/tomcat-7.0.62/webapps/jw5.0
Nov 02, 2016 9:52:04 AM org.apache.catalina.startup.TldConfig execute
INFORMATION: At least one JAR was scanned for TLDs yet contained no TLDs. Enable debug logging for this logger for a complete list of JARs that were scanned but no TLDs were found in them. Skipping unneeded JARs during scanning can improve startup time and JSP compilation time.
Nov 02, 2016 9:52:04 AM org.apache.catalina.startup.HostConfig deployDirectory
INFORMATION: Deployment of web application directory /Users/isturm/Documents/workspace-for-liferay-6.2.0/liferay-portal-6.2-ce-ga6/tomcat-7.0.62/webapps/jw5.0 has finished in 832 ms
Nov 02, 2016 9:52:04 AM org.apache.catalina.startup.HostConfig deployDirectory
INFORMATION: Deploying web application directory /Users/isturm/Documents/workspace-for-liferay-6.2.0/liferay-portal-6.2-ce-ga6/tomcat-7.0.62/webapps/kaleo-web
Nov 02, 2016 9:52:08 AM org.apache.catalina.startup.TldConfig execute
INFORMATION: At least one JAR was scanned for TLDs yet contained no TLDs. Enable debug logging for this logger for a complete list of JARs that were scanned but no TLDs were found in them. Skipping unneeded JARs during scanning can improve startup time and JSP compilation time.
Nov 02, 2016 9:52:08 AM org.apache.catalina.startup.HostConfig deployDirectory
INFORMATION: Deployment of web application directory /Users/isturm/Documents/workspace-for-liferay-6.2.0/liferay-portal-6.2-ce-ga6/tomcat-7.0.62/webapps/kaleo-web has finished in 3,139 ms
Nov 02, 2016 9:52:08 AM org.apache.catalina.startup.HostConfig deployDirectory
INFORMATION: Deploying web application directory /Users/isturm/Documents/workspace-for-liferay-6.2.0/liferay-portal-6.2-ce-ga6/tomcat-7.0.62/webapps/lecture2go-hook
Nov 02, 2016 9:52:09 AM org.apache.catalina.startup.TldConfig execute
INFORMATION: At least one JAR was scanned for TLDs yet contained no TLDs. Enable debug logging for this logger for a complete list of JARs that were scanned but no TLDs were found in them. Skipping unneeded JARs during scanning can improve startup time and JSP compilation time.
Nov 02, 2016 9:52:09 AM org.apache.catalina.startup.HostConfig deployDirectory
INFORMATION: Deployment of web application directory /Users/isturm/Documents/workspace-for-liferay-6.2.0/liferay-portal-6.2-ce-ga6/tomcat-7.0.62/webapps/lecture2go-hook has finished in 1,087 ms
Nov 02, 2016 9:52:09 AM org.apache.catalina.startup.HostConfig deployDirectory
INFORMATION: Deploying web application directory /Users/isturm/Documents/workspace-for-liferay-6.2.0/liferay-portal-6.2-ce-ga6/tomcat-7.0.62/webapps/lecture2go-portlet
Nov 02, 2016 9:52:13 AM org.apache.catalina.startup.TldConfig execute
INFORMATION: At least one JAR was scanned for TLDs yet contained no TLDs. Enable debug logging for this logger for a complete list of JARs that were scanned but no TLDs were found in them. Skipping unneeded JARs during scanning can improve startup time and JSP compilation time.
Nov 02, 2016 9:52:13 AM org.apache.catalina.startup.HostConfig deployDirectory
INFORMATION: Deployment of web application directory /Users/isturm/Documents/workspace-for-liferay-6.2.0/liferay-portal-6.2-ce-ga6/tomcat-7.0.62/webapps/lecture2go-portlet has finished in 4,566 ms
Nov 02, 2016 9:52:13 AM org.apache.catalina.startup.HostConfig deployDirectory
INFORMATION: Deploying web application directory /Users/isturm/Documents/workspace-for-liferay-6.2.0/liferay-portal-6.2-ce-ga6/tomcat-7.0.62/webapps/lecture2go-theme
Nov 02, 2016 9:52:14 AM org.apache.catalina.startup.TldConfig execute
INFORMATION: At least one JAR was scanned for TLDs yet contained no TLDs. Enable debug logging for this logger for a complete list of JARs that were scanned but no TLDs were found in them. Skipping unneeded JARs during scanning can improve startup time and JSP compilation time.
Nov 02, 2016 9:52:14 AM org.apache.catalina.startup.HostConfig deployDirectory
INFORMATION: Deployment of web application directory /Users/isturm/Documents/workspace-for-liferay-6.2.0/liferay-portal-6.2-ce-ga6/tomcat-7.0.62/webapps/lecture2go-theme has finished in 1,132 ms
Nov 02, 2016 9:52:14 AM org.apache.catalina.startup.HostConfig deployDirectory
INFORMATION: Deploying web application directory /Users/isturm/Documents/workspace-for-liferay-6.2.0/liferay-portal-6.2-ce-ga6/tomcat-7.0.62/webapps/liferay-jedi-theme
Nov 02, 2016 9:52:15 AM org.apache.catalina.startup.TldConfig execute
INFORMATION: At least one JAR was scanned for TLDs yet contained no TLDs. Enable debug logging for this logger for a complete list of JARs that were scanned but no TLDs were found in them. Skipping unneeded JARs during scanning can improve startup time and JSP compilation time.
Nov 02, 2016 9:52:15 AM org.apache.catalina.startup.HostConfig deployDirectory
INFORMATION: Deployment of web application directory /Users/isturm/Documents/workspace-for-liferay-6.2.0/liferay-portal-6.2-ce-ga6/tomcat-7.0.62/webapps/liferay-jedi-theme has finished in 804 ms
Nov 02, 2016 9:52:15 AM org.apache.catalina.startup.HostConfig deployDirectory
INFORMATION: Deploying web application directory /Users/isturm/Documents/workspace-for-liferay-6.2.0/liferay-portal-6.2-ce-ga6/tomcat-7.0.62/webapps/logo
Nov 02, 2016 9:52:16 AM org.apache.catalina.startup.TldConfig execute
INFORMATION: At least one JAR was scanned for TLDs yet contained no TLDs. Enable debug logging for this logger for a complete list of JARs that were scanned but no TLDs were found in them. Skipping unneeded JARs during scanning can improve startup time and JSP compilation time.
Nov 02, 2016 9:52:16 AM org.apache.catalina.startup.HostConfig deployDirectory
INFORMATION: Deployment of web application directory /Users/isturm/Documents/workspace-for-liferay-6.2.0/liferay-portal-6.2-ce-ga6/tomcat-7.0.62/webapps/logo has finished in 719 ms
Nov 02, 2016 9:52:16 AM org.apache.catalina.startup.HostConfig deployDirectory
INFORMATION: Deploying web application directory /Users/isturm/Documents/workspace-for-liferay-6.2.0/liferay-portal-6.2-ce-ga6/tomcat-7.0.62/webapps/marketplace-portlet
Nov 02, 2016 9:52:18 AM org.apache.catalina.startup.TldConfig execute
INFORMATION: At least one JAR was scanned for TLDs yet contained no TLDs. Enable debug logging for this logger for a complete list of JARs that were scanned but no TLDs were found in them. Skipping unneeded JARs during scanning can improve startup time and JSP compilation time.
Nov 02, 2016 9:52:42 AM org.apache.catalina.startup.HostConfig deployDirectory
INFORMATION: Deployment of web application directory /Users/isturm/Documents/workspace-for-liferay-6.2.0/liferay-portal-6.2-ce-ga6/tomcat-7.0.62/webapps/marketplace-portlet has finished in 26,124 ms
Nov 02, 2016 9:52:42 AM org.apache.catalina.startup.HostConfig deployDirectory
INFORMATION: Deploying web application directory /Users/isturm/Documents/workspace-for-liferay-6.2.0/liferay-portal-6.2-ce-ga6/tomcat-7.0.62/webapps/migration-portlet
Nov 02, 2016 9:52:51 AM org.apache.catalina.startup.TldConfig execute
INFORMATION: At least one JAR was scanned for TLDs yet contained no TLDs. Enable debug logging for this logger for a complete list of JARs that were scanned but no TLDs were found in them. Skipping unneeded JARs during scanning can improve startup time and JSP compilation time.
Nov 02, 2016 9:53:05 AM org.apache.catalina.startup.HostConfig deployDirectory
INFORMATION: Deployment of web application directory /Users/isturm/Documents/workspace-for-liferay-6.2.0/liferay-portal-6.2-ce-ga6/tomcat-7.0.62/webapps/migration-portlet has finished in 22,476 ms
Nov 02, 2016 9:53:05 AM org.apache.catalina.startup.HostConfig deployDirectory
INFORMATION: Deploying web application directory /Users/isturm/Documents/workspace-for-liferay-6.2.0/liferay-portal-6.2-ce-ga6/tomcat-7.0.62/webapps/notifications-portlet
Nov 02, 2016 9:53:07 AM org.apache.catalina.startup.TldConfig execute
INFORMATION: At least one JAR was scanned for TLDs yet contained no TLDs. Enable debug logging for this logger for a complete list of JARs that were scanned but no TLDs were found in them. Skipping unneeded JARs during scanning can improve startup time and JSP compilation time.
Nov 02, 2016 9:53:08 AM org.apache.catalina.startup.HostConfig deployDirectory
INFORMATION: Deployment of web application directory /Users/isturm/Documents/workspace-for-liferay-6.2.0/liferay-portal-6.2-ce-ga6/tomcat-7.0.62/webapps/notifications-portlet has finished in 3,196 ms
Nov 02, 2016 9:53:08 AM org.apache.catalina.startup.HostConfig deployDirectory
INFORMATION: Deploying web application directory /Users/isturm/Documents/workspace-for-liferay-6.2.0/liferay-portal-6.2-ce-ga6/tomcat-7.0.62/webapps/opensocial-portlet
Nov 02, 2016 9:53:12 AM org.apache.catalina.startup.TldConfig execute
INFORMATION: At least one JAR was scanned for TLDs yet contained no TLDs. Enable debug logging for this logger for a complete list of JARs that were scanned but no TLDs were found in them. Skipping unneeded JARs during scanning can improve startup time and JSP compilation time.
Nov 02, 2016 9:53:15 AM org.apache.catalina.startup.HostConfig deployDirectory
INFORMATION: Deployment of web application directory /Users/isturm/Documents/workspace-for-liferay-6.2.0/liferay-portal-6.2-ce-ga6/tomcat-7.0.62/webapps/opensocial-portlet has finished in 7,244 ms
Nov 02, 2016 9:53:15 AM org.apache.catalina.startup.HostConfig deployDirectory
INFORMATION: Deploying web application directory /Users/isturm/Documents/workspace-for-liferay-6.2.0/liferay-portal-6.2-ce-ga6/tomcat-7.0.62/webapps/player
Nov 02, 2016 9:53:16 AM org.apache.catalina.startup.TldConfig execute
INFORMATION: At least one JAR was scanned for TLDs yet contained no TLDs. Enable debug logging for this logger for a complete list of JARs that were scanned but no TLDs were found in them. Skipping unneeded JARs during scanning can improve startup time and JSP compilation time.
Nov 02, 2016 9:53:16 AM org.apache.catalina.startup.HostConfig deployDirectory
INFORMATION: Deployment of web application directory /Users/isturm/Documents/workspace-for-liferay-6.2.0/liferay-portal-6.2-ce-ga6/tomcat-7.0.62/webapps/player has finished in 845 ms
Nov 02, 2016 9:53:16 AM org.apache.catalina.startup.HostConfig deployDirectory
INFORMATION: Deploying web application directory /Users/isturm/Documents/workspace-for-liferay-6.2.0/liferay-portal-6.2-ce-ga6/tomcat-7.0.62/webapps/portal
Nov 02, 2016 9:53:17 AM org.apache.catalina.startup.TldConfig execute
INFORMATION: At least one JAR was scanned for TLDs yet contained no TLDs. Enable debug logging for this logger for a complete list of JARs that were scanned but no TLDs were found in them. Skipping unneeded JARs during scanning can improve startup time and JSP compilation time.
Nov 02, 2016 9:53:17 AM org.apache.catalina.startup.HostConfig deployDirectory
INFORMATION: Deployment of web application directory /Users/isturm/Documents/workspace-for-liferay-6.2.0/liferay-portal-6.2-ce-ga6/tomcat-7.0.62/webapps/portal has finished in 1,036 ms
Nov 02, 2016 9:53:17 AM org.apache.catalina.startup.HostConfig deployDirectory
INFORMATION: Deploying web application directory /Users/isturm/Documents/workspace-for-liferay-6.2.0/liferay-portal-6.2-ce-ga6/tomcat-7.0.62/webapps/resources-importer-web
Nov 02, 2016 9:53:17 AM org.apache.shindig.config.JsonContainerConfig loadContainers
INFORMATION: Loading resources from: containers/default/container.js
Nov 02, 2016 9:53:17 AM org.apache.shindig.config.JsonContainerConfig loadResources
INFORMATION: Reading container config: containers/default/container.js
Nov 02, 2016 9:53:19 AM org.apache.shindig.gadgets.features.FeatureRegistry register
INFORMATION: Loading resources from: res:features-extras/features.txt
Nov 02, 2016 9:53:19 AM org.apache.shindig.common.xml.XmlUtil <clinit>
INFORMATION: Reusing document builders
Nov 02, 2016 9:53:20 AM org.apache.shindig.gadgets.features.FeatureRegistry register
INFORMATION: Loading resources from: res:features/features.txt
Nov 02, 2016 9:53:20 AM org.apache.catalina.startup.TldConfig execute
INFORMATION: At least one JAR was scanned for TLDs yet contained no TLDs. Enable debug logging for this logger for a complete list of JARs that were scanned but no TLDs were found in them. Skipping unneeded JARs during scanning can improve startup time and JSP compilation time.
Nov 02, 2016 9:53:21 AM org.apache.shindig.gadgets.servlet.CajaContentRewriter <init>
INFORMATION: Cajoled cache createdorg.apache.shindig.common.cache.ehcache.EhConfiguredCache@7c57eb29
Nov 02, 2016 9:53:21 AM org.apache.catalina.startup.HostConfig deployDirectory
INFORMATION: Deployment of web application directory /Users/isturm/Documents/workspace-for-liferay-6.2.0/liferay-portal-6.2-ce-ga6/tomcat-7.0.62/webapps/resources-importer-web has finished in 4,124 ms
Nov 02, 2016 9:53:21 AM org.apache.catalina.startup.HostConfig deployDirectory
INFORMATION: Deploying web application directory /Users/isturm/Documents/workspace-for-liferay-6.2.0/liferay-portal-6.2-ce-ga6/tomcat-7.0.62/webapps/rss
Nov 02, 2016 9:53:21 AM org.apache.shindig.gadgets.servlet.CajaContentRewriter <init>
INFORMATION: Cajoled cache createdorg.apache.shindig.common.cache.ehcache.EhConfiguredCache@7c57eb29
Nov 02, 2016 9:53:21 AM org.apache.shindig.gadgets.oauth.OAuthModule$OAuthCrypterProvider <init>
INFORMATION: Using random key for OAuth client-side state encryption
Nov 02, 2016 9:53:22 AM org.apache.catalina.startup.TldConfig execute
INFORMATION: At least one JAR was scanned for TLDs yet contained no TLDs. Enable debug logging for this logger for a complete list of JARs that were scanned but no TLDs were found in them. Skipping unneeded JARs during scanning can improve startup time and JSP compilation time.
Nov 02, 2016 9:53:22 AM org.apache.catalina.startup.HostConfig deployDirectory
INFORMATION: Deployment of web application directory /Users/isturm/Documents/workspace-for-liferay-6.2.0/liferay-portal-6.2-ce-ga6/tomcat-7.0.62/webapps/rss has finished in 1,015 ms
Nov 02, 2016 9:53:22 AM org.apache.catalina.startup.HostConfig deployDirectory
INFORMATION: Deploying web application directory /Users/isturm/Documents/workspace-for-liferay-6.2.0/liferay-portal-6.2-ce-ga6/tomcat-7.0.62/webapps/servlet-file-converter
Nov 02, 2016 9:53:22 AM org.apache.catalina.loader.WebappClassLoader validateJarFile
INFORMATION: validateJarFile(/Users/isturm/Documents/workspace-for-liferay-6.2.0/liferay-portal-6.2-ce-ga6/tomcat-7.0.62/webapps/servlet-file-converter/WEB-INF/lib/servlet-api.jar) - jar not loaded. See Servlet Spec 3.0, section 10.7.2. Offending class: javax/servlet/Servlet.class
Nov 02, 2016 9:53:24 AM org.apache.catalina.startup.TldConfig execute
INFORMATION: At least one JAR was scanned for TLDs yet contained no TLDs. Enable debug logging for this logger for a complete list of JARs that were scanned but no TLDs were found in them. Skipping unneeded JARs during scanning can improve startup time and JSP compilation time.
Nov 02, 2016 9:53:24 AM org.apache.catalina.startup.HostConfig deployDirectory
INFORMATION: Deployment of web application directory /Users/isturm/Documents/workspace-for-liferay-6.2.0/liferay-portal-6.2-ce-ga6/tomcat-7.0.62/webapps/servlet-file-converter has finished in 1,646 ms
Nov 02, 2016 9:53:24 AM org.apache.catalina.startup.HostConfig deployDirectory
INFORMATION: Deploying web application directory /Users/isturm/Documents/workspace-for-liferay-6.2.0/liferay-portal-6.2-ce-ga6/tomcat-7.0.62/webapps/servlet-file-upload
Nov 02, 2016 9:53:24 AM org.apache.catalina.loader.WebappClassLoader validateJarFile
INFORMATION: validateJarFile(/Users/isturm/Documents/workspace-for-liferay-6.2.0/liferay-portal-6.2-ce-ga6/tomcat-7.0.62/webapps/servlet-file-upload/WEB-INF/lib/javax.servlet-api-3.1.0.jar) - jar not loaded. See Servlet Spec 3.0, section 10.7.2. Offending class: javax/servlet/Servlet.class
Nov 02, 2016 9:53:25 AM org.apache.catalina.startup.TldConfig execute
INFORMATION: At least one JAR was scanned for TLDs yet contained no TLDs. Enable debug logging for this logger for a complete list of JARs that were scanned but no TLDs were found in them. Skipping unneeded JARs during scanning can improve startup time and JSP compilation time.
Nov 02, 2016 9:53:25 AM org.apache.catalina.startup.HostConfig deployDirectory
INFORMATION: Deployment of web application directory /Users/isturm/Documents/workspace-for-liferay-6.2.0/liferay-portal-6.2-ce-ga6/tomcat-7.0.62/webapps/servlet-file-upload has finished in 1,574 ms
Nov 02, 2016 9:53:25 AM org.apache.catalina.startup.HostConfig deployDirectory
INFORMATION: Deploying web application directory /Users/isturm/Documents/workspace-for-liferay-6.2.0/liferay-portal-6.2-ce-ga6/tomcat-7.0.62/webapps/smil
Nov 02, 2016 9:53:26 AM org.apache.catalina.startup.TldConfig execute
INFORMATION: At least one JAR was scanned for TLDs yet contained no TLDs. Enable debug logging for this logger for a complete list of JARs that were scanned but no TLDs were found in them. Skipping unneeded JARs during scanning can improve startup time and JSP compilation time.
Nov 02, 2016 9:53:26 AM org.apache.catalina.startup.HostConfig deployDirectory
INFORMATION: Deployment of web application directory /Users/isturm/Documents/workspace-for-liferay-6.2.0/liferay-portal-6.2-ce-ga6/tomcat-7.0.62/webapps/smil has finished in 722 ms
Nov 02, 2016 9:53:26 AM org.apache.catalina.startup.HostConfig deployDirectory
INFORMATION: Deploying web application directory /Users/isturm/Documents/workspace-for-liferay-6.2.0/liferay-portal-6.2-ce-ga6/tomcat-7.0.62/webapps/strobemediaplayer
Nov 02, 2016 9:53:27 AM org.apache.catalina.startup.TldConfig execute
INFORMATION: At least one JAR was scanned for TLDs yet contained no TLDs. Enable debug logging for this logger for a complete list of JARs that were scanned but no TLDs were found in them. Skipping unneeded JARs during scanning can improve startup time and JSP compilation time.
Nov 02, 2016 9:53:27 AM org.apache.catalina.startup.HostConfig deployDirectory
INFORMATION: Deployment of web application directory /Users/isturm/Documents/workspace-for-liferay-6.2.0/liferay-portal-6.2-ce-ga6/tomcat-7.0.62/webapps/strobemediaplayer has finished in 712 ms
Nov 02, 2016 9:53:27 AM org.apache.catalina.startup.HostConfig deployDirectory
INFORMATION: Deploying web application directory /Users/isturm/Documents/workspace-for-liferay-6.2.0/liferay-portal-6.2-ce-ga6/tomcat-7.0.62/webapps/swfobject
Nov 02, 2016 9:53:27 AM org.apache.catalina.startup.TldConfig execute
INFORMATION: At least one JAR was scanned for TLDs yet contained no TLDs. Enable debug logging for this logger for a complete list of JARs that were scanned but no TLDs were found in them. Skipping unneeded JARs during scanning can improve startup time and JSP compilation time.
Nov 02, 2016 9:53:27 AM org.apache.catalina.startup.HostConfig deployDirectory
INFORMATION: Deployment of web application directory /Users/isturm/Documents/workspace-for-liferay-6.2.0/liferay-portal-6.2-ce-ga6/tomcat-7.0.62/webapps/swfobject has finished in 683 ms
Nov 02, 2016 9:53:27 AM org.apache.catalina.startup.HostConfig deployDirectory
INFORMATION: Deploying web application directory /Users/isturm/Documents/workspace-for-liferay-6.2.0/liferay-portal-6.2-ce-ga6/tomcat-7.0.62/webapps/sync-web
Nov 02, 2016 9:53:29 AM org.apache.catalina.startup.TldConfig execute
INFORMATION: At least one JAR was scanned for TLDs yet contained no TLDs. Enable debug logging for this logger for a complete list of JARs that were scanned but no TLDs were found in them. Skipping unneeded JARs during scanning can improve startup time and JSP compilation time.
Nov 02, 2016 9:53:30 AM org.apache.catalina.startup.HostConfig deployDirectory
INFORMATION: Deployment of web application directory /Users/isturm/Documents/workspace-for-liferay-6.2.0/liferay-portal-6.2-ce-ga6/tomcat-7.0.62/webapps/sync-web has finished in 2,958 ms
Nov 02, 2016 9:53:30 AM org.apache.catalina.startup.HostConfig deployDirectory
INFORMATION: Deploying web application directory /Users/isturm/Documents/workspace-for-liferay-6.2.0/liferay-portal-6.2-ce-ga6/tomcat-7.0.62/webapps/veranstaltung
Nov 02, 2016 9:53:31 AM org.apache.catalina.startup.TldConfig execute
INFORMATION: At least one JAR was scanned for TLDs yet contained no TLDs. Enable debug logging for this logger for a complete list of JARs that were scanned but no TLDs were found in them. Skipping unneeded JARs during scanning can improve startup time and JSP compilation time.
Nov 02, 2016 9:53:31 AM org.apache.catalina.startup.HostConfig deployDirectory
INFORMATION: Deployment of web application directory /Users/isturm/Documents/workspace-for-liferay-6.2.0/liferay-portal-6.2-ce-ga6/tomcat-7.0.62/webapps/veranstaltung has finished in 649 ms
Nov 02, 2016 9:53:31 AM org.apache.catalina.startup.HostConfig deployDirectory
INFORMATION: Deploying web application directory /Users/isturm/Documents/workspace-for-liferay-6.2.0/liferay-portal-6.2-ce-ga6/tomcat-7.0.62/webapps/wasserzeichen
Nov 02, 2016 9:53:32 AM org.apache.catalina.startup.TldConfig execute
INFORMATION: At least one JAR was scanned for TLDs yet contained no TLDs. Enable debug logging for this logger for a complete list of JARs that were scanned but no TLDs were found in them. Skipping unneeded JARs during scanning can improve startup time and JSP compilation time.
Nov 02, 2016 9:53:32 AM org.apache.catalina.startup.HostConfig deployDirectory
INFORMATION: Deployment of web application directory /Users/isturm/Documents/workspace-for-liferay-6.2.0/liferay-portal-6.2-ce-ga6/tomcat-7.0.62/webapps/wasserzeichen has finished in 634 ms
Nov 02, 2016 9:53:32 AM org.apache.catalina.startup.HostConfig deployDirectory
INFORMATION: Deploying web application directory /Users/isturm/Documents/workspace-for-liferay-6.2.0/liferay-portal-6.2-ce-ga6/tomcat-7.0.62/webapps/web-form-portlet
Nov 02, 2016 9:53:32 AM org.apache.catalina.startup.TldConfig execute
INFORMATION: At least one JAR was scanned for TLDs yet contained no TLDs. Enable debug logging for this logger for a complete list of JARs that were scanned but no TLDs were found in them. Skipping unneeded JARs during scanning can improve startup time and JSP compilation time.
Nov 02, 2016 9:53:32 AM org.apache.catalina.startup.HostConfig deployDirectory
INFORMATION: Deployment of web application directory /Users/isturm/Documents/workspace-for-liferay-6.2.0/liferay-portal-6.2-ce-ga6/tomcat-7.0.62/webapps/web-form-portlet has finished in 829 ms
Nov 02, 2016 9:53:32 AM org.apache.coyote.AbstractProtocol start
INFORMATION: Starting ProtocolHandler ["http-bio-8080"]
Nov 02, 2016 9:53:32 AM org.apache.coyote.AbstractProtocol start
INFORMATION: Starting ProtocolHandler ["ajp-bio-8009"]
Nov 02, 2016 9:53:32 AM org.apache.catalina.startup.Catalina start
INFORMATION: Server startup in 223038 ms
Nov 02, 2016 9:54:42 AM org.apache.catalina.startup.HostConfig undeploy
INFORMATION: Undeploying context [/lecture2go-portlet]
Nov 02, 2016 9:54:43 AM org.apache.catalina.loader.WebappClassLoader checkThreadLocalMapForLeaks
SCHWERWIEGEND: The web application [/lecture2go-portlet] created a ThreadLocal with key of type [org.apache.axis.utils.XMLUtils.ThreadLocalDocumentBuilder] (value [org.apache.axis.utils.XMLUtils$ThreadLocalDocumentBuilder@3b5dc146]) and a value of type [com.sun.org.apache.xerces.internal.jaxp.DocumentBuilderImpl] (value [com.sun.org.apache.xerces.internal.jaxp.DocumentBuilderImpl@83bf91d]) but failed to remove it when the web application was stopped. Threads are going to be renewed over time to try and avoid a probable memory leak.
Nov 02, 2016 9:54:43 AM org.apache.catalina.startup.HostConfig deployDirectory
INFORMATION: Deploying web application directory /Users/isturm/Documents/workspace-for-liferay-6.2.0/liferay-portal-6.2-ce-ga6/tomcat-7.0.62/webapps/lecture2go-portlet
Nov 02, 2016 9:54:47 AM org.apache.catalina.startup.TldConfig execute
INFORMATION: At least one JAR was scanned for TLDs yet contained no TLDs. Enable debug logging for this logger for a complete list of JARs that were scanned but no TLDs were found in them. Skipping unneeded JARs during scanning can improve startup time and JSP compilation time.
Nov 02, 2016 9:54:53 AM org.apache.catalina.startup.HostConfig deployDirectory
INFORMATION: Deployment of web application directory /Users/isturm/Documents/workspace-for-liferay-6.2.0/liferay-portal-6.2-ce-ga6/tomcat-7.0.62/webapps/lecture2go-portlet has finished in 9,850 ms
Nov 02, 2016 10:42:25 AM org.apache.catalina.startup.HostConfig undeploy
INFORMATION: Undeploying context [/lecture2go-portlet]
Nov 02, 2016 10:42:26 AM org.apache.catalina.loader.WebappClassLoader checkThreadLocalsForLeaks
WARNUNG: Failed to check for ThreadLocal references for web application [/lecture2go-portlet]
java.lang.NoClassDefFoundError: org/apache/axis/utils/XMLUtils$1
	at java.lang.Class.getDeclaringClass0(Native Method)
	at java.lang.Class.getDeclaringClass(Class.java:1106)
	at java.lang.Class.getEnclosingClass(Class.java:1142)
	at java.lang.Class.getCanonicalName(Class.java:1231)
	at org.apache.catalina.loader.WebappClassLoader.getPrettyClassName(WebappClassLoader.java:2601)
	at org.apache.catalina.loader.WebappClassLoader.checkThreadLocalMapForLeaks(WebappClassLoader.java:2559)
	at org.apache.catalina.loader.WebappClassLoader.checkThreadLocalsForLeaks(WebappClassLoader.java:2507)
	at org.apache.catalina.loader.WebappClassLoader.clearReferences(WebappClassLoader.java:2013)
	at org.apache.catalina.loader.WebappClassLoader.stop(WebappClassLoader.java:1908)
	at org.apache.catalina.loader.WebappLoader.stopInternal(WebappLoader.java:661)
	at org.apache.catalina.util.LifecycleBase.stop(LifecycleBase.java:232)
	at org.apache.catalina.core.StandardContext.stopInternal(StandardContext.java:5766)
	at org.apache.catalina.util.LifecycleBase.stop(LifecycleBase.java:232)
	at org.apache.catalina.core.ContainerBase.removeChild(ContainerBase.java:1028)
	at org.apache.catalina.startup.HostConfig.undeploy(HostConfig.java:1547)
	at org.apache.catalina.startup.HostConfig.checkResources(HostConfig.java:1453)
	at org.apache.catalina.startup.HostConfig.check(HostConfig.java:1695)
	at org.apache.catalina.startup.HostConfig.lifecycleEvent(HostConfig.java:333)
	at org.apache.catalina.util.LifecycleSupport.fireLifecycleEvent(LifecycleSupport.java:117)
	at org.apache.catalina.util.LifecycleBase.fireLifecycleEvent(LifecycleBase.java:90)
	at org.apache.catalina.core.ContainerBase.backgroundProcess(ContainerBase.java:1374)
	at org.apache.catalina.core.ContainerBase$ContainerBackgroundProcessor.processChildren(ContainerBase.java:1546)
	at org.apache.catalina.core.ContainerBase$ContainerBackgroundProcessor.processChildren(ContainerBase.java:1556)
	at org.apache.catalina.core.ContainerBase$ContainerBackgroundProcessor.run(ContainerBase.java:1524)
	at java.lang.Thread.run(Thread.java:745)
Caused by: java.lang.ClassNotFoundException: org.apache.axis.utils.XMLUtils$1
	at org.apache.catalina.loader.WebappClassLoader.loadClass(WebappClassLoader.java:1720)
	at org.apache.catalina.loader.WebappClassLoader.loadClass(WebappClassLoader.java:1571)
	... 25 more

Nov 02, 2016 10:42:26 AM org.apache.catalina.startup.HostConfig deployDirectory
INFORMATION: Deploying web application directory /Users/isturm/Documents/workspace-for-liferay-6.2.0/liferay-portal-6.2-ce-ga6/tomcat-7.0.62/webapps/lecture2go-portlet
Nov 02, 2016 10:42:34 AM org.apache.catalina.startup.TldConfig execute
INFORMATION: At least one JAR was scanned for TLDs yet contained no TLDs. Enable debug logging for this logger for a complete list of JARs that were scanned but no TLDs were found in them. Skipping unneeded JARs during scanning can improve startup time and JSP compilation time.
Nov 02, 2016 10:42:44 AM org.apache.catalina.startup.HostConfig deployDirectory
INFORMATION: Deployment of web application directory /Users/isturm/Documents/workspace-for-liferay-6.2.0/liferay-portal-6.2-ce-ga6/tomcat-7.0.62/webapps/lecture2go-portlet has finished in 18,212 ms
Nov 02, 2016 10:48:45 AM org.apache.catalina.startup.HostConfig undeploy
INFORMATION: Undeploying context [/lecture2go-portlet]
Nov 02, 2016 10:48:46 AM org.apache.catalina.startup.HostConfig deployDirectory
INFORMATION: Deploying web application directory /Users/isturm/Documents/workspace-for-liferay-6.2.0/liferay-portal-6.2-ce-ga6/tomcat-7.0.62/webapps/lecture2go-portlet
Nov 02, 2016 10:48:48 AM org.apache.catalina.startup.TldConfig execute
INFORMATION: At least one JAR was scanned for TLDs yet contained no TLDs. Enable debug logging for this logger for a complete list of JARs that were scanned but no TLDs were found in them. Skipping unneeded JARs during scanning can improve startup time and JSP compilation time.
Nov 02, 2016 10:48:53 AM org.apache.catalina.startup.HostConfig deployDirectory
INFORMATION: Deployment of web application directory /Users/isturm/Documents/workspace-for-liferay-6.2.0/liferay-portal-6.2-ce-ga6/tomcat-7.0.62/webapps/lecture2go-portlet has finished in 7,077 ms
