Okt 21, 2016 7:35:14 AM org.apache.catalina.core.StandardContext filterStart
SCHWERWIEGEND: Exception starting filter charsetFilter
java.lang.ClassNotFoundException: org.springframework.web.filter.CharacterEncodingFilter
	at org.apache.catalina.loader.WebappClassLoader.loadClass(WebappClassLoader.java:1720)
	at org.apache.catalina.loader.WebappClassLoader.loadClass(WebappClassLoader.java:1571)
	at org.apache.catalina.core.DefaultInstanceManager.loadClass(DefaultInstanceManager.java:506)
	at org.apache.catalina.core.DefaultInstanceManager.loadClassMaybePrivileged(DefaultInstanceManager.java:488)
	at org.apache.catalina.core.DefaultInstanceManager.newInstance(DefaultInstanceManager.java:115)
	at org.apache.catalina.core.ApplicationFilterConfig.getFilter(ApplicationFilterConfig.java:258)
	at org.apache.catalina.core.ApplicationFilterConfig.<init>(ApplicationFilterConfig.java:105)
	at org.apache.catalina.core.StandardContext.filterStart(StandardContext.java:4854)
	at org.apache.catalina.core.StandardContext.startInternal(StandardContext.java:5546)
	at org.apache.catalina.util.LifecycleBase.start(LifecycleBase.java:150)
	at org.apache.catalina.core.ContainerBase.addChildInternal(ContainerBase.java:901)
	at org.apache.catalina.core.ContainerBase.addChild(ContainerBase.java:877)
	at org.apache.catalina.core.StandardHost.addChild(StandardHost.java:652)
	at org.apache.catalina.startup.HostConfig.deployDirectory(HostConfig.java:1263)
	at org.apache.catalina.startup.HostConfig$DeployDirectory.run(HostConfig.java:1948)
	at java.util.concurrent.Executors$RunnableAdapter.call(Executors.java:471)
	at java.util.concurrent.FutureTask.run(FutureTask.java:262)
	at java.util.concurrent.ThreadPoolExecutor.runWorker(ThreadPoolExecutor.java:1145)
	at java.util.concurrent.ThreadPoolExecutor$Worker.run(ThreadPoolExecutor.java:615)
	at java.lang.Thread.run(Thread.java:745)

