07:52:34,075 INFO  [DispatcherPortlet:106] Initializing portlet 'migration'
07:52:34,150 INFO  [DispatcherPortlet:263] FrameworkPortlet 'migration': initialization started
07:52:34,164 INFO  [XmlPortletApplicationContext:513] Refreshing PortletApplicationContext for namespace 'migration-portlet': startup date [Fri Sep 16 07:52:34 GMT 2016]; root of context hierarchy
07:52:34,206 INFO  [XmlBeanDefinitionReader:316] Loading XML bean definitions from PortletContext resource [/WEB-INF/migration-portlet.xml]
07:52:34,346 INFO  [XmlBeanDefinitionReader:316] Loading XML bean definitions from PortletContext resource [/WEB-INF/common-portlet.xml]
07:52:34,684 INFO  [DispatcherPortlet:282] FrameworkPortlet 'migration': initialization completed in 533 ms
07:52:34,684 INFO  [DispatcherPortlet:127] Portlet 'migration' configured successfully
08:07:36,234 INFO  [XmlPortletApplicationContext:873] Closing PortletApplicationContext for namespace 'migration-portlet': startup date [Fri Sep 16 07:52:34 GMT 2016]; root of context hierarchy
08:23:01,167 INFO  [DispatcherPortlet:106] Initializing portlet 'migration'
08:23:01,232 INFO  [DispatcherPortlet:263] FrameworkPortlet 'migration': initialization started
08:23:01,246 INFO  [XmlPortletApplicationContext:513] Refreshing PortletApplicationContext for namespace 'migration-portlet': startup date [Fri Sep 16 08:23:01 GMT 2016]; root of context hierarchy
08:23:01,286 INFO  [XmlBeanDefinitionReader:316] Loading XML bean definitions from PortletContext resource [/WEB-INF/migration-portlet.xml]
08:23:01,409 INFO  [XmlBeanDefinitionReader:316] Loading XML bean definitions from PortletContext resource [/WEB-INF/common-portlet.xml]
08:23:01,736 INFO  [DispatcherPortlet:282] FrameworkPortlet 'migration': initialization completed in 504 ms
08:23:01,736 INFO  [DispatcherPortlet:127] Portlet 'migration' configured successfully
08:26:28,052 ERROR [DispatcherPortlet:561] Could not complete request
java.lang.RuntimeException: java.lang.ClassNotFoundException is not a valid exception
	at de.uhh.l2g.plugins.service.SegmentLocalServiceClp.getSegmentsCount(SegmentLocalServiceClp.java:620)
	at de.uhh.l2g.plugins.service.SegmentLocalServiceUtil.getSegmentsCount(SegmentLocalServiceUtil.java:234)
	at de.uhh.l2g.plugins.migration.controller.MigrationController.list(MigrationController.java:267)
	at sun.reflect.NativeMethodAccessorImpl.invoke0(Native Method)
	at sun.reflect.NativeMethodAccessorImpl.invoke(NativeMethodAccessorImpl.java:57)
	at sun.reflect.DelegatingMethodAccessorImpl.invoke(DelegatingMethodAccessorImpl.java:43)
	at java.lang.reflect.Method.invoke(Method.java:606)
	at org.springframework.web.bind.annotation.support.HandlerMethodInvoker.invokeHandlerMethod(HandlerMethodInvoker.java:175)
	at org.springframework.web.portlet.mvc.annotation.AnnotationMethodHandlerAdapter.invokeHandlerMethod(AnnotationMethodHandlerAdapter.java:369)
	at org.springframework.web.portlet.mvc.annotation.AnnotationMethodHandlerAdapter.doHandle(AnnotationMethodHandlerAdapter.java:356)
	at org.springframework.web.portlet.mvc.annotation.AnnotationMethodHandlerAdapter.handleRender(AnnotationMethodHandlerAdapter.java:296)
	at org.springframework.web.portlet.DispatcherPortlet.doRenderService(DispatcherPortlet.java:768)
	at org.springframework.web.portlet.FrameworkPortlet.processRequest(FrameworkPortlet.java:524)
	at org.springframework.web.portlet.FrameworkPortlet.doDispatch(FrameworkPortlet.java:472)
	at javax.portlet.GenericPortlet.render(GenericPortlet.java:262)
	at com.liferay.portlet.FilterChainImpl.doFilter(FilterChainImpl.java:103)
	at com.liferay.portlet.ScriptDataPortletFilter.doFilter(ScriptDataPortletFilter.java:55)
	at com.liferay.portlet.FilterChainImpl.doFilter(FilterChainImpl.java:100)
	at com.liferay.portal.kernel.portlet.PortletFilterUtil.doFilter(PortletFilterUtil.java:64)
	at com.liferay.portal.kernel.servlet.PortletServlet.service(PortletServlet.java:112)
	at javax.servlet.http.HttpServlet.service(HttpServlet.java:731)
	at org.apache.catalina.core.ApplicationFilterChain.internalDoFilter(ApplicationFilterChain.java:303)
	at org.apache.catalina.core.ApplicationFilterChain.doFilter(ApplicationFilterChain.java:208)
	at com.liferay.portal.kernel.servlet.filters.invoker.InvokerFilterChain.doFilter(InvokerFilterChain.java:116)
	at com.liferay.portal.kernel.servlet.filters.invoker.InvokerFilter.doFilter(InvokerFilter.java:119)
	at org.apache.catalina.core.ApplicationFilterChain.internalDoFilter(ApplicationFilterChain.java:241)
	at org.apache.catalina.core.ApplicationFilterChain.doFilter(ApplicationFilterChain.java:208)
	at org.apache.catalina.core.ApplicationDispatcher.invoke(ApplicationDispatcher.java:748)
	at org.apache.catalina.core.ApplicationDispatcher.doInclude(ApplicationDispatcher.java:604)
	at org.apache.catalina.core.ApplicationDispatcher.include(ApplicationDispatcher.java:543)
	at com.liferay.portlet.InvokerPortletImpl.invoke(InvokerPortletImpl.java:583)
	at com.liferay.portlet.InvokerPortletImpl.invokeRender(InvokerPortletImpl.java:656)
	at com.liferay.portlet.InvokerPortletImpl.render(InvokerPortletImpl.java:362)
	at org.apache.jsp.html.portal.render_005fportlet_jsp._jspService(render_005fportlet_jsp.java:1239)
	at org.apache.jasper.runtime.HttpJspBase.service(HttpJspBase.java:70)
	at javax.servlet.http.HttpServlet.service(HttpServlet.java:731)
	at com.liferay.portal.servlet.DirectRequestDispatcher.include(DirectRequestDispatcher.java:57)
	at com.liferay.portal.servlet.ClassLoaderRequestDispatcherWrapper.doDispatch(ClassLoaderRequestDispatcherWrapper.java:78)
	at com.liferay.portal.servlet.ClassLoaderRequestDispatcherWrapper.include(ClassLoaderRequestDispatcherWrapper.java:53)
	at com.liferay.portlet.PortletContainerImpl._doRender(PortletContainerImpl.java:638)
	at com.liferay.portlet.PortletContainerImpl.render(PortletContainerImpl.java:135)
	at com.liferay.portlet.SecurityPortletContainerWrapper.render(SecurityPortletContainerWrapper.java:141)
	at com.liferay.portlet.RestrictPortletContainerWrapper.render(RestrictPortletContainerWrapper.java:126)
	at com.liferay.portal.kernel.portlet.PortletContainerUtil.render(PortletContainerUtil.java:156)
	at com.liferay.portal.action.RenderPortletAction.execute(RenderPortletAction.java:91)
	at com.liferay.portal.action.UpdateLayoutAction.addPortlet(UpdateLayoutAction.java:318)
	at com.liferay.portal.action.UpdateLayoutAction.getJSON(UpdateLayoutAction.java:270)
	at com.liferay.portal.struts.JSONAction.execute(JSONAction.java:79)
	at org.apache.struts.action.RequestProcessor.processActionPerform(RequestProcessor.java:431)
	at org.apache.struts.action.RequestProcessor.process(RequestProcessor.java:236)
	at com.liferay.portal.struts.PortalRequestProcessor.process(PortalRequestProcessor.java:168)
	at org.apache.struts.action.ActionServlet.process(ActionServlet.java:1196)
	at org.apache.struts.action.ActionServlet.doPost(ActionServlet.java:432)
	at javax.servlet.http.HttpServlet.service(HttpServlet.java:650)
	at com.liferay.portal.servlet.MainServlet.callParentService(MainServlet.java:557)
	at com.liferay.portal.servlet.MainServlet.service(MainServlet.java:534)
	at javax.servlet.http.HttpServlet.service(HttpServlet.java:731)
	at org.apache.catalina.core.ApplicationFilterChain.internalDoFilter(ApplicationFilterChain.java:303)
	at org.apache.catalina.core.ApplicationFilterChain.doFilter(ApplicationFilterChain.java:208)
	at org.apache.tomcat.websocket.server.WsFilter.doFilter(WsFilter.java:52)
	at org.apache.catalina.core.ApplicationFilterChain.internalDoFilter(ApplicationFilterChain.java:241)
	at org.apache.catalina.core.ApplicationFilterChain.doFilter(ApplicationFilterChain.java:208)
	at com.liferay.portal.kernel.servlet.filters.invoker.InvokerFilterChain.doFilter(InvokerFilterChain.java:116)
	at com.liferay.portal.kernel.servlet.BaseFilter.processFilter(BaseFilter.java:169)
	at com.liferay.portal.servlet.filters.uploadservletrequest.UploadServletRequestFilter.processFilter(UploadServletRequestFilter.java:93)
	at com.liferay.portal.kernel.servlet.BaseFilter.doFilter(BaseFilter.java:59)
	at com.liferay.portal.kernel.servlet.filters.invoker.InvokerFilterChain.processDoFilter(InvokerFilterChain.java:204)
	at com.liferay.portal.kernel.servlet.filters.invoker.InvokerFilterChain.doFilter(InvokerFilterChain.java:109)
	at com.liferay.portal.kernel.servlet.BaseFilter.processFilter(BaseFilter.java:169)
	at com.liferay.portal.servlet.filters.strip.StripFilter.processFilter(StripFilter.java:361)
	at com.liferay.portal.kernel.servlet.BaseFilter.doFilter(BaseFilter.java:59)
	at com.liferay.portal.kernel.servlet.filters.invoker.InvokerFilterChain.processDoFilter(InvokerFilterChain.java:204)
	at com.liferay.portal.kernel.servlet.filters.invoker.InvokerFilterChain.doFilter(InvokerFilterChain.java:109)
	at com.liferay.portal.kernel.servlet.BaseFilter.processFilter(BaseFilter.java:169)
	at com.liferay.portal.servlet.filters.gzip.GZipFilter.processFilter(GZipFilter.java:123)
	at com.liferay.portal.kernel.servlet.BaseFilter.doFilter(BaseFilter.java:59)
	at com.liferay.portal.kernel.servlet.filters.invoker.InvokerFilterChain.processDoFilter(InvokerFilterChain.java:204)
	at com.liferay.portal.kernel.servlet.filters.invoker.InvokerFilterChain.doFilter(InvokerFilterChain.java:109)
	at com.liferay.portal.kernel.servlet.BaseFilter.processFilter(BaseFilter.java:169)
	at com.liferay.portal.servlet.filters.secure.SecureFilter.processFilter(SecureFilter.java:308)
	at com.liferay.portal.kernel.servlet.BaseFilter.doFilter(BaseFilter.java:59)
	at com.liferay.portal.kernel.servlet.filters.invoker.InvokerFilterChain.processDoFilter(InvokerFilterChain.java:204)
	at com.liferay.portal.kernel.servlet.filters.invoker.InvokerFilterChain.doFilter(InvokerFilterChain.java:109)
	at com.liferay.portal.kernel.servlet.BaseFilter.processFilter(BaseFilter.java:169)
	at com.liferay.portal.servlet.filters.jsoncontenttype.JSONContentTypeFilter.processFilter(JSONContentTypeFilter.java:42)
	at com.liferay.portal.kernel.servlet.BaseFilter.doFilter(BaseFilter.java:59)
	at com.liferay.portal.kernel.servlet.filters.invoker.InvokerFilterChain.processDoFilter(InvokerFilterChain.java:204)
	at com.liferay.portal.kernel.servlet.filters.invoker.InvokerFilterChain.doFilter(InvokerFilterChain.java:109)
	at com.liferay.portal.kernel.servlet.BaseFilter.processFilter(BaseFilter.java:169)
	at com.liferay.portal.servlet.filters.sso.ntlm.NtlmPostFilter.processFilter(NtlmPostFilter.java:83)
	at com.liferay.portal.kernel.servlet.BaseFilter.doFilter(BaseFilter.java:59)
	at com.liferay.portal.kernel.servlet.filters.invoker.InvokerFilterChain.processDoFilter(InvokerFilterChain.java:204)
	at com.liferay.portal.kernel.servlet.filters.invoker.InvokerFilterChain.doFilter(InvokerFilterChain.java:109)
	at com.liferay.portal.kernel.servlet.BaseFilter.processFilter(BaseFilter.java:169)
	at com.liferay.portal.sharepoint.SharepointFilter.processFilter(SharepointFilter.java:88)
	at com.liferay.portal.kernel.servlet.BaseFilter.doFilter(BaseFilter.java:59)
	at com.liferay.portal.kernel.servlet.filters.invoker.InvokerFilterChain.processDoFilter(InvokerFilterChain.java:204)
	at com.liferay.portal.kernel.servlet.filters.invoker.InvokerFilterChain.doFilter(InvokerFilterChain.java:109)
	at com.liferay.portal.kernel.servlet.BaseFilter.processFilter(BaseFilter.java:169)
	at com.liferay.portal.servlet.filters.virtualhost.VirtualHostFilter.processFilter(VirtualHostFilter.java:226)
	at com.liferay.portal.kernel.servlet.BaseFilter.doFilter(BaseFilter.java:59)
	at com.liferay.portal.kernel.servlet.filters.invoker.InvokerFilterChain.processDoFilter(InvokerFilterChain.java:204)
	at com.liferay.portal.kernel.servlet.filters.invoker.InvokerFilterChain.doFilter(InvokerFilterChain.java:109)
	at com.liferay.portal.kernel.servlet.filters.invoker.InvokerFilterChain.processDirectCallFilter(InvokerFilterChain.java:185)
	at com.liferay.portal.kernel.servlet.filters.invoker.InvokerFilterChain.doFilter(InvokerFilterChain.java:96)
	at org.tuckey.web.filters.urlrewrite.UrlRewriteFilter.doFilter(UrlRewriteFilter.java:738)
	at com.liferay.portal.servlet.filters.urlrewrite.UrlRewriteFilter.processFilter(UrlRewriteFilter.java:57)
	at com.liferay.portal.kernel.servlet.BaseFilter.doFilter(BaseFilter.java:59)
	at com.liferay.portal.kernel.servlet.filters.invoker.InvokerFilterChain.processDoFilter(InvokerFilterChain.java:204)
	at com.liferay.portal.kernel.servlet.filters.invoker.InvokerFilterChain.doFilter(InvokerFilterChain.java:109)
	at com.liferay.portal.kernel.servlet.filters.invoker.InvokerFilterChain.processDirectCallFilter(InvokerFilterChain.java:165)
	at com.liferay.portal.kernel.servlet.filters.invoker.InvokerFilterChain.doFilter(InvokerFilterChain.java:96)
	at com.liferay.portal.kernel.servlet.filters.invoker.InvokerFilterChain.processDirectCallFilter(InvokerFilterChain.java:165)
	at com.liferay.portal.kernel.servlet.filters.invoker.InvokerFilterChain.doFilter(InvokerFilterChain.java:96)
	at com.liferay.portal.kernel.servlet.filters.invoker.InvokerFilterChain.processDirectCallFilter(InvokerFilterChain.java:185)
	at com.liferay.portal.kernel.servlet.filters.invoker.InvokerFilterChain.doFilter(InvokerFilterChain.java:96)
	at com.liferay.portal.kernel.servlet.filters.invoker.InvokerFilter.doFilter(InvokerFilter.java:119)
	at org.apache.catalina.core.ApplicationFilterChain.internalDoFilter(ApplicationFilterChain.java:241)
	at org.apache.catalina.core.ApplicationFilterChain.doFilter(ApplicationFilterChain.java:208)
	at org.apache.catalina.core.StandardWrapperValve.invoke(StandardWrapperValve.java:220)
	at org.apache.catalina.core.StandardContextValve.invoke(StandardContextValve.java:122)
	at org.apache.catalina.authenticator.AuthenticatorBase.invoke(AuthenticatorBase.java:505)
	at org.apache.catalina.core.StandardHostValve.invoke(StandardHostValve.java:170)
	at org.apache.catalina.valves.ErrorReportValve.invoke(ErrorReportValve.java:103)
	at org.apache.catalina.valves.AccessLogValve.invoke(AccessLogValve.java:957)
	at org.apache.catalina.core.StandardEngineValve.invoke(StandardEngineValve.java:116)
	at org.apache.catalina.connector.CoyoteAdapter.service(CoyoteAdapter.java:423)
	at org.apache.coyote.http11.AbstractHttp11Processor.process(AbstractHttp11Processor.java:1079)
	at org.apache.coyote.AbstractProtocol$AbstractConnectionHandler.process(AbstractProtocol.java:620)
	at org.apache.tomcat.util.net.JIoEndpoint$SocketProcessor.run(JIoEndpoint.java:318)
	at java.util.concurrent.ThreadPoolExecutor.runWorker(ThreadPoolExecutor.java:1145)
	at java.util.concurrent.ThreadPoolExecutor$Worker.run(ThreadPoolExecutor.java:615)
	at org.apache.tomcat.util.threads.TaskThread$WrappingRunnable.run(TaskThread.java:61)
	at java.lang.Thread.run(Thread.java:745)
08:26:34,097 ERROR [DispatcherPortlet:561] Could not complete request
java.lang.RuntimeException: java.lang.ClassNotFoundException is not a valid exception
	at de.uhh.l2g.plugins.service.SegmentLocalServiceClp.getSegmentsCount(SegmentLocalServiceClp.java:620)
	at de.uhh.l2g.plugins.service.SegmentLocalServiceUtil.getSegmentsCount(SegmentLocalServiceUtil.java:234)
	at de.uhh.l2g.plugins.migration.controller.MigrationController.list(MigrationController.java:267)
	at sun.reflect.NativeMethodAccessorImpl.invoke0(Native Method)
	at sun.reflect.NativeMethodAccessorImpl.invoke(NativeMethodAccessorImpl.java:57)
	at sun.reflect.DelegatingMethodAccessorImpl.invoke(DelegatingMethodAccessorImpl.java:43)
	at java.lang.reflect.Method.invoke(Method.java:606)
	at org.springframework.web.bind.annotation.support.HandlerMethodInvoker.invokeHandlerMethod(HandlerMethodInvoker.java:175)
	at org.springframework.web.portlet.mvc.annotation.AnnotationMethodHandlerAdapter.invokeHandlerMethod(AnnotationMethodHandlerAdapter.java:369)
	at org.springframework.web.portlet.mvc.annotation.AnnotationMethodHandlerAdapter.doHandle(AnnotationMethodHandlerAdapter.java:356)
	at org.springframework.web.portlet.mvc.annotation.AnnotationMethodHandlerAdapter.handleRender(AnnotationMethodHandlerAdapter.java:296)
	at org.springframework.web.portlet.DispatcherPortlet.doRenderService(DispatcherPortlet.java:768)
	at org.springframework.web.portlet.FrameworkPortlet.processRequest(FrameworkPortlet.java:524)
	at org.springframework.web.portlet.FrameworkPortlet.doDispatch(FrameworkPortlet.java:472)
	at javax.portlet.GenericPortlet.render(GenericPortlet.java:262)
	at com.liferay.portlet.FilterChainImpl.doFilter(FilterChainImpl.java:103)
	at com.liferay.portlet.ScriptDataPortletFilter.doFilter(ScriptDataPortletFilter.java:55)
	at com.liferay.portlet.FilterChainImpl.doFilter(FilterChainImpl.java:100)
	at com.liferay.portal.kernel.portlet.PortletFilterUtil.doFilter(PortletFilterUtil.java:64)
	at com.liferay.portal.kernel.servlet.PortletServlet.service(PortletServlet.java:112)
	at javax.servlet.http.HttpServlet.service(HttpServlet.java:731)
	at org.apache.catalina.core.ApplicationFilterChain.internalDoFilter(ApplicationFilterChain.java:303)
	at org.apache.catalina.core.ApplicationFilterChain.doFilter(ApplicationFilterChain.java:208)
	at com.liferay.portal.kernel.servlet.filters.invoker.InvokerFilterChain.doFilter(InvokerFilterChain.java:116)
	at com.liferay.portal.kernel.servlet.filters.invoker.InvokerFilter.doFilter(InvokerFilter.java:119)
	at org.apache.catalina.core.ApplicationFilterChain.internalDoFilter(ApplicationFilterChain.java:241)
	at org.apache.catalina.core.ApplicationFilterChain.doFilter(ApplicationFilterChain.java:208)
	at org.apache.catalina.core.ApplicationDispatcher.invoke(ApplicationDispatcher.java:748)
	at org.apache.catalina.core.ApplicationDispatcher.doInclude(ApplicationDispatcher.java:604)
	at org.apache.catalina.core.ApplicationDispatcher.include(ApplicationDispatcher.java:543)
	at com.liferay.portlet.InvokerPortletImpl.invoke(InvokerPortletImpl.java:583)
	at com.liferay.portlet.InvokerPortletImpl.invokeRender(InvokerPortletImpl.java:656)
	at com.liferay.portlet.InvokerPortletImpl.render(InvokerPortletImpl.java:362)
	at org.apache.jsp.html.portal.render_005fportlet_jsp._jspService(render_005fportlet_jsp.java:1239)
	at org.apache.jasper.runtime.HttpJspBase.service(HttpJspBase.java:70)
	at javax.servlet.http.HttpServlet.service(HttpServlet.java:731)
	at com.liferay.portal.servlet.DirectRequestDispatcher.include(DirectRequestDispatcher.java:57)
	at com.liferay.portal.servlet.ClassLoaderRequestDispatcherWrapper.doDispatch(ClassLoaderRequestDispatcherWrapper.java:78)
	at com.liferay.portal.servlet.ClassLoaderRequestDispatcherWrapper.include(ClassLoaderRequestDispatcherWrapper.java:53)
	at com.liferay.portlet.PortletContainerImpl._doRender(PortletContainerImpl.java:638)
	at com.liferay.portlet.PortletContainerImpl.render(PortletContainerImpl.java:135)
	at com.liferay.portlet.SecurityPortletContainerWrapper.render(SecurityPortletContainerWrapper.java:141)
	at com.liferay.portlet.RestrictPortletContainerWrapper.render(RestrictPortletContainerWrapper.java:126)
	at com.liferay.portal.kernel.portlet.PortletContainerUtil.render(PortletContainerUtil.java:156)
	at com.liferay.portal.layoutconfiguration.util.PortletRenderer._render(PortletRenderer.java:125)
	at com.liferay.portal.layoutconfiguration.util.PortletRenderer.render(PortletRenderer.java:72)
	at com.liferay.portal.layoutconfiguration.util.RuntimePageImpl.doProcessTemplate(RuntimePageImpl.java:452)
	at com.liferay.portal.layoutconfiguration.util.RuntimePageImpl.doDispatch(RuntimePageImpl.java:284)
	at com.liferay.portal.layoutconfiguration.util.RuntimePageImpl.processTemplate(RuntimePageImpl.java:113)
	at com.liferay.portal.layoutconfiguration.util.RuntimePageImpl.processTemplate(RuntimePageImpl.java:124)
	at com.liferay.portal.layoutconfiguration.util.RuntimePageUtil.processTemplate(RuntimePageUtil.java:69)
	at org.apache.jsp.html.portal.layout.view.portlet_jsp._jspService(portlet_jsp.java:557)
	at org.apache.jasper.runtime.HttpJspBase.service(HttpJspBase.java:70)
	at javax.servlet.http.HttpServlet.service(HttpServlet.java:731)
	at org.apache.jasper.servlet.JspServletWrapper.service(JspServletWrapper.java:439)
	at org.apache.jasper.servlet.JspServlet.serviceJspFile(JspServlet.java:395)
	at org.apache.jasper.servlet.JspServlet.service(JspServlet.java:339)
	at javax.servlet.http.HttpServlet.service(HttpServlet.java:731)
	at org.apache.catalina.core.ApplicationFilterChain.internalDoFilter(ApplicationFilterChain.java:303)
	at org.apache.catalina.core.ApplicationFilterChain.doFilter(ApplicationFilterChain.java:208)
	at com.liferay.portal.kernel.servlet.filters.invoker.InvokerFilterChain.doFilter(InvokerFilterChain.java:116)
	at com.liferay.portal.kernel.servlet.filters.invoker.InvokerFilter.doFilter(InvokerFilter.java:119)
	at org.apache.catalina.core.ApplicationFilterChain.internalDoFilter(ApplicationFilterChain.java:241)
	at org.apache.catalina.core.ApplicationFilterChain.doFilter(ApplicationFilterChain.java:208)
	at org.apache.catalina.core.ApplicationDispatcher.invoke(ApplicationDispatcher.java:748)
	at org.apache.catalina.core.ApplicationDispatcher.doInclude(ApplicationDispatcher.java:604)
	at org.apache.catalina.core.ApplicationDispatcher.include(ApplicationDispatcher.java:543)
	at com.liferay.portal.action.LayoutAction.includeLayoutContent(LayoutAction.java:302)
	at com.liferay.portal.action.LayoutAction.processLayout(LayoutAction.java:413)
	at com.liferay.portal.action.LayoutAction.doExecute(LayoutAction.java:200)
	at com.liferay.portal.action.LayoutAction.execute(LayoutAction.java:95)
	at org.apache.struts.action.RequestProcessor.processActionPerform(RequestProcessor.java:431)
	at org.apache.struts.action.RequestProcessor.process(RequestProcessor.java:236)
	at com.liferay.portal.struts.PortalRequestProcessor.process(PortalRequestProcessor.java:168)
	at org.apache.struts.action.ActionServlet.process(ActionServlet.java:1196)
	at org.apache.struts.action.ActionServlet.doGet(ActionServlet.java:414)
	at javax.servlet.http.HttpServlet.service(HttpServlet.java:624)
	at com.liferay.portal.servlet.MainServlet.callParentService(MainServlet.java:557)
	at com.liferay.portal.servlet.MainServlet.service(MainServlet.java:534)
	at javax.servlet.http.HttpServlet.service(HttpServlet.java:731)
	at org.apache.catalina.core.ApplicationFilterChain.internalDoFilter(ApplicationFilterChain.java:303)
	at org.apache.catalina.core.ApplicationFilterChain.doFilter(ApplicationFilterChain.java:208)
	at org.apache.tomcat.websocket.server.WsFilter.doFilter(WsFilter.java:52)
	at org.apache.catalina.core.ApplicationFilterChain.internalDoFilter(ApplicationFilterChain.java:241)
	at org.apache.catalina.core.ApplicationFilterChain.doFilter(ApplicationFilterChain.java:208)
	at com.liferay.portal.kernel.servlet.filters.invoker.InvokerFilterChain.doFilter(InvokerFilterChain.java:116)
	at com.liferay.portal.kernel.servlet.BaseFilter.processFilter(BaseFilter.java:169)
	at com.liferay.portal.servlet.filters.uploadservletrequest.UploadServletRequestFilter.processFilter(UploadServletRequestFilter.java:93)
	at com.liferay.portal.kernel.servlet.BaseFilter.doFilter(BaseFilter.java:59)
	at com.liferay.portal.kernel.servlet.filters.invoker.InvokerFilterChain.processDoFilter(InvokerFilterChain.java:204)
	at com.liferay.portal.kernel.servlet.filters.invoker.InvokerFilterChain.doFilter(InvokerFilterChain.java:109)
	at com.liferay.portal.kernel.servlet.BaseFilter.processFilter(BaseFilter.java:169)
	at com.liferay.portal.servlet.filters.secure.SecureFilter.processFilter(SecureFilter.java:308)
	at com.liferay.portal.kernel.servlet.BaseFilter.doFilter(BaseFilter.java:59)
	at com.liferay.portal.kernel.servlet.filters.invoker.InvokerFilterChain.processDoFilter(InvokerFilterChain.java:204)
	at com.liferay.portal.kernel.servlet.filters.invoker.InvokerFilterChain.doFilter(InvokerFilterChain.java:109)
	at com.liferay.portal.kernel.servlet.BaseFilter.processFilter(BaseFilter.java:169)
	at com.liferay.portal.servlet.filters.jsoncontenttype.JSONContentTypeFilter.processFilter(JSONContentTypeFilter.java:42)
	at com.liferay.portal.kernel.servlet.BaseFilter.doFilter(BaseFilter.java:59)
	at com.liferay.portal.kernel.servlet.filters.invoker.InvokerFilterChain.processDoFilter(InvokerFilterChain.java:204)
	at com.liferay.portal.kernel.servlet.filters.invoker.InvokerFilterChain.doFilter(InvokerFilterChain.java:109)
	at com.liferay.portal.kernel.servlet.filters.invoker.InvokerFilter.doFilter(InvokerFilter.java:119)
	at org.apache.catalina.core.ApplicationFilterChain.internalDoFilter(ApplicationFilterChain.java:241)
	at org.apache.catalina.core.ApplicationFilterChain.doFilter(ApplicationFilterChain.java:208)
	at org.apache.catalina.core.ApplicationDispatcher.invoke(ApplicationDispatcher.java:748)
	at org.apache.catalina.core.ApplicationDispatcher.processRequest(ApplicationDispatcher.java:486)
	at org.apache.catalina.core.ApplicationDispatcher.doForward(ApplicationDispatcher.java:411)
	at org.apache.catalina.core.ApplicationDispatcher.forward(ApplicationDispatcher.java:338)
	at com.liferay.portal.servlet.FriendlyURLServlet.service(FriendlyURLServlet.java:161)
	at javax.servlet.http.HttpServlet.service(HttpServlet.java:731)
	at org.apache.catalina.core.ApplicationFilterChain.internalDoFilter(ApplicationFilterChain.java:303)
	at org.apache.catalina.core.ApplicationFilterChain.doFilter(ApplicationFilterChain.java:208)
	at org.apache.tomcat.websocket.server.WsFilter.doFilter(WsFilter.java:52)
	at org.apache.catalina.core.ApplicationFilterChain.internalDoFilter(ApplicationFilterChain.java:241)
	at org.apache.catalina.core.ApplicationFilterChain.doFilter(ApplicationFilterChain.java:208)
	at com.liferay.portal.kernel.servlet.filters.invoker.InvokerFilterChain.doFilter(InvokerFilterChain.java:116)
	at com.liferay.portal.kernel.servlet.BaseFilter.processFilter(BaseFilter.java:169)
	at com.liferay.portal.servlet.filters.uploadservletrequest.UploadServletRequestFilter.processFilter(UploadServletRequestFilter.java:93)
	at com.liferay.portal.kernel.servlet.BaseFilter.doFilter(BaseFilter.java:59)
	at com.liferay.portal.kernel.servlet.filters.invoker.InvokerFilterChain.processDoFilter(InvokerFilterChain.java:204)
	at com.liferay.portal.kernel.servlet.filters.invoker.InvokerFilterChain.doFilter(InvokerFilterChain.java:109)
	at com.liferay.portal.kernel.servlet.BaseFilter.processFilter(BaseFilter.java:169)
	at com.liferay.portal.servlet.filters.strip.StripFilter.processFilter(StripFilter.java:361)
	at com.liferay.portal.kernel.servlet.BaseFilter.doFilter(BaseFilter.java:59)
	at com.liferay.portal.kernel.servlet.filters.invoker.InvokerFilterChain.processDoFilter(InvokerFilterChain.java:204)
	at com.liferay.portal.kernel.servlet.filters.invoker.InvokerFilterChain.doFilter(InvokerFilterChain.java:109)
	at com.liferay.portal.kernel.servlet.BaseFilter.processFilter(BaseFilter.java:169)
	at com.liferay.portal.servlet.filters.gzip.GZipFilter.processFilter(GZipFilter.java:123)
	at com.liferay.portal.kernel.servlet.BaseFilter.doFilter(BaseFilter.java:59)
	at com.liferay.portal.kernel.servlet.filters.invoker.InvokerFilterChain.processDoFilter(InvokerFilterChain.java:204)
	at com.liferay.portal.kernel.servlet.filters.invoker.InvokerFilterChain.doFilter(InvokerFilterChain.java:109)
	at com.liferay.portal.kernel.servlet.BaseFilter.processFilter(BaseFilter.java:169)
	at com.liferay.portal.servlet.filters.secure.SecureFilter.processFilter(SecureFilter.java:308)
	at com.liferay.portal.kernel.servlet.BaseFilter.doFilter(BaseFilter.java:59)
	at com.liferay.portal.kernel.servlet.filters.invoker.InvokerFilterChain.processDoFilter(InvokerFilterChain.java:204)
	at com.liferay.portal.kernel.servlet.filters.invoker.InvokerFilterChain.doFilter(InvokerFilterChain.java:109)
	at com.liferay.portal.kernel.servlet.BaseFilter.processFilter(BaseFilter.java:169)
	at com.liferay.portal.servlet.filters.i18n.I18nFilter.processFilter(I18nFilter.java:254)
	at com.liferay.portal.kernel.servlet.BaseFilter.doFilter(BaseFilter.java:59)
	at com.liferay.portal.kernel.servlet.filters.invoker.InvokerFilterChain.processDoFilter(InvokerFilterChain.java:204)
	at com.liferay.portal.kernel.servlet.filters.invoker.InvokerFilterChain.doFilter(InvokerFilterChain.java:109)
	at com.liferay.portal.kernel.servlet.BaseFilter.processFilter(BaseFilter.java:169)
	at com.liferay.portal.servlet.filters.jsoncontenttype.JSONContentTypeFilter.processFilter(JSONContentTypeFilter.java:42)
	at com.liferay.portal.kernel.servlet.BaseFilter.doFilter(BaseFilter.java:59)
	at com.liferay.portal.kernel.servlet.filters.invoker.InvokerFilterChain.processDoFilter(InvokerFilterChain.java:204)
	at com.liferay.portal.kernel.servlet.filters.invoker.InvokerFilterChain.doFilter(InvokerFilterChain.java:109)
	at com.liferay.portal.kernel.servlet.BaseFilter.processFilter(BaseFilter.java:169)
	at com.liferay.portal.servlet.filters.autologin.AutoLoginFilter.processFilter(AutoLoginFilter.java:268)
	at com.liferay.portal.kernel.servlet.BaseFilter.doFilter(BaseFilter.java:59)
	at com.liferay.portal.kernel.servlet.filters.invoker.InvokerFilterChain.processDoFilter(InvokerFilterChain.java:204)
	at com.liferay.portal.kernel.servlet.filters.invoker.InvokerFilterChain.doFilter(InvokerFilterChain.java:109)
	at com.liferay.portal.kernel.servlet.BaseFilter.processFilter(BaseFilter.java:169)
	at com.liferay.portal.servlet.filters.sso.ntlm.NtlmPostFilter.processFilter(NtlmPostFilter.java:83)
	at com.liferay.portal.kernel.servlet.BaseFilter.doFilter(BaseFilter.java:59)
	at com.liferay.portal.kernel.servlet.filters.invoker.InvokerFilterChain.processDoFilter(InvokerFilterChain.java:204)
	at com.liferay.portal.kernel.servlet.filters.invoker.InvokerFilterChain.doFilter(InvokerFilterChain.java:109)
	at com.liferay.portal.kernel.servlet.BaseFilter.processFilter(BaseFilter.java:169)
	at com.liferay.portal.sharepoint.SharepointFilter.processFilter(SharepointFilter.java:88)
	at com.liferay.portal.kernel.servlet.BaseFilter.doFilter(BaseFilter.java:59)
	at com.liferay.portal.kernel.servlet.filters.invoker.InvokerFilterChain.processDoFilter(InvokerFilterChain.java:204)
	at com.liferay.portal.kernel.servlet.filters.invoker.InvokerFilterChain.doFilter(InvokerFilterChain.java:109)
	at com.liferay.portal.kernel.servlet.BaseFilter.processFilter(BaseFilter.java:169)
	at com.liferay.portal.servlet.filters.virtualhost.VirtualHostFilter.processFilter(VirtualHostFilter.java:226)
	at com.liferay.portal.kernel.servlet.BaseFilter.doFilter(BaseFilter.java:59)
	at com.liferay.portal.kernel.servlet.filters.invoker.InvokerFilterChain.processDoFilter(InvokerFilterChain.java:204)
	at com.liferay.portal.kernel.servlet.filters.invoker.InvokerFilterChain.doFilter(InvokerFilterChain.java:109)
	at com.liferay.portal.kernel.servlet.filters.invoker.InvokerFilterChain.processDirectCallFilter(InvokerFilterChain.java:185)
	at com.liferay.portal.kernel.servlet.filters.invoker.InvokerFilterChain.doFilter(InvokerFilterChain.java:96)
	at org.tuckey.web.filters.urlrewrite.UrlRewriteFilter.doFilter(UrlRewriteFilter.java:738)
	at com.liferay.portal.servlet.filters.urlrewrite.UrlRewriteFilter.processFilter(UrlRewriteFilter.java:57)
	at com.liferay.portal.kernel.servlet.BaseFilter.doFilter(BaseFilter.java:59)
	at com.liferay.portal.kernel.servlet.filters.invoker.InvokerFilterChain.processDoFilter(InvokerFilterChain.java:204)
	at com.liferay.portal.kernel.servlet.filters.invoker.InvokerFilterChain.doFilter(InvokerFilterChain.java:109)
	at com.liferay.portal.kernel.servlet.filters.invoker.InvokerFilterChain.processDirectCallFilter(InvokerFilterChain.java:165)
	at com.liferay.portal.kernel.servlet.filters.invoker.InvokerFilterChain.doFilter(InvokerFilterChain.java:96)
	at com.liferay.portal.kernel.servlet.filters.invoker.InvokerFilterChain.processDirectCallFilter(InvokerFilterChain.java:165)
	at com.liferay.portal.kernel.servlet.filters.invoker.InvokerFilterChain.doFilter(InvokerFilterChain.java:96)
	at com.liferay.portal.kernel.servlet.filters.invoker.InvokerFilterChain.processDirectCallFilter(InvokerFilterChain.java:185)
	at com.liferay.portal.kernel.servlet.filters.invoker.InvokerFilterChain.doFilter(InvokerFilterChain.java:96)
	at com.liferay.portal.kernel.servlet.filters.invoker.InvokerFilter.doFilter(InvokerFilter.java:119)
	at org.apache.catalina.core.ApplicationFilterChain.internalDoFilter(ApplicationFilterChain.java:241)
	at org.apache.catalina.core.ApplicationFilterChain.doFilter(ApplicationFilterChain.java:208)
	at org.apache.catalina.core.StandardWrapperValve.invoke(StandardWrapperValve.java:220)
	at org.apache.catalina.core.StandardContextValve.invoke(StandardContextValve.java:122)
	at org.apache.catalina.authenticator.AuthenticatorBase.invoke(AuthenticatorBase.java:505)
	at org.apache.catalina.core.StandardHostValve.invoke(StandardHostValve.java:170)
	at org.apache.catalina.valves.ErrorReportValve.invoke(ErrorReportValve.java:103)
	at org.apache.catalina.valves.AccessLogValve.invoke(AccessLogValve.java:957)
	at org.apache.catalina.core.StandardEngineValve.invoke(StandardEngineValve.java:116)
	at org.apache.catalina.connector.CoyoteAdapter.service(CoyoteAdapter.java:423)
	at org.apache.coyote.http11.AbstractHttp11Processor.process(AbstractHttp11Processor.java:1079)
	at org.apache.coyote.AbstractProtocol$AbstractConnectionHandler.process(AbstractProtocol.java:620)
	at org.apache.tomcat.util.net.JIoEndpoint$SocketProcessor.run(JIoEndpoint.java:318)
	at java.util.concurrent.ThreadPoolExecutor.runWorker(ThreadPoolExecutor.java:1145)
	at java.util.concurrent.ThreadPoolExecutor$Worker.run(ThreadPoolExecutor.java:615)
	at org.apache.tomcat.util.threads.TaskThread$WrappingRunnable.run(TaskThread.java:61)
	at java.lang.Thread.run(Thread.java:745)
08:28:35,562 INFO  [XmlPortletApplicationContext:873] Closing PortletApplicationContext for namespace 'migration-portlet': startup date [Fri Sep 16 08:23:01 GMT 2016]; root of context hierarchy
08:28:39,254 INFO  [DispatcherPortlet:106] Initializing portlet 'migration'
08:28:39,319 INFO  [DispatcherPortlet:263] FrameworkPortlet 'migration': initialization started
08:28:39,339 INFO  [XmlPortletApplicationContext:513] Refreshing PortletApplicationContext for namespace 'migration-portlet': startup date [Fri Sep 16 08:28:39 GMT 2016]; root of context hierarchy
08:28:39,380 INFO  [XmlBeanDefinitionReader:316] Loading XML bean definitions from PortletContext resource [/WEB-INF/migration-portlet.xml]
08:28:39,463 INFO  [XmlBeanDefinitionReader:316] Loading XML bean definitions from PortletContext resource [/WEB-INF/common-portlet.xml]
08:28:39,873 INFO  [DispatcherPortlet:282] FrameworkPortlet 'migration': initialization completed in 553 ms
08:28:39,874 INFO  [DispatcherPortlet:127] Portlet 'migration' configured successfully
08:29:33,460 INFO  [migrationLog:721] Migration / Update of:197 Legacy Users successfull!!
08:30:08,195 INFO  [migrationLog:745] Migration / Update of:4693 Legacy Segments successfull!!
08:30:08,241 INFO  [migrationLog:750] Segements with UserId = 0 ==  2149
08:30:08,294 INFO  [migrationLog:754] legacySegments with UserId = 0 ==  2149
08:30:22,133 INFO  [migrationLog:799] Migration / Update of:190 Legacy producer successfull!!
08:30:26,454 WARN  [migrationLog:827] ConsistencyCheck: Legacy-Video has dead LectureseriesID in legacy system LectureseriesID will be set to 0 | video item with id104
08:30:26,465 WARN  [migrationLog:827] ConsistencyCheck: Legacy-Video has dead LectureseriesID in legacy system LectureseriesID will be set to 0 | video item with id105
08:30:26,476 WARN  [migrationLog:827] ConsistencyCheck: Legacy-Video has dead LectureseriesID in legacy system LectureseriesID will be set to 0 | video item with id106
08:30:26,484 WARN  [migrationLog:827] ConsistencyCheck: Legacy-Video has dead LectureseriesID in legacy system LectureseriesID will be set to 0 | video item with id107
08:30:26,494 WARN  [migrationLog:827] ConsistencyCheck: Legacy-Video has dead LectureseriesID in legacy system LectureseriesID will be set to 0 | video item with id108
08:30:26,503 WARN  [migrationLog:827] ConsistencyCheck: Legacy-Video has dead LectureseriesID in legacy system LectureseriesID will be set to 0 | video item with id109
08:30:26,513 WARN  [migrationLog:827] ConsistencyCheck: Legacy-Video has dead LectureseriesID in legacy system LectureseriesID will be set to 0 | video item with id110
08:30:26,523 WARN  [migrationLog:827] ConsistencyCheck: Legacy-Video has dead LectureseriesID in legacy system LectureseriesID will be set to 0 | video item with id111
08:30:26,538 WARN  [migrationLog:827] ConsistencyCheck: Legacy-Video has dead LectureseriesID in legacy system LectureseriesID will be set to 0 | video item with id112
08:30:26,547 WARN  [migrationLog:827] ConsistencyCheck: Legacy-Video has dead LectureseriesID in legacy system LectureseriesID will be set to 0 | video item with id113
08:30:26,557 WARN  [migrationLog:827] ConsistencyCheck: Legacy-Video has dead LectureseriesID in legacy system LectureseriesID will be set to 0 | video item with id114
08:30:26,572 WARN  [migrationLog:827] ConsistencyCheck: Legacy-Video has dead LectureseriesID in legacy system LectureseriesID will be set to 0 | video item with id120
08:30:26,582 WARN  [migrationLog:827] ConsistencyCheck: Legacy-Video has dead LectureseriesID in legacy system LectureseriesID will be set to 0 | video item with id121
08:30:26,592 WARN  [migrationLog:827] ConsistencyCheck: Legacy-Video has dead LectureseriesID in legacy system LectureseriesID will be set to 0 | video item with id122
08:30:26,601 WARN  [migrationLog:827] ConsistencyCheck: Legacy-Video has dead LectureseriesID in legacy system LectureseriesID will be set to 0 | video item with id123
08:33:04,740 INFO  [migrationLog:902] Migration / Update of:12 Legacy offices successfull!!
08:33:41,634 INFO  [migrationLog:927] Migration / Update of:8542 Legacy offices successfull!!
08:34:07,466 ERROR [DispatcherPortlet:561] Could not complete request
java.lang.RuntimeException: java.lang.ClassNotFoundException is not a valid exception
	at de.uhh.l2g.plugins.service.InstitutionLocalServiceClp.addInstitution(InstitutionLocalServiceClp.java:255)
	at de.uhh.l2g.plugins.service.InstitutionLocalServiceUtil.addInstitution(InstitutionLocalServiceUtil.java:52)
	at de.uhh.l2g.plugins.migration.controller.MigrationController.migrateInstitution(MigrationController.java:1732)
	at de.uhh.l2g.plugins.migration.controller.MigrationController.migrateInstitutions(MigrationController.java:946)
	at sun.reflect.NativeMethodAccessorImpl.invoke0(Native Method)
	at sun.reflect.NativeMethodAccessorImpl.invoke(NativeMethodAccessorImpl.java:57)
	at sun.reflect.DelegatingMethodAccessorImpl.invoke(DelegatingMethodAccessorImpl.java:43)
	at java.lang.reflect.Method.invoke(Method.java:606)
	at org.springframework.web.bind.annotation.support.HandlerMethodInvoker.invokeHandlerMethod(HandlerMethodInvoker.java:175)
	at org.springframework.web.portlet.mvc.annotation.AnnotationMethodHandlerAdapter.invokeHandlerMethod(AnnotationMethodHandlerAdapter.java:369)
	at org.springframework.web.portlet.mvc.annotation.AnnotationMethodHandlerAdapter.doHandle(AnnotationMethodHandlerAdapter.java:356)
	at org.springframework.web.portlet.mvc.annotation.AnnotationMethodHandlerAdapter.handleAction(AnnotationMethodHandlerAdapter.java:287)
	at org.springframework.web.portlet.DispatcherPortlet.doActionService(DispatcherPortlet.java:670)
	at org.springframework.web.portlet.FrameworkPortlet.processRequest(FrameworkPortlet.java:521)
	at org.springframework.web.portlet.FrameworkPortlet.processAction(FrameworkPortlet.java:462)
	at com.liferay.portlet.FilterChainImpl.doFilter(FilterChainImpl.java:71)
	at com.liferay.portal.kernel.portlet.PortletFilterUtil.doFilter(PortletFilterUtil.java:48)
	at com.liferay.portal.kernel.servlet.PortletServlet.service(PortletServlet.java:112)
	at javax.servlet.http.HttpServlet.service(HttpServlet.java:731)
	at org.apache.catalina.core.ApplicationFilterChain.internalDoFilter(ApplicationFilterChain.java:303)
	at org.apache.catalina.core.ApplicationFilterChain.doFilter(ApplicationFilterChain.java:208)
	at com.liferay.portal.kernel.servlet.filters.invoker.InvokerFilterChain.doFilter(InvokerFilterChain.java:116)
	at com.liferay.portal.kernel.servlet.filters.invoker.InvokerFilter.doFilter(InvokerFilter.java:119)
	at org.apache.catalina.core.ApplicationFilterChain.internalDoFilter(ApplicationFilterChain.java:241)
	at org.apache.catalina.core.ApplicationFilterChain.doFilter(ApplicationFilterChain.java:208)
	at org.apache.catalina.core.ApplicationDispatcher.invoke(ApplicationDispatcher.java:748)
	at org.apache.catalina.core.ApplicationDispatcher.doInclude(ApplicationDispatcher.java:604)
	at org.apache.catalina.core.ApplicationDispatcher.include(ApplicationDispatcher.java:543)
	at com.liferay.portlet.InvokerPortletImpl.invoke(InvokerPortletImpl.java:583)
	at com.liferay.portlet.InvokerPortletImpl.invokeAction(InvokerPortletImpl.java:628)
	at com.liferay.portlet.InvokerPortletImpl.processAction(InvokerPortletImpl.java:308)
	at com.liferay.portlet.PortletContainerImpl._doProcessAction(PortletContainerImpl.java:389)
	at com.liferay.portlet.PortletContainerImpl.processAction(PortletContainerImpl.java:107)
	at com.liferay.portlet.SecurityPortletContainerWrapper.processAction(SecurityPortletContainerWrapper.java:109)
	at com.liferay.portlet.RestrictPortletContainerWrapper.processAction(RestrictPortletContainerWrapper.java:75)
	at com.liferay.portal.kernel.portlet.PortletContainerUtil.processAction(PortletContainerUtil.java:115)
	at com.liferay.portal.action.LayoutAction.processLayout(LayoutAction.java:386)
	at com.liferay.portal.action.LayoutAction.doExecute(LayoutAction.java:200)
	at com.liferay.portal.action.LayoutAction.execute(LayoutAction.java:95)
	at org.apache.struts.action.RequestProcessor.processActionPerform(RequestProcessor.java:431)
	at org.apache.struts.action.RequestProcessor.process(RequestProcessor.java:236)
	at com.liferay.portal.struts.PortalRequestProcessor.process(PortalRequestProcessor.java:168)
	at org.apache.struts.action.ActionServlet.process(ActionServlet.java:1196)
	at org.apache.struts.action.ActionServlet.doGet(ActionServlet.java:414)
	at javax.servlet.http.HttpServlet.service(HttpServlet.java:624)
	at com.liferay.portal.servlet.MainServlet.callParentService(MainServlet.java:557)
	at com.liferay.portal.servlet.MainServlet.service(MainServlet.java:534)
	at javax.servlet.http.HttpServlet.service(HttpServlet.java:731)
	at org.apache.catalina.core.ApplicationFilterChain.internalDoFilter(ApplicationFilterChain.java:303)
	at org.apache.catalina.core.ApplicationFilterChain.doFilter(ApplicationFilterChain.java:208)
	at org.apache.tomcat.websocket.server.WsFilter.doFilter(WsFilter.java:52)
	at org.apache.catalina.core.ApplicationFilterChain.internalDoFilter(ApplicationFilterChain.java:241)
	at org.apache.catalina.core.ApplicationFilterChain.doFilter(ApplicationFilterChain.java:208)
	at com.liferay.portal.kernel.servlet.filters.invoker.InvokerFilterChain.doFilter(InvokerFilterChain.java:116)
	at com.liferay.portal.kernel.servlet.BaseFilter.processFilter(BaseFilter.java:169)
	at com.liferay.portal.servlet.filters.uploadservletrequest.UploadServletRequestFilter.processFilter(UploadServletRequestFilter.java:93)
	at com.liferay.portal.kernel.servlet.BaseFilter.doFilter(BaseFilter.java:59)
	at com.liferay.portal.kernel.servlet.filters.invoker.InvokerFilterChain.processDoFilter(InvokerFilterChain.java:204)
	at com.liferay.portal.kernel.servlet.filters.invoker.InvokerFilterChain.doFilter(InvokerFilterChain.java:109)
	at com.liferay.portal.kernel.servlet.BaseFilter.processFilter(BaseFilter.java:169)
	at com.liferay.portal.servlet.filters.secure.SecureFilter.processFilter(SecureFilter.java:308)
	at com.liferay.portal.kernel.servlet.BaseFilter.doFilter(BaseFilter.java:59)
	at com.liferay.portal.kernel.servlet.filters.invoker.InvokerFilterChain.processDoFilter(InvokerFilterChain.java:204)
	at com.liferay.portal.kernel.servlet.filters.invoker.InvokerFilterChain.doFilter(InvokerFilterChain.java:109)
	at com.liferay.portal.kernel.servlet.BaseFilter.processFilter(BaseFilter.java:169)
	at com.liferay.portal.servlet.filters.jsoncontenttype.JSONContentTypeFilter.processFilter(JSONContentTypeFilter.java:42)
	at com.liferay.portal.kernel.servlet.BaseFilter.doFilter(BaseFilter.java:59)
	at com.liferay.portal.kernel.servlet.filters.invoker.InvokerFilterChain.processDoFilter(InvokerFilterChain.java:204)
	at com.liferay.portal.kernel.servlet.filters.invoker.InvokerFilterChain.doFilter(InvokerFilterChain.java:109)
	at com.liferay.portal.kernel.servlet.filters.invoker.InvokerFilter.doFilter(InvokerFilter.java:119)
	at org.apache.catalina.core.ApplicationFilterChain.internalDoFilter(ApplicationFilterChain.java:241)
	at org.apache.catalina.core.ApplicationFilterChain.doFilter(ApplicationFilterChain.java:208)
	at org.apache.catalina.core.ApplicationDispatcher.invoke(ApplicationDispatcher.java:748)
	at org.apache.catalina.core.ApplicationDispatcher.processRequest(ApplicationDispatcher.java:486)
	at org.apache.catalina.core.ApplicationDispatcher.doForward(ApplicationDispatcher.java:411)
	at org.apache.catalina.core.ApplicationDispatcher.forward(ApplicationDispatcher.java:338)
	at com.liferay.portal.servlet.FriendlyURLServlet.service(FriendlyURLServlet.java:161)
	at javax.servlet.http.HttpServlet.service(HttpServlet.java:731)
	at org.apache.catalina.core.ApplicationFilterChain.internalDoFilter(ApplicationFilterChain.java:303)
	at org.apache.catalina.core.ApplicationFilterChain.doFilter(ApplicationFilterChain.java:208)
	at org.apache.tomcat.websocket.server.WsFilter.doFilter(WsFilter.java:52)
	at org.apache.catalina.core.ApplicationFilterChain.internalDoFilter(ApplicationFilterChain.java:241)
	at org.apache.catalina.core.ApplicationFilterChain.doFilter(ApplicationFilterChain.java:208)
	at com.liferay.portal.kernel.servlet.filters.invoker.InvokerFilterChain.doFilter(InvokerFilterChain.java:116)
	at com.liferay.portal.kernel.servlet.BaseFilter.processFilter(BaseFilter.java:169)
	at com.liferay.portal.servlet.filters.uploadservletrequest.UploadServletRequestFilter.processFilter(UploadServletRequestFilter.java:93)
	at com.liferay.portal.kernel.servlet.BaseFilter.doFilter(BaseFilter.java:59)
	at com.liferay.portal.kernel.servlet.filters.invoker.InvokerFilterChain.processDoFilter(InvokerFilterChain.java:204)
	at com.liferay.portal.kernel.servlet.filters.invoker.InvokerFilterChain.doFilter(InvokerFilterChain.java:109)
	at com.liferay.portal.kernel.servlet.BaseFilter.processFilter(BaseFilter.java:169)
	at com.liferay.portal.servlet.filters.strip.StripFilter.processFilter(StripFilter.java:361)
	at com.liferay.portal.kernel.servlet.BaseFilter.doFilter(BaseFilter.java:59)
	at com.liferay.portal.kernel.servlet.filters.invoker.InvokerFilterChain.processDoFilter(InvokerFilterChain.java:204)
	at com.liferay.portal.kernel.servlet.filters.invoker.InvokerFilterChain.doFilter(InvokerFilterChain.java:109)
	at com.liferay.portal.kernel.servlet.BaseFilter.processFilter(BaseFilter.java:169)
	at com.liferay.portal.servlet.filters.gzip.GZipFilter.processFilter(GZipFilter.java:123)
	at com.liferay.portal.kernel.servlet.BaseFilter.doFilter(BaseFilter.java:59)
	at com.liferay.portal.kernel.servlet.filters.invoker.InvokerFilterChain.processDoFilter(InvokerFilterChain.java:204)
	at com.liferay.portal.kernel.servlet.filters.invoker.InvokerFilterChain.doFilter(InvokerFilterChain.java:109)
	at com.liferay.portal.kernel.servlet.BaseFilter.processFilter(BaseFilter.java:169)
	at com.liferay.portal.servlet.filters.secure.SecureFilter.processFilter(SecureFilter.java:308)
	at com.liferay.portal.kernel.servlet.BaseFilter.doFilter(BaseFilter.java:59)
	at com.liferay.portal.kernel.servlet.filters.invoker.InvokerFilterChain.processDoFilter(InvokerFilterChain.java:204)
	at com.liferay.portal.kernel.servlet.filters.invoker.InvokerFilterChain.doFilter(InvokerFilterChain.java:109)
	at com.liferay.portal.kernel.servlet.BaseFilter.processFilter(BaseFilter.java:169)
	at com.liferay.portal.servlet.filters.i18n.I18nFilter.processFilter(I18nFilter.java:254)
	at com.liferay.portal.kernel.servlet.BaseFilter.doFilter(BaseFilter.java:59)
	at com.liferay.portal.kernel.servlet.filters.invoker.InvokerFilterChain.processDoFilter(InvokerFilterChain.java:204)
	at com.liferay.portal.kernel.servlet.filters.invoker.InvokerFilterChain.doFilter(InvokerFilterChain.java:109)
	at com.liferay.portal.kernel.servlet.BaseFilter.processFilter(BaseFilter.java:169)
	at com.liferay.portal.servlet.filters.jsoncontenttype.JSONContentTypeFilter.processFilter(JSONContentTypeFilter.java:42)
	at com.liferay.portal.kernel.servlet.BaseFilter.doFilter(BaseFilter.java:59)
	at com.liferay.portal.kernel.servlet.filters.invoker.InvokerFilterChain.processDoFilter(InvokerFilterChain.java:204)
	at com.liferay.portal.kernel.servlet.filters.invoker.InvokerFilterChain.doFilter(InvokerFilterChain.java:109)
	at com.liferay.portal.kernel.servlet.BaseFilter.processFilter(BaseFilter.java:169)
	at com.liferay.portal.servlet.filters.autologin.AutoLoginFilter.processFilter(AutoLoginFilter.java:268)
	at com.liferay.portal.kernel.servlet.BaseFilter.doFilter(BaseFilter.java:59)
	at com.liferay.portal.kernel.servlet.filters.invoker.InvokerFilterChain.processDoFilter(InvokerFilterChain.java:204)
	at com.liferay.portal.kernel.servlet.filters.invoker.InvokerFilterChain.doFilter(InvokerFilterChain.java:109)
	at com.liferay.portal.kernel.servlet.BaseFilter.processFilter(BaseFilter.java:169)
	at com.liferay.portal.servlet.filters.sso.ntlm.NtlmPostFilter.processFilter(NtlmPostFilter.java:83)
	at com.liferay.portal.kernel.servlet.BaseFilter.doFilter(BaseFilter.java:59)
	at com.liferay.portal.kernel.servlet.filters.invoker.InvokerFilterChain.processDoFilter(InvokerFilterChain.java:204)
	at com.liferay.portal.kernel.servlet.filters.invoker.InvokerFilterChain.doFilter(InvokerFilterChain.java:109)
	at com.liferay.portal.kernel.servlet.BaseFilter.processFilter(BaseFilter.java:169)
	at com.liferay.portal.sharepoint.SharepointFilter.processFilter(SharepointFilter.java:88)
	at com.liferay.portal.kernel.servlet.BaseFilter.doFilter(BaseFilter.java:59)
	at com.liferay.portal.kernel.servlet.filters.invoker.InvokerFilterChain.processDoFilter(InvokerFilterChain.java:204)
	at com.liferay.portal.kernel.servlet.filters.invoker.InvokerFilterChain.doFilter(InvokerFilterChain.java:109)
	at com.liferay.portal.kernel.servlet.BaseFilter.processFilter(BaseFilter.java:169)
	at com.liferay.portal.servlet.filters.virtualhost.VirtualHostFilter.processFilter(VirtualHostFilter.java:226)
	at com.liferay.portal.kernel.servlet.BaseFilter.doFilter(BaseFilter.java:59)
	at com.liferay.portal.kernel.servlet.filters.invoker.InvokerFilterChain.processDoFilter(InvokerFilterChain.java:204)
	at com.liferay.portal.kernel.servlet.filters.invoker.InvokerFilterChain.doFilter(InvokerFilterChain.java:109)
	at com.liferay.portal.kernel.servlet.filters.invoker.InvokerFilterChain.processDirectCallFilter(InvokerFilterChain.java:185)
	at com.liferay.portal.kernel.servlet.filters.invoker.InvokerFilterChain.doFilter(InvokerFilterChain.java:96)
	at org.tuckey.web.filters.urlrewrite.UrlRewriteFilter.doFilter(UrlRewriteFilter.java:738)
	at com.liferay.portal.servlet.filters.urlrewrite.UrlRewriteFilter.processFilter(UrlRewriteFilter.java:57)
	at com.liferay.portal.kernel.servlet.BaseFilter.doFilter(BaseFilter.java:59)
	at com.liferay.portal.kernel.servlet.filters.invoker.InvokerFilterChain.processDoFilter(InvokerFilterChain.java:204)
	at com.liferay.portal.kernel.servlet.filters.invoker.InvokerFilterChain.doFilter(InvokerFilterChain.java:109)
	at com.liferay.portal.kernel.servlet.filters.invoker.InvokerFilterChain.processDirectCallFilter(InvokerFilterChain.java:165)
	at com.liferay.portal.kernel.servlet.filters.invoker.InvokerFilterChain.doFilter(InvokerFilterChain.java:96)
	at com.liferay.portal.kernel.servlet.filters.invoker.InvokerFilterChain.processDirectCallFilter(InvokerFilterChain.java:165)
	at com.liferay.portal.kernel.servlet.filters.invoker.InvokerFilterChain.doFilter(InvokerFilterChain.java:96)
	at com.liferay.portal.kernel.servlet.filters.invoker.InvokerFilterChain.processDirectCallFilter(InvokerFilterChain.java:185)
	at com.liferay.portal.kernel.servlet.filters.invoker.InvokerFilterChain.doFilter(InvokerFilterChain.java:96)
	at com.liferay.portal.kernel.servlet.filters.invoker.InvokerFilter.doFilter(InvokerFilter.java:119)
	at org.apache.catalina.core.ApplicationFilterChain.internalDoFilter(ApplicationFilterChain.java:241)
	at org.apache.catalina.core.ApplicationFilterChain.doFilter(ApplicationFilterChain.java:208)
	at org.apache.catalina.core.StandardWrapperValve.invoke(StandardWrapperValve.java:220)
	at org.apache.catalina.core.StandardContextValve.invoke(StandardContextValve.java:122)
	at org.apache.catalina.authenticator.AuthenticatorBase.invoke(AuthenticatorBase.java:505)
	at org.apache.catalina.core.StandardHostValve.invoke(StandardHostValve.java:170)
	at org.apache.catalina.valves.ErrorReportValve.invoke(ErrorReportValve.java:103)
	at org.apache.catalina.valves.AccessLogValve.invoke(AccessLogValve.java:957)
	at org.apache.catalina.core.StandardEngineValve.invoke(StandardEngineValve.java:116)
	at org.apache.catalina.connector.CoyoteAdapter.service(CoyoteAdapter.java:423)
	at org.apache.coyote.http11.AbstractHttp11Processor.process(AbstractHttp11Processor.java:1079)
	at org.apache.coyote.AbstractProtocol$AbstractConnectionHandler.process(AbstractProtocol.java:620)
	at org.apache.tomcat.util.net.JIoEndpoint$SocketProcessor.run(JIoEndpoint.java:318)
	at java.util.concurrent.ThreadPoolExecutor.runWorker(ThreadPoolExecutor.java:1145)
	at java.util.concurrent.ThreadPoolExecutor$Worker.run(ThreadPoolExecutor.java:615)
	at org.apache.tomcat.util.threads.TaskThread$WrappingRunnable.run(TaskThread.java:61)
	at java.lang.Thread.run(Thread.java:745)
09:10:43,703 INFO  [migrationLog:972] Migration / Update of:8496 Legacy legacyLicenses successfull!!
09:10:59,795 INFO  [migrationLog:995] Migration / Update of:11 Legacy legacyHosts successfull!!
09:11:04,499 INFO  [migrationLog:1019] Migration / Update of:1 Legacy legacyL2gSyss successfull!!
09:11:31,639 INFO  [migrationLog:1041] Migration / Update of:958 Legacy legacyLectureserieses successfull!!
09:11:55,109 INFO  [migrationLog:1063] Migration / Update of:4392 Legacy legacyVideohitlists successfull!!
09:11:58,855 INFO  [migrationLog:1085] Migration / Update of:30 Legacy legacyLastvideolists successfull!!
09:12:10,168 INFO  [migrationLog:1145] Migration / Update of:1005 Legacy lectureseriesFacilities successfull!!
09:12:25,051 INFO  [migrationLog:1194] Migration / Update of:1836 Legacy producerLectureserieses successfull!!
09:13:05,140 INFO  [migrationLog:1171] Migration / Update of:8955 Legacy videoFacilities successfull!!
09:13:12,595 INFO  [migrationLog:1219] Migration / Update of:18 Legacy facilityHosts successfull!!
09:13:59,256 WARN  [migrationLog:1251] ConsistencyCheck Video: CAN NOT LINK TERM ID ! Due to Lectureseries ID == 0 found at video 123
09:13:59,257 WARN  [migrationLog:1253] Video Entry Skipped for mapping into Video_Lectureseries Table
09:13:59,258 WARN  [migrationLog:1251] ConsistencyCheck Video: CAN NOT LINK TERM ID ! Due to Lectureseries ID == 0 found at video 122
09:13:59,259 WARN  [migrationLog:1253] Video Entry Skipped for mapping into Video_Lectureseries Table
09:13:59,260 WARN  [migrationLog:1251] ConsistencyCheck Video: CAN NOT LINK TERM ID ! Due to Lectureseries ID == 0 found at video 121
09:13:59,260 WARN  [migrationLog:1253] Video Entry Skipped for mapping into Video_Lectureseries Table
09:13:59,261 WARN  [migrationLog:1251] ConsistencyCheck Video: CAN NOT LINK TERM ID ! Due to Lectureseries ID == 0 found at video 120
09:13:59,263 WARN  [migrationLog:1253] Video Entry Skipped for mapping into Video_Lectureseries Table
09:13:59,263 WARN  [migrationLog:1251] ConsistencyCheck Video: CAN NOT LINK TERM ID ! Due to Lectureseries ID == 0 found at video 114
09:13:59,265 WARN  [migrationLog:1253] Video Entry Skipped for mapping into Video_Lectureseries Table
09:13:59,266 WARN  [migrationLog:1251] ConsistencyCheck Video: CAN NOT LINK TERM ID ! Due to Lectureseries ID == 0 found at video 113
09:13:59,267 WARN  [migrationLog:1253] Video Entry Skipped for mapping into Video_Lectureseries Table
09:13:59,269 WARN  [migrationLog:1251] ConsistencyCheck Video: CAN NOT LINK TERM ID ! Due to Lectureseries ID == 0 found at video 112
09:13:59,270 WARN  [migrationLog:1253] Video Entry Skipped for mapping into Video_Lectureseries Table
09:13:59,271 WARN  [migrationLog:1251] ConsistencyCheck Video: CAN NOT LINK TERM ID ! Due to Lectureseries ID == 0 found at video 111
09:13:59,272 WARN  [migrationLog:1253] Video Entry Skipped for mapping into Video_Lectureseries Table
09:13:59,274 WARN  [migrationLog:1251] ConsistencyCheck Video: CAN NOT LINK TERM ID ! Due to Lectureseries ID == 0 found at video 110
09:13:59,275 WARN  [migrationLog:1253] Video Entry Skipped for mapping into Video_Lectureseries Table
09:13:59,276 WARN  [migrationLog:1251] ConsistencyCheck Video: CAN NOT LINK TERM ID ! Due to Lectureseries ID == 0 found at video 109
09:13:59,277 WARN  [migrationLog:1253] Video Entry Skipped for mapping into Video_Lectureseries Table
09:13:59,277 WARN  [migrationLog:1251] ConsistencyCheck Video: CAN NOT LINK TERM ID ! Due to Lectureseries ID == 0 found at video 108
09:13:59,278 WARN  [migrationLog:1253] Video Entry Skipped for mapping into Video_Lectureseries Table
09:13:59,278 WARN  [migrationLog:1251] ConsistencyCheck Video: CAN NOT LINK TERM ID ! Due to Lectureseries ID == 0 found at video 107
09:13:59,279 WARN  [migrationLog:1253] Video Entry Skipped for mapping into Video_Lectureseries Table
09:13:59,280 WARN  [migrationLog:1251] ConsistencyCheck Video: CAN NOT LINK TERM ID ! Due to Lectureseries ID == 0 found at video 106
09:13:59,281 WARN  [migrationLog:1253] Video Entry Skipped for mapping into Video_Lectureseries Table
09:13:59,282 WARN  [migrationLog:1251] ConsistencyCheck Video: CAN NOT LINK TERM ID ! Due to Lectureseries ID == 0 found at video 105
09:13:59,284 WARN  [migrationLog:1253] Video Entry Skipped for mapping into Video_Lectureseries Table
09:13:59,285 WARN  [migrationLog:1251] ConsistencyCheck Video: CAN NOT LINK TERM ID ! Due to Lectureseries ID == 0 found at video 104
09:13:59,286 WARN  [migrationLog:1253] Video Entry Skipped for mapping into Video_Lectureseries Table
09:14:00,110 INFO  [migrationLog:1257] Update of:8490Videos sucessfull - updated!
09:14:41,820 INFO  [migrationLog:1281] Update of:8475video_Lectureserieses sucessfull - updated!
09:14:52,182 INFO  [migrationLog:1444] Following Person/Creator needs to be revised manually: Dr. Catherine Wihtol De Wenden lenght:5
09:14:55,269 INFO  [migrationLog:1444] Following Person/Creator needs to be revised manually: Dr. rer. pol. Klaus Tpfer lenght:5
09:15:00,825 INFO  [migrationLog:1444] Following Person/Creator needs to be revised manually: Dr. Markus von der Heyde lenght:5
09:15:14,922 INFO  [migrationLog:1444] Following Person/Creator needs to be revised manually: Dr. Markus von der Heyde lenght:5
09:15:16,375 INFO  [migrationLog:1444] Following Person/Creator needs to be revised manually: Dr. Ivo van den Berk lenght:5
09:15:27,072 INFO  [migrationLog:1444] Following Person/Creator needs to be revised manually: Dr. Markus von der Heyde lenght:5
09:15:36,918 INFO  [migrationLog:1444] Following Person/Creator needs to be revised manually: Dr. Markus von der Heyde lenght:5
09:15:43,509 INFO  [migrationLog:1444] Following Person/Creator needs to be revised manually: Dr. Wilko Graf von Hardenberg lenght:5
09:15:46,651 INFO  [migrationLog:1444] Following Person/Creator needs to be revised manually: Prof. Hugo van der Hart lenght:5
09:15:48,195 INFO  [migrationLog:1444] Following Person/Creator needs to be revised manually: Mara del Carmen Acebo Gonzlez lenght:5
09:15:48,207 INFO  [migrationLog:1444] Following Person/Creator needs to be revised manually: Mara del Carmen Acebo Gonzlez lenght:5
09:15:50,256 INFO  [migrationLog:1444] Following Person/Creator needs to be revised manually: Dr. Markus von der Heyde lenght:5
09:15:54,109 INFO  [migrationLog:1444] Following Person/Creator needs to be revised manually: Dr. Markus von der Heyde lenght:5
09:16:08,807 INFO  [migrationLog:1444] Following Person/Creator needs to be revised manually: Dr. Markus von der Heyde lenght:5
09:16:23,073 INFO  [migrationLog:1444] Following Person/Creator needs to be revised manually: Dr. Markus von der Heyde lenght:5
09:16:27,882 INFO  [migrationLog:1304] Update of:8490 creators found in Videos  sucessfull -  created / Updated!
09:16:50,496 INFO  [migrationLog:879] Migration / Update of:1250 Legacy statistic successfull!!
13:08:04,899 INFO  [XmlPortletApplicationContext:873] Closing PortletApplicationContext for namespace 'migration-portlet': startup date [Fri Sep 16 08:28:39 GMT 2016]; root of context hierarchy
