08:19:14,679 INFO  [XmlPortletApplicationContext:873] Closing PortletApplicationContext for namespace 'migration-portlet': startup date [Mon Dec 05 14:47:45 GMT 2016]; root of context hierarchy
08:37:20,318 INFO  [DispatcherPortlet:106] Initializing portlet 'migration'
08:37:20,520 INFO  [DispatcherPortlet:263] FrameworkPortlet 'migration': initialization started
08:37:20,588 INFO  [XmlPortletApplicationContext:513] Refreshing PortletApplicationContext for namespace 'migration-portlet': startup date [Tue Dec 06 08:37:20 GMT 2016]; root of context hierarchy
08:37:20,891 INFO  [XmlBeanDefinitionReader:316] Loading XML bean definitions from PortletContext resource [/WEB-INF/migration-portlet.xml]
08:37:21,081 INFO  [XmlBeanDefinitionReader:316] Loading XML bean definitions from PortletContext resource [/WEB-INF/common-portlet.xml]
08:37:24,080 INFO  [DispatcherPortlet:282] FrameworkPortlet 'migration': initialization completed in 3560 ms
08:37:24,081 INFO  [DispatcherPortlet:127] Portlet 'migration' configured successfully
09:13:37,831 INFO  [DispatcherPortlet:106] Initializing portlet 'migration'
09:13:38,257 INFO  [DispatcherPortlet:263] FrameworkPortlet 'migration': initialization started
09:13:38,816 INFO  [XmlPortletApplicationContext:513] Refreshing PortletApplicationContext for namespace 'migration-portlet': startup date [Tue Dec 06 09:13:38 GMT 2016]; root of context hierarchy
09:13:39,754 INFO  [XmlBeanDefinitionReader:316] Loading XML bean definitions from PortletContext resource [/WEB-INF/migration-portlet.xml]
09:13:39,889 INFO  [XmlBeanDefinitionReader:316] Loading XML bean definitions from PortletContext resource [/WEB-INF/common-portlet.xml]
09:13:41,210 INFO  [DispatcherPortlet:282] FrameworkPortlet 'migration': initialization completed in 2944 ms
09:13:41,211 INFO  [DispatcherPortlet:127] Portlet 'migration' configured successfully
09:33:46,681 INFO  [DispatcherPortlet:106] Initializing portlet 'migration'
09:33:46,926 INFO  [DispatcherPortlet:263] FrameworkPortlet 'migration': initialization started
09:33:47,036 INFO  [XmlPortletApplicationContext:513] Refreshing PortletApplicationContext for namespace 'migration-portlet': startup date [Tue Dec 06 09:33:47 GMT 2016]; root of context hierarchy
09:33:47,452 INFO  [XmlBeanDefinitionReader:316] Loading XML bean definitions from PortletContext resource [/WEB-INF/migration-portlet.xml]
09:33:47,588 INFO  [XmlBeanDefinitionReader:316] Loading XML bean definitions from PortletContext resource [/WEB-INF/common-portlet.xml]
09:33:49,522 INFO  [DispatcherPortlet:282] FrameworkPortlet 'migration': initialization completed in 2595 ms
09:33:49,523 INFO  [DispatcherPortlet:127] Portlet 'migration' configured successfully
09:47:05,734 INFO  [DispatcherPortlet:106] Initializing portlet 'migration'
09:47:05,834 INFO  [DispatcherPortlet:263] FrameworkPortlet 'migration': initialization started
09:47:05,882 INFO  [XmlPortletApplicationContext:513] Refreshing PortletApplicationContext for namespace 'migration-portlet': startup date [Tue Dec 06 09:47:05 GMT 2016]; root of context hierarchy
09:47:06,118 INFO  [XmlBeanDefinitionReader:316] Loading XML bean definitions from PortletContext resource [/WEB-INF/migration-portlet.xml]
09:47:06,212 INFO  [XmlBeanDefinitionReader:316] Loading XML bean definitions from PortletContext resource [/WEB-INF/common-portlet.xml]
09:47:06,870 INFO  [DispatcherPortlet:282] FrameworkPortlet 'migration': initialization completed in 1036 ms
09:47:06,871 INFO  [DispatcherPortlet:127] Portlet 'migration' configured successfully
12:55:26,293 INFO  [XmlPortletApplicationContext:873] Closing PortletApplicationContext for namespace 'migration-portlet': startup date [Tue Dec 06 09:47:05 GMT 2016]; root of context hierarchy
12:59:37,955 INFO  [DispatcherPortlet:106] Initializing portlet 'migration'
12:59:38,070 INFO  [DispatcherPortlet:263] FrameworkPortlet 'migration': initialization started
12:59:38,117 INFO  [XmlPortletApplicationContext:513] Refreshing PortletApplicationContext for namespace 'migration-portlet': startup date [Tue Dec 06 12:59:38 GMT 2016]; root of context hierarchy
12:59:38,344 INFO  [XmlBeanDefinitionReader:316] Loading XML bean definitions from PortletContext resource [/WEB-INF/migration-portlet.xml]
12:59:38,467 INFO  [XmlBeanDefinitionReader:316] Loading XML bean definitions from PortletContext resource [/WEB-INF/common-portlet.xml]
12:59:39,260 INFO  [DispatcherPortlet:282] FrameworkPortlet 'migration': initialization completed in 1190 ms
12:59:39,261 INFO  [DispatcherPortlet:127] Portlet 'migration' configured successfully
13:10:54,357 INFO  [XmlPortletApplicationContext:873] Closing PortletApplicationContext for namespace 'migration-portlet': startup date [Tue Dec 06 12:59:38 GMT 2016]; root of context hierarchy
13:15:57,845 INFO  [DispatcherPortlet:106] Initializing portlet 'migration'
13:15:58,032 INFO  [DispatcherPortlet:263] FrameworkPortlet 'migration': initialization started
13:15:58,108 INFO  [XmlPortletApplicationContext:513] Refreshing PortletApplicationContext for namespace 'migration-portlet': startup date [Tue Dec 06 13:15:58 GMT 2016]; root of context hierarchy
13:15:58,384 INFO  [XmlBeanDefinitionReader:316] Loading XML bean definitions from PortletContext resource [/WEB-INF/migration-portlet.xml]
13:15:58,579 INFO  [XmlBeanDefinitionReader:316] Loading XML bean definitions from PortletContext resource [/WEB-INF/common-portlet.xml]
13:15:59,537 INFO  [DispatcherPortlet:282] FrameworkPortlet 'migration': initialization completed in 1505 ms
13:15:59,538 INFO  [DispatcherPortlet:127] Portlet 'migration' configured successfully
13:25:32,137 INFO  [XmlPortletApplicationContext:873] Closing PortletApplicationContext for namespace 'migration-portlet': startup date [Tue Dec 06 13:15:58 GMT 2016]; root of context hierarchy
13:34:43,084 INFO  [DispatcherPortlet:106] Initializing portlet 'migration'
13:34:43,186 INFO  [DispatcherPortlet:263] FrameworkPortlet 'migration': initialization started
13:34:43,234 INFO  [XmlPortletApplicationContext:513] Refreshing PortletApplicationContext for namespace 'migration-portlet': startup date [Tue Dec 06 13:34:43 GMT 2016]; root of context hierarchy
13:34:43,445 INFO  [XmlBeanDefinitionReader:316] Loading XML bean definitions from PortletContext resource [/WEB-INF/migration-portlet.xml]
13:34:43,563 INFO  [XmlBeanDefinitionReader:316] Loading XML bean definitions from PortletContext resource [/WEB-INF/common-portlet.xml]
13:34:44,425 INFO  [DispatcherPortlet:282] FrameworkPortlet 'migration': initialization completed in 1239 ms
13:34:44,426 INFO  [DispatcherPortlet:127] Portlet 'migration' configured successfully
13:40:34,194 INFO  [XmlPortletApplicationContext:873] Closing PortletApplicationContext for namespace 'migration-portlet': startup date [Tue Dec 06 13:34:43 GMT 2016]; root of context hierarchy
13:49:23,090 INFO  [DispatcherPortlet:106] Initializing portlet 'migration'
13:49:23,182 INFO  [DispatcherPortlet:263] FrameworkPortlet 'migration': initialization started
13:49:23,226 INFO  [XmlPortletApplicationContext:513] Refreshing PortletApplicationContext for namespace 'migration-portlet': startup date [Tue Dec 06 13:49:23 GMT 2016]; root of context hierarchy
13:49:23,439 INFO  [XmlBeanDefinitionReader:316] Loading XML bean definitions from PortletContext resource [/WEB-INF/migration-portlet.xml]
13:49:23,563 INFO  [XmlBeanDefinitionReader:316] Loading XML bean definitions from PortletContext resource [/WEB-INF/common-portlet.xml]
13:49:24,341 INFO  [DispatcherPortlet:282] FrameworkPortlet 'migration': initialization completed in 1159 ms
13:49:24,342 INFO  [DispatcherPortlet:127] Portlet 'migration' configured successfully
13:55:46,266 INFO  [XmlPortletApplicationContext:873] Closing PortletApplicationContext for namespace 'migration-portlet': startup date [Tue Dec 06 13:49:23 GMT 2016]; root of context hierarchy
14:02:17,013 INFO  [DispatcherPortlet:106] Initializing portlet 'migration'
14:02:17,127 INFO  [DispatcherPortlet:263] FrameworkPortlet 'migration': initialization started
14:02:17,174 INFO  [XmlPortletApplicationContext:513] Refreshing PortletApplicationContext for namespace 'migration-portlet': startup date [Tue Dec 06 14:02:17 GMT 2016]; root of context hierarchy
14:02:17,401 INFO  [XmlBeanDefinitionReader:316] Loading XML bean definitions from PortletContext resource [/WEB-INF/migration-portlet.xml]
14:02:17,527 INFO  [XmlBeanDefinitionReader:316] Loading XML bean definitions from PortletContext resource [/WEB-INF/common-portlet.xml]
14:02:18,187 INFO  [DispatcherPortlet:282] FrameworkPortlet 'migration': initialization completed in 1059 ms
14:02:18,188 INFO  [DispatcherPortlet:127] Portlet 'migration' configured successfully
14:22:29,033 INFO  [XmlPortletApplicationContext:873] Closing PortletApplicationContext for namespace 'migration-portlet': startup date [Tue Dec 06 14:02:17 GMT 2016]; root of context hierarchy
14:33:14,401 INFO  [DispatcherPortlet:106] Initializing portlet 'migration'
14:33:14,568 INFO  [DispatcherPortlet:263] FrameworkPortlet 'migration': initialization started
14:33:14,631 INFO  [XmlPortletApplicationContext:513] Refreshing PortletApplicationContext for namespace 'migration-portlet': startup date [Tue Dec 06 14:33:14 GMT 2016]; root of context hierarchy
14:33:14,938 INFO  [XmlBeanDefinitionReader:316] Loading XML bean definitions from PortletContext resource [/WEB-INF/migration-portlet.xml]
14:33:15,123 INFO  [XmlBeanDefinitionReader:316] Loading XML bean definitions from PortletContext resource [/WEB-INF/common-portlet.xml]
14:33:16,161 INFO  [DispatcherPortlet:282] FrameworkPortlet 'migration': initialization completed in 1593 ms
14:33:16,161 INFO  [DispatcherPortlet:127] Portlet 'migration' configured successfully
14:34:48,380 INFO  [XmlPortletApplicationContext:873] Closing PortletApplicationContext for namespace 'migration-portlet': startup date [Tue Dec 06 14:33:14 GMT 2016]; root of context hierarchy
14:36:55,481 INFO  [DispatcherPortlet:106] Initializing portlet 'migration'
14:36:55,580 INFO  [DispatcherPortlet:263] FrameworkPortlet 'migration': initialization started
14:36:55,629 INFO  [XmlPortletApplicationContext:513] Refreshing PortletApplicationContext for namespace 'migration-portlet': startup date [Tue Dec 06 14:36:55 GMT 2016]; root of context hierarchy
14:36:55,863 INFO  [XmlBeanDefinitionReader:316] Loading XML bean definitions from PortletContext resource [/WEB-INF/migration-portlet.xml]
14:36:55,994 INFO  [XmlBeanDefinitionReader:316] Loading XML bean definitions from PortletContext resource [/WEB-INF/common-portlet.xml]
14:36:56,680 INFO  [DispatcherPortlet:282] FrameworkPortlet 'migration': initialization completed in 1099 ms
14:36:56,681 INFO  [DispatcherPortlet:127] Portlet 'migration' configured successfully
14:40:11,827 INFO  [XmlPortletApplicationContext:873] Closing PortletApplicationContext for namespace 'migration-portlet': startup date [Tue Dec 06 14:36:55 GMT 2016]; root of context hierarchy
