13:16:05,599 INFO  [DispatcherPortlet:106] Initializing portlet 'migration'
13:16:06,321 INFO  [DispatcherPortlet:263] FrameworkPortlet 'migration': initialization started
13:16:06,439 INFO  [XmlPortletApplicationContext:513] Refreshing PortletApplicationContext for namespace 'migration-portlet': startup date [Mon Dec 05 13:16:06 GMT 2016]; root of context hierarchy
13:16:07,404 INFO  [XmlBeanDefinitionReader:316] Loading XML bean definitions from PortletContext resource [/WEB-INF/migration-portlet.xml]
13:16:07,870 INFO  [XmlBeanDefinitionReader:316] Loading XML bean definitions from PortletContext resource [/WEB-INF/common-portlet.xml]
13:16:11,219 INFO  [DispatcherPortlet:282] FrameworkPortlet 'migration': initialization completed in 4897 ms
13:16:11,219 INFO  [DispatcherPortlet:127] Portlet 'migration' configured successfully
14:10:59,351 INFO  [DispatcherPortlet:106] Initializing portlet 'migration'
14:10:59,997 INFO  [DispatcherPortlet:263] FrameworkPortlet 'migration': initialization started
14:11:00,172 INFO  [XmlPortletApplicationContext:513] Refreshing PortletApplicationContext for namespace 'migration-portlet': startup date [Mon Dec 05 14:11:00 GMT 2016]; root of context hierarchy
14:11:01,047 INFO  [XmlBeanDefinitionReader:316] Loading XML bean definitions from PortletContext resource [/WEB-INF/migration-portlet.xml]
14:11:01,852 INFO  [XmlBeanDefinitionReader:316] Loading XML bean definitions from PortletContext resource [/WEB-INF/common-portlet.xml]
14:11:06,263 INFO  [DispatcherPortlet:282] FrameworkPortlet 'migration': initialization completed in 6266 ms
14:11:06,264 INFO  [DispatcherPortlet:127] Portlet 'migration' configured successfully
14:28:34,942 INFO  [DispatcherPortlet:106] Initializing portlet 'migration'
14:28:35,064 INFO  [DispatcherPortlet:263] FrameworkPortlet 'migration': initialization started
14:28:35,117 INFO  [XmlPortletApplicationContext:513] Refreshing PortletApplicationContext for namespace 'migration-portlet': startup date [Mon Dec 05 14:28:35 GMT 2016]; root of context hierarchy
14:28:35,441 INFO  [XmlBeanDefinitionReader:316] Loading XML bean definitions from PortletContext resource [/WEB-INF/migration-portlet.xml]
14:28:35,571 INFO  [XmlBeanDefinitionReader:316] Loading XML bean definitions from PortletContext resource [/WEB-INF/common-portlet.xml]
14:28:36,329 INFO  [DispatcherPortlet:282] FrameworkPortlet 'migration': initialization completed in 1265 ms
14:28:36,329 INFO  [DispatcherPortlet:127] Portlet 'migration' configured successfully
14:41:56,412 INFO  [XmlPortletApplicationContext:873] Closing PortletApplicationContext for namespace 'migration-portlet': startup date [Mon Dec 05 14:28:35 GMT 2016]; root of context hierarchy
14:47:45,514 INFO  [DispatcherPortlet:106] Initializing portlet 'migration'
14:47:45,653 INFO  [DispatcherPortlet:263] FrameworkPortlet 'migration': initialization started
14:47:45,730 INFO  [XmlPortletApplicationContext:513] Refreshing PortletApplicationContext for namespace 'migration-portlet': startup date [Mon Dec 05 14:47:45 GMT 2016]; root of context hierarchy
14:47:45,978 INFO  [XmlBeanDefinitionReader:316] Loading XML bean definitions from PortletContext resource [/WEB-INF/migration-portlet.xml]
14:47:46,117 INFO  [XmlBeanDefinitionReader:316] Loading XML bean definitions from PortletContext resource [/WEB-INF/common-portlet.xml]
14:47:46,957 INFO  [DispatcherPortlet:282] FrameworkPortlet 'migration': initialization completed in 1304 ms
14:47:46,958 INFO  [DispatcherPortlet:127] Portlet 'migration' configured successfully
