08:07:39,322 INFO  [DispatcherPortlet:106] Initializing portlet 'migration'
08:07:39,462 INFO  [DispatcherPortlet:263] FrameworkPortlet 'migration': initialization started
08:07:39,489 INFO  [XmlPortletApplicationContext:513] Refreshing PortletApplicationContext for namespace 'migration-portlet': startup date [Tue Sep 27 08:07:39 GMT 2016]; root of context hierarchy
08:07:39,557 INFO  [XmlBeanDefinitionReader:316] Loading XML bean definitions from PortletContext resource [/WEB-INF/migration-portlet.xml]
08:07:39,798 INFO  [XmlBeanDefinitionReader:316] Loading XML bean definitions from PortletContext resource [/WEB-INF/common-portlet.xml]
08:07:40,390 INFO  [DispatcherPortlet:282] FrameworkPortlet 'migration': initialization completed in 927 ms
08:07:40,391 INFO  [DispatcherPortlet:127] Portlet 'migration' configured successfully
08:23:00,482 INFO  [XmlPortletApplicationContext:873] Closing PortletApplicationContext for namespace 'migration-portlet': startup date [Tue Sep 27 08:07:39 GMT 2016]; root of context hierarchy
08:25:22,870 INFO  [DispatcherPortlet:106] Initializing portlet 'migration'
08:25:22,959 INFO  [DispatcherPortlet:263] FrameworkPortlet 'migration': initialization started
08:25:22,978 INFO  [XmlPortletApplicationContext:513] Refreshing PortletApplicationContext for namespace 'migration-portlet': startup date [Tue Sep 27 08:25:22 GMT 2016]; root of context hierarchy
08:25:23,032 INFO  [XmlBeanDefinitionReader:316] Loading XML bean definitions from PortletContext resource [/WEB-INF/migration-portlet.xml]
08:25:23,163 INFO  [XmlBeanDefinitionReader:316] Loading XML bean definitions from PortletContext resource [/WEB-INF/common-portlet.xml]
08:25:23,645 INFO  [DispatcherPortlet:282] FrameworkPortlet 'migration': initialization completed in 686 ms
08:25:23,645 INFO  [DispatcherPortlet:127] Portlet 'migration' configured successfully
09:13:21,408 INFO  [XmlPortletApplicationContext:873] Closing PortletApplicationContext for namespace 'migration-portlet': startup date [Tue Sep 27 08:25:22 GMT 2016]; root of context hierarchy
09:16:32,538 INFO  [DispatcherPortlet:106] Initializing portlet 'migration'
09:16:32,646 INFO  [DispatcherPortlet:263] FrameworkPortlet 'migration': initialization started
09:16:32,671 INFO  [XmlPortletApplicationContext:513] Refreshing PortletApplicationContext for namespace 'migration-portlet': startup date [Tue Sep 27 09:16:32 GMT 2016]; root of context hierarchy
09:16:32,726 INFO  [XmlBeanDefinitionReader:316] Loading XML bean definitions from PortletContext resource [/WEB-INF/migration-portlet.xml]
09:16:32,909 INFO  [XmlBeanDefinitionReader:316] Loading XML bean definitions from PortletContext resource [/WEB-INF/common-portlet.xml]
09:16:33,596 INFO  [DispatcherPortlet:282] FrameworkPortlet 'migration': initialization completed in 950 ms
09:16:33,596 INFO  [DispatcherPortlet:127] Portlet 'migration' configured successfully
